ds4: Linux cuda backend set oom_score_adj=1000
ds4: CUDA backend initialized on NVIDIA RTX A5000 (sm_86)
ds4: SSD streaming initial cuda model map restricted to token embedding (1 spans, 0.99 GiB tensor span)
ds4: CUDA preparing model tensor mappings
ds4: CUDA loading model tensors into device cache
ds4: CUDA startup model preparation covered 0.99 GiB of tensor spans in 0.275s
ds4: cuda backend initialized for graph diagnostics
0712 20:38:19 ds4-server: context buffers 122.69 MiB (ctx=4096, backend=cuda, prefill_chunk=512, raw_kv_rows=768, compressed_kv_rows=1026)
0712 20:38:19 ds4-server: listening on http://127.0.0.1:18081
0712 20:38:20 ds4-server: chat ctx=0..78:78 prompt start
ds4: CUDA loading model tensors 0.00 GiB cached
0712 20:38:30 ds4-server: chat ctx=0..78:78 prompt done 9.718s
ds4: REAP mask reload da /root/reap-loop/runs/ds4/20260712_virtual_bake/masks/mask65_self.txt: 3600 entry potate
ds4: REAP mask applied: 40 layer, 40 device range aggiornati/creati
ds4: CUDA model arena alloc failed for attn_out_a (256.00 MiB chunk): out of memory
ds4: CUDA model range copy failed for q8_hc_expand at 0.00/34.00 MiB: invalid argument
0712 20:38:32 ds4-server: chat ctx=0..78:78 gen=0 finish=error error="cuda decode failed" 11.432s
0712 20:38:32 ds4-server: chat ctx=78..78:0 prompt start
ds4: CUDA loading model tensors 0.13 GiB cached
0712 20:38:42 ds4-server: chat ctx=78..78:0 prompt done 9.741s
ds4: CUDA model arena alloc failed for attn_out_a (256.00 MiB chunk): out of memory
ds4: CUDA model range copy failed for q8_hc_expand at 0.00/34.00 MiB: invalid argument
0712 20:38:43 ds4-server: chat ctx=78..78:0 gen=0 finish=error error="cuda decode failed" 11.319s
0712 20:38:43 ds4-server: shutdown requested, draining requests
