ds4: Linux cuda backend set oom_score_adj=1000
ds4: CUDA backend initialized on NVIDIA GeForce RTX 3060 (sm_86)
ds4: SSD streaming initial cuda model map restricted to token embedding (1 spans, 0.99 GiB tensor span)
ds4: CUDA preparing model tensor mappings
ds4: CUDA loading model tensors into device cache
ds4: CUDA startup model preparation covered 0.99 GiB of tensor spans in 0.918s
ds4: cuda backend initialized for graph diagnostics
0709 22:58:11 ds4-server: context buffers 93.82 MiB (ctx=2048, backend=cuda, prefill_chunk=512, raw_kv_rows=768, compressed_kv_rows=514)
0709 22:58:11 ds4-server: listening on http://127.0.0.1:8014
0709 22:58:12 ds4-server: chat ctx=0..78:78 prompt start
ds4: PACE on - warmup=50 keep=64[23..96] step=8 ngram(n=3,win=120) drift=1.00 rel=0.15 hyst=200 breath(every=999999,len=80,keep=96,relearn=0) prebreath(on=0,drift=0.18,target=0.18,every=64,max=96,adapt=0,gain=8.00,pow=1.00,step_max=0,relearn=0,rdecay=0.30) anneal_warm=50 wrap=1 cache_flush=0 prefill_apply=0 prefill_wait_wrap=0 s1=0 exchange=0 weighted(warmup=0,relearn=0) rotate(on=1,every=20,decay=0.980)
ds4: PACE prefill_reset tok=0 phase=1 keep=0 ngram=0.000 hit=1.000 breaths=0
ds4: expert tiering observe enabled (DS4_EXPERT_TIERING=observe; log=)
ds4: CUDA loading model tensors 0.13 GiB cached
ds4: CUDA loading model tensors 0.14 GiB cached
ds4: CUDA loading model tensors 0.00 GiB cached
ds4: CUDA loading model tensors 0.11 GiB cached
ds4: CUDA loading model tensors 0.15 GiB cached
ds4: CUDA loading model tensors 0.00 GiB cached
0709 22:59:15 ds4-server: chat ctx=0..78:78 prompt done 63.779s
ds4: CUDA loading model tensors 6.68 GiB cached
ds4: PACE learned      tok=50 phase=2 keep=0 ngram=0.000 hit=1.000 breaths=0
ds4: CUDA loading model tensors 7.86 GiB cached
0709 23:00:28 ds4-server: chat ctx=78..128:50 gen=50 decoding chunk=0.69 t/s avg=0.69 t/s 72.816s
ds4: REAP mask applied: 40 layer, 40 device range aggiornati/creati
ds4: PACE descent      tok=51 phase=3 keep=64 ngram=0.000 hit=1.000 breaths=0
ds4: REAP prefetch (fattorino): 40 layer, 2560 expert, 5724 range, 16.90 GiB touched in 15659 ms (16 thread, mlock)
ds4: REAP mask applied: 40 layer, 40 device range aggiornati/creati
ds4: PACE tighten      tok=67 phase=3 keep=56 ngram=0.009 hit=1.000 breaths=0
ds4: REAP prefetch (fattorino): 40 layer, 2240 expert, 5229 range, 14.79 GiB touched in 3709 ms (16 thread, mlock)
ds4: REAP mask applied: 40 layer, 40 device range aggiornati/creati
ds4: PACE tighten      tok=83 phase=3 keep=48 ngram=0.019 hit=1.000 breaths=0
ds4: REAP prefetch (fattorino): 40 layer, 1920 expert, 4662 range, 12.67 GiB touched in 451 ms (16 thread, mlock)
ds4: REAP mask applied: 40 layer, 40 device range aggiornati/creati
ds4: PACE tighten      tok=99 phase=3 keep=40 ngram=0.021 hit=1.000 breaths=0
ds4: REAP prefetch (fattorino): 40 layer, 1600 expert, 4038 range, 10.56 GiB touched in 364 ms (16 thread, mlock)
0709 23:02:03 ds4-server: chat ctx=128..178:50 gen=100 decoding chunk=0.53 t/s avg=0.60 t/s 166.525s
ds4: REAP mask applied: 40 layer, 40 device range aggiornati/creati
ds4: PACE tighten      tok=115 phase=3 keep=32 ngram=0.019 hit=1.000 breaths=0
ds4: REAP prefetch (fattorino): 40 layer, 1280 expert, 3342 range, 8.45 GiB touched in 299 ms (16 thread, mlock)
ds4: REAP mask applied: 40 layer, 40 device range aggiornati/creati
ds4: PACE tighten      tok=131 phase=3 keep=24 ngram=0.047 hit=1.000 breaths=0
ds4: REAP prefetch (fattorino): 40 layer, 960 expert, 2604 range, 6.34 GiB touched in 229 ms (16 thread, mlock)
ds4: REAP mask applied: 40 layer, 40 device range aggiornati/creati
ds4: PACE tighten      tok=147 phase=3 keep=23 ngram=0.121 hit=1.000 breaths=0
ds4: REAP prefetch (fattorino): 40 layer, 920 expert, 2511 range, 6.07 GiB touched in 207 ms (16 thread, mlock)
0709 23:02:35 ds4-server: chat ctx=178..228:50 gen=150 decoding chunk=1.59 t/s avg=0.76 t/s 197.935s
ds4: REAP mask applied: 40 layer, 40 device range aggiornati/creati
ds4: PACE rotate       tok=167 phase=3 keep=23 ngram=0.146 hit=1.000 breaths=0
ds4: REAP prefetch (fattorino): 40 layer, 920 expert, 2529 range, 6.07 GiB touched in 3643 ms (16 thread, mlock)
ds4: REAP mask applied: 40 layer, 40 device range aggiornati/creati
ds4: PACE rotate       tok=187 phase=3 keep=23 ngram=0.161 hit=1.000 breaths=0
ds4: REAP prefetch (fattorino): 40 layer, 920 expert, 2532 range, 6.07 GiB touched in 1666 ms (16 thread, mlock)
0709 23:03:09 ds4-server: chat ctx=228..278:50 gen=200 decoding chunk=1.49 t/s avg=0.86 t/s 231.454s
ds4: REAP mask applied: 40 layer, 40 device range aggiornati/creati
ds4: PACE rotate       tok=207 phase=3 keep=23 ngram=0.287 hit=1.000 breaths=0
ds4: REAP prefetch (fattorino): 40 layer, 920 expert, 2493 range, 6.07 GiB touched in 1779 ms (16 thread, mlock)
ds4: REAP mask applied: 40 layer, 40 device range aggiornati/creati
ds4: PACE rotate       tok=227 phase=3 keep=23 ngram=0.448 hit=1.000 breaths=0
ds4: REAP prefetch (fattorino): 40 layer, 920 expert, 2529 range, 6.07 GiB touched in 1098 ms (16 thread, mlock)
ds4: REAP mask applied: 40 layer, 40 device range aggiornati/creati
ds4: PACE rotate       tok=247 phase=3 keep=23 ngram=0.525 hit=1.000 breaths=0
ds4: REAP prefetch (fattorino): 40 layer, 920 expert, 2523 range, 6.07 GiB touched in 764 ms (16 thread, mlock)
0709 23:03:39 ds4-server: chat ctx=278..328:50 gen=250 decoding chunk=1.66 t/s avg=0.96 t/s 261.643s
ds4: REAP mask applied: 40 layer, 40 device range aggiornati/creati
ds4: PACE rotate       tok=267 phase=3 keep=23 ngram=0.673 hit=1.000 breaths=0
ds4: REAP prefetch (fattorino): 40 layer, 920 expert, 2529 range, 6.07 GiB touched in 816 ms (16 thread, mlock)
ds4: REAP mask applied: 40 layer, 40 device range aggiornati/creati
ds4: PACE rotate       tok=287 phase=3 keep=23 ngram=0.828 hit=1.000 breaths=0
ds4: REAP prefetch (fattorino): 40 layer, 920 expert, 2514 range, 6.07 GiB touched in 547 ms (16 thread, mlock)
0709 23:04:06 ds4-server: chat ctx=328..378:50 gen=300 decoding chunk=1.91 t/s avg=1.04 t/s 287.880s
ds4: REAP mask applied: 40 layer, 40 device range aggiornati/creati
ds4: PACE rotate       tok=307 phase=3 keep=23 ngram=0.963 hit=1.000 breaths=0
ds4: REAP prefetch (fattorino): 40 layer, 920 expert, 2496 range, 6.07 GiB touched in 501 ms (16 thread, mlock)
ds4: REAP mask applied: 40 layer, 40 device range aggiornati/creati
ds4: PACE rotate       tok=327 phase=3 keep=23 ngram=0.988 hit=1.000 breaths=0
ds4: REAP prefetch (fattorino): 40 layer, 920 expert, 2529 range, 6.07 GiB touched in 611 ms (16 thread, mlock)
ds4: REAP mask applied: 40 layer, 40 device range aggiornati/creati
ds4: PACE rotate       tok=347 phase=3 keep=23 ngram=0.991 hit=1.000 breaths=0
ds4: REAP prefetch (fattorino): 40 layer, 920 expert, 2514 range, 6.07 GiB touched in 763 ms (16 thread, mlock)
0709 23:04:31 ds4-server: chat ctx=378..428:50 gen=350 decoding chunk=2.00 t/s avg=1.12 t/s 312.942s
ds4: REAP mask applied: 40 layer, 40 device range aggiornati/creati
ds4: PACE rotate       tok=367 phase=3 keep=23 ngram=0.991 hit=1.000 breaths=0
ds4: REAP prefetch (fattorino): 40 layer, 920 expert, 2496 range, 6.07 GiB touched in 595 ms (16 thread, mlock)
ds4: REAP mask applied: 40 layer, 40 device range aggiornati/creati
ds4: PACE rotate       tok=387 phase=3 keep=23 ngram=0.992 hit=1.000 breaths=0
ds4: REAP prefetch (fattorino): 40 layer, 920 expert, 2511 range, 6.07 GiB touched in 455 ms (16 thread, mlock)
0709 23:04:56 ds4-server: chat ctx=428..478:50 gen=400 decoding chunk=2.07 t/s avg=1.19 t/s 337.081s
0709 23:04:56 ds4-server: chat ctx=0..78:78 gen=400 finish=length 400.863s
