[driver] start 2026-07-10T17:51:21+02:00
[driver] T4 W=30 start 2026-07-10T17:51:21+02:00
[run] W=30 run=0 ...
[driver-v2] start 2026-07-10T18:09:41+02:00 order: T4(50,30,130) T5(ABABx3) T4(90,70,110,150)
[driver-v2] T4 W=50 start 2026-07-10T18:09:41+02:00
[run] W=50 run=0 ...
[run] W=50 run=1 ...
[driver-v2] T4 W=50 done rc=0 2026-07-10T19:16:34+02:00
[driver-v2] T4 W=30 start 2026-07-10T19:16:34+02:00
[run] W=30 run=0 ...
[run] W=30 run=1 ...
[run] W=30 run=2 ...
[driver-v2] T4 W=30 done rc=0 2026-07-10T20:36:45+02:00
[driver-v2] T4 W=130 start 2026-07-10T20:36:45+02:00
[run] W=130 run=0 ...
[run] W=130 run=1 ...
[run] W=130 run=2 ...
[done] rows=3  verdict={'pairs': [(130, 2)], 'monotone_non_decreasing': None, 'level_spread': 0}
[done] summaries in /mnt/c/Users/imanu/source/repos/reap-loop/runs/ds4/20260710_t4_t5_w_sweep_local/t4_W130
[driver-v2] T4 W=130 done rc=0 2026-07-10T22:32:41+02:00
[driver-v2] T5 weighted r0 start 2026-07-10T22:32:41+02:00
[run] W=50 run=0 ...
[done] rows=1  verdict={'pairs': [(50, 2)], 'monotone_non_decreasing': None, 'level_spread': 0}
[done] summaries in /mnt/c/Users/imanu/source/repos/reap-loop/runs/ds4/20260710_t4_t5_w_sweep_local/t5_weighted_r0
[driver-v2] T5 weighted r0 done rc=0 2026-07-10T23:14:16+02:00
[driver-v2] T5 unit r0 start 2026-07-10T23:14:16+02:00
[run] W=50 run=0 ...
[done] rows=1  verdict={'pairs': [(50, 1)], 'monotone_non_decreasing': None, 'level_spread': 0}
[done] summaries in /mnt/c/Users/imanu/source/repos/reap-loop/runs/ds4/20260710_t4_t5_w_sweep_local/t5_unit_r0
[driver-v2] T5 unit r0 done rc=0 2026-07-10T23:52:02+02:00
[driver-v2] T5 weighted r1 start 2026-07-10T23:52:03+02:00
[run] W=50 run=0 ...
[done] rows=1  verdict={'pairs': [(50, 1)], 'monotone_non_decreasing': None, 'level_spread': 0}
[done] summaries in /mnt/c/Users/imanu/source/repos/reap-loop/runs/ds4/20260710_t4_t5_w_sweep_local/t5_weighted_r1
[driver-v2] T5 weighted r1 done rc=0 2026-07-11T00:27:31+02:00
[driver-v2] T5 unit r1 start 2026-07-11T00:27:31+02:00
[run] W=50 run=0 ...
