ds4: Linux cuda backend set oom_score_adj=1000
ds4: CUDA backend initialized on NVIDIA GeForce RTX 3060 (sm_86)
ds4: SSD streaming initial cuda model map restricted to token embedding (1 spans, 0.99 GiB tensor span)
ds4: CUDA preparing model tensor mappings
ds4: CUDA loading model tensors into device cache
ds4: CUDA startup model preparation covered 0.99 GiB of tensor spans in 0.301s
ds4: cuda backend initialized for graph diagnostics
0709 08:20:22 ds4-server: context buffers 93.82 MiB (ctx=2048, backend=cuda, prefill_chunk=512, raw_kv_rows=768, compressed_kv_rows=514)
0709 08:20:22 ds4-server: listening on http://127.0.0.1:8014
0709 08:20:22 ds4-server: chat ctx=0..78:78 prompt start
ds4: PACE on - warmup=50 keep=56[56..96] step=8 ngram(n=3,win=120) drift=0.25 rel=0.15 hyst=200 breath(every=999999,len=80,keep=96,relearn=0) prebreath(on=0,drift=0.03,every=64,max=96) anneal_warm=300 wrap=1 cache_flush=0 prefill_apply=0 prefill_wait_wrap=0 s1=0 exchange=1
ds4: PACE prefill_reset tok=0 phase=1 keep=0 ngram=0.000 hit=1.000 breaths=0
ds4: expert tiering observe enabled (DS4_EXPERT_TIERING=observe; log=)
ds4: CUDA loading model tensors 0.00 GiB cached
0709 08:20:32 ds4-server: chat ctx=0..78:78 prompt done 9.830s
ds4: PACE learned      tok=50 phase=2 keep=0 ngram=0.000 hit=1.000 breaths=0
ds4: CUDA loading model tensors 7.86 GiB cached
0709 08:20:56 ds4-server: chat ctx=78..128:50 gen=50 decoding chunk=2.31 t/s avg=2.31 t/s 21.691s
ds4: PACE exchange descent tok=51 keep=0->56 promote=0 demote=8600 kept=2408 cold=0 total_promote=0 total_demote=8600
ds4: REAP mask applied: 40 layer, 40 device range aggiornati/creati
ds4: PACE descent      tok=51 phase=3 keep=56 ngram=0.000 hit=1.000 breaths=0
ds4: REAP prefetch (fattorino): 40 layer, 2240 expert, 5229 range, 14.79 GiB touched in 179 ms (8 thread)
0709 08:21:14 ds4-server: chat ctx=128..178:50 gen=100 decoding chunk=2.81 t/s avg=2.53 t/s 39.456s
ds4: PACE exchange breath(ngram) tok=142 keep=56->96 promote=1720 demote=0 kept=2408 cold=6880 total_promote=1720 total_demote=8600
ds4: REAP mask applied: 40 layer, 40 device range aggiornati/creati
ds4: PACE breath(ngram) tok=142 phase=4 keep=96 ngram=0.256 hit=1.000 breaths=1
ds4: REAP prefetch (fattorino): 40 layer, 3840 expert, 6960 range, 25.34 GiB touched in 211 ms (8 thread)
0709 08:21:35 ds4-server: chat ctx=178..228:50 gen=150 decoding chunk=2.76 t/s avg=2.61 t/s 57.581s
0709 08:21:53 ds4-server: chat ctx=228..278:50 gen=200 decoding chunk=2.81 t/s avg=2.65 t/s 75.367s
ds4: PACE exchange breath_end tok=222 keep=96->64 promote=0 demote=1376 kept=2752 cold=6880 total_promote=1720 total_demote=9976
ds4: REAP mask applied: 40 layer, 40 device range aggiornati/creati
ds4: PACE breath_end   tok=222 phase=3 keep=64 ngram=0.913 hit=1.000 breaths=1
ds4: REAP prefetch (fattorino): 40 layer, 2560 expert, 5718 range, 16.90 GiB touched in 50 ms (8 thread)
0709 08:22:13 ds4-server: chat ctx=278..328:50 gen=250 decoding chunk=2.81 t/s avg=2.68 t/s 93.184s
0709 08:22:34 ds4-server: chat ctx=328..378:50 gen=300 decoding chunk=2.81 t/s avg=2.70 t/s 110.996s
0709 08:22:41 ds4-server: chat ctx=378..398:20 gen=320 decoding chunk=2.80 t/s avg=2.71 t/s 118.143s
0709 08:22:41 ds4-server: chat ctx=0..78:78 gen=320 finish=length 127.973s
