ds4: Linux cuda backend set oom_score_adj=1000
ds4: CUDA backend initialized on NVIDIA RTX A5000 (sm_86)
ds4: SSD streaming initial cuda model map restricted to token embedding (1 spans, 0.99 GiB tensor span)
ds4: CUDA preparing model tensor mappings
ds4: CUDA loading model tensors into device cache
ds4: CUDA startup model preparation covered 0.99 GiB of tensor spans in 0.312s
ds4: cuda backend initialized for graph diagnostics
0712 20:39:11 ds4-server: context buffers 122.69 MiB (ctx=4096, backend=cuda, prefill_chunk=512, raw_kv_rows=768, compressed_kv_rows=1026)
0712 20:39:11 ds4-server: listening on http://127.0.0.1:18081
0712 20:39:12 ds4-server: chat ctx=0..78:78 prompt start
ds4: CUDA loading model tensors 0.15 GiB cached
0712 20:39:22 ds4-server: chat ctx=0..78:78 prompt done 9.471s
ds4: CUDA model arena alloc failed for attn_out_a (256.00 MiB chunk): out of memory
ds4: CUDA model range copy failed for q8_hc_expand at 0.00/34.00 MiB: invalid argument
0712 20:39:23 ds4-server: chat ctx=0..78:78 gen=0 finish=error error="cuda decode failed" 10.990s
0712 20:39:23 ds4-server: chat ctx=78..78:0 prompt start
ds4: CUDA loading model tensors 0.13 GiB cached
0712 20:39:32 ds4-server: chat ctx=78..78:0 prompt done 9.273s
ds4: CUDA model arena alloc failed for attn_out_a (256.00 MiB chunk): out of memory
ds4: CUDA model range copy failed for q8_hc_expand at 0.00/34.00 MiB: invalid argument
0712 20:39:34 ds4-server: chat ctx=78..78:0 gen=0 finish=error error="cuda decode failed" 10.853s
0712 20:39:34 ds4-server: shutdown requested, draining requests
