ds4: Linux cuda backend set oom_score_adj=1000
ds4: CUDA backend initialized on NVIDIA GeForce RTX 3060 (sm_86)
ds4: SSD streaming initial cuda model map restricted to token embedding (1 spans, 0.99 GiB tensor span)
ds4: CUDA preparing model tensor mappings
ds4: CUDA loading model tensors into device cache
ds4: CUDA startup model preparation covered 0.99 GiB of tensor spans in 0.540s
ds4: cuda backend initialized for graph diagnostics
0709 09:55:48 ds4-server: context buffers 151.57 MiB (ctx=6144, backend=cuda, prefill_chunk=512, raw_kv_rows=768, compressed_kv_rows=1538)
0709 09:55:48 ds4-server: listening on http://127.0.0.1:8014
0709 09:55:49 ds4-server: chat ctx=0..61:61 prompt start
ds4: PACE on - warmup=50 keep=23[23..96] step=8 ngram(n=3,win=120) drift=0.25 rel=0.15 hyst=200 breath(every=999999,len=80,keep=96,relearn=0) prebreath(on=0,drift=0.18,every=64,max=96) anneal_warm=300 wrap=1 cache_flush=0 prefill_apply=0 prefill_wait_wrap=0 s1=0 exchange=0
ds4: PACE prefill_reset tok=0 phase=1 keep=0 ngram=0.000 hit=1.000 breaths=0
ds4: expert tiering observe enabled (DS4_EXPERT_TIERING=observe; log=)
ds4: CUDA loading model tensors 0.15 GiB cached
ds4: CUDA loading model tensors 0.16 GiB cached
ds4: CUDA loading model tensors 0.15 GiB cached
ds4: CUDA loading model tensors 0.16 GiB cached
ds4: CUDA loading model tensors 0.15 GiB cached
ds4: CUDA loading model tensors 0.13 GiB cached
ds4: CUDA loading model tensors 0.15 GiB cached
ds4: CUDA loading model tensors 0.38 GiB cached
0709 09:57:27 ds4-server: chat ctx=0..61:61 prompt done 88.695s
ds4: CUDA loading model tensors 7.86 GiB cached
ds4: PACE learned      tok=50 phase=2 keep=0 ngram=0.000 hit=1.000 breaths=0
0709 09:58:48 ds4-server: chat ctx=61..111:50 gen=50 decoding chunk=0.67 t/s avg=0.67 t/s 74.408s
ds4: REAP mask applied: 40 layer, 40 device range aggiornati/creati
ds4: PACE descent      tok=51 phase=3 keep=23 ngram=0.000 hit=1.000 breaths=0
ds4: REAP prefetch (fattorino): 40 layer, 920 expert, 2523 range, 6.07 GiB touched in 730 ms (16 thread, mlock)
0709 09:58:56 ds4-server: chat ctx=111..125:14 gen=64 decoding chunk=2.34 t/s avg=0.80 t/s 80.391s
0709 09:58:56 ds4-server: chat ctx=0..61:61 gen=64 finish=length 169.090s
0709 09:58:56 ds4-server: live kv cache miss live=125 prompt=61 common=61 reason=token-mismatch
0709 09:58:56 ds4-server: chat ctx=0..61:61 prompt start
ds4: REAP mask applied: 40 layer, 40 device range aggiornati/creati
ds4: PACE prefill_reset tok=0 phase=1 keep=0 ngram=0.000 hit=1.000 breaths=0
ds4: CUDA loading model tensors 0.00 GiB cached
ds4: CUDA loading model tensors 0.13 GiB cached
ds4: CUDA loading model tensors 0.14 GiB cached
ds4: CUDA loading model tensors 0.13 GiB cached
ds4: CUDA loading model tensors 0.15 GiB cached
0709 09:59:42 ds4-server: chat ctx=0..61:61 prompt done 42.038s
ds4: PACE learned      tok=50 phase=2 keep=0 ngram=0.000 hit=1.000 breaths=0
0709 10:00:09 ds4-server: chat ctx=61..111:50 gen=50 decoding chunk=1.98 t/s avg=1.98 t/s 25.272s
ds4: REAP mask applied: 40 layer, 40 device range aggiornati/creati
ds4: PACE descent      tok=51 phase=3 keep=23 ngram=0.000 hit=1.000 breaths=0
ds4: REAP prefetch (fattorino): 40 layer, 920 expert, 2514 range, 6.07 GiB touched in 195 ms (16 thread, mlock)
ds4: CUDA loading model tensors 7.86 GiB cached
0709 10:00:27 ds4-server: chat ctx=111..161:50 gen=100 decoding chunk=2.84 t/s avg=2.33 t/s 42.861s
0709 10:00:48 ds4-server: chat ctx=161..211:50 gen=150 decoding chunk=2.86 t/s avg=2.49 t/s 60.355s
0709 10:01:04 ds4-server: chat ctx=211..261:50 gen=200 decoding chunk=3.12 t/s avg=2.62 t/s 76.365s
0709 10:01:10 ds4-server: chat ctx=261..281:20 gen=220 decoding chunk=3.21 t/s avg=2.66 t/s 82.597s
0709 10:01:10 ds4-server: chat ctx=0..61:61 gen=220 finish=length 124.638s
0709 10:01:10 ds4-server: shutdown requested, draining requests
ds4: SPEX stats: selected_batches=12298 selected_experts=82422 cache_hits=0 cache_misses=528 hit_rate=0.0000 miss_per_expert=0.0064 direct_loads=82410 copy_calls=248814 copied=559831.50 MiB copy_ms=230667.960 copy_ms_per_batch=18.757 sync_calls=248814 sync_ms=27090.337 sync_ms_per_batch=2.203
ds4: expert tiering observe summary batches=12298 slots=104748 compact=82422 hit_rate=0.0000 hits=0 misses=12 direct=82410 evictions=0 direct=556267.50 MiB compact=556348.50 MiB
ds4: expert tiering observe layer=2 batches=286 slots=2436 compact=2092 hit_rate=0.0000 misses=0 direct=2092 evictions=0 cap=0 top=146:55,39:34,128:32,65:31,20:28,108:26
ds4: expert tiering observe layer=0 batches=286 slots=2436 compact=2076 hit_rate=0.0000 misses=12 direct=2064 evictions=0 cap=183 top=27:34,51:34,106:30,50:29,93:29,74:28
ds4: expert tiering observe layer=1 batches=286 slots=2436 compact=2070 hit_rate=0.0000 misses=0 direct=2070 evictions=0 cap=0 top=107:36,229:31,19:30,5:28,8:27,89:27
ds4: expert tiering observe layer=19 batches=286 slots=2436 compact=1966 hit_rate=0.0000 misses=0 direct=1966 evictions=0 cap=0 top=181:156,44:151,254:148,31:128,60:85,81:84
ds4: expert tiering observe layer=10 batches=286 slots=2436 compact=1944 hit_rate=0.0000 misses=0 direct=1944 evictions=0 cap=0 top=30:179,150:157,40:151,15:130,107:122,44:94
