===== cache 512 (convergence primary) =====
RC=0 elapsed=98s tier=0 cache=512 keep=12 twarm=512 ntok=300 prompt=cyberpunk_prompt.txt
  seed=0
0
  promote=0
0
  demote=0
0
  swap=0
0
  tokens_csv_lines=301
RC=0 elapsed=99s tier=0 cache=512 keep=12 twarm=512 ntok=300 prompt=cyberpunk_prompt.txt
  seed=0
0
  promote=0
0
  demote=0
0
  swap=0
0
  tokens_csv_lines=301
RC=0 elapsed=117s tier=1 cache=512 keep=12 twarm=512 ntok=300 prompt=cyberpunk_prompt.txt
  seed=1
  promote=469
  demote=196
  swap=175
  tokens_csv_lines=301
===== cache 256 (engagement, 3060-like heavy pressure) =====
RC=0 elapsed=367s tier=0 cache=256 keep=12 twarm=512 ntok=300 prompt=cyberpunk_prompt.txt
  seed=0
0
  promote=0
0
  demote=0
0
  swap=0
0
  tokens_csv_lines=301
RC=0 elapsed=241s tier=1 cache=256 keep=12 twarm=512 ntok=300 prompt=cyberpunk_prompt.txt
  seed=1
  promote=6
  demote=6
  swap=193
  tokens_csv_lines=301
ALL_DONE_17:16:14
