ds4: Linux cuda backend set oom_score_adj=1000
ds4: CUDA backend initialized on NVIDIA GeForce RTX 3060 (sm_86)
ds4: SSD streaming initial cuda model map restricted to token embedding (1 spans, 0.99 GiB tensor span)
ds4: CUDA preparing model tensor mappings
ds4: CUDA loading model tensors into device cache
ds4: CUDA startup model preparation covered 0.99 GiB of tensor spans in 0.484s
ds4: cuda backend initialized for graph diagnostics
0709 08:08:11 ds4-server: context buffers 93.82 MiB (ctx=2048, backend=cuda, prefill_chunk=512, raw_kv_rows=768, compressed_kv_rows=514)
0709 08:08:12 ds4-server: listening on http://127.0.0.1:8014
0709 08:08:12 ds4-server: chat ctx=0..78:78 prompt start
ds4: PACE on - warmup=50 keep=32[32..96] step=8 ngram(n=3,win=120) drift=0.25 rel=0.15 hyst=200 breath(every=999999,len=80,keep=96,relearn=0) prebreath(on=0,drift=0.03,every=64,max=96) anneal_warm=300 wrap=1 cache_flush=0 prefill_apply=0 prefill_wait_wrap=0 s1=0 exchange=1
ds4: PACE prefill_reset tok=0 phase=1 keep=0 ngram=0.000 hit=1.000 breaths=0
ds4: expert tiering observe enabled (DS4_EXPERT_TIERING=observe; log=)
ds4: CUDA loading model tensors 0.13 GiB cached
0709 08:08:22 ds4-server: chat ctx=0..78:78 prompt done 10.489s
ds4: PACE learned      tok=50 phase=2 keep=0 ngram=0.000 hit=1.000 breaths=0
ds4: CUDA loading model tensors 7.86 GiB cached
0709 08:08:49 ds4-server: chat ctx=78..128:50 gen=50 decoding chunk=2.15 t/s avg=2.15 t/s 23.245s
ds4: PACE exchange descent tok=51 keep=0->32 promote=0 demote=9632 kept=1376 cold=0 total_promote=0 total_demote=9632
ds4: REAP mask applied: 40 layer, 40 device range aggiornati/creati
ds4: PACE descent      tok=51 phase=3 keep=32 ngram=0.000 hit=1.000 breaths=0
ds4: REAP prefetch (fattorino): 40 layer, 1280 expert, 3333 range, 8.45 GiB touched in 103 ms (8 thread)
0709 08:09:08 ds4-server: chat ctx=128..178:50 gen=100 decoding chunk=3.19 t/s avg=2.57 t/s 38.900s
0709 08:09:23 ds4-server: chat ctx=178..228:50 gen=150 decoding chunk=3.20 t/s avg=2.75 t/s 54.530s
0709 08:09:42 ds4-server: chat ctx=228..278:50 gen=200 decoding chunk=3.23 t/s avg=2.86 t/s 70.012s
ds4: PACE exchange breath(ngram) tok=232 keep=32->96 promote=2752 demote=0 kept=1376 cold=6880 total_promote=2752 total_demote=9632
ds4: REAP mask applied: 40 layer, 40 device range aggiornati/creati
ds4: PACE breath(ngram) tok=232 phase=4 keep=96 ngram=0.257 hit=1.000 breaths=1
ds4: REAP prefetch (fattorino): 40 layer, 3840 expert, 6972 range, 25.34 GiB touched in 290 ms (8 thread)
0709 08:09:57 ds4-server: chat ctx=278..328:50 gen=250 decoding chunk=3.21 t/s avg=2.92 t/s 85.564s
0709 08:10:12 ds4-server: chat ctx=328..378:50 gen=300 decoding chunk=3.34 t/s avg=2.98 t/s 100.513s
ds4: PACE exchange breath_end tok=312 keep=96->40 promote=0 demote=2408 kept=1720 cold=6880 total_promote=2752 total_demote=12040
ds4: REAP mask applied: 40 layer, 40 device range aggiornati/creati
ds4: PACE breath_end   tok=312 phase=3 keep=40 ngram=0.701 hit=1.000 breaths=1
ds4: REAP prefetch (fattorino): 40 layer, 1600 expert, 4038 range, 10.56 GiB touched in 30 ms (8 thread)
0709 08:10:21 ds4-server: chat ctx=378..398:20 gen=320 decoding chunk=3.27 t/s avg=3.00 t/s 106.628s
0709 08:10:21 ds4-server: chat ctx=0..78:78 gen=320 finish=length 117.117s
