ds4: Linux cuda backend set oom_score_adj=1000
ds4: CUDA backend initialized on NVIDIA GeForce RTX 3060 (sm_86)
ds4: SSD streaming initial cuda model map restricted to token embedding (1 spans, 0.99 GiB tensor span)
ds4: CUDA preparing model tensor mappings
ds4: CUDA loading model tensors into device cache
ds4: CUDA startup model preparation covered 0.99 GiB of tensor spans in 0.678s
ds4: cuda backend initialized for graph diagnostics
0709 19:34:51 ds4-server: context buffers 151.57 MiB (ctx=6144, backend=cuda, prefill_chunk=512, raw_kv_rows=768, compressed_kv_rows=1538)
0709 19:34:51 ds4-server: listening on http://127.0.0.1:8014
0709 19:34:52 ds4-server: chat ctx=0..78:78 prompt start
ds4: PACE on - warmup=50 keep=23[23..96] step=4 ngram(n=3,win=120) drift=1.00 rel=0.15 hyst=200 breath(every=999999,len=80,keep=96,relearn=0) prebreath(on=1,drift=0.10,every=8,max=96,adapt=1,gain=23.00,pow=2.00,step_max=40) anneal_warm=300 wrap=1 cache_flush=0 prefill_apply=0 prefill_wait_wrap=0 s1=0 exchange=0 rotate(on=0,every=32,decay=0.980)
ds4: PACE prefill_reset tok=0 phase=1 keep=0 ngram=0.000 hit=1.000 breaths=0
ds4: expert tiering observe enabled (DS4_EXPERT_TIERING=observe; log=)
ds4: CUDA loading model tensors 0.12 GiB cached
ds4: CUDA loading model tensors 0.13 GiB cached
ds4: CUDA loading model tensors 0.15 GiB cached
ds4: CUDA loading model tensors 0.13 GiB cached
ds4: CUDA loading model tensors 0.15 GiB cached
ds4: CUDA loading model tensors 0.16 GiB cached
ds4: CUDA loading model tensors 0.13 GiB cached
ds4: CUDA loading model tensors 0.14 GiB cached
ds4: CUDA loading model tensors 0.13 GiB cached
ds4: CUDA loading model tensors 0.14 GiB cached
ds4: CUDA loading model tensors 0.13 GiB cached
ds4: CUDA loading model tensors 0.15 GiB cached
ds4: CUDA loading model tensors 0.00 GiB cached
0709 19:37:25 ds4-server: chat ctx=0..78:78 prompt done 153.292s
ds4: CUDA loading model tensors 7.86 GiB cached
ds4: PACE learned      tok=50 phase=2 keep=0 ngram=0.000 hit=1.000 breaths=0
0709 19:39:02 ds4-server: chat ctx=78..128:50 gen=50 decoding chunk=0.52 t/s avg=0.52 t/s 96.941s
ds4: REAP mask applied: 40 layer, 40 device range aggiornati/creati
ds4: PACE descent      tok=51 phase=3 keep=23 ngram=0.000 hit=1.000 breaths=0
ds4: REAP prefetch (fattorino): 40 layer, 920 expert, 2511 range, 6.07 GiB touched in 558 ms (16 thread, mlock)
0709 19:39:35 ds4-server: chat ctx=128..178:50 gen=100 decoding chunk=1.49 t/s avg=0.77 t/s 130.455s
ds4: REAP mask applied: 40 layer, 40 device range aggiornati/creati
ds4: PACE prebreath    tok=125 phase=3 keep=28 ngram=0.100 hit=1.000 breaths=0
ds4: REAP prefetch (fattorino): 40 layer, 1120 expert, 2988 range, 7.39 GiB touched in 399 ms (16 thread, mlock)
ds4: REAP mask applied: 40 layer, 40 device range aggiornati/creati
ds4: PACE prebreath    tok=133 phase=3 keep=41 ngram=0.159 hit=1.000 breaths=0
ds4: REAP prefetch (fattorino): 40 layer, 1640 expert, 4134 range, 10.83 GiB touched in 800 ms (16 thread, mlock)
ds4: REAP mask applied: 40 layer, 40 device range aggiornati/creati
ds4: PACE prebreath    tok=141 phase=3 keep=80 ngram=0.223 hit=1.000 breaths=0
ds4: REAP prefetch (fattorino): 40 layer, 3200 expert, 6531 range, 21.12 GiB touched in 7755 ms (16 thread, mlock)
ds4: REAP mask applied: 40 layer, 40 device range aggiornati/creati
ds4: PACE prebreath    tok=149 phase=3 keep=96 ngram=0.289 hit=1.000 breaths=0
0709 19:40:08 ds4-server: chat ctx=178..228:50 gen=150 decoding chunk=1.52 t/s avg=0.92 t/s 163.373s
ds4: REAP prefetch (fattorino): 40 layer, 3840 expert, 7038 range, 25.34 GiB touched in 2377 ms (16 thread, mlock)
0709 19:40:38 ds4-server: chat ctx=228..278:50 gen=200 decoding chunk=1.66 t/s avg=1.03 t/s 193.537s
0709 19:40:50 ds4-server: chat ctx=278..298:20 gen=220 decoding chunk=1.76 t/s avg=1.07 t/s 204.903s
0709 19:40:50 ds4-server: chat ctx=0..78:78 gen=220 finish=length 358.196s
