ds4: Linux cuda backend set oom_score_adj=1000
ds4: CUDA backend initialized on NVIDIA GeForce RTX 3060 (sm_86)
ds4: SSD streaming initial cuda model map restricted to token embedding (1 spans, 0.99 GiB tensor span)
ds4: CUDA preparing model tensor mappings
ds4: CUDA loading model tensors into device cache
ds4: CUDA startup model preparation covered 0.99 GiB of tensor spans in 1.134s
ds4: cuda backend initialized for graph diagnostics
0709 08:00:40 ds4-server: context buffers 93.82 MiB (ctx=2048, backend=cuda, prefill_chunk=512, raw_kv_rows=768, compressed_kv_rows=514)
0709 08:00:40 ds4-server: listening on http://127.0.0.1:8014
0709 08:00:40 ds4-server: chat ctx=0..78:78 prompt start
ds4: PACE on - warmup=50 keep=32[32..96] step=8 ngram(n=3,win=120) drift=0.25 rel=0.15 hyst=200 breath(every=999999,len=80,keep=96,relearn=0) prebreath(on=0,drift=0.03,every=64,max=96) anneal_warm=300 wrap=1 cache_flush=0 prefill_apply=0 prefill_wait_wrap=0 s1=0 exchange=1
ds4: PACE prefill_reset tok=0 phase=1 keep=0 ngram=0.000 hit=1.000 breaths=0
ds4: expert tiering observe enabled (DS4_EXPERT_TIERING=observe; log=)
ds4: CUDA loading model tensors 0.13 GiB cached
ds4: CUDA loading model tensors 0.15 GiB cached
ds4: CUDA loading model tensors 0.13 GiB cached
ds4: CUDA loading model tensors 0.15 GiB cached
ds4: CUDA loading model tensors 0.16 GiB cached
ds4: CUDA loading model tensors 0.15 GiB cached
0709 08:02:07 ds4-server: shutdown requested, draining requests
ds4: CUDA loading model tensors 0.00 GiB cached
0709 08:02:13 ds4-server: chat ctx=0..78:78 prompt done 84.607s
0709 08:02:13 ds4-server: chat ctx=0..78:78 gen=0 finish=error error="shutdown requested" 84.607s
ds4: SPEX stats: selected_batches=43 selected_experts=4224 cache_hits=0 cache_misses=258 hit_rate=0.0000 miss_per_expert=0.0611 direct_loads=4224 copy_calls=13446 copied=30253.50 MiB copy_ms=72098.579 copy_ms_per_batch=1676.711 sync_calls=13446 sync_ms=1788.400 sync_ms_per_batch=41.591
ds4: expert tiering observe summary batches=43 slots=20124 compact=4224 hit_rate=0.0000 hits=0 misses=0 direct=4224 evictions=0 direct=28512.00 MiB compact=28512.00 MiB
ds4: expert tiering observe layer=1 batches=1 slots=468 compact=206 hit_rate=0.0000 misses=0 direct=206 evictions=0 cap=0 top=82:7,204:7,25:6,32:6,51:6,184:6
ds4: expert tiering observe layer=2 batches=1 slots=468 compact=203 hit_rate=0.0000 misses=0 direct=203 evictions=0 cap=0 top=128:10,65:8,182:8,89:7,159:7,84:6
ds4: expert tiering observe layer=0 batches=1 slots=468 compact=200 hit_rate=0.0000 misses=0 direct=200 evictions=0 cap=0 top=11:7,52:7,109:7,174:7,177:7,74:6
ds4: expert tiering observe layer=19 batches=1 slots=468 compact=117 hit_rate=0.0000 misses=0 direct=117 evictions=0 cap=0 top=136:42,81:27,226:26,116:24,111:16,67:13
ds4: expert tiering observe layer=3 batches=1 slots=468 compact=110 hit_rate=0.0000 misses=0 direct=110 evictions=0 cap=0 top=60:72,74:50,237:28,138:21,150:21,241:21
