2026/07/15 17:49:10 NOTICE: S3 bucket ds4-models path windows-native-bakes/20260715: Streaming uploads using chunk size 256Mi will have maximum file size of 2.441Ti
2026/07/15 17:49:37 INFO  :     2.750 GiB / 2.750 GiB, 100%, 96.875 MiB/s, ETA 0s
2026/07/15 17:50:07 INFO  :         5 GiB / 5 GiB, 100%, 74.642 MiB/s, ETA 0s
2026/07/15 17:50:37 INFO  :     7.750 GiB / 7.750 GiB, 100%, 85.217 MiB/s, ETA 0s
2026/07/15 17:51:07 INFO  :    10.500 GiB / 10.500 GiB, 100%, 92.331 MiB/s, ETA 0s
2026/07/15 17:51:37 INFO  :    12.674 GiB / 12.674 GiB, 100%, 71.554 MiB/s, ETA 0s
2026/07/15 17:52:07 INFO  :    15.500 GiB / 15.500 GiB, 100%, 102.360 MiB/s, ETA 0s
2026/07/15 17:52:37 INFO  :        18 GiB / 18 GiB, 100%, 77.716 MiB/s, ETA 0s
2026/07/15 17:53:07 INFO  :    20.500 GiB / 20.500 GiB, 100%, 84.882 MiB/s, ETA 0s
2026/07/15 17:53:37 INFO  :    23.107 GiB / 23.107 GiB, 100%, 85.896 MiB/s, ETA 0s
2026/07/15 17:54:07 INFO  :    25.761 GiB / 25.761 GiB, 100%, 90.254 MiB/s, ETA 0s
2026/07/15 17:54:37 INFO  :    28.500 GiB / 28.500 GiB, 100%, 80.307 MiB/s, ETA 0s
2026/07/15 17:55:07 INFO  :        31 GiB / 31 GiB, 100%, 74.787 MiB/s, ETA 0s
2026/07/15 17:55:37 INFO  :    33.750 GiB / 33.750 GiB, 100%, 91.868 MiB/s, ETA 0s
2026/07/15 17:56:07 INFO  :    36.492 GiB / 36.492 GiB, 100%, 84.615 MiB/s, ETA 0s
2026/07/15 17:56:37 INFO  :    39.250 GiB / 39.250 GiB, 100%, 105.815 MiB/s, ETA 0s
2026/07/15 17:57:07 INFO  :    41.703 GiB / 41.703 GiB, 100%, 82.188 MiB/s, ETA 0s
2026/07/15 17:57:37 INFO  :    44.500 GiB / 44.500 GiB, 100%, 103.793 MiB/s, ETA 0s
2026/07/15 17:58:07 INFO  :    46.855 GiB / 46.855 GiB, 100%, 87.249 MiB/s, ETA 0s
2026/07/15 17:58:37 INFO  :    48.750 GiB / 48.750 GiB, 100%, 60.650 MiB/s, ETA 0s
2026/07/15 17:59:07 INFO  :    51.500 GiB / 51.500 GiB, 100%, 92.529 MiB/s, ETA 0s
2026/07/15 17:59:37 INFO  :    53.870 GiB / 53.870 GiB, 100%, 82.295 MiB/s, ETA 0s
2026/07/15 17:59:48 INFO  :    53.870 GiB / 53.870 GiB, 100%, 40.463 MiB/s, ETA 0s
