2026/07/15 17:33:15 NOTICE: S3 bucket ds4-models path windows-native-bakes/20260715: Streaming uploads using chunk size 256Mi will have maximum file size of 2.441Ti
2026/07/15 17:33:42 INFO  :     2.750 GiB / 2.750 GiB, 100%, 98.626 MiB/s, ETA 0s
2026/07/15 17:34:12 INFO  :     4.703 GiB / 4.703 GiB, 100%, 65.031 MiB/s, ETA 0s
2026/07/15 17:34:42 INFO  :     6.750 GiB / 6.750 GiB, 100%, 73.403 MiB/s, ETA 0s
2026/07/15 17:35:12 INFO  :         9 GiB / 9 GiB, 100%, 79.325 MiB/s, ETA 0s
2026/07/15 17:35:42 INFO  :    11.250 GiB / 11.250 GiB, 100%, 78.720 MiB/s, ETA 0s
2026/07/15 17:36:12 INFO  :    13.500 GiB / 13.500 GiB, 100%, 68.649 MiB/s, ETA 0s
2026/07/15 17:36:42 INFO  :    15.750 GiB / 15.750 GiB, 100%, 61.698 MiB/s, ETA 0s
2026/07/15 17:37:12 INFO  :        18 GiB / 18 GiB, 100%, 65.752 MiB/s, ETA 0s
2026/07/15 17:37:42 INFO  :    20.500 GiB / 20.500 GiB, 100%, 83.765 MiB/s, ETA 0s
2026/07/15 17:38:12 INFO  :    22.500 GiB / 22.500 GiB, 100%, 75.235 MiB/s, ETA 0s
2026/07/15 17:38:42 INFO  :    24.750 GiB / 24.750 GiB, 100%, 69.985 MiB/s, ETA 0s
2026/07/15 17:39:12 INFO  :    27.500 GiB / 27.500 GiB, 100%, 88.038 MiB/s, ETA 0s
2026/07/15 17:39:42 INFO  :    29.750 GiB / 29.750 GiB, 100%, 92.527 MiB/s, ETA 0s
2026/07/15 17:40:12 INFO  :    31.500 GiB / 31.500 GiB, 100%, 68.900 MiB/s, ETA 0s
2026/07/15 17:40:42 INFO  :    34.250 GiB / 34.250 GiB, 100%, 93.708 MiB/s, ETA 0s
2026/07/15 17:41:12 INFO  :    36.250 GiB / 36.250 GiB, 100%, 69.093 MiB/s, ETA 0s
2026/07/15 17:41:42 INFO  :    38.250 GiB / 38.250 GiB, 100%, 69.428 MiB/s, ETA 0s
2026/07/15 17:42:12 INFO  :    40.500 GiB / 40.500 GiB, 100%, 70.405 MiB/s, ETA 0s
2026/07/15 17:42:42 INFO  :    42.695 GiB / 42.695 GiB, 100%, 72.667 MiB/s, ETA 0s
2026/07/15 17:43:12 INFO  :        45 GiB / 45 GiB, 100%, 74.264 MiB/s, ETA 0s
2026/07/15 17:43:42 INFO  :    47.250 GiB / 47.250 GiB, 100%, 77.673 MiB/s, ETA 0s
2026/07/15 17:44:12 INFO  :    49.533 GiB / 49.533 GiB, 100%, 84.484 MiB/s, ETA 0s
2026/07/15 17:44:42 INFO  :        52 GiB / 52 GiB, 100%, 93.760 MiB/s, ETA 0s
2026/07/15 17:45:12 INFO  :        54 GiB / 54 GiB, 100%, 83.179 MiB/s, ETA 0s
2026/07/15 17:45:42 INFO  :    56.500 GiB / 56.500 GiB, 100%, 81.485 MiB/s, ETA 0s
2026/07/15 17:46:12 INFO  :    58.750 GiB / 58.750 GiB, 100%, 74.879 MiB/s, ETA 0s
2026/07/15 17:46:42 INFO  :    61.500 GiB / 61.500 GiB, 100%, 90.726 MiB/s, ETA 0s
2026/07/15 17:47:12 INFO  :    63.500 GiB / 63.500 GiB, 100%, 76.904 MiB/s, ETA 0s
2026/07/15 17:47:29 INFO  :    63.890 GiB / 63.890 GiB, 100%, 36.496 MiB/s, ETA 0s
