ds4: Linux cuda backend set oom_score_adj=1000
ds4: CUDA backend initialized on NVIDIA GeForce RTX 3090 Ti (sm_86)
ds4: SSD streaming initial cuda model map restricted to token embedding (1 spans, 0.99 GiB tensor span)
ds4: CUDA preparing model tensor mappings
ds4: CUDA loading model tensors into device cache
ds4: CUDA startup model preparation covered 0.99 GiB of tensor spans in 0.295s
ds4: cuda backend initialized for graph diagnostics
0715 13:00:26 ds4-server: context buffers 93.82 MiB (ctx=2048, backend=cuda, prefill_chunk=512, raw_kv_rows=768, compressed_kv_rows=514)
0715 13:00:26 ds4-server: listening on http://127.0.0.1:18082
0715 13:00:27 ds4-server: chat ctx=0..72:72 prompt start
ds4: SPEX routing trace enabled: /root/reap-loop/runs/ds4/20260712_pod12_bake/coding_mass_prefill_seed_20260715/learn_route.csv (weights: on)
0715 13:00:35 ds4-server: chat ctx=0..72:72 prompt done 7.281s
ds4: CUDA loading model tensors 7.41 GiB cached
0715 13:00:36 ds4-server: chat ctx=72..73:1 gen=1 decoding chunk=0.80 t/s avg=0.80 t/s 1.244s
0715 13:00:36 ds4-server: chat ctx=0..72:72 gen=1 finish=length 8.525s
0715 13:00:36 ds4-server: live kv cache miss live=73 prompt=66 common=16 reason=token-mismatch
0715 13:00:36 ds4-server: chat ctx=0..66:66 prompt start
0715 13:00:43 ds4-server: chat ctx=0..66:66 prompt done 7.042s
0715 13:00:44 ds4-server: chat ctx=66..67:1 gen=1 decoding chunk=0.79 t/s avg=0.79 t/s 1.261s
0715 13:00:44 ds4-server: chat ctx=0..66:66 gen=1 finish=length 8.303s
0715 13:00:44 ds4-server: live kv cache miss live=67 prompt=74 common=19 reason=token-mismatch
0715 13:00:44 ds4-server: chat ctx=0..74:74 prompt start
ds4: CUDA loading model tensors 0.14 GiB cached
0715 13:00:52 ds4-server: chat ctx=0..74:74 prompt done 7.261s
0715 13:00:53 ds4-server: chat ctx=74..75:1 gen=1 decoding chunk=0.78 t/s avg=0.78 t/s 1.278s
0715 13:00:53 ds4-server: chat ctx=0..74:74 gen=1 finish=length 8.539s
0715 13:00:53 ds4-server: live kv cache miss live=75 prompt=65 common=16 reason=token-mismatch
0715 13:00:53 ds4-server: chat ctx=0..65:65 prompt start
ds4: CUDA loading model tensors 0.15 GiB cached
0715 13:00:59 ds4-server: chat ctx=0..65:65 prompt done 6.451s
0715 13:01:01 ds4-server: chat ctx=65..66:1 gen=1 decoding chunk=0.72 t/s avg=0.72 t/s 1.394s
0715 13:01:01 ds4-server: chat ctx=0..65:65 gen=1 finish=length 7.845s
0715 13:01:01 ds4-server: live kv cache miss live=66 prompt=76 common=18 reason=token-mismatch
0715 13:01:01 ds4-server: chat ctx=0..76:76 prompt start
ds4: CUDA loading model tensors 0.08 GiB cached
0715 13:01:08 ds4-server: chat ctx=0..76:76 prompt done 7.022s
0715 13:01:09 ds4-server: chat ctx=76..77:1 gen=1 decoding chunk=0.78 t/s avg=0.78 t/s 1.279s
0715 13:01:09 ds4-server: chat ctx=0..76:76 gen=1 finish=length 8.302s
0715 13:01:09 ds4-server: live kv cache miss live=77 prompt=68 common=16 reason=token-mismatch
0715 13:01:09 ds4-server: chat ctx=0..68:68 prompt start
0715 13:01:16 ds4-server: chat ctx=0..68:68 prompt done 6.907s
ds4: CUDA loading model tensors 0.90 GiB cached
0715 13:01:17 ds4-server: chat ctx=68..69:1 gen=1 decoding chunk=0.78 t/s avg=0.78 t/s 1.278s
0715 13:01:17 ds4-server: chat ctx=0..68:68 gen=1 finish=length 8.186s
0715 13:01:17 ds4-server: shutdown requested, draining requests
