ds4: Linux cuda backend set oom_score_adj=1000
ds4: CUDA backend initialized on NVIDIA GeForce RTX 3060 (sm_86)
ds4: SSD streaming initial cuda model map restricted to token embedding (1 spans, 0.99 GiB tensor span)
ds4: CUDA preparing model tensor mappings
ds4: CUDA loading model tensors into device cache
ds4: CUDA startup model preparation covered 0.99 GiB of tensor spans in 0.771s
ds4: cuda backend initialized for graph diagnostics
0709 10:10:52 ds4-server: context buffers 151.57 MiB (ctx=6144, backend=cuda, prefill_chunk=512, raw_kv_rows=768, compressed_kv_rows=1538)
0709 10:10:52 ds4-server: listening on http://127.0.0.1:8014
0709 10:10:53 ds4-server: chat ctx=0..78:78 prompt start
ds4: PACE on - warmup=50 keep=32[32..96] step=4 ngram(n=3,win=120) drift=0.25 rel=0.15 hyst=200 breath(every=999999,len=80,keep=96,relearn=0) prebreath(on=1,drift=0.18,every=32,max=64) anneal_warm=300 wrap=1 cache_flush=0 prefill_apply=0 prefill_wait_wrap=0 s1=0 exchange=0
ds4: PACE prefill_reset tok=0 phase=1 keep=0 ngram=0.000 hit=1.000 breaths=0
ds4: expert tiering observe enabled (DS4_EXPERT_TIERING=observe; log=)
ds4: CUDA loading model tensors 0.13 GiB cached
ds4: CUDA loading model tensors 0.15 GiB cached
ds4: CUDA loading model tensors 0.16 GiB cached
ds4: CUDA loading model tensors 0.13 GiB cached
ds4: CUDA loading model tensors 0.14 GiB cached
ds4: CUDA loading model tensors 0.15 GiB cached
ds4: CUDA loading model tensors 0.13 GiB cached
ds4: CUDA loading model tensors 0.14 GiB cached
0709 10:12:37 ds4-server: chat ctx=0..78:78 prompt done 95.932s
ds4: CUDA loading model tensors 6.23 GiB cached
ds4: PACE learned      tok=50 phase=2 keep=0 ngram=0.000 hit=1.000 breaths=0
ds4: CUDA loading model tensors 7.86 GiB cached
0709 10:13:38 ds4-server: chat ctx=78..128:50 gen=50 decoding chunk=0.89 t/s avg=0.89 t/s 55.935s
ds4: REAP mask applied: 40 layer, 40 device range aggiornati/creati
ds4: PACE descent      tok=51 phase=3 keep=32 ngram=0.000 hit=1.000 breaths=0
ds4: REAP prefetch (fattorino): 40 layer, 1280 expert, 3342 range, 8.45 GiB touched in 689 ms (16 thread, mlock)
0709 10:13:43 ds4-server: chat ctx=128..142:14 gen=64 decoding chunk=2.74 t/s avg=1.05 t/s 61.051s
0709 10:13:43 ds4-server: chat ctx=0..78:78 gen=64 finish=length 156.987s
0709 10:13:43 ds4-server: live kv cache miss live=142 prompt=78 common=78 reason=token-mismatch
0709 10:13:43 ds4-server: chat ctx=0..78:78 prompt start
ds4: REAP mask applied: 40 layer, 40 device range aggiornati/creati
ds4: PACE prefill_reset tok=0 phase=1 keep=0 ngram=0.000 hit=1.000 breaths=0
ds4: CUDA loading model tensors 0.00 GiB cached
0709 10:13:57 ds4-server: chat ctx=0..78:78 prompt done 13.368s
ds4: CUDA loading model tensors 1.88 GiB cached
ds4: PACE learned      tok=50 phase=2 keep=0 ngram=0.000 hit=1.000 breaths=0
ds4: CUDA loading model tensors 7.86 GiB cached
0709 10:14:18 ds4-server: chat ctx=78..128:50 gen=50 decoding chunk=2.50 t/s avg=2.50 t/s 19.990s
ds4: REAP mask applied: 40 layer, 40 device range aggiornati/creati
ds4: PACE descent      tok=51 phase=3 keep=32 ngram=0.000 hit=1.000 breaths=0
ds4: REAP prefetch (fattorino): 40 layer, 1280 expert, 3345 range, 8.45 GiB touched in 278 ms (16 thread, mlock)
0709 10:14:34 ds4-server: chat ctx=128..178:50 gen=100 decoding chunk=3.09 t/s avg=2.76 t/s 36.179s
0709 10:14:51 ds4-server: chat ctx=178..228:50 gen=150 decoding chunk=3.10 t/s avg=2.87 t/s 52.289s
0709 10:15:06 ds4-server: chat ctx=228..278:50 gen=200 decoding chunk=3.25 t/s avg=2.95 t/s 67.687s
ds4: REAP mask applied: 40 layer, 40 device range aggiornati/creati
ds4: PACE prebreath    tok=207 phase=3 keep=36 ngram=0.183 hit=1.000 breaths=0
ds4: REAP prefetch (fattorino): 40 layer, 1440 expert, 3687 range, 9.51 GiB touched in 351 ms (16 thread, mlock)
ds4: REAP mask applied: 40 layer, 40 device range aggiornati/creati
ds4: PACE breath(ngram) tok=216 phase=4 keep=96 ngram=0.256 hit=1.000 breaths=1
0709 10:15:13 ds4-server: chat ctx=278..298:20 gen=220 decoding chunk=3.17 t/s avg=2.97 t/s 73.991s
0709 10:15:13 ds4-server: chat ctx=0..78:78 gen=220 finish=length 87.362s
ds4: REAP prefetch (fattorino): 40 layer, 3840 expert, 7038 range, 25.34 GiB touched in 1594 ms (16 thread, mlock)
0709 10:15:13 ds4-server: shutdown requested, draining requests
ds4: SPEX stats: selected_batches=12298 selected_experts=81744 cache_hits=0 cache_misses=528 hit_rate=0.0000 miss_per_expert=0.0065 direct_loads=81732 copy_calls=246780 copied=555255.00 MiB copy_ms=190448.318 copy_ms_per_batch=15.486 sync_calls=246780 sync_ms=27718.598 sync_ms_per_batch=2.254
ds4: expert tiering observe summary batches=12298 slots=113520 compact=81744 hit_rate=0.0000 hits=0 misses=12 direct=81732 evictions=0 direct=551691.00 MiB compact=551772.00 MiB
ds4: expert tiering observe layer=1 batches=286 slots=2640 compact=2116 hit_rate=0.0000 misses=0 direct=2116 evictions=0 cap=0 top=230:60,212:59,61:55,134:55,147:48,216:46
ds4: expert tiering observe layer=2 batches=286 slots=2640 compact=2110 hit_rate=0.0000 misses=0 direct=2110 evictions=0 cap=0 top=30:58,32:51,99:47,67:44,76:44,98:42
ds4: expert tiering observe layer=0 batches=286 slots=2640 compact=2104 hit_rate=0.0000 misses=12 direct=2092 evictions=0 cap=171 top=130:57,80:55,85:50,243:45,36:44,155:43
ds4: expert tiering observe layer=19 batches=286 slots=2640 compact=1940 hit_rate=0.0000 misses=0 direct=1940 evictions=0 cap=0 top=116:208,136:183,117:126,81:111,10:104,226:104
ds4: expert tiering observe layer=3 batches=286 slots=2640 compact=1924 hit_rate=0.0000 misses=0 direct=1924 evictions=0 cap=0 top=60:364,150:256,74:228,45:143,238:135,226:104
