ds4: Linux cuda backend set oom_score_adj=1000
ds4: CUDA backend initialized on NVIDIA GeForce RTX 3060 (sm_86)
ds4: SSD streaming initial cuda model map restricted to token embedding (1 spans, 0.99 GiB tensor span)
ds4: CUDA preparing model tensor mappings
ds4: CUDA loading model tensors into device cache
ds4: CUDA startup model preparation covered 0.99 GiB of tensor spans in 5.746s
ds4: cuda backend initialized for graph diagnostics
0709 13:15:33 ds4-server: context buffers 151.57 MiB (ctx=6144, backend=cuda, prefill_chunk=512, raw_kv_rows=768, compressed_kv_rows=1538)
0709 13:15:34 ds4-server: listening on http://127.0.0.1:8014
0709 13:15:34 ds4-server: chat ctx=0..78:78 prompt start
ds4: PACE on - warmup=50 keep=23[23..96] step=0 ngram(n=3,win=120) drift=0.25 rel=0.15 hyst=200 breath(every=999999,len=80,keep=96,relearn=0) prebreath(on=0,drift=0.18,every=64,max=96) anneal_warm=300 wrap=1 cache_flush=0 prefill_apply=0 prefill_wait_wrap=0 s1=0 exchange=0
ds4: PACE prefill_reset tok=0 phase=1 keep=0 ngram=0.000 hit=1.000 breaths=0
ds4: expert tiering observe enabled (DS4_EXPERT_TIERING=observe; log=)
ds4: CUDA loading model tensors 0.12 GiB cached
ds4: CUDA loading model tensors 0.13 GiB cached
ds4: CUDA loading model tensors 0.15 GiB cached
ds4: CUDA loading model tensors 0.13 GiB cached
ds4: CUDA loading model tensors 0.15 GiB cached
ds4: CUDA loading model tensors 0.16 GiB cached
ds4: CUDA loading model tensors 0.13 GiB cached
ds4: CUDA loading model tensors 0.14 GiB cached
ds4: CUDA loading model tensors 0.15 GiB cached
ds4: CUDA loading model tensors 0.16 GiB cached
0709 13:17:34 ds4-server: chat ctx=0..78:78 prompt done 119.862s
ds4: CUDA loading model tensors 5.46 GiB cached
ds4: PACE learned      tok=50 phase=2 keep=0 ngram=0.000 hit=1.000 breaths=0
ds4: CUDA loading model tensors 7.86 GiB cached
0709 13:18:49 ds4-server: chat ctx=78..128:50 gen=50 decoding chunk=0.67 t/s avg=0.67 t/s 74.468s
ds4: REAP mask applied: 40 layer, 40 device range aggiornati/creati
ds4: PACE descent      tok=51 phase=3 keep=23 ngram=0.000 hit=1.000 breaths=0
ds4: REAP prefetch (fattorino): 40 layer, 920 expert, 2505 range, 6.07 GiB touched in 767 ms (16 thread, mlock)
0709 13:18:57 ds4-server: chat ctx=128..142:14 gen=64 decoding chunk=1.68 t/s avg=0.77 t/s 82.822s
0709 13:18:57 ds4-server: chat ctx=0..78:78 gen=64 finish=length 202.690s
0709 13:18:57 ds4-server: live kv cache miss live=142 prompt=78 common=78 reason=token-mismatch
0709 13:18:57 ds4-server: chat ctx=0..78:78 prompt start
ds4: REAP mask applied: 40 layer, 40 device range aggiornati/creati
ds4: PACE prefill_reset tok=0 phase=1 keep=0 ngram=0.000 hit=1.000 breaths=0
ds4: CUDA loading model tensors 0.12 GiB cached
ds4: CUDA loading model tensors 0.15 GiB cached
ds4: CUDA loading model tensors 0.13 GiB cached
ds4: CUDA loading model tensors 0.15 GiB cached
ds4: CUDA loading model tensors 0.13 GiB cached
ds4: CUDA loading model tensors 0.15 GiB cached
ds4: CUDA loading model tensors 0.16 GiB cached
ds4: CUDA loading model tensors 0.13 GiB cached
0709 13:20:21 ds4-server: chat ctx=0..78:78 prompt done 84.109s
ds4: CUDA loading model tensors 1.75 GiB cached
ds4: PACE learned      tok=50 phase=2 keep=0 ngram=0.000 hit=1.000 breaths=0
ds4: CUDA loading model tensors 7.86 GiB cached
0709 13:20:57 ds4-server: chat ctx=78..128:50 gen=50 decoding chunk=1.42 t/s avg=1.42 t/s 35.253s
ds4: REAP mask applied: 40 layer, 40 device range aggiornati/creati
ds4: PACE descent      tok=51 phase=3 keep=23 ngram=0.000 hit=1.000 breaths=0
ds4: REAP prefetch (fattorino): 40 layer, 920 expert, 2517 range, 6.07 GiB touched in 220 ms (16 thread, mlock)
0709 13:21:20 ds4-server: chat ctx=128..178:50 gen=100 decoding chunk=2.11 t/s avg=1.70 t/s 58.987s
0709 13:21:43 ds4-server: chat ctx=178..228:50 gen=150 decoding chunk=2.21 t/s avg=1.84 t/s 81.592s
ds4: REAP mask applied: 40 layer, 40 device range aggiornati/creati
ds4: PACE breath(ngram) tok=153 phase=4 keep=96 ngram=0.256 hit=1.000 breaths=1
ds4: REAP prefetch (fattorino): 40 layer, 3840 expert, 7077 range, 25.34 GiB touched in 2091 ms (16 thread, mlock)
0709 13:22:06 ds4-server: chat ctx=228..278:50 gen=200 decoding chunk=2.13 t/s avg=1.90 t/s 105.018s
ds4: REAP mask applied: 40 layer, 40 device range aggiornati/creati
ds4: PACE breath_end   tok=233 phase=3 keep=23 ngram=0.902 hit=1.000 breaths=1
ds4: REAP prefetch (fattorino): 40 layer, 920 expert, 2517 range, 6.07 GiB touched in 206 ms (16 thread, mlock)
0709 13:22:29 ds4-server: chat ctx=278..328:50 gen=250 decoding chunk=2.24 t/s avg=1.96 t/s 127.304s
0709 13:22:50 ds4-server: chat ctx=328..378:50 gen=300 decoding chunk=2.35 t/s avg=2.02 t/s 148.564s
0709 13:23:11 ds4-server: chat ctx=378..428:50 gen=350 decoding chunk=2.37 t/s avg=2.06 t/s 169.626s
0709 13:23:32 ds4-server: chat ctx=428..478:50 gen=400 decoding chunk=2.38 t/s avg=2.10 t/s 190.634s
0709 13:23:53 ds4-server: chat ctx=478..528:50 gen=450 decoding chunk=2.37 t/s avg=2.13 t/s 211.727s
0709 13:24:15 ds4-server: chat ctx=528..578:50 gen=500 decoding chunk=2.28 t/s avg=2.14 t/s 233.619s
0709 13:24:37 ds4-server: chat ctx=578..628:50 gen=550 decoding chunk=2.24 t/s avg=2.15 t/s 255.938s
0709 13:25:05 ds4-server: chat ctx=628..678:50 gen=600 decoding chunk=1.82 t/s avg=2.12 t/s 283.473s
0709 13:25:32 ds4-server: chat ctx=678..728:50 gen=650 decoding chunk=1.80 t/s avg=2.09 t/s 311.207s
0709 13:25:57 ds4-server: chat ctx=728..778:50 gen=700 decoding chunk=2.03 t/s avg=2.08 t/s 335.875s
0709 13:26:17 ds4-server: chat ctx=778..828:50 gen=750 decoding chunk=2.51 t/s avg=2.11 t/s 355.761s
0709 13:26:36 ds4-server: chat ctx=828..878:50 gen=800 decoding chunk=2.62 t/s avg=2.13 t/s 374.868s
0709 13:26:36 ds4-server: chat ctx=0..78:78 gen=800 finish=length 458.981s
0709 13:26:36 ds4-server: shutdown requested, draining requests
ds4: SPEX stats: selected_batches=37238 selected_experts=231384 cache_hits=0 cache_misses=528 hit_rate=0.0000 miss_per_expert=0.0023 direct_loads=231372 copy_calls=695700 copied=1565325.00 MiB copy_ms=444598.158 copy_ms_per_batch=11.939 sync_calls=695700 sync_ms=86375.373 sync_ms_per_batch=2.320
ds4: expert tiering observe summary batches=37238 slots=263160 compact=231384 hit_rate=0.0000 hits=0 misses=12 direct=231372 evictions=0 direct=1561761.00 MiB compact=1561842.00 MiB
ds4: expert tiering observe layer=1 batches=866 slots=6120 compact=5596 hit_rate=0.0000 misses=0 direct=5596 evictions=0 cap=0 top=106:282,42:155,252:154,183:152,45:151,133:150
ds4: expert tiering observe layer=2 batches=866 slots=6120 compact=5590 hit_rate=0.0000 misses=0 direct=5590 evictions=0 cap=0 top=164:294,143:280,125:158,29:157,162:157,7:154
ds4: expert tiering observe layer=0 batches=866 slots=6120 compact=5584 hit_rate=0.0000 misses=12 direct=5572 evictions=0 cap=171 top=99:288,248:285,109:162,156:160,48:154,102:154
ds4: expert tiering observe layer=19 batches=866 slots=6120 compact=5420 hit_rate=0.0000 misses=0 direct=5420 evictions=0 cap=0 top=10:652,213:620,111:457,173:449,136:413,64:390
ds4: expert tiering observe layer=3 batches=866 slots=6120 compact=5404 hit_rate=0.0000 misses=0 direct=5404 evictions=0 cap=0 top=60:800,45:729,63:656,226:524,150:466,212:380
