[tail] wait sampling 2026-07-10T22:41:49+00:00
[tail] sampling done, start tail 2026-07-10T22:54:50+00:00
[tail] W=90 start 2026-07-10T22:54:50+00:00
[run] W=90 run=0 ...
[run] W=90 run=1 ...
[run] W=90 run=2 ...
[done] rows=3  verdict={'pairs': [(90, 0)], 'monotone_non_decreasing': None, 'level_spread': 0}
[done] summaries in /root/t4_tail/t4_W090
[tail] W=90 rc=0 2026-07-10T23:04:06+00:00
[tail] W=70 start 2026-07-10T23:04:06+00:00
[run] W=70 run=0 ...
[run] W=70 run=1 ...
[run] W=70 run=2 ...
[done] rows=3  verdict={'pairs': [(70, 2)], 'monotone_non_decreasing': None, 'level_spread': 0}
[done] summaries in /root/t4_tail/t4_W070
[tail] W=70 rc=0 2026-07-10T23:18:07+00:00
[tail] W=110 start 2026-07-10T23:18:07+00:00
[run] W=110 run=0 ...
[run] W=110 run=1 ...
[run] W=110 run=2 ...
[done] rows=3  verdict={'pairs': [(110, 2)], 'monotone_non_decreasing': None, 'level_spread': 0}
[done] summaries in /root/t4_tail/t4_W110
[tail] W=110 rc=0 2026-07-10T23:32:43+00:00
[tail] W=150 start 2026-07-10T23:32:43+00:00
[run] W=150 run=0 ...
[run] W=150 run=1 ...
[run] W=150 run=2 ...
[done] rows=3  verdict={'pairs': [(150, 1)], 'monotone_non_decreasing': None, 'level_spread': 0}
[done] summaries in /root/t4_tail/t4_W150
[tail] W=150 rc=0 2026-07-10T23:54:09+00:00
[tail] ALL DONE 2026-07-10T23:54:09+00:00
