ds4: Linux cuda backend set oom_score_adj=1000
ds4: CUDA backend initialized on NVIDIA GeForce RTX 3060 (sm_86)
ds4: SSD streaming initial cuda model map restricted to token embedding (1 spans, 0.99 GiB tensor span)
ds4: CUDA preparing model tensor mappings
ds4: CUDA loading model tensors into device cache
ds4: CUDA startup model preparation covered 0.99 GiB of tensor spans in 0.280s
ds4: cuda backend initialized for graph diagnostics
0709 07:47:44 ds4-server: context buffers 93.82 MiB (ctx=2048, backend=cuda, prefill_chunk=512, raw_kv_rows=768, compressed_kv_rows=514)
0709 07:47:44 ds4-server: listening on http://127.0.0.1:8014
0709 07:47:44 ds4-server: chat ctx=0..78:78 prompt start
ds4: PACE on - warmup=50 keep=23[23..96] step=1 ngram(n=3,win=120) drift=0.25 rel=0.15 hyst=200 breath(every=999999,len=80,keep=96,relearn=0) prebreath(on=1,drift=0.03,every=16,max=64) anneal_warm=300 wrap=1 cache_flush=0 prefill_apply=0 prefill_wait_wrap=0 s1=0 exchange=1
ds4: PACE prefill_reset tok=0 phase=1 keep=0 ngram=0.000 hit=1.000 breaths=0
ds4: expert tiering observe enabled (DS4_EXPERT_TIERING=observe; log=)
0709 07:47:53 ds4-server: chat ctx=0..78:78 prompt done 9.225s
ds4: CUDA loading model tensors 2.36 GiB cached
ds4: PACE learned      tok=50 phase=2 keep=0 ngram=0.000 hit=1.000 breaths=0
ds4: CUDA loading model tensors 7.86 GiB cached
0709 07:48:19 ds4-server: chat ctx=78..128:50 gen=50 decoding chunk=2.21 t/s avg=2.21 t/s 22.622s
ds4: PACE exchange descent tok=51 keep=0->23 promote=0 demote=10019 kept=989 cold=0 total_promote=0 total_demote=10019
ds4: REAP mask applied: 40 layer, 40 device range aggiornati/creati
ds4: PACE descent      tok=51 phase=3 keep=23 ngram=0.000 hit=1.000 breaths=0
ds4: REAP prefetch (fattorino): 40 layer, 920 expert, 2499 range, 6.07 GiB touched in 61 ms (8 thread)
ds4: PACE exchange prebreath tok=80 keep=23->24 promote=43 demote=0 kept=989 cold=9976 total_promote=43 total_demote=10019
ds4: REAP mask applied: 40 layer, 40 device range aggiornati/creati
ds4: PACE prebreath    tok=80 phase=3 keep=24 ngram=0.030 hit=1.000 breaths=0
ds4: REAP prefetch (fattorino): 40 layer, 960 expert, 2601 range, 6.34 GiB touched in 20 ms (8 thread)
ds4: PACE exchange prebreath tok=96 keep=24->25 promote=43 demote=0 kept=1032 cold=9933 total_promote=86 total_demote=10019
ds4: REAP mask applied: 40 layer, 40 device range aggiornati/creati
ds4: PACE prebreath    tok=96 phase=3 keep=25 ngram=0.148 hit=1.000 breaths=0
ds4: REAP prefetch (fattorino): 40 layer, 1000 expert, 2691 range, 6.60 GiB touched in 22 ms (8 thread)
0709 07:48:41 ds4-server: chat ctx=128..178:50 gen=100 decoding chunk=2.71 t/s avg=2.43 t/s 41.087s
ds4: PACE exchange breath(ngram) tok=109 keep=25->96 promote=3053 demote=0 kept=1075 cold=6880 total_promote=3139 total_demote=10019
ds4: REAP mask applied: 40 layer, 40 device range aggiornati/creati
ds4: PACE breath(ngram) tok=109 phase=4 keep=96 ngram=0.251 hit=1.000 breaths=1
ds4: REAP prefetch (fattorino): 40 layer, 3840 expert, 6987 range, 25.34 GiB touched in 224 ms (8 thread)
0709 07:49:00 ds4-server: chat ctx=178..228:50 gen=150 decoding chunk=2.54 t/s avg=2.47 t/s 60.771s
0709 07:49:05 ds4-server: chat ctx=228..238:10 gen=160 decoding chunk=2.40 t/s avg=2.46 t/s 64.935s
0709 07:49:05 ds4-server: chat ctx=0..78:78 gen=160 finish=length 74.160s
