ds4: Linux cuda backend set oom_score_adj=1000
ds4: CUDA backend initialized on NVIDIA GeForce RTX 3060 (sm_86)
ds4: SSD streaming initial cuda model map restricted to token embedding (1 spans, 0.99 GiB tensor span)
ds4: CUDA preparing model tensor mappings
ds4: CUDA loading model tensors into device cache
ds4: CUDA startup model preparation covered 0.99 GiB of tensor spans in 3.471s
ds4: cuda backend initialized for graph diagnostics
0712 16:17:42 ds4-server: context buffers 93.82 MiB (ctx=2048, backend=cuda, prefill_chunk=512, raw_kv_rows=768, compressed_kv_rows=514)
0712 16:17:42 ds4-server: listening on http://127.0.0.1:8075
0712 16:17:44 ds4-server: chat ctx=0..78:78 prompt start
ds4: PACE LIVEMASK on - bootstrap=16 window=10 K=16 observe_top=16 X=11 max_swaps=1 cooldown=16 hyst=999.000 weighted=0 pin=0
ds4: PACE LIVEMASK adaptive-K ON - K=16..50 strong_weight>=0.150 gain=0.500 step=+4/-1 deadband=2.000 every=2 prefetch=0 history=2..10
ds4: PACE LIVEMASK rating levers: blocked_weight=1.000 demote_horizon=10 promo_rate_cap=0 (unlimited)
ds4: PACE LIVEMASK pin-by-mass ON (DS4_REAP_PIN_BY_MASS=1) - seed+candidate ordered by MASS (lm_wshare, wcount stays knock gate); g_reap_pin_mass published per token (S7 seam)
ds4: expert tiering observe enabled (DS4_EXPERT_TIERING=observe; log=)
ds4: CUDA loading model tensors 0.12 GiB cached
ds4: CUDA loading model tensors 0.16 GiB cached
ds4: CUDA loading model tensors 0.15 GiB cached
ds4: CUDA loading model tensors 0.16 GiB cached
ds4: CUDA loading model tensors 0.15 GiB cached
ds4: CUDA loading model tensors 0.16 GiB cached
ds4: CUDA loading model tensors 0.13 GiB cached
ds4: CUDA loading model tensors 0.15 GiB cached
ds4: CUDA loading model tensors 0.13 GiB cached
ds4: CUDA loading model tensors 0.14 GiB cached
ds4: CUDA loading model tensors 0.13 GiB cached
ds4: CUDA loading model tensors 0.15 GiB cached
0712 16:20:14 ds4-server: chat ctx=0..78:78 prompt done 145.288s
ds4: CUDA loading model tensors 3.50 GiB cached
ds4: REAP mask applied: 40 layer, 40 device range aggiornati/creati
ds4: PACE LIVEMASK seeded at tok=16 K=16 window=10
ds4: REAP mask applied: 40 layer, 40 device range aggiornati/creati
ds4: REAP mask applied: 40 layer, 40 device range aggiornati/creati
ds4: REAP mask applied: 40 layer, 40 device range aggiornati/creati
ds4: REAP mask applied: 40 layer, 40 device range aggiornati/creati
ds4: REAP mask applied: 40 layer, 40 device range aggiornati/creati
ds4: REAP mask applied: 40 layer, 40 device range aggiornati/creati
ds4: REAP mask applied: 40 layer, 40 device range aggiornati/creati
ds4: REAP mask applied: 40 layer, 40 device range aggiornati/creati
ds4: REAP mask applied: 40 layer, 40 device range aggiornati/creati
ds4: REAP mask applied: 40 layer, 40 device range aggiornati/creati
ds4: REAP mask applied: 40 layer, 40 device range aggiornati/creati
ds4: CUDA loading model tensors 7.86 GiB cached
0712 16:21:19 ds4-server: chat ctx=78..128:50 gen=50 decoding chunk=0.80 t/s avg=0.80 t/s 62.239s
ds4: REAP mask applied: 40 layer, 40 device range aggiornati/creati
ds4: REAP mask applied: 40 layer, 40 device range aggiornati/creati
ds4: REAP mask applied: 40 layer, 40 device range aggiornati/creati
ds4: REAP mask applied: 40 layer, 40 device range aggiornati/creati
ds4: REAP mask applied: 40 layer, 40 device range aggiornati/creati
ds4: REAP mask applied: 40 layer, 40 device range aggiornati/creati
ds4: REAP mask applied: 40 layer, 40 device range aggiornati/creati
ds4: REAP mask applied: 40 layer, 40 device range aggiornati/creati
ds4: REAP mask applied: 40 layer, 40 device range aggiornati/creati
ds4: REAP mask applied: 40 layer, 40 device range aggiornati/creati
ds4: REAP mask applied: 40 layer, 40 device range aggiornati/creati
ds4: REAP mask applied: 40 layer, 40 device range aggiornati/creati
ds4: REAP mask applied: 40 layer, 40 device range aggiornati/creati
ds4: REAP mask applied: 40 layer, 40 device range aggiornati/creati
0712 16:21:37 ds4-server: chat ctx=128..158:30 gen=80 decoding chunk=1.77 t/s avg=1.01 t/s 79.163s
0712 16:21:37 ds4-server: chat ctx=0..78:78 gen=80 finish=length 224.455s
0712 16:21:37 ds4-server: shutdown requested, draining requests
ds4: SPEX stats: selected_batches=3483 selected_experts=24876 cache_hits=7416 cache_misses=13480 hit_rate=0.3549 miss_per_expert=0.5419 direct_loads=4236 copy_calls=53148 copied=119583.00 MiB copy_ms=189356.190 copy_ms_per_batch=54.366 sync_calls=53148 sync_ms=8473.050 sync_ms_per_batch=2.433
ds4: expert tiering observe summary batches=3483 slots=40764 compact=24876 hit_rate=0.3593 hits=7416 misses=13224 direct=4236 evictions=12968 direct=28593.00 MiB compact=167913.00 MiB
ds4: expert tiering observe layer=1 batches=81 slots=948 compact=686 hit_rate=0.0000 misses=480 direct=206 evictions=474 cap=256 top=78:12,82:12,19:11,35:11,26:10,103:10
ds4: expert tiering observe layer=2 batches=81 slots=948 compact=683 hit_rate=0.0000 misses=480 direct=203 evictions=474 cap=256 top=84:15,128:15,65:14,182:12,195:12,52:11
ds4: expert tiering observe layer=0 batches=81 slots=948 compact=680 hit_rate=0.0000 misses=480 direct=200 evictions=474 cap=256 top=174:14,52:13,115:13,74:12,11:11,154:11
ds4: expert tiering observe layer=15 batches=81 slots=948 compact=580 hit_rate=0.2833 misses=344 direct=100 evictions=338 cap=256 top=96:61,176:57,104:55,27:40,246:37,248:36
ds4: expert tiering observe layer=5 batches=81 slots=948 compact=587 hit_rate=0.2938 misses=339 direct=107 evictions=333 cap=256 top=20:103,86:60,24:45,211:39,63:38,96:38
