ds4: Linux cuda backend set oom_score_adj=1000
ds4: CUDA backend initialized on NVIDIA GeForce RTX 3060 (sm_86)
ds4: SSD streaming initial cuda model map restricted to token embedding (1 spans, 0.99 GiB tensor span)
ds4: CUDA preparing model tensor mappings
ds4: CUDA loading model tensors into device cache
ds4: CUDA startup model preparation covered 0.99 GiB of tensor spans in 0.316s
ds4: cuda backend initialized for graph diagnostics
0709 22:01:15 ds4-server: context buffers 93.82 MiB (ctx=2048, backend=cuda, prefill_chunk=512, raw_kv_rows=768, compressed_kv_rows=514)
0709 22:01:15 ds4-server: listening on http://127.0.0.1:8014
0709 22:01:15 ds4-server: chat ctx=0..78:78 prompt start
ds4: PACE on - warmup=50 keep=23[23..96] step=1 ngram(n=3,win=120) drift=1.00 rel=0.15 hyst=200 breath(every=999999,len=80,keep=96,relearn=0) prebreath(on=1,drift=0.00,target=0.01,every=4,max=96,adapt=0,gain=8.00,pow=1.00,step_max=1,relearn=0,rdecay=0.30) anneal_warm=300 wrap=1 cache_flush=0 prefill_apply=0 prefill_wait_wrap=0 s1=0 exchange=0 weighted(warmup=0,relearn=0) rotate(on=0,every=32,decay=0.980)
ds4: PACE prefill_reset tok=0 phase=1 keep=0 ngram=0.000 hit=1.000 breaths=0
ds4: expert tiering observe enabled (DS4_EXPERT_TIERING=observe; log=)
ds4: CUDA loading model tensors 0.14 GiB cached
0709 22:01:27 ds4-server: chat ctx=0..78:78 prompt done 11.533s
ds4: PACE learned      tok=50 phase=2 keep=0 ngram=0.000 hit=1.000 breaths=0
ds4: CUDA loading model tensors 7.86 GiB cached
0709 22:01:49 ds4-server: chat ctx=78..128:50 gen=50 decoding chunk=2.27 t/s avg=2.27 t/s 22.073s
ds4: REAP mask applied: 40 layer, 40 device range aggiornati/creati
ds4: PACE descent      tok=51 phase=3 keep=23 ngram=0.000 hit=1.000 breaths=0
ds4: REAP mask applied: 40 layer, 40 device range aggiornati/creati
ds4: REAP prefetch: gia' in corso, salto
ds4: PACE prebreath    tok=52 phase=3 keep=24 ngram=0.000 hit=1.000 breaths=0
ds4: REAP prefetch (fattorino): 40 layer, 920 expert, 2511 range, 6.07 GiB touched in 428 ms (16 thread, mlock)
ds4: REAP mask applied: 40 layer, 40 device range aggiornati/creati
ds4: PACE prebreath    tok=56 phase=3 keep=25 ngram=0.000 hit=1.000 breaths=0
ds4: REAP prefetch (fattorino): 40 layer, 1000 expert, 2694 range, 6.60 GiB touched in 231 ms (16 thread, mlock)
ds4: REAP mask applied: 40 layer, 40 device range aggiornati/creati
ds4: PACE prebreath    tok=60 phase=3 keep=26 ngram=0.002 hit=1.000 breaths=0
ds4: REAP prefetch (fattorino): 40 layer, 1040 expert, 2781 range, 6.87 GiB touched in 226 ms (16 thread, mlock)
ds4: REAP mask applied: 40 layer, 40 device range aggiornati/creati
ds4: PACE prebreath    tok=64 phase=3 keep=27 ngram=0.007 hit=1.000 breaths=0
ds4: REAP prefetch (fattorino): 40 layer, 1080 expert, 2880 range, 7.13 GiB touched in 235 ms (16 thread, mlock)
ds4: REAP mask applied: 40 layer, 40 device range aggiornati/creati
ds4: PACE prebreath    tok=68 phase=3 keep=28 ngram=0.010 hit=1.000 breaths=0
ds4: REAP prefetch (fattorino): 40 layer, 1120 expert, 2988 range, 7.39 GiB touched in 251 ms (16 thread, mlock)
ds4: REAP mask applied: 40 layer, 40 device range aggiornati/creati
ds4: PACE prebreath    tok=72 phase=3 keep=29 ngram=0.011 hit=1.000 breaths=0
ds4: REAP prefetch (fattorino): 40 layer, 1160 expert, 3078 range, 7.66 GiB touched in 255 ms (16 thread, mlock)
ds4: REAP mask applied: 40 layer, 40 device range aggiornati/creati
ds4: PACE prebreath    tok=76 phase=3 keep=30 ngram=0.012 hit=1.000 breaths=0
ds4: REAP prefetch (fattorino): 40 layer, 1200 expert, 3150 range, 7.92 GiB touched in 254 ms (16 thread, mlock)
ds4: REAP mask applied: 40 layer, 40 device range aggiornati/creati
ds4: PACE prebreath    tok=80 phase=3 keep=31 ngram=0.016 hit=1.000 breaths=0
ds4: REAP prefetch (fattorino): 40 layer, 1240 expert, 3243 range, 8.19 GiB touched in 281 ms (16 thread, mlock)
ds4: REAP mask applied: 40 layer, 40 device range aggiornati/creati
ds4: PACE prebreath    tok=84 phase=3 keep=32 ngram=0.019 hit=1.000 breaths=0
ds4: REAP prefetch (fattorino): 40 layer, 1280 expert, 3342 range, 8.45 GiB touched in 284 ms (16 thread, mlock)
ds4: REAP mask applied: 40 layer, 40 device range aggiornati/creati
ds4: PACE prebreath    tok=88 phase=3 keep=33 ngram=0.021 hit=1.000 breaths=0
ds4: REAP prefetch (fattorino): 40 layer, 1320 expert, 3423 range, 8.71 GiB touched in 295 ms (16 thread, mlock)
ds4: REAP mask applied: 40 layer, 40 device range aggiornati/creati
ds4: PACE prebreath    tok=92 phase=3 keep=34 ngram=0.021 hit=1.000 breaths=0
ds4: REAP prefetch (fattorino): 40 layer, 1360 expert, 3510 range, 8.98 GiB touched in 300 ms (16 thread, mlock)
ds4: REAP mask applied: 40 layer, 40 device range aggiornati/creati
ds4: PACE prebreath    tok=96 phase=3 keep=35 ngram=0.022 hit=1.000 breaths=0
ds4: REAP prefetch (fattorino): 40 layer, 1400 expert, 3603 range, 9.24 GiB touched in 300 ms (16 thread, mlock)
ds4: REAP mask applied: 40 layer, 40 device range aggiornati/creati
ds4: PACE prebreath    tok=100 phase=3 keep=36 ngram=0.025 hit=1.000 breaths=0
ds4: REAP prefetch (fattorino): 40 layer, 1440 expert, 3702 range, 9.51 GiB touched in 373 ms (16 thread, mlock)
0709 22:02:09 ds4-server: chat ctx=128..178:50 gen=100 decoding chunk=2.52 t/s avg=2.39 t/s 41.908s
ds4: REAP mask applied: 40 layer, 40 device range aggiornati/creati
ds4: PACE prebreath    tok=104 phase=3 keep=37 ngram=0.027 hit=1.000 breaths=0
ds4: REAP prefetch (fattorino): 40 layer, 1480 expert, 3771 range, 9.77 GiB touched in 383 ms (16 thread, mlock)
ds4: REAP mask applied: 40 layer, 40 device range aggiornati/creati
ds4: PACE prebreath    tok=108 phase=3 keep=38 ngram=0.028 hit=1.000 breaths=0
ds4: REAP prefetch (fattorino): 40 layer, 1520 expert, 3852 range, 10.03 GiB touched in 341 ms (16 thread, mlock)
ds4: REAP mask applied: 40 layer, 40 device range aggiornati/creati
ds4: PACE prebreath    tok=112 phase=3 keep=39 ngram=0.028 hit=1.000 breaths=0
ds4: REAP prefetch (fattorino): 40 layer, 1560 expert, 3945 range, 10.30 GiB touched in 356 ms (16 thread, mlock)
ds4: REAP mask applied: 40 layer, 40 device range aggiornati/creati
ds4: PACE prebreath    tok=116 phase=3 keep=40 ngram=0.027 hit=1.000 breaths=0
ds4: REAP prefetch (fattorino): 40 layer, 1600 expert, 4038 range, 10.56 GiB touched in 362 ms (16 thread, mlock)
ds4: REAP mask applied: 40 layer, 40 device range aggiornati/creati
ds4: PACE prebreath    tok=120 phase=3 keep=41 ngram=0.034 hit=1.000 breaths=0
ds4: REAP prefetch (fattorino): 40 layer, 1640 expert, 4122 range, 10.83 GiB touched in 361 ms (16 thread, mlock)
ds4: REAP mask applied: 40 layer, 40 device range aggiornati/creati
ds4: PACE prebreath    tok=124 phase=3 keep=42 ngram=0.040 hit=1.000 breaths=0
ds4: REAP prefetch (fattorino): 40 layer, 1680 expert, 4203 range, 11.09 GiB touched in 361 ms (16 thread, mlock)
ds4: REAP mask applied: 40 layer, 40 device range aggiornati/creati
ds4: PACE prebreath    tok=128 phase=3 keep=43 ngram=0.043 hit=1.000 breaths=0
ds4: REAP prefetch (fattorino): 40 layer, 1720 expert, 4269 range, 11.35 GiB touched in 380 ms (16 thread, mlock)
ds4: REAP mask applied: 40 layer, 40 device range aggiornati/creati
ds4: PACE prebreath    tok=132 phase=3 keep=44 ngram=0.054 hit=1.000 breaths=0
ds4: REAP prefetch (fattorino): 40 layer, 1760 expert, 4341 range, 11.62 GiB touched in 377 ms (16 thread, mlock)
ds4: REAP mask applied: 40 layer, 40 device range aggiornati/creati
ds4: PACE prebreath    tok=136 phase=3 keep=45 ngram=0.072 hit=1.000 breaths=0
ds4: REAP prefetch (fattorino): 40 layer, 1800 expert, 4440 range, 11.88 GiB touched in 381 ms (16 thread, mlock)
ds4: REAP mask applied: 40 layer, 40 device range aggiornati/creati
ds4: PACE prebreath    tok=140 phase=3 keep=46 ngram=0.096 hit=1.000 breaths=0
ds4: REAP prefetch (fattorino): 40 layer, 1840 expert, 4509 range, 12.15 GiB touched in 391 ms (16 thread, mlock)
ds4: REAP mask applied: 40 layer, 40 device range aggiornati/creati
ds4: PACE prebreath    tok=144 phase=3 keep=47 ngram=0.123 hit=1.000 breaths=0
ds4: REAP prefetch (fattorino): 40 layer, 1880 expert, 4581 range, 12.41 GiB touched in 393 ms (16 thread, mlock)
ds4: REAP mask applied: 40 layer, 40 device range aggiornati/creati
ds4: PACE prebreath    tok=148 phase=3 keep=48 ngram=0.152 hit=1.000 breaths=0
ds4: REAP prefetch (fattorino): 40 layer, 1920 expert, 4662 range, 12.67 GiB touched in 412 ms (16 thread, mlock)
0709 22:02:33 ds4-server: chat ctx=178..228:50 gen=150 decoding chunk=2.15 t/s avg=2.30 t/s 65.128s
ds4: REAP mask applied: 40 layer, 40 device range aggiornati/creati
ds4: PACE prebreath    tok=152 phase=3 keep=49 ngram=0.183 hit=1.000 breaths=0
ds4: REAP prefetch (fattorino): 40 layer, 1960 expert, 4746 range, 12.94 GiB touched in 403 ms (16 thread, mlock)
ds4: REAP mask applied: 40 layer, 40 device range aggiornati/creati
ds4: PACE prebreath    tok=156 phase=3 keep=50 ngram=0.215 hit=1.000 breaths=0
ds4: REAP prefetch (fattorino): 40 layer, 2000 expert, 4812 range, 13.20 GiB touched in 435 ms (16 thread, mlock)
ds4: REAP mask applied: 40 layer, 40 device range aggiornati/creati
ds4: PACE prebreath    tok=160 phase=3 keep=51 ngram=0.248 hit=1.000 breaths=0
ds4: REAP prefetch (fattorino): 40 layer, 2040 expert, 4902 range, 13.47 GiB touched in 429 ms (16 thread, mlock)
ds4: REAP mask applied: 40 layer, 40 device range aggiornati/creati
ds4: PACE prebreath    tok=164 phase=3 keep=52 ngram=0.281 hit=1.000 breaths=0
ds4: REAP prefetch (fattorino): 40 layer, 2080 expert, 4989 range, 13.73 GiB touched in 450 ms (16 thread, mlock)
ds4: REAP mask applied: 40 layer, 40 device range aggiornati/creati
ds4: PACE prebreath    tok=168 phase=3 keep=53 ngram=0.314 hit=1.000 breaths=0
ds4: REAP prefetch (fattorino): 40 layer, 2120 expert, 5025 range, 13.99 GiB touched in 460 ms (16 thread, mlock)
ds4: REAP mask applied: 40 layer, 40 device range aggiornati/creati
ds4: PACE prebreath    tok=172 phase=3 keep=54 ngram=0.342 hit=1.000 breaths=0
ds4: REAP prefetch (fattorino): 40 layer, 2160 expert, 5091 range, 14.26 GiB touched in 468 ms (16 thread, mlock)
ds4: REAP mask applied: 40 layer, 40 device range aggiornati/creati
ds4: PACE prebreath    tok=176 phase=3 keep=55 ngram=0.372 hit=1.000 breaths=0
ds4: REAP prefetch (fattorino): 40 layer, 2200 expert, 5169 range, 14.52 GiB touched in 474 ms (16 thread, mlock)
ds4: REAP mask applied: 40 layer, 40 device range aggiornati/creati
ds4: PACE prebreath    tok=180 phase=3 keep=56 ngram=0.400 hit=1.000 breaths=0
ds4: REAP prefetch (fattorino): 40 layer, 2240 expert, 5229 range, 14.79 GiB touched in 538 ms (16 thread, mlock)
ds4: REAP mask applied: 40 layer, 40 device range aggiornati/creati
ds4: PACE prebreath    tok=184 phase=3 keep=57 ngram=0.431 hit=1.000 breaths=0
ds4: REAP prefetch (fattorino): 40 layer, 2280 expert, 5298 range, 15.05 GiB touched in 493 ms (16 thread, mlock)
ds4: REAP mask applied: 40 layer, 40 device range aggiornati/creati
ds4: PACE prebreath    tok=188 phase=3 keep=58 ngram=0.462 hit=1.000 breaths=0
ds4: REAP prefetch (fattorino): 40 layer, 2320 expert, 5355 range, 15.31 GiB touched in 472 ms (16 thread, mlock)
ds4: REAP mask applied: 40 layer, 40 device range aggiornati/creati
ds4: PACE prebreath    tok=192 phase=3 keep=59 ngram=0.494 hit=1.000 breaths=0
ds4: REAP prefetch (fattorino): 40 layer, 2360 expert, 5436 range, 15.58 GiB touched in 494 ms (16 thread, mlock)
ds4: REAP mask applied: 40 layer, 40 device range aggiornati/creati
ds4: PACE prebreath    tok=196 phase=3 keep=60 ngram=0.527 hit=1.000 breaths=0
ds4: REAP prefetch (fattorino): 40 layer, 2400 expert, 5502 range, 15.84 GiB touched in 497 ms (16 thread, mlock)
ds4: REAP mask applied: 40 layer, 40 device range aggiornati/creati
ds4: PACE prebreath    tok=200 phase=3 keep=61 ngram=0.561 hit=1.000 breaths=0
0709 22:02:57 ds4-server: chat ctx=228..278:50 gen=200 decoding chunk=2.19 t/s avg=2.27 t/s 88.005s
ds4: REAP prefetch (fattorino): 40 layer, 2440 expert, 5559 range, 16.11 GiB touched in 496 ms (16 thread, mlock)
ds4: REAP mask applied: 40 layer, 40 device range aggiornati/creati
ds4: PACE prebreath    tok=204 phase=3 keep=62 ngram=0.594 hit=1.000 breaths=0
ds4: REAP prefetch (fattorino): 40 layer, 2480 expert, 5622 range, 16.37 GiB touched in 503 ms (16 thread, mlock)
ds4: REAP mask applied: 40 layer, 40 device range aggiornati/creati
ds4: PACE prebreath    tok=208 phase=3 keep=63 ngram=0.628 hit=1.000 breaths=0
ds4: REAP prefetch (fattorino): 40 layer, 2520 expert, 5673 range, 16.63 GiB touched in 510 ms (16 thread, mlock)
ds4: REAP mask applied: 40 layer, 40 device range aggiornati/creati
ds4: PACE prebreath    tok=212 phase=3 keep=64 ngram=0.661 hit=1.000 breaths=0
ds4: REAP prefetch (fattorino): 40 layer, 2560 expert, 5724 range, 16.90 GiB touched in 526 ms (16 thread, mlock)
ds4: REAP mask applied: 40 layer, 40 device range aggiornati/creati
ds4: PACE prebreath    tok=216 phase=3 keep=65 ngram=0.695 hit=1.000 breaths=0
ds4: REAP prefetch (fattorino): 40 layer, 2600 expert, 5787 range, 17.16 GiB touched in 550 ms (16 thread, mlock)
ds4: REAP mask applied: 40 layer, 40 device range aggiornati/creati
ds4: PACE prebreath    tok=220 phase=3 keep=66 ngram=0.729 hit=1.000 breaths=0
ds4: REAP prefetch (fattorino): 40 layer, 2640 expert, 5868 range, 17.42 GiB touched in 539 ms (16 thread, mlock)
ds4: REAP mask applied: 40 layer, 40 device range aggiornati/creati
ds4: PACE prebreath    tok=224 phase=3 keep=67 ngram=0.763 hit=1.000 breaths=0
ds4: REAP prefetch (fattorino): 40 layer, 2680 expert, 5928 range, 17.69 GiB touched in 561 ms (16 thread, mlock)
ds4: REAP mask applied: 40 layer, 40 device range aggiornati/creati
ds4: PACE prebreath    tok=228 phase=3 keep=68 ngram=0.797 hit=1.000 breaths=0
ds4: REAP prefetch (fattorino): 40 layer, 2720 expert, 5997 range, 17.95 GiB touched in 560 ms (16 thread, mlock)
ds4: REAP mask applied: 40 layer, 40 device range aggiornati/creati
ds4: PACE prebreath    tok=232 phase=3 keep=69 ngram=0.824 hit=1.000 breaths=0
ds4: REAP prefetch (fattorino): 40 layer, 2760 expert, 6051 range, 18.22 GiB touched in 566 ms (16 thread, mlock)
ds4: REAP mask applied: 40 layer, 40 device range aggiornati/creati
ds4: PACE prebreath    tok=236 phase=3 keep=70 ngram=0.849 hit=1.000 breaths=0
ds4: REAP prefetch (fattorino): 40 layer, 2800 expert, 6102 range, 18.48 GiB touched in 576 ms (16 thread, mlock)
ds4: REAP mask applied: 40 layer, 40 device range aggiornati/creati
ds4: PACE prebreath    tok=240 phase=3 keep=71 ngram=0.866 hit=1.000 breaths=0
ds4: REAP prefetch (fattorino): 40 layer, 2840 expert, 6135 range, 18.74 GiB touched in 585 ms (16 thread, mlock)
ds4: REAP mask applied: 40 layer, 40 device range aggiornati/creati
ds4: PACE prebreath    tok=244 phase=3 keep=72 ngram=0.877 hit=1.000 breaths=0
ds4: REAP prefetch (fattorino): 40 layer, 2880 expert, 6153 range, 19.01 GiB touched in 610 ms (16 thread, mlock)
ds4: REAP mask applied: 40 layer, 40 device range aggiornati/creati
ds4: PACE prebreath    tok=248 phase=3 keep=73 ngram=0.884 hit=1.000 breaths=0
ds4: REAP prefetch (fattorino): 40 layer, 2920 expert, 6210 range, 19.27 GiB touched in 619 ms (16 thread, mlock)
0709 22:03:20 ds4-server: chat ctx=278..328:50 gen=250 decoding chunk=2.17 t/s avg=2.25 t/s 111.069s
ds4: REAP mask applied: 40 layer, 40 device range aggiornati/creati
ds4: PACE prebreath    tok=252 phase=3 keep=74 ngram=0.889 hit=1.000 breaths=0
ds4: REAP prefetch (fattorino): 40 layer, 2960 expert, 6261 range, 19.54 GiB touched in 614 ms (16 thread, mlock)
ds4: REAP mask applied: 40 layer, 40 device range aggiornati/creati
ds4: PACE prebreath    tok=256 phase=3 keep=75 ngram=0.892 hit=1.000 breaths=0
ds4: REAP prefetch (fattorino): 40 layer, 3000 expert, 6291 range, 19.80 GiB touched in 619 ms (16 thread, mlock)
ds4: REAP mask applied: 40 layer, 40 device range aggiornati/creati
ds4: PACE prebreath    tok=260 phase=3 keep=76 ngram=0.894 hit=1.000 breaths=0
ds4: REAP prefetch (fattorino): 40 layer, 3040 expert, 6342 range, 20.06 GiB touched in 622 ms (16 thread, mlock)
ds4: REAP mask applied: 40 layer, 40 device range aggiornati/creati
ds4: PACE prebreath    tok=264 phase=3 keep=77 ngram=0.896 hit=1.000 breaths=0
ds4: REAP prefetch (fattorino): 40 layer, 3080 expert, 6396 range, 20.33 GiB touched in 625 ms (16 thread, mlock)
ds4: REAP mask applied: 40 layer, 40 device range aggiornati/creati
ds4: PACE prebreath    tok=268 phase=3 keep=78 ngram=0.897 hit=1.000 breaths=0
ds4: REAP prefetch (fattorino): 40 layer, 3120 expert, 6441 range, 20.59 GiB touched in 631 ms (16 thread, mlock)
ds4: REAP mask applied: 40 layer, 40 device range aggiornati/creati
ds4: PACE prebreath    tok=272 phase=3 keep=79 ngram=0.897 hit=1.000 breaths=0
ds4: REAP prefetch (fattorino): 40 layer, 3160 expert, 6495 range, 20.85 GiB touched in 642 ms (16 thread, mlock)
ds4: REAP mask applied: 40 layer, 40 device range aggiornati/creati
ds4: PACE prebreath    tok=276 phase=3 keep=80 ngram=0.898 hit=1.000 breaths=0
ds4: REAP prefetch (fattorino): 40 layer, 3200 expert, 6534 range, 21.12 GiB touched in 649 ms (16 thread, mlock)
ds4: REAP mask applied: 40 layer, 40 device range aggiornati/creati
ds4: PACE prebreath    tok=280 phase=3 keep=81 ngram=0.898 hit=1.000 breaths=0
ds4: REAP prefetch (fattorino): 40 layer, 3240 expert, 6570 range, 21.38 GiB touched in 655 ms (16 thread, mlock)
ds4: REAP mask applied: 40 layer, 40 device range aggiornati/creati
ds4: PACE prebreath    tok=284 phase=3 keep=82 ngram=0.898 hit=1.000 breaths=0
ds4: REAP prefetch (fattorino): 40 layer, 3280 expert, 6624 range, 21.65 GiB touched in 661 ms (16 thread, mlock)
ds4: REAP mask applied: 40 layer, 40 device range aggiornati/creati
ds4: PACE prebreath    tok=288 phase=3 keep=83 ngram=0.898 hit=1.000 breaths=0
ds4: REAP prefetch (fattorino): 40 layer, 3320 expert, 6654 range, 21.91 GiB touched in 681 ms (16 thread, mlock)
ds4: REAP mask applied: 40 layer, 40 device range aggiornati/creati
ds4: PACE prebreath    tok=292 phase=3 keep=84 ngram=0.898 hit=1.000 breaths=0
ds4: REAP prefetch (fattorino): 40 layer, 3360 expert, 6699 range, 22.17 GiB touched in 683 ms (16 thread, mlock)
ds4: REAP mask applied: 40 layer, 40 device range aggiornati/creati
ds4: PACE prebreath    tok=296 phase=3 keep=85 ngram=0.898 hit=1.000 breaths=0
ds4: REAP prefetch (fattorino): 40 layer, 3400 expert, 6738 range, 22.44 GiB touched in 698 ms (16 thread, mlock)
ds4: REAP mask applied: 40 layer, 40 device range aggiornati/creati
ds4: PACE prebreath    tok=300 phase=3 keep=86 ngram=0.898 hit=1.000 breaths=0
0709 22:03:43 ds4-server: chat ctx=328..378:50 gen=300 decoding chunk=2.21 t/s avg=2.24 t/s 133.708s
ds4: REAP prefetch (fattorino): 40 layer, 3440 expert, 6792 range, 22.70 GiB touched in 707 ms (16 thread, mlock)
ds4: REAP mask applied: 40 layer, 40 device range aggiornati/creati
ds4: PACE prebreath    tok=304 phase=3 keep=87 ngram=0.898 hit=1.000 breaths=0
ds4: REAP prefetch (fattorino): 40 layer, 3480 expert, 6843 range, 22.97 GiB touched in 715 ms (16 thread, mlock)
ds4: REAP mask applied: 40 layer, 40 device range aggiornati/creati
ds4: PACE prebreath    tok=308 phase=3 keep=88 ngram=0.898 hit=1.000 breaths=0
ds4: REAP prefetch (fattorino): 40 layer, 3520 expert, 6873 range, 23.23 GiB touched in 718 ms (16 thread, mlock)
ds4: REAP mask applied: 40 layer, 40 device range aggiornati/creati
ds4: PACE prebreath    tok=312 phase=3 keep=89 ngram=0.898 hit=1.000 breaths=0
ds4: REAP prefetch (fattorino): 40 layer, 3560 expert, 6873 range, 23.49 GiB touched in 745 ms (16 thread, mlock)
ds4: REAP mask applied: 40 layer, 40 device range aggiornati/creati
ds4: PACE prebreath    tok=316 phase=3 keep=90 ngram=0.898 hit=1.000 breaths=0
ds4: REAP prefetch (fattorino): 40 layer, 3600 expert, 6915 range, 23.76 GiB touched in 759 ms (16 thread, mlock)
ds4: REAP mask applied: 40 layer, 40 device range aggiornati/creati
ds4: PACE prebreath    tok=320 phase=3 keep=91 ngram=0.898 hit=1.000 breaths=0
ds4: REAP prefetch (fattorino): 40 layer, 3640 expert, 6939 range, 24.02 GiB touched in 809 ms (16 thread, mlock)
ds4: REAP mask applied: 40 layer, 40 device range aggiornati/creati
ds4: PACE prebreath    tok=324 phase=3 keep=92 ngram=0.898 hit=1.000 breaths=0
ds4: REAP prefetch (fattorino): 40 layer, 3680 expert, 6960 range, 24.28 GiB touched in 768 ms (16 thread, mlock)
ds4: REAP mask applied: 40 layer, 40 device range aggiornati/creati
ds4: PACE prebreath    tok=328 phase=3 keep=93 ngram=0.898 hit=1.000 breaths=0
ds4: REAP prefetch (fattorino): 40 layer, 3720 expert, 6969 range, 24.55 GiB touched in 807 ms (16 thread, mlock)
ds4: REAP mask applied: 40 layer, 40 device range aggiornati/creati
ds4: PACE prebreath    tok=332 phase=3 keep=94 ngram=0.898 hit=1.000 breaths=0
ds4: REAP prefetch (fattorino): 40 layer, 3760 expert, 7002 range, 24.81 GiB touched in 782 ms (16 thread, mlock)
ds4: REAP mask applied: 40 layer, 40 device range aggiornati/creati
ds4: PACE prebreath    tok=336 phase=3 keep=95 ngram=0.898 hit=1.000 breaths=0
ds4: REAP prefetch (fattorino): 40 layer, 3800 expert, 7026 range, 25.08 GiB touched in 779 ms (16 thread, mlock)
ds4: REAP mask applied: 40 layer, 40 device range aggiornati/creati
ds4: PACE prebreath    tok=340 phase=3 keep=96 ngram=0.898 hit=1.000 breaths=0
ds4: REAP prefetch (fattorino): 40 layer, 3840 expert, 7047 range, 25.34 GiB touched in 831 ms (16 thread, mlock)
0709 22:04:06 ds4-server: chat ctx=378..428:50 gen=350 decoding chunk=2.25 t/s avg=2.25 t/s 155.887s
0709 22:04:28 ds4-server: chat ctx=428..478:50 gen=400 decoding chunk=2.36 t/s avg=2.26 t/s 177.111s
0709 22:04:49 ds4-server: chat ctx=478..528:50 gen=450 decoding chunk=2.40 t/s avg=2.27 t/s 197.976s
0709 22:05:08 ds4-server: chat ctx=528..578:50 gen=500 decoding chunk=2.70 t/s avg=2.31 t/s 216.469s
0709 22:05:26 ds4-server: chat ctx=578..628:50 gen=550 decoding chunk=2.70 t/s avg=2.34 t/s 235.020s
0709 22:05:49 ds4-server: chat ctx=628..678:50 gen=600 decoding chunk=2.27 t/s avg=2.33 t/s 257.038s
0709 22:06:11 ds4-server: chat ctx=678..728:50 gen=650 decoding chunk=2.38 t/s avg=2.34 t/s 278.060s
0709 22:06:32 ds4-server: chat ctx=728..778:50 gen=700 decoding chunk=2.39 t/s avg=2.34 t/s 298.992s
0709 22:06:53 ds4-server: chat ctx=778..828:50 gen=750 decoding chunk=2.44 t/s avg=2.35 t/s 319.484s
0709 22:07:14 ds4-server: chat ctx=828..878:50 gen=800 decoding chunk=2.46 t/s avg=2.35 t/s 339.777s
0709 22:07:14 ds4-server: chat ctx=0..78:78 gen=800 finish=length 351.310s
