ds4: Linux cuda backend set oom_score_adj=1000
ds4: CUDA backend initialized on NVIDIA GeForce RTX 3060 (sm_86)
ds4: SSD streaming initial cuda model map restricted to token embedding (1 spans, 0.99 GiB tensor span)
ds4: CUDA preparing model tensor mappings
ds4: CUDA loading model tensors into device cache
ds4: CUDA startup model preparation covered 0.99 GiB of tensor spans in 1.024s
ds4: cuda backend initialized for graph diagnostics
0712 05:56:06 ds4-server: context buffers 122.69 MiB (ctx=4096, backend=cuda, prefill_chunk=512, raw_kv_rows=768, compressed_kv_rows=1026)
0712 05:56:06 ds4-server: listening on http://127.0.0.1:8020
0712 05:56:07 ds4-server: chat ctx=0..74:74 prompt start
ds4: PACE LIVEMASK on - bootstrap=10 window=10 K=23 observe_top=16 X=3 max_swaps=2 cooldown=8 hyst=1.000 weighted=0 pin=0
ds4: PACE LIVEMASK rating levers: blocked_weight=1.000 demote_horizon=10 promo_rate_cap=0 (unlimited)
ds4: CUDA loading model tensors 0.15 GiB cached
ds4: CUDA loading model tensors 0.16 GiB cached
ds4: CUDA loading model tensors 0.00 GiB cached
ds4: DBGCAP final_cap=10 requested=400
ds4: DBGCAP final_cap=12 requested=400
ds4: DBGCAP final_cap=16 requested=400
0712 05:56:41 ds4-server: chat ctx=0..74:74 prompt done 33.341s
ds4: DBGCAP final_cap=400 requested=400
ds4: CUDA loading model tensors 7.01 GiB cached
ds4: REAP mask applied: 40 layer, 40 device range aggiornati/creati
ds4: PACE LIVEMASK seeded at tok=10 K=23 window=10
0712 05:58:17 ds4-server: chat ctx=74..114:40 gen=40 decoding chunk=0.42 t/s avg=0.42 t/s 94.283s
0712 05:58:17 ds4-server: chat ctx=0..74:74 gen=40 finish=length 127.628s
0712 05:58:17 ds4-server: live kv cache miss live=114 prompt=74 common=74 reason=token-mismatch
0712 05:58:17 ds4-server: chat ctx=0..74:74 prompt start
ds4: REAP mask applied: 40 layer, 40 device range aggiornati/creati
ds4: CUDA loading model tensors 0.00 GiB cached
ds4: CUDA loading model tensors 0.16 GiB cached
ds4: CUDA loading model tensors 0.15 GiB cached
ds4: CUDA loading model tensors 0.16 GiB cached
ds4: CUDA loading model tensors 0.00 GiB cached
ds4: CUDA loading model tensors 0.15 GiB cached
ds4: CUDA loading model tensors 0.16 GiB cached
ds4: CUDA loading model tensors 0.13 GiB cached
ds4: CUDA loading model tensors 0.15 GiB cached
ds4: CUDA loading model tensors 0.00 GiB cached
ds4: DBGCAP final_cap=10 requested=400
ds4: DBGCAP final_cap=12 requested=400
ds4: DBGCAP final_cap=16 requested=400
0712 06:00:07 ds4-server: chat ctx=0..74:74 prompt done 107.421s
ds4: DBGCAP final_cap=400 requested=400
ds4: CUDA loading model tensors 3.50 GiB cached
ds4: REAP mask applied: 40 layer, 40 device range aggiornati/creati
ds4: PACE LIVEMASK seeded at tok=10 K=23 window=10
0712 06:00:34 ds4-server: chat ctx=74..124:50 gen=50 decoding chunk=1.91 t/s avg=1.91 t/s 26.224s
ds4: CUDA loading model tensors 7.86 GiB cached
ds4: REAP mask applied: 40 layer, 40 device range aggiornati/creati
0712 06:00:56 ds4-server: chat ctx=124..174:50 gen=100 decoding chunk=2.32 t/s avg=2.09 t/s 47.741s
0712 06:01:15 ds4-server: chat ctx=174..224:50 gen=150 decoding chunk=2.70 t/s avg=2.26 t/s 66.259s
ds4: REAP mask applied: 40 layer, 40 device range aggiornati/creati
ds4: REAP mask applied: 40 layer, 40 device range aggiornati/creati
0712 06:01:32 ds4-server: chat ctx=224..274:50 gen=200 decoding chunk=2.98 t/s avg=2.41 t/s 83.060s
0712 06:01:49 ds4-server: chat ctx=274..324:50 gen=250 decoding chunk=2.98 t/s avg=2.50 t/s 99.816s
0712 06:02:07 ds4-server: chat ctx=324..374:50 gen=300 decoding chunk=2.88 t/s avg=2.56 t/s 117.157s
0712 06:02:07 ds4-server: chat ctx=0..74:74 gen=300 finish=length 224.581s
0712 06:02:07 ds4-server: shutdown requested, draining requests
