ds4: Linux cuda backend set oom_score_adj=1000
ds4: CUDA backend initialized on NVIDIA GeForce RTX 3060 (sm_86)
ds4: SSD streaming initial cuda model map restricted to token embedding (1 spans, 0.99 GiB tensor span)
ds4: CUDA preparing model tensor mappings
ds4: CUDA loading model tensors into device cache
ds4: CUDA startup model preparation covered 0.99 GiB of tensor spans in 0.848s
ds4: cuda backend initialized for graph diagnostics
0710 05:32:41 ds4-server: context buffers 93.82 MiB (ctx=2048, backend=cuda, prefill_chunk=512, raw_kv_rows=768, compressed_kv_rows=514)
0710 05:32:41 ds4-server: listening on http://127.0.0.1:8014
0710 05:32:42 ds4-server: chat ctx=0..78:78 prompt start
ds4: PACE on - warmup=50 keep=64[23..96] step=8 ngram(n=3,win=120) drift=1.00 rel=0.15 hyst=200 breath(every=999999,len=80,keep=96,relearn=0) prebreath(on=0,drift=0.18,target=0.18,every=64,max=96,adapt=0,gain=8.00,pow=1.00,step_max=0,relearn=0,rdecay=0.30) anneal_warm=50 wrap=1 wrap_rotate=0 cache_flush=0 prefill_apply=0 prefill_wait_wrap=0 s1=0 exchange=0 relearn_on_tighten=1 weighted(warmup=0,relearn=0) rotate(on=1,every=4,decay=0.980,preserve_stable=1)
ds4: PACE prefill_reset tok=0 phase=1 keep=0 ngram=0.000 hit=1.000 breaths=0
ds4: expert tiering observe enabled (DS4_EXPERT_TIERING=observe; log=)
ds4: CUDA loading model tensors 0.13 GiB cached
ds4: CUDA loading model tensors 0.14 GiB cached
ds4: CUDA loading model tensors 0.15 GiB cached
ds4: CUDA loading model tensors 0.00 GiB cached
ds4: CUDA loading model tensors 0.13 GiB cached
0710 05:33:42 ds4-server: chat ctx=0..78:78 prompt done 58.827s
ds4: CUDA loading model tensors 7.01 GiB cached
ds4: PACE learned      tok=50 phase=2 keep=0 ngram=0.000 hit=1.000 breaths=0
ds4: CUDA loading model tensors 7.86 GiB cached
0710 05:34:40 ds4-server: chat ctx=78..128:50 gen=50 decoding chunk=0.87 t/s avg=0.87 t/s 57.233s
ds4: REAP mask applied: 40 layer, 40 device range aggiornati/creati
ds4: PACE descent      tok=51 phase=3 keep=64 ngram=0.000 hit=1.000 breaths=0
ds4: REAP prefetch (fattorino): 40 layer, 2560 expert, 5727 range, 16.90 GiB touched in 12840 ms (16 thread, mlock)
ds4: REAP mask applied: 40 layer, 40 device range aggiornati/creati
ds4: PACE rotate       tok=55 phase=3 keep=64 ngram=0.000 hit=1.000 breaths=0
ds4: REAP mask applied: 40 layer, 40 device range aggiornati/creati
ds4: PACE rotate       tok=59 phase=3 keep=64 ngram=0.000 hit=1.000 breaths=0
ds4: REAP mask applied: 40 layer, 40 device range aggiornati/creati
ds4: PACE rotate       tok=63 phase=3 keep=64 ngram=0.006 hit=1.000 breaths=0
ds4: REAP mask applied: 40 layer, 40 device range aggiornati/creati
ds4: PACE rotate       tok=67 phase=3 keep=64 ngram=0.009 hit=1.000 breaths=0
ds4: REAP mask applied: 40 layer, 40 device range aggiornati/creati
ds4: PACE tighten_relearn tok=68 phase=3 keep=56 ngram=0.010 hit=1.000 breaths=0
ds4: REAP prefetch (fattorino): 40 layer, 2240 expert, 5151 range, 14.79 GiB touched in 6519 ms (16 thread, mlock)
ds4: REAP mask applied: 40 layer, 40 device range aggiornati/creati
ds4: PACE rotate       tok=72 phase=3 keep=56 ngram=0.011 hit=1.000 breaths=0
ds4: REAP mask applied: 40 layer, 40 device range aggiornati/creati
ds4: PACE rotate       tok=76 phase=3 keep=56 ngram=0.012 hit=1.000 breaths=0
ds4: REAP mask applied: 40 layer, 40 device range aggiornati/creati
ds4: PACE rotate       tok=80 phase=3 keep=56 ngram=0.015 hit=1.000 breaths=0
ds4: REAP mask applied: 40 layer, 40 device range aggiornati/creati
ds4: PACE rotate       tok=84 phase=3 keep=56 ngram=0.018 hit=1.000 breaths=0
ds4: REAP mask applied: 40 layer, 40 device range aggiornati/creati
ds4: PACE tighten_relearn tok=85 phase=3 keep=48 ngram=0.019 hit=1.000 breaths=0
ds4: REAP prefetch (fattorino): 40 layer, 1920 expert, 4617 range, 12.67 GiB touched in 878 ms (16 thread, mlock)
ds4: REAP mask applied: 40 layer, 40 device range aggiornati/creati
ds4: PACE rotate       tok=89 phase=3 keep=48 ngram=0.020 hit=1.000 breaths=0
ds4: REAP mask applied: 40 layer, 40 device range aggiornati/creati
ds4: PACE rotate       tok=93 phase=3 keep=48 ngram=0.021 hit=1.000 breaths=0
ds4: REAP mask applied: 40 layer, 40 device range aggiornati/creati
ds4: PACE rotate       tok=97 phase=3 keep=48 ngram=0.023 hit=1.000 breaths=0
0710 05:36:28 ds4-server: chat ctx=128..178:50 gen=100 decoding chunk=0.47 t/s avg=0.61 t/s 162.672s
ds4: REAP mask applied: 40 layer, 40 device range aggiornati/creati
ds4: PACE rotate       tok=101 phase=3 keep=48 ngram=0.026 hit=1.000 breaths=0
ds4: REAP mask applied: 40 layer, 40 device range aggiornati/creati
ds4: PACE tighten_relearn tok=102 phase=3 keep=40 ngram=0.026 hit=1.000 breaths=0
ds4: REAP prefetch (fattorino): 40 layer, 1600 expert, 4062 range, 10.56 GiB touched in 741 ms (16 thread, mlock)
ds4: REAP mask applied: 40 layer, 40 device range aggiornati/creati
ds4: PACE rotate       tok=106 phase=3 keep=40 ngram=0.027 hit=1.000 breaths=0
ds4: REAP mask applied: 40 layer, 40 device range aggiornati/creati
ds4: PACE rotate       tok=110 phase=3 keep=40 ngram=0.028 hit=1.000 breaths=0
ds4: REAP mask applied: 40 layer, 40 device range aggiornati/creati
ds4: PACE rotate       tok=114 phase=3 keep=40 ngram=0.027 hit=1.000 breaths=0
ds4: REAP mask applied: 40 layer, 40 device range aggiornati/creati
ds4: PACE rotate       tok=118 phase=3 keep=40 ngram=0.027 hit=1.000 breaths=0
ds4: REAP mask applied: 40 layer, 40 device range aggiornati/creati
ds4: PACE tighten_relearn tok=119 phase=3 keep=32 ngram=0.027 hit=1.000 breaths=0
ds4: REAP prefetch (fattorino): 40 layer, 1280 expert, 3354 range, 8.45 GiB touched in 428 ms (16 thread, mlock)
ds4: REAP mask applied: 40 layer, 40 device range aggiornati/creati
ds4: PACE rotate       tok=123 phase=3 keep=32 ngram=0.026 hit=1.000 breaths=0
ds4: REAP mask applied: 40 layer, 40 device range aggiornati/creati
ds4: PACE rotate       tok=127 phase=3 keep=32 ngram=0.027 hit=1.000 breaths=0
ds4: REAP mask applied: 40 layer, 40 device range aggiornati/creati
ds4: PACE rotate       tok=131 phase=3 keep=32 ngram=0.032 hit=1.000 breaths=0
ds4: REAP mask applied: 40 layer, 40 device range aggiornati/creati
ds4: PACE rotate       tok=135 phase=3 keep=32 ngram=0.036 hit=1.000 breaths=0
ds4: REAP mask applied: 40 layer, 40 device range aggiornati/creati
ds4: PACE tighten_relearn tok=136 phase=3 keep=24 ngram=0.036 hit=1.000 breaths=0
ds4: REAP prefetch (fattorino): 40 layer, 960 expert, 2604 range, 6.34 GiB touched in 247 ms (16 thread, mlock)
ds4: REAP mask applied: 40 layer, 40 device range aggiornati/creati
ds4: PACE rotate       tok=140 phase=3 keep=24 ngram=0.038 hit=1.000 breaths=0
ds4: REAP mask applied: 40 layer, 40 device range aggiornati/creati
ds4: PACE rotate       tok=144 phase=3 keep=24 ngram=0.040 hit=1.000 breaths=0
ds4: REAP mask applied: 40 layer, 40 device range aggiornati/creati
ds4: PACE rotate       tok=148 phase=3 keep=24 ngram=0.041 hit=1.000 breaths=0
0710 05:37:00 ds4-server: chat ctx=178..228:50 gen=150 decoding chunk=1.61 t/s avg=0.77 t/s 193.743s
ds4: REAP mask applied: 40 layer, 40 device range aggiornati/creati
ds4: PACE rotate       tok=152 phase=3 keep=24 ngram=0.041 hit=1.000 breaths=0
ds4: REAP mask applied: 40 layer, 40 device range aggiornati/creati
ds4: PACE tighten_relearn tok=153 phase=3 keep=23 ngram=0.041 hit=1.000 breaths=0
ds4: REAP prefetch (fattorino): 40 layer, 920 expert, 2517 range, 6.07 GiB touched in 300 ms (16 thread, mlock)
ds4: REAP mask applied: 40 layer, 40 device range aggiornati/creati
ds4: PACE rotate       tok=157 phase=3 keep=23 ngram=0.042 hit=1.000 breaths=0
ds4: REAP mask applied: 40 layer, 40 device range aggiornati/creati
ds4: PACE rotate       tok=161 phase=3 keep=23 ngram=0.042 hit=1.000 breaths=0
ds4: REAP mask applied: 40 layer, 40 device range aggiornati/creati
ds4: PACE rotate       tok=165 phase=3 keep=23 ngram=0.042 hit=1.000 breaths=0
ds4: REAP mask applied: 40 layer, 40 device range aggiornati/creati
ds4: PACE rotate       tok=169 phase=3 keep=23 ngram=0.040 hit=1.000 breaths=0
ds4: REAP mask applied: 40 layer, 40 device range aggiornati/creati
ds4: PACE rotate       tok=173 phase=3 keep=23 ngram=0.035 hit=1.000 breaths=0
ds4: REAP mask applied: 40 layer, 40 device range aggiornati/creati
ds4: PACE rotate       tok=177 phase=3 keep=23 ngram=0.031 hit=1.000 breaths=0
ds4: REAP mask applied: 40 layer, 40 device range aggiornati/creati
ds4: PACE rotate       tok=181 phase=3 keep=23 ngram=0.026 hit=1.000 breaths=0
ds4: REAP mask applied: 40 layer, 40 device range aggiornati/creati
ds4: PACE rotate       tok=185 phase=3 keep=23 ngram=0.023 hit=1.000 breaths=0
ds4: REAP mask applied: 40 layer, 40 device range aggiornati/creati
ds4: PACE rotate       tok=189 phase=3 keep=23 ngram=0.021 hit=1.000 breaths=0
ds4: REAP mask applied: 40 layer, 40 device range aggiornati/creati
ds4: PACE rotate       tok=193 phase=3 keep=23 ngram=0.020 hit=1.000 breaths=0
ds4: REAP mask applied: 40 layer, 40 device range aggiornati/creati
ds4: PACE rotate       tok=197 phase=3 keep=23 ngram=0.019 hit=1.000 breaths=0
0710 05:37:25 ds4-server: chat ctx=228..278:50 gen=200 decoding chunk=2.02 t/s avg=0.92 t/s 218.532s
ds4: REAP mask applied: 40 layer, 40 device range aggiornati/creati
ds4: PACE rotate       tok=201 phase=3 keep=23 ngram=0.018 hit=1.000 breaths=0
ds4: REAP mask applied: 40 layer, 40 device range aggiornati/creati
ds4: PACE rotate       tok=205 phase=3 keep=23 ngram=0.022 hit=1.000 breaths=0
ds4: REAP mask applied: 40 layer, 40 device range aggiornati/creati
ds4: PACE rotate       tok=209 phase=3 keep=23 ngram=0.028 hit=1.000 breaths=0
ds4: REAP mask applied: 40 layer, 40 device range aggiornati/creati
ds4: PACE rotate       tok=213 phase=3 keep=23 ngram=0.033 hit=1.000 breaths=0
ds4: REAP mask applied: 40 layer, 40 device range aggiornati/creati
ds4: PACE rotate       tok=217 phase=3 keep=23 ngram=0.036 hit=1.000 breaths=0
ds4: REAP mask applied: 40 layer, 40 device range aggiornati/creati
ds4: PACE rotate       tok=221 phase=3 keep=23 ngram=0.038 hit=1.000 breaths=0
ds4: REAP mask applied: 40 layer, 40 device range aggiornati/creati
ds4: PACE rotate       tok=225 phase=3 keep=23 ngram=0.040 hit=1.000 breaths=0
ds4: REAP mask applied: 40 layer, 40 device range aggiornati/creati
ds4: PACE rotate       tok=229 phase=3 keep=23 ngram=0.041 hit=1.000 breaths=0
ds4: REAP mask applied: 40 layer, 40 device range aggiornati/creati
ds4: PACE rotate       tok=233 phase=3 keep=23 ngram=0.041 hit=1.000 breaths=0
ds4: REAP mask applied: 40 layer, 40 device range aggiornati/creati
ds4: PACE rotate       tok=237 phase=3 keep=23 ngram=0.042 hit=1.000 breaths=0
ds4: REAP mask applied: 40 layer, 40 device range aggiornati/creati
ds4: PACE rotate       tok=241 phase=3 keep=23 ngram=0.039 hit=1.000 breaths=0
ds4: REAP mask applied: 40 layer, 40 device range aggiornati/creati
ds4: PACE rotate       tok=245 phase=3 keep=23 ngram=0.033 hit=1.000 breaths=0
ds4: REAP mask applied: 40 layer, 40 device range aggiornati/creati
ds4: PACE rotate       tok=249 phase=3 keep=23 ngram=0.027 hit=1.000 breaths=0
0710 05:37:50 ds4-server: chat ctx=278..328:50 gen=250 decoding chunk=2.08 t/s avg=1.03 t/s 242.591s
ds4: REAP mask applied: 40 layer, 40 device range aggiornati/creati
ds4: PACE rotate       tok=253 phase=3 keep=23 ngram=0.024 hit=1.000 breaths=0
ds4: REAP mask applied: 40 layer, 40 device range aggiornati/creati
ds4: PACE rotate       tok=257 phase=3 keep=23 ngram=0.023 hit=1.000 breaths=0
ds4: REAP mask applied: 40 layer, 40 device range aggiornati/creati
ds4: PACE rotate       tok=261 phase=3 keep=23 ngram=0.024 hit=1.000 breaths=0
ds4: REAP mask applied: 40 layer, 40 device range aggiornati/creati
ds4: PACE rotate       tok=265 phase=3 keep=23 ngram=0.024 hit=1.000 breaths=0
ds4: REAP mask applied: 40 layer, 40 device range aggiornati/creati
ds4: PACE rotate       tok=269 phase=3 keep=23 ngram=0.025 hit=1.000 breaths=0
ds4: REAP mask applied: 40 layer, 40 device range aggiornati/creati
ds4: PACE rotate       tok=273 phase=3 keep=23 ngram=0.025 hit=1.000 breaths=0
ds4: REAP mask applied: 40 layer, 40 device range aggiornati/creati
ds4: PACE rotate       tok=277 phase=3 keep=23 ngram=0.025 hit=1.000 breaths=0
ds4: REAP mask applied: 40 layer, 40 device range aggiornati/creati
ds4: PACE rotate       tok=281 phase=3 keep=23 ngram=0.025 hit=1.000 breaths=0
ds4: REAP mask applied: 40 layer, 40 device range aggiornati/creati
ds4: PACE rotate       tok=285 phase=3 keep=23 ngram=0.025 hit=1.000 breaths=0
ds4: REAP mask applied: 40 layer, 40 device range aggiornati/creati
ds4: PACE rotate       tok=289 phase=3 keep=23 ngram=0.025 hit=1.000 breaths=0
ds4: REAP mask applied: 40 layer, 40 device range aggiornati/creati
ds4: PACE rotate       tok=293 phase=3 keep=23 ngram=0.025 hit=1.000 breaths=0
ds4: REAP mask applied: 40 layer, 40 device range aggiornati/creati
ds4: PACE rotate       tok=297 phase=3 keep=23 ngram=0.025 hit=1.000 breaths=0
0710 05:38:16 ds4-server: chat ctx=328..378:50 gen=300 decoding chunk=1.99 t/s avg=1.12 t/s 267.715s
ds4: REAP mask applied: 40 layer, 40 device range aggiornati/creati
ds4: PACE rotate       tok=301 phase=3 keep=23 ngram=0.025 hit=1.000 breaths=0
ds4: REAP mask applied: 40 layer, 40 device range aggiornati/creati
ds4: PACE rotate       tok=305 phase=3 keep=23 ngram=0.028 hit=1.000 breaths=0
ds4: REAP mask applied: 40 layer, 40 device range aggiornati/creati
ds4: PACE rotate       tok=309 phase=3 keep=23 ngram=0.035 hit=1.000 breaths=0
ds4: REAP mask applied: 40 layer, 40 device range aggiornati/creati
ds4: PACE rotate       tok=313 phase=3 keep=23 ngram=0.045 hit=1.000 breaths=0
ds4: REAP mask applied: 40 layer, 40 device range aggiornati/creati
ds4: PACE rotate       tok=317 phase=3 keep=23 ngram=0.055 hit=1.000 breaths=0
ds4: REAP mask applied: 40 layer, 40 device range aggiornati/creati
ds4: PACE rotate       tok=321 phase=3 keep=23 ngram=0.059 hit=1.000 breaths=0
ds4: REAP mask applied: 40 layer, 40 device range aggiornati/creati
ds4: PACE rotate       tok=325 phase=3 keep=23 ngram=0.065 hit=1.000 breaths=0
ds4: REAP mask applied: 40 layer, 40 device range aggiornati/creati
ds4: PACE rotate       tok=329 phase=3 keep=23 ngram=0.064 hit=1.000 breaths=0
ds4: REAP mask applied: 40 layer, 40 device range aggiornati/creati
ds4: PACE rotate       tok=333 phase=3 keep=23 ngram=0.062 hit=1.000 breaths=0
ds4: REAP mask applied: 40 layer, 40 device range aggiornati/creati
ds4: PACE rotate       tok=337 phase=3 keep=23 ngram=0.067 hit=1.000 breaths=0
ds4: REAP mask applied: 40 layer, 40 device range aggiornati/creati
ds4: PACE rotate       tok=341 phase=3 keep=23 ngram=0.075 hit=1.000 breaths=0
ds4: REAP mask applied: 40 layer, 40 device range aggiornati/creati
ds4: PACE rotate       tok=345 phase=3 keep=23 ngram=0.081 hit=1.000 breaths=0
ds4: REAP mask applied: 40 layer, 40 device range aggiornati/creati
ds4: PACE rotate       tok=349 phase=3 keep=23 ngram=0.088 hit=1.000 breaths=0
0710 05:38:40 ds4-server: chat ctx=378..428:50 gen=350 decoding chunk=2.12 t/s avg=1.20 t/s 291.340s
ds4: REAP mask applied: 40 layer, 40 device range aggiornati/creati
ds4: PACE rotate       tok=353 phase=3 keep=23 ngram=0.098 hit=1.000 breaths=0
ds4: REAP mask applied: 40 layer, 40 device range aggiornati/creati
ds4: PACE rotate       tok=357 phase=3 keep=23 ngram=0.111 hit=1.000 breaths=0
ds4: REAP mask applied: 40 layer, 40 device range aggiornati/creati
ds4: PACE rotate       tok=361 phase=3 keep=23 ngram=0.119 hit=1.000 breaths=0
ds4: REAP mask applied: 40 layer, 40 device range aggiornati/creati
ds4: PACE rotate       tok=365 phase=3 keep=23 ngram=0.125 hit=1.000 breaths=0
ds4: REAP mask applied: 40 layer, 40 device range aggiornati/creati
ds4: PACE rotate       tok=369 phase=3 keep=23 ngram=0.129 hit=1.000 breaths=0
ds4: REAP mask applied: 40 layer, 40 device range aggiornati/creati
ds4: PACE rotate       tok=373 phase=3 keep=23 ngram=0.131 hit=1.000 breaths=0
ds4: REAP mask applied: 40 layer, 40 device range aggiornati/creati
ds4: PACE rotate       tok=377 phase=3 keep=23 ngram=0.133 hit=1.000 breaths=0
ds4: REAP mask applied: 40 layer, 40 device range aggiornati/creati
ds4: PACE rotate       tok=381 phase=3 keep=23 ngram=0.134 hit=1.000 breaths=0
ds4: REAP mask applied: 40 layer, 40 device range aggiornati/creati
ds4: PACE rotate       tok=385 phase=3 keep=23 ngram=0.134 hit=1.000 breaths=0
ds4: REAP mask applied: 40 layer, 40 device range aggiornati/creati
ds4: PACE rotate       tok=389 phase=3 keep=23 ngram=0.135 hit=1.000 breaths=0
ds4: REAP mask applied: 40 layer, 40 device range aggiornati/creati
ds4: PACE rotate       tok=393 phase=3 keep=23 ngram=0.135 hit=1.000 breaths=0
ds4: REAP mask applied: 40 layer, 40 device range aggiornati/creati
ds4: PACE rotate       tok=397 phase=3 keep=23 ngram=0.138 hit=1.000 breaths=0
0710 05:39:02 ds4-server: chat ctx=428..478:50 gen=400 decoding chunk=2.34 t/s avg=1.28 t/s 312.700s
0710 05:39:02 ds4-server: chat ctx=0..78:78 gen=400 finish=length 371.530s
