ds4: Linux cuda backend set oom_score_adj=1000
ds4: CUDA backend initialized on NVIDIA GeForce RTX 3060 (sm_86)
ds4: SSD streaming initial cuda model map restricted to token embedding (1 spans, 0.99 GiB tensor span)
ds4: CUDA preparing model tensor mappings
ds4: CUDA loading model tensors into device cache
ds4: CUDA startup model preparation covered 0.99 GiB of tensor spans in 0.832s
ds4: cuda backend initialized for graph diagnostics
0709 11:48:55 ds4-server: context buffers 151.57 MiB (ctx=6144, backend=cuda, prefill_chunk=512, raw_kv_rows=768, compressed_kv_rows=1538)
0709 11:48:55 ds4-server: listening on http://127.0.0.1:8014
0709 11:48:56 ds4-server: chat ctx=0..78:78 prompt start
ds4: PACE on - warmup=50 keep=23[23..96] step=8 ngram(n=3,win=120) drift=0.25 rel=0.15 hyst=200 breath(every=999999,len=80,keep=96,relearn=0) prebreath(on=0,drift=0.18,every=64,max=96) anneal_warm=300 wrap=1 cache_flush=0 prefill_apply=0 prefill_wait_wrap=0 s1=0 exchange=0
ds4: PACE prefill_reset tok=0 phase=1 keep=0 ngram=0.000 hit=1.000 breaths=0
ds4: expert tiering observe enabled (DS4_EXPERT_TIERING=observe; log=)
ds4: CUDA loading model tensors 0.13 GiB cached
ds4: CUDA loading model tensors 0.14 GiB cached
ds4: CUDA loading model tensors 0.13 GiB cached
ds4: CUDA loading model tensors 0.15 GiB cached
ds4: CUDA loading model tensors 0.13 GiB cached
0709 11:49:53 ds4-server: chat ctx=0..78:78 prompt done 56.775s
ds4: CUDA loading model tensors 7.86 GiB cached
ds4: PACE learned      tok=50 phase=2 keep=0 ngram=0.000 hit=1.000 breaths=0
0709 11:50:45 ds4-server: chat ctx=78..128:50 gen=50 decoding chunk=0.95 t/s avg=0.95 t/s 52.540s
ds4: REAP mask applied: 40 layer, 40 device range aggiornati/creati
ds4: PACE descent      tok=51 phase=3 keep=23 ngram=0.000 hit=1.000 breaths=0
ds4: REAP prefetch (fattorino): 40 layer, 920 expert, 2511 range, 6.07 GiB touched in 1109 ms (16 thread, mlock)
0709 11:50:53 ds4-server: chat ctx=128..142:14 gen=64 decoding chunk=1.68 t/s avg=1.05 t/s 60.853s
0709 11:50:53 ds4-server: chat ctx=0..78:78 gen=64 finish=length 117.632s
0709 11:50:53 ds4-server: live kv cache miss live=142 prompt=78 common=78 reason=token-mismatch
0709 11:50:53 ds4-server: chat ctx=0..78:78 prompt start
ds4: REAP mask applied: 40 layer, 40 device range aggiornati/creati
ds4: PACE prefill_reset tok=0 phase=1 keep=0 ngram=0.000 hit=1.000 breaths=0
ds4: CUDA loading model tensors 0.00 GiB cached
ds4: CUDA loading model tensors 0.15 GiB cached
ds4: CUDA loading model tensors 0.16 GiB cached
ds4: CUDA loading model tensors 0.15 GiB cached
ds4: CUDA loading model tensors 0.00 GiB cached
ds4: CUDA loading model tensors 0.13 GiB cached
0709 11:51:56 ds4-server: chat ctx=0..78:78 prompt done 62.132s
ds4: CUDA loading model tensors 5.05 GiB cached
ds4: PACE learned      tok=50 phase=2 keep=0 ngram=0.000 hit=1.000 breaths=0
ds4: CUDA loading model tensors 7.86 GiB cached
0709 11:52:15 ds4-server: chat ctx=78..128:50 gen=50 decoding chunk=2.57 t/s avg=2.57 t/s 19.428s
ds4: REAP mask applied: 40 layer, 40 device range aggiornati/creati
ds4: PACE descent      tok=51 phase=3 keep=23 ngram=0.000 hit=1.000 breaths=0
0709 11:52:32 ds4-server: chat ctx=128..178:50 gen=100 decoding chunk=2.88 t/s avg=2.72 t/s 36.783s
0709 11:52:49 ds4-server: chat ctx=178..228:50 gen=150 decoding chunk=3.02 t/s avg=2.81 t/s 53.314s
ds4: REAP mask applied: 40 layer, 40 device range aggiornati/creati
ds4: PACE breath(ngram) tok=164 phase=4 keep=96 ngram=0.256 hit=1.000 breaths=1
ds4: REAP prefetch (fattorino): 40 layer, 3840 expert, 7047 range, 25.34 GiB touched in 2090 ms (16 thread, mlock)
0709 11:53:05 ds4-server: chat ctx=228..278:50 gen=200 decoding chunk=3.10 t/s avg=2.88 t/s 69.428s
ds4: REAP mask applied: 40 layer, 40 device range aggiornati/creati
ds4: PACE breath_end   tok=244 phase=3 keep=31 ngram=0.897 hit=1.000 breaths=1
ds4: REAP prefetch (fattorino): 40 layer, 1240 expert, 3243 range, 8.19 GiB touched in 252 ms (16 thread, mlock)
0709 11:53:21 ds4-server: chat ctx=278..328:50 gen=250 decoding chunk=3.18 t/s avg=2.94 t/s 85.147s
0709 11:53:37 ds4-server: chat ctx=328..378:50 gen=300 decoding chunk=3.18 t/s avg=2.97 t/s 100.887s
0709 11:53:53 ds4-server: chat ctx=378..428:50 gen=350 decoding chunk=3.12 t/s avg=2.99 t/s 116.938s
0709 11:54:09 ds4-server: chat ctx=428..478:50 gen=400 decoding chunk=3.10 t/s avg=3.01 t/s 133.090s
0709 11:54:25 ds4-server: chat ctx=478..528:50 gen=450 decoding chunk=3.11 t/s avg=3.02 t/s 149.146s
0709 11:54:41 ds4-server: chat ctx=528..578:50 gen=500 decoding chunk=3.12 t/s avg=3.03 t/s 165.153s
0709 11:54:57 ds4-server: chat ctx=578..628:50 gen=550 decoding chunk=3.06 t/s avg=3.03 t/s 181.480s
0709 11:55:13 ds4-server: chat ctx=628..678:50 gen=600 decoding chunk=3.11 t/s avg=3.04 t/s 197.537s
0709 11:55:29 ds4-server: chat ctx=678..728:50 gen=650 decoding chunk=3.11 t/s avg=3.04 t/s 213.605s
0709 11:55:45 ds4-server: chat ctx=728..778:50 gen=700 decoding chunk=3.11 t/s avg=3.05 t/s 229.708s
0709 11:56:01 ds4-server: chat ctx=778..828:50 gen=750 decoding chunk=3.10 t/s avg=3.05 t/s 245.842s
0709 11:56:18 ds4-server: chat ctx=828..878:50 gen=800 decoding chunk=3.11 t/s avg=3.05 t/s 261.934s
0709 11:56:18 ds4-server: chat ctx=0..78:78 gen=800 finish=length 324.070s
