ds4: Linux cuda backend set oom_score_adj=1000
ds4: CUDA backend initialized on NVIDIA GeForce RTX 3060 (sm_86)
ds4: SSD streaming initial cuda model map restricted to token embedding (1 spans, 0.99 GiB tensor span)
ds4: CUDA preparing model tensor mappings
ds4: CUDA loading model tensors into device cache
ds4: CUDA startup model preparation covered 0.99 GiB of tensor spans in 0.378s
ds4: cuda backend initialized for graph diagnostics
0709 10:15:17 ds4-server: context buffers 151.57 MiB (ctx=6144, backend=cuda, prefill_chunk=512, raw_kv_rows=768, compressed_kv_rows=1538)
0709 10:15:17 ds4-server: listening on http://127.0.0.1:8014
0709 10:15:18 ds4-server: chat ctx=0..61:61 prompt start
ds4: PACE on - warmup=50 keep=32[32..96] step=4 ngram(n=3,win=120) drift=0.25 rel=0.15 hyst=200 breath(every=999999,len=80,keep=96,relearn=0) prebreath(on=1,drift=0.18,every=32,max=64) anneal_warm=300 wrap=1 cache_flush=0 prefill_apply=0 prefill_wait_wrap=0 s1=0 exchange=0
ds4: PACE prefill_reset tok=0 phase=1 keep=0 ngram=0.000 hit=1.000 breaths=0
ds4: expert tiering observe enabled (DS4_EXPERT_TIERING=observe; log=)
ds4: CUDA loading model tensors 0.13 GiB cached
ds4: CUDA loading model tensors 0.15 GiB cached
ds4: CUDA loading model tensors 0.16 GiB cached
ds4: CUDA loading model tensors 0.15 GiB cached
ds4: CUDA loading model tensors 0.13 GiB cached
ds4: CUDA loading model tensors 0.15 GiB cached
0709 10:16:27 ds4-server: chat ctx=0..61:61 prompt done 66.849s
ds4: CUDA loading model tensors 7.86 GiB cached
ds4: PACE learned      tok=50 phase=2 keep=0 ngram=0.000 hit=1.000 breaths=0
0709 10:17:46 ds4-server: chat ctx=61..111:50 gen=50 decoding chunk=0.64 t/s avg=0.64 t/s 77.719s
ds4: REAP mask applied: 40 layer, 40 device range aggiornati/creati
ds4: PACE descent      tok=51 phase=3 keep=32 ngram=0.000 hit=1.000 breaths=0
ds4: REAP prefetch (fattorino): 40 layer, 1280 expert, 3354 range, 8.45 GiB touched in 1436 ms (16 thread, mlock)
0709 10:17:54 ds4-server: chat ctx=111..125:14 gen=64 decoding chunk=1.85 t/s avg=0.75 t/s 85.293s
0709 10:17:54 ds4-server: chat ctx=0..61:61 gen=64 finish=length 152.159s
0709 10:17:54 ds4-server: live kv cache miss live=125 prompt=61 common=61 reason=token-mismatch
0709 10:17:54 ds4-server: chat ctx=0..61:61 prompt start
ds4: REAP mask applied: 40 layer, 40 device range aggiornati/creati
ds4: PACE prefill_reset tok=0 phase=1 keep=0 ngram=0.000 hit=1.000 breaths=0
ds4: CUDA loading model tensors 0.00 GiB cached
ds4: CUDA loading model tensors 0.13 GiB cached
ds4: CUDA loading model tensors 0.15 GiB cached
ds4: CUDA loading model tensors 0.13 GiB cached
0709 10:18:29 ds4-server: chat ctx=0..61:61 prompt done 34.110s
ds4: PACE learned      tok=50 phase=2 keep=0 ngram=0.000 hit=1.000 breaths=0
0709 10:18:55 ds4-server: chat ctx=61..111:50 gen=50 decoding chunk=2.03 t/s avg=2.03 t/s 24.665s
ds4: REAP mask applied: 40 layer, 40 device range aggiornati/creati
ds4: PACE descent      tok=51 phase=3 keep=32 ngram=0.000 hit=1.000 breaths=0
ds4: REAP prefetch (fattorino): 40 layer, 1280 expert, 3360 range, 8.45 GiB touched in 279 ms (16 thread, mlock)
ds4: CUDA loading model tensors 7.86 GiB cached
0709 10:19:12 ds4-server: chat ctx=111..161:50 gen=100 decoding chunk=3.01 t/s avg=2.42 t/s 41.295s
0709 10:19:28 ds4-server: chat ctx=161..211:50 gen=150 decoding chunk=3.08 t/s avg=2.61 t/s 57.508s
ds4: REAP mask applied: 40 layer, 40 device range aggiornati/creati
ds4: PACE prebreath    tok=177 phase=3 keep=36 ngram=0.182 hit=1.000 breaths=0
ds4: REAP prefetch (fattorino): 40 layer, 1440 expert, 3702 range, 9.51 GiB touched in 332 ms (16 thread, mlock)
ds4: REAP mask applied: 40 layer, 40 device range aggiornati/creati
ds4: PACE breath(ngram) tok=186 phase=4 keep=96 ngram=0.252 hit=1.000 breaths=1
ds4: REAP prefetch (fattorino): 40 layer, 3840 expert, 7089 range, 25.34 GiB touched in 1567 ms (16 thread, mlock)
0709 10:19:45 ds4-server: chat ctx=211..261:50 gen=200 decoding chunk=3.20 t/s avg=2.74 t/s 73.112s
0709 10:19:51 ds4-server: chat ctx=261..281:20 gen=220 decoding chunk=3.18 t/s avg=2.77 t/s 79.396s
0709 10:19:51 ds4-server: chat ctx=0..61:61 gen=220 finish=length 113.508s
0709 10:19:51 ds4-server: shutdown requested, draining requests
ds4: SPEX stats: selected_batches=12298 selected_experts=82422 cache_hits=0 cache_misses=528 hit_rate=0.0000 miss_per_expert=0.0064 direct_loads=82410 copy_calls=248814 copied=559831.50 MiB copy_ms=212434.498 copy_ms_per_batch=17.274 sync_calls=248814 sync_ms=28552.553 sync_ms_per_batch=2.322
ds4: expert tiering observe summary batches=12298 slots=104748 compact=82422 hit_rate=0.0000 hits=0 misses=12 direct=82410 evictions=0 direct=556267.50 MiB compact=556348.50 MiB
ds4: expert tiering observe layer=2 batches=286 slots=2436 compact=2092 hit_rate=0.0000 misses=0 direct=2092 evictions=0 cap=0 top=25:88,202:84,31:83,32:82,188:80,137:76
ds4: expert tiering observe layer=0 batches=286 slots=2436 compact=2076 hit_rate=0.0000 misses=12 direct=2064 evictions=0 cap=183 top=231:96,132:95,217:83,76:80,9:79,67:77
ds4: expert tiering observe layer=1 batches=286 slots=2436 compact=2070 hit_rate=0.0000 misses=0 direct=2070 evictions=0 cap=0 top=56:88,193:87,195:87,135:84,153:81,130:80
ds4: expert tiering observe layer=19 batches=286 slots=2436 compact=1966 hit_rate=0.0000 misses=0 direct=1966 evictions=0 cap=0 top=181:143,254:133,10:121,168:105,44:104,60:83
ds4: expert tiering observe layer=10 batches=286 slots=2436 compact=1944 hit_rate=0.0000 misses=0 direct=1944 evictions=0 cap=0 top=40:151,15:136,150:128,30:127,11:106,89:90
