ds4: Linux cuda backend set oom_score_adj=1000
ds4: CUDA backend initialized on NVIDIA GeForce RTX 3090 (sm_86)
ds4: SSD streaming initial cuda model map restricted to token embedding (1 spans, 0.99 GiB tensor span)
ds4: CUDA preparing model tensor mappings
ds4: CUDA loading model tensors into device cache
ds4: CUDA startup model preparation covered 0.99 GiB of tensor spans in 0.410s
ds4: cuda backend initialized for graph diagnostics
0710 08:38:20 ds4-server: context buffers 62.81 MiB (ctx=3072, backend=cuda, prefill_chunk=128, raw_kv_rows=256, compressed_kv_rows=770)
0710 08:38:20 ds4-server: listening on http://127.0.0.1:8014
0710 08:38:20 ds4-server: chat ctx=0..78:78 prompt start
ds4: CUDA loading model tensors 0.15 GiB cached
0710 08:38:32 ds4-server: chat ctx=0..78:78 prompt done 11.454s
ds4: CUDA loading model tensors 7.86 GiB cached
0710 08:38:44 ds4-server: chat ctx=78..128:50 gen=50 decoding chunk=3.87 t/s avg=3.87 t/s 12.904s
0710 08:38:57 ds4-server: chat ctx=128..178:50 gen=100 decoding chunk=4.13 t/s avg=4.00 t/s 25.005s
0710 08:39:08 ds4-server: chat ctx=178..228:50 gen=150 decoding chunk=4.53 t/s avg=4.16 t/s 36.049s
0710 08:39:20 ds4-server: chat ctx=228..278:50 gen=200 decoding chunk=3.98 t/s avg=4.11 t/s 48.627s
0710 08:39:31 ds4-server: chat ctx=278..328:50 gen=250 decoding chunk=4.58 t/s avg=4.20 t/s 59.541s
0710 08:39:42 ds4-server: chat ctx=328..378:50 gen=300 decoding chunk=4.67 t/s avg=4.27 t/s 70.256s
0710 08:39:52 ds4-server: chat ctx=378..428:50 gen=350 decoding chunk=4.97 t/s avg=4.36 t/s 80.318s
0710 08:40:04 ds4-server: chat ctx=428..478:50 gen=400 decoding chunk=4.03 t/s avg=4.31 t/s 92.736s
0710 08:40:16 ds4-server: chat ctx=478..528:50 gen=450 decoding chunk=4.10 t/s avg=4.29 t/s 104.934s
0710 08:40:29 ds4-server: chat ctx=528..578:50 gen=500 decoding chunk=4.13 t/s avg=4.27 t/s 117.046s
0710 08:40:40 ds4-server: chat ctx=578..628:50 gen=550 decoding chunk=4.49 t/s avg=4.29 t/s 128.173s
0710 08:40:53 ds4-server: chat ctx=628..678:50 gen=600 decoding chunk=3.87 t/s avg=4.25 t/s 141.094s
0710 08:41:05 ds4-server: chat ctx=678..728:50 gen=650 decoding chunk=4.06 t/s avg=4.24 t/s 153.415s
0710 08:41:18 ds4-server: chat ctx=728..778:50 gen=700 decoding chunk=3.86 t/s avg=4.21 t/s 166.371s
0710 08:41:30 ds4-server: chat ctx=778..828:50 gen=750 decoding chunk=4.26 t/s avg=4.21 t/s 178.113s
0710 08:41:42 ds4-server: chat ctx=828..878:50 gen=800 decoding chunk=4.06 t/s avg=4.20 t/s 190.439s
0710 08:41:54 ds4-server: chat ctx=878..928:50 gen=850 decoding chunk=4.11 t/s avg=4.20 t/s 202.615s
0710 08:42:07 ds4-server: chat ctx=928..978:50 gen=900 decoding chunk=3.91 t/s avg=4.18 t/s 215.414s
0710 08:42:20 ds4-server: chat ctx=978..1028:50 gen=950 decoding chunk=3.88 t/s avg=4.16 t/s 228.286s
0710 08:42:33 ds4-server: chat ctx=1028..1078:50 gen=1000 decoding chunk=3.89 t/s avg=4.15 t/s 241.148s
0710 08:42:46 ds4-server: chat ctx=1078..1128:50 gen=1050 decoding chunk=3.72 t/s avg=4.12 t/s 254.598s
0710 08:42:59 ds4-server: chat ctx=1128..1178:50 gen=1100 decoding chunk=3.75 t/s avg=4.11 t/s 267.914s
0710 08:43:12 ds4-server: chat ctx=1178..1228:50 gen=1150 decoding chunk=3.88 t/s avg=4.10 t/s 280.800s
0710 08:43:25 ds4-server: chat ctx=1228..1278:50 gen=1200 decoding chunk=4.05 t/s avg=4.09 t/s 293.159s
0710 08:43:38 ds4-server: chat ctx=1278..1328:50 gen=1250 decoding chunk=3.73 t/s avg=4.08 t/s 306.579s
0710 08:43:50 ds4-server: chat ctx=1328..1378:50 gen=1300 decoding chunk=4.16 t/s avg=4.08 t/s 318.588s
0710 08:44:03 ds4-server: chat ctx=1378..1428:50 gen=1350 decoding chunk=3.74 t/s avg=4.07 t/s 331.954s
0710 08:44:17 ds4-server: chat ctx=1428..1478:50 gen=1400 decoding chunk=3.67 t/s avg=4.05 t/s 345.562s
0710 08:44:30 ds4-server: chat ctx=1478..1528:50 gen=1450 decoding chunk=3.90 t/s avg=4.05 t/s 358.395s
0710 08:44:43 ds4-server: chat ctx=1528..1578:50 gen=1500 decoding chunk=3.86 t/s avg=4.04 t/s 371.342s
0710 08:44:55 ds4-server: chat ctx=1578..1628:50 gen=1550 decoding chunk=4.02 t/s avg=4.04 t/s 383.765s
0710 08:45:08 ds4-server: chat ctx=1628..1678:50 gen=1600 decoding chunk=3.79 t/s avg=4.03 t/s 396.965s
0710 08:45:22 ds4-server: chat ctx=1678..1728:50 gen=1650 decoding chunk=3.80 t/s avg=4.02 t/s 410.139s
0710 08:45:33 ds4-server: chat ctx=1728..1778:50 gen=1700 decoding chunk=4.23 t/s avg=4.03 t/s 421.960s
0710 08:45:46 ds4-server: chat ctx=1778..1828:50 gen=1750 decoding chunk=4.08 t/s avg=4.03 t/s 434.202s
0710 08:45:58 ds4-server: chat ctx=1828..1878:50 gen=1800 decoding chunk=3.99 t/s avg=4.03 t/s 446.743s
0710 08:46:12 ds4-server: chat ctx=1878..1928:50 gen=1850 decoding chunk=3.74 t/s avg=4.02 t/s 460.103s
0710 08:46:24 ds4-server: chat ctx=1928..1978:50 gen=1900 decoding chunk=4.04 t/s avg=4.02 t/s 472.492s
0710 08:46:37 ds4-server: chat ctx=1978..2028:50 gen=1950 decoding chunk=3.96 t/s avg=4.02 t/s 485.119s
0710 08:46:49 ds4-server: chat ctx=2028..2078:50 gen=2000 decoding chunk=3.92 t/s avg=4.02 t/s 497.866s
0710 08:46:49 ds4-server: chat ctx=0..78:78 gen=2000 finish=length 509.320s
0710 08:46:49 ds4-server: shutdown requested, draining requests
ds4: SPEX stats: selected_batches=86043 selected_experts=520219 cache_hits=297984 cache_misses=219040 hit_rate=0.5763 miss_per_expert=0.4211 direct_loads=4219 copy_calls=669777 copied=1506998.25 MiB copy_ms=357277.784 copy_ms_per_batch=4.152 sync_calls=669777 sync_ms=76852.159 sync_ms_per_batch=0.893
