ds4: Linux cuda backend set oom_score_adj=1000
ds4: CUDA backend initialized on NVIDIA GeForce RTX 3060 (sm_86)
ds4: SSD streaming initial cuda model map restricted to token embedding (1 spans, 0.99 GiB tensor span)
ds4: CUDA preparing model tensor mappings
ds4: CUDA loading model tensors into device cache
ds4: CUDA startup model preparation covered 0.99 GiB of tensor spans in 0.791s
ds4: cuda backend initialized for graph diagnostics
0709 09:51:39 ds4-server: context buffers 151.57 MiB (ctx=6144, backend=cuda, prefill_chunk=512, raw_kv_rows=768, compressed_kv_rows=1538)
0709 09:51:39 ds4-server: listening on http://127.0.0.1:8014
0709 09:51:40 ds4-server: chat ctx=0..78:78 prompt start
ds4: PACE on - warmup=50 keep=23[23..96] step=8 ngram(n=3,win=120) drift=0.25 rel=0.15 hyst=200 breath(every=999999,len=80,keep=96,relearn=0) prebreath(on=0,drift=0.18,every=64,max=96) anneal_warm=300 wrap=1 cache_flush=0 prefill_apply=0 prefill_wait_wrap=0 s1=0 exchange=0
ds4: PACE prefill_reset tok=0 phase=1 keep=0 ngram=0.000 hit=1.000 breaths=0
ds4: expert tiering observe enabled (DS4_EXPERT_TIERING=observe; log=)
ds4: CUDA loading model tensors 0.15 GiB cached
ds4: CUDA loading model tensors 0.13 GiB cached
ds4: CUDA loading model tensors 0.15 GiB cached
ds4: CUDA loading model tensors 0.13 GiB cached
ds4: CUDA loading model tensors 0.15 GiB cached
0709 09:52:39 ds4-server: chat ctx=0..78:78 prompt done 53.690s
ds4: PACE learned      tok=50 phase=2 keep=0 ngram=0.000 hit=1.000 breaths=0
ds4: CUDA loading model tensors 7.86 GiB cached
0709 09:53:25 ds4-server: chat ctx=78..128:50 gen=50 decoding chunk=1.16 t/s avg=1.16 t/s 43.061s
ds4: REAP mask applied: 40 layer, 40 device range aggiornati/creati
ds4: PACE descent      tok=51 phase=3 keep=23 ngram=0.000 hit=1.000 breaths=0
ds4: REAP prefetch (fattorino): 40 layer, 920 expert, 2508 range, 6.07 GiB touched in 622 ms (16 thread, mlock)
0709 09:53:31 ds4-server: chat ctx=128..142:14 gen=64 decoding chunk=2.29 t/s avg=1.30 t/s 49.184s
0709 09:53:31 ds4-server: chat ctx=0..78:78 gen=64 finish=length 102.881s
0709 09:53:31 ds4-server: live kv cache miss live=142 prompt=78 common=78 reason=token-mismatch
0709 09:53:31 ds4-server: chat ctx=0..78:78 prompt start
ds4: REAP mask applied: 40 layer, 40 device range aggiornati/creati
ds4: PACE prefill_reset tok=0 phase=1 keep=0 ngram=0.000 hit=1.000 breaths=0
ds4: CUDA loading model tensors 0.12 GiB cached
ds4: CUDA loading model tensors 0.13 GiB cached
ds4: CUDA loading model tensors 0.15 GiB cached
ds4: CUDA loading model tensors 0.13 GiB cached
0709 09:54:15 ds4-server: chat ctx=0..78:78 prompt done 37.247s
ds4: PACE learned      tok=50 phase=2 keep=0 ngram=0.000 hit=1.000 breaths=0
ds4: CUDA loading model tensors 7.86 GiB cached
0709 09:54:40 ds4-server: chat ctx=78..128:50 gen=50 decoding chunk=1.95 t/s avg=1.95 t/s 25.608s
ds4: REAP mask applied: 40 layer, 40 device range aggiornati/creati
ds4: PACE descent      tok=51 phase=3 keep=23 ngram=0.000 hit=1.000 breaths=0
ds4: REAP prefetch (fattorino): 40 layer, 920 expert, 2511 range, 6.07 GiB touched in 207 ms (16 thread, mlock)
0709 09:55:01 ds4-server: chat ctx=128..178:50 gen=100 decoding chunk=2.84 t/s avg=2.31 t/s 43.230s
0709 09:55:18 ds4-server: chat ctx=178..228:50 gen=150 decoding chunk=2.99 t/s avg=2.50 t/s 59.976s
ds4: REAP mask applied: 40 layer, 40 device range aggiornati/creati
ds4: PACE breath(ngram) tok=195 phase=4 keep=96 ngram=0.250 hit=1.000 breaths=1
ds4: REAP prefetch (fattorino): 40 layer, 3840 expert, 7041 range, 25.34 GiB touched in 1640 ms (16 thread, mlock)
0709 09:55:36 ds4-server: chat ctx=228..278:50 gen=200 decoding chunk=3.17 t/s avg=2.64 t/s 75.749s
0709 09:55:43 ds4-server: chat ctx=278..298:20 gen=220 decoding chunk=3.24 t/s avg=2.69 t/s 81.926s
0709 09:55:43 ds4-server: chat ctx=0..78:78 gen=220 finish=length 119.176s
0709 09:55:43 ds4-server: shutdown requested, draining requests
ds4: SPEX stats: selected_batches=12298 selected_experts=81744 cache_hits=0 cache_misses=528 hit_rate=0.0000 miss_per_expert=0.0065 direct_loads=81732 copy_calls=246780 copied=555255.00 MiB copy_ms=169971.749 copy_ms_per_batch=13.821 sync_calls=246780 sync_ms=26467.502 sync_ms_per_batch=2.152
ds4: expert tiering observe summary batches=12298 slots=113520 compact=81744 hit_rate=0.0000 hits=0 misses=12 direct=81732 evictions=0 direct=551691.00 MiB compact=551772.00 MiB
ds4: expert tiering observe layer=1 batches=286 slots=2640 compact=2116 hit_rate=0.0000 misses=0 direct=2116 evictions=0 cap=0 top=46:45,252:44,42:43,183:42,133:39,230:37
ds4: expert tiering observe layer=2 batches=286 slots=2640 compact=2110 hit_rate=0.0000 misses=0 direct=2110 evictions=0 cap=0 top=162:47,164:47,29:45,7:41,130:38,65:33
ds4: expert tiering observe layer=0 batches=286 slots=2640 compact=2104 hit_rate=0.0000 misses=12 direct=2092 evictions=0 cap=171 top=109:69,156:47,152:41,163:41,191:40,99:39
ds4: expert tiering observe layer=19 batches=286 slots=2640 compact=1940 hit_rate=0.0000 misses=0 direct=1940 evictions=0 cap=0 top=136:198,116:191,81:131,213:115,181:111,226:105
ds4: expert tiering observe layer=3 batches=286 slots=2640 compact=1924 hit_rate=0.0000 misses=0 direct=1924 evictions=0 cap=0 top=60:358,150:255,74:247,45:141,138:125,241:94
