ds4: Linux cuda backend set oom_score_adj=1000
ds4: CUDA backend initialized on NVIDIA GeForce RTX 3060 (sm_86)
ds4: SSD streaming initial cuda model map restricted to token embedding (1 spans, 0.99 GiB tensor span)
ds4: CUDA preparing model tensor mappings
ds4: CUDA loading model tensors into device cache
ds4: CUDA startup model preparation covered 0.99 GiB of tensor spans in 0.337s
ds4: cuda backend initialized for graph diagnostics
0709 22:23:31 ds4-server: context buffers 93.82 MiB (ctx=2048, backend=cuda, prefill_chunk=512, raw_kv_rows=768, compressed_kv_rows=514)
0709 22:23:32 ds4-server: listening on http://127.0.0.1:8014
0709 22:23:32 ds4-server: chat ctx=0..78:78 prompt start
ds4: PACE on - warmup=50 keep=23[23..96] step=2 ngram(n=3,win=120) drift=1.00 rel=0.15 hyst=200 breath(every=999999,len=80,keep=96,relearn=0) prebreath(on=1,drift=0.00,target=0.01,every=4,max=96,adapt=0,gain=8.00,pow=1.00,step_max=2,relearn=0,rdecay=0.30) anneal_warm=300 wrap=1 cache_flush=0 prefill_apply=0 prefill_wait_wrap=0 s1=0 exchange=0 weighted(warmup=0,relearn=0) rotate(on=1,every=4,decay=0.980)
ds4: PACE prefill_reset tok=0 phase=1 keep=0 ngram=0.000 hit=1.000 breaths=0
ds4: expert tiering observe enabled (DS4_EXPERT_TIERING=observe; log=)
ds4: CUDA loading model tensors 0.15 GiB cached
ds4: CUDA loading model tensors 0.13 GiB cached
ds4: CUDA loading model tensors 0.15 GiB cached
ds4: CUDA loading model tensors 0.00 GiB cached
0709 22:24:18 ds4-server: chat ctx=0..78:78 prompt done 45.374s
ds4: PACE learned      tok=50 phase=2 keep=0 ngram=0.000 hit=1.000 breaths=0
ds4: CUDA loading model tensors 7.86 GiB cached
0709 22:24:59 ds4-server: chat ctx=78..128:50 gen=50 decoding chunk=1.22 t/s avg=1.22 t/s 41.031s
ds4: REAP mask applied: 40 layer, 40 device range aggiornati/creati
ds4: PACE descent      tok=51 phase=3 keep=23 ngram=0.000 hit=1.000 breaths=0
ds4: REAP mask applied: 40 layer, 40 device range aggiornati/creati
ds4: REAP prefetch: gia' in corso, salto
ds4: PACE prebreath    tok=52 phase=3 keep=25 ngram=0.000 hit=1.000 breaths=0
ds4: REAP prefetch (fattorino): 40 layer, 920 expert, 2520 range, 6.07 GiB touched in 507 ms (16 thread, mlock)
ds4: REAP mask applied: 40 layer, 40 device range aggiornati/creati
ds4: PACE prebreath    tok=56 phase=3 keep=27 ngram=0.004 hit=1.000 breaths=0
ds4: REAP prefetch (fattorino): 40 layer, 1080 expert, 2904 range, 7.13 GiB touched in 296 ms (16 thread, mlock)
ds4: REAP mask applied: 40 layer, 40 device range aggiornati/creati
ds4: PACE prebreath    tok=60 phase=3 keep=29 ngram=0.008 hit=1.000 breaths=0
ds4: REAP prefetch (fattorino): 40 layer, 1160 expert, 3087 range, 7.66 GiB touched in 271 ms (16 thread, mlock)
ds4: REAP mask applied: 40 layer, 40 device range aggiornati/creati
ds4: PACE prebreath    tok=64 phase=3 keep=31 ngram=0.011 hit=1.000 breaths=0
ds4: REAP prefetch (fattorino): 40 layer, 1240 expert, 3276 range, 8.19 GiB touched in 290 ms (16 thread, mlock)
ds4: REAP mask applied: 40 layer, 40 device range aggiornati/creati
ds4: PACE prebreath    tok=68 phase=3 keep=33 ngram=0.013 hit=1.000 breaths=0
ds4: REAP prefetch (fattorino): 40 layer, 1320 expert, 3450 range, 8.71 GiB touched in 315 ms (16 thread, mlock)
ds4: REAP mask applied: 40 layer, 40 device range aggiornati/creati
ds4: PACE prebreath    tok=72 phase=3 keep=35 ngram=0.013 hit=1.000 breaths=0
ds4: REAP prefetch (fattorino): 40 layer, 1400 expert, 3621 range, 9.24 GiB touched in 330 ms (16 thread, mlock)
ds4: REAP mask applied: 40 layer, 40 device range aggiornati/creati
ds4: PACE prebreath    tok=76 phase=3 keep=37 ngram=0.017 hit=1.000 breaths=0
ds4: REAP prefetch (fattorino): 40 layer, 1480 expert, 3795 range, 9.77 GiB touched in 338 ms (16 thread, mlock)
ds4: REAP mask applied: 40 layer, 40 device range aggiornati/creati
ds4: PACE prebreath    tok=80 phase=3 keep=39 ngram=0.020 hit=1.000 breaths=0
ds4: REAP prefetch (fattorino): 40 layer, 1560 expert, 3969 range, 10.30 GiB touched in 360 ms (16 thread, mlock)
ds4: REAP mask applied: 40 layer, 40 device range aggiornati/creati
ds4: PACE prebreath    tok=84 phase=3 keep=41 ngram=0.022 hit=1.000 breaths=0
ds4: REAP prefetch (fattorino): 40 layer, 1640 expert, 4125 range, 10.83 GiB touched in 391 ms (16 thread, mlock)
ds4: REAP mask applied: 40 layer, 40 device range aggiornati/creati
ds4: PACE prebreath    tok=88 phase=3 keep=43 ngram=0.029 hit=1.000 breaths=0
ds4: REAP prefetch (fattorino): 40 layer, 1720 expert, 4290 range, 11.35 GiB touched in 389 ms (16 thread, mlock)
ds4: REAP mask applied: 40 layer, 40 device range aggiornati/creati
ds4: PACE prebreath    tok=92 phase=3 keep=45 ngram=0.038 hit=1.000 breaths=0
ds4: REAP prefetch (fattorino): 40 layer, 1800 expert, 4467 range, 11.88 GiB touched in 398 ms (16 thread, mlock)
ds4: REAP mask applied: 40 layer, 40 device range aggiornati/creati
ds4: PACE prebreath    tok=96 phase=3 keep=47 ngram=0.044 hit=1.000 breaths=0
ds4: REAP prefetch (fattorino): 40 layer, 1880 expert, 4611 range, 12.41 GiB touched in 427 ms (16 thread, mlock)
ds4: REAP mask applied: 40 layer, 40 device range aggiornati/creati
ds4: PACE prebreath    tok=100 phase=3 keep=49 ngram=0.047 hit=1.000 breaths=0
0709 22:25:18 ds4-server: chat ctx=128..178:50 gen=100 decoding chunk=2.77 t/s avg=1.69 t/s 59.107s
ds4: REAP prefetch (fattorino): 40 layer, 1960 expert, 4785 range, 12.94 GiB touched in 446 ms (16 thread, mlock)
ds4: REAP mask applied: 40 layer, 40 device range aggiornati/creati
ds4: PACE prebreath    tok=104 phase=3 keep=51 ngram=0.048 hit=1.000 breaths=0
ds4: REAP prefetch (fattorino): 40 layer, 2040 expert, 4923 range, 13.47 GiB touched in 440 ms (16 thread, mlock)
ds4: REAP mask applied: 40 layer, 40 device range aggiornati/creati
ds4: PACE prebreath    tok=108 phase=3 keep=53 ngram=0.048 hit=1.000 breaths=0
ds4: REAP prefetch (fattorino): 40 layer, 2120 expert, 5043 range, 13.99 GiB touched in 466 ms (16 thread, mlock)
ds4: REAP mask applied: 40 layer, 40 device range aggiornati/creati
ds4: PACE prebreath    tok=112 phase=3 keep=55 ngram=0.047 hit=1.000 breaths=0
ds4: REAP prefetch (fattorino): 40 layer, 2200 expert, 5163 range, 14.52 GiB touched in 513 ms (16 thread, mlock)
ds4: REAP mask applied: 40 layer, 40 device range aggiornati/creati
ds4: PACE prebreath    tok=116 phase=3 keep=57 ngram=0.049 hit=1.000 breaths=0
ds4: REAP prefetch (fattorino): 40 layer, 2280 expert, 5304 range, 15.05 GiB touched in 504 ms (16 thread, mlock)
ds4: REAP mask applied: 40 layer, 40 device range aggiornati/creati
ds4: PACE prebreath    tok=120 phase=3 keep=59 ngram=0.050 hit=1.000 breaths=0
ds4: REAP prefetch (fattorino): 40 layer, 2360 expert, 5433 range, 15.58 GiB touched in 524 ms (16 thread, mlock)
ds4: REAP mask applied: 40 layer, 40 device range aggiornati/creati
ds4: PACE prebreath    tok=124 phase=3 keep=61 ngram=0.051 hit=1.000 breaths=0
ds4: REAP prefetch (fattorino): 40 layer, 2440 expert, 5556 range, 16.11 GiB touched in 542 ms (16 thread, mlock)
ds4: REAP mask applied: 40 layer, 40 device range aggiornati/creati
ds4: PACE prebreath    tok=128 phase=3 keep=63 ngram=0.054 hit=1.000 breaths=0
ds4: REAP prefetch (fattorino): 40 layer, 2520 expert, 5685 range, 16.63 GiB touched in 555 ms (16 thread, mlock)
ds4: REAP mask applied: 40 layer, 40 device range aggiornati/creati
ds4: PACE prebreath    tok=132 phase=3 keep=65 ngram=0.056 hit=1.000 breaths=0
ds4: REAP prefetch (fattorino): 40 layer, 2600 expert, 5802 range, 17.16 GiB touched in 555 ms (16 thread, mlock)
ds4: REAP mask applied: 40 layer, 40 device range aggiornati/creati
ds4: PACE prebreath    tok=136 phase=3 keep=67 ngram=0.050 hit=1.000 breaths=0
ds4: REAP prefetch (fattorino): 40 layer, 2680 expert, 5925 range, 17.69 GiB touched in 616 ms (16 thread, mlock)
ds4: REAP mask applied: 40 layer, 40 device range aggiornati/creati
ds4: PACE prebreath    tok=140 phase=3 keep=69 ngram=0.045 hit=1.000 breaths=0
ds4: REAP prefetch (fattorino): 40 layer, 2760 expert, 6048 range, 18.22 GiB touched in 631 ms (16 thread, mlock)
ds4: REAP mask applied: 40 layer, 40 device range aggiornati/creati
ds4: PACE prebreath    tok=144 phase=3 keep=71 ngram=0.041 hit=1.000 breaths=0
ds4: REAP prefetch (fattorino): 40 layer, 2840 expert, 6156 range, 18.74 GiB touched in 620 ms (16 thread, mlock)
ds4: REAP mask applied: 40 layer, 40 device range aggiornati/creati
ds4: PACE prebreath    tok=148 phase=3 keep=73 ngram=0.038 hit=1.000 breaths=0
ds4: REAP prefetch (fattorino): 40 layer, 2920 expert, 6249 range, 19.27 GiB touched in 632 ms (16 thread, mlock)
0709 22:25:36 ds4-server: chat ctx=178..228:50 gen=150 decoding chunk=2.82 t/s avg=1.95 t/s 76.819s
ds4: REAP mask applied: 40 layer, 40 device range aggiornati/creati
ds4: PACE prebreath    tok=152 phase=3 keep=75 ngram=0.037 hit=1.000 breaths=0
ds4: REAP prefetch (fattorino): 40 layer, 3000 expert, 6345 range, 19.80 GiB touched in 643 ms (16 thread, mlock)
ds4: REAP mask applied: 40 layer, 40 device range aggiornati/creati
ds4: PACE prebreath    tok=156 phase=3 keep=77 ngram=0.036 hit=1.000 breaths=0
ds4: REAP prefetch (fattorino): 40 layer, 3080 expert, 6405 range, 20.33 GiB touched in 671 ms (16 thread, mlock)
ds4: REAP mask applied: 40 layer, 40 device range aggiornati/creati
ds4: PACE prebreath    tok=160 phase=3 keep=79 ngram=0.035 hit=1.000 breaths=0
ds4: REAP prefetch (fattorino): 40 layer, 3160 expert, 6459 range, 20.85 GiB touched in 683 ms (16 thread, mlock)
ds4: REAP mask applied: 40 layer, 40 device range aggiornati/creati
ds4: PACE prebreath    tok=164 phase=3 keep=81 ngram=0.034 hit=1.000 breaths=0
ds4: REAP prefetch (fattorino): 40 layer, 3240 expert, 6528 range, 21.38 GiB touched in 705 ms (16 thread, mlock)
ds4: REAP mask applied: 40 layer, 40 device range aggiornati/creati
ds4: PACE prebreath    tok=168 phase=3 keep=83 ngram=0.031 hit=1.000 breaths=0
ds4: REAP prefetch (fattorino): 40 layer, 3320 expert, 6618 range, 21.91 GiB touched in 722 ms (16 thread, mlock)
ds4: REAP mask applied: 40 layer, 40 device range aggiornati/creati
ds4: PACE prebreath    tok=172 phase=3 keep=85 ngram=0.029 hit=1.000 breaths=0
ds4: REAP prefetch (fattorino): 40 layer, 3400 expert, 6678 range, 22.44 GiB touched in 756 ms (16 thread, mlock)
ds4: REAP mask applied: 40 layer, 40 device range aggiornati/creati
ds4: PACE prebreath    tok=176 phase=3 keep=87 ngram=0.028 hit=1.000 breaths=0
ds4: REAP prefetch (fattorino): 40 layer, 3480 expert, 6765 range, 22.97 GiB touched in 752 ms (16 thread, mlock)
ds4: REAP mask applied: 40 layer, 40 device range aggiornati/creati
ds4: PACE prebreath    tok=180 phase=3 keep=89 ngram=0.027 hit=1.000 breaths=0
ds4: REAP prefetch (fattorino): 40 layer, 3560 expert, 6837 range, 23.49 GiB touched in 748 ms (16 thread, mlock)
ds4: REAP mask applied: 40 layer, 40 device range aggiornati/creati
ds4: PACE prebreath    tok=184 phase=3 keep=91 ngram=0.027 hit=1.000 breaths=0
ds4: REAP prefetch (fattorino): 40 layer, 3640 expert, 6897 range, 24.02 GiB touched in 768 ms (16 thread, mlock)
ds4: REAP mask applied: 40 layer, 40 device range aggiornati/creati
ds4: PACE prebreath    tok=188 phase=3 keep=93 ngram=0.030 hit=1.000 breaths=0
ds4: REAP prefetch (fattorino): 40 layer, 3720 expert, 6936 range, 24.55 GiB touched in 818 ms (16 thread, mlock)
ds4: REAP mask applied: 40 layer, 40 device range aggiornati/creati
ds4: PACE prebreath    tok=192 phase=3 keep=95 ngram=0.030 hit=1.000 breaths=0
ds4: REAP prefetch (fattorino): 40 layer, 3800 expert, 6984 range, 25.08 GiB touched in 826 ms (16 thread, mlock)
ds4: REAP mask applied: 40 layer, 40 device range aggiornati/creati
ds4: PACE prebreath    tok=196 phase=3 keep=96 ngram=0.029 hit=1.000 breaths=0
ds4: REAP prefetch (fattorino): 40 layer, 3840 expert, 7005 range, 25.34 GiB touched in 812 ms (16 thread, mlock)
ds4: REAP mask applied: 40 layer, 40 device range aggiornati/creati
ds4: PACE rotate       tok=200 phase=3 keep=96 ngram=0.027 hit=1.000 breaths=0
0709 22:26:31 ds4-server: chat ctx=228..278:50 gen=200 decoding chunk=0.93 t/s avg=1.53 t/s 130.464s
ds4: REAP prefetch (fattorino): 40 layer, 3840 expert, 7305 range, 25.34 GiB touched in 46881 ms (16 thread, mlock)
ds4: REAP mask applied: 40 layer, 40 device range aggiornati/creati
ds4: PACE rotate       tok=204 phase=3 keep=96 ngram=0.027 hit=1.000 breaths=0
ds4: REAP prefetch (fattorino): 40 layer, 3840 expert, 7296 range, 25.34 GiB touched in 16449 ms (16 thread, mlock)
ds4: REAP mask applied: 40 layer, 40 device range aggiornati/creati
ds4: PACE rotate       tok=208 phase=3 keep=96 ngram=0.026 hit=1.000 breaths=0
ds4: REAP prefetch (fattorino): 40 layer, 3840 expert, 7305 range, 25.34 GiB touched in 1864 ms (16 thread, mlock)
ds4: REAP mask applied: 40 layer, 40 device range aggiornati/creati
ds4: PACE rotate       tok=212 phase=3 keep=96 ngram=0.026 hit=1.000 breaths=0
ds4: REAP prefetch (fattorino): 40 layer, 3840 expert, 7305 range, 25.34 GiB touched in 1753 ms (16 thread, mlock)
ds4: REAP mask applied: 40 layer, 40 device range aggiornati/creati
ds4: PACE rotate       tok=216 phase=3 keep=96 ngram=0.026 hit=1.000 breaths=0
ds4: REAP prefetch (fattorino): 40 layer, 3840 expert, 7272 range, 25.34 GiB touched in 1726 ms (16 thread, mlock)
ds4: REAP mask applied: 40 layer, 40 device range aggiornati/creati
ds4: PACE rotate       tok=220 phase=3 keep=96 ngram=0.026 hit=1.000 breaths=0
ds4: REAP prefetch (fattorino): 40 layer, 3840 expert, 7254 range, 25.34 GiB touched in 1326 ms (16 thread, mlock)
ds4: REAP mask applied: 40 layer, 40 device range aggiornati/creati
ds4: PACE rotate       tok=224 phase=3 keep=96 ngram=0.026 hit=1.000 breaths=0
ds4: REAP prefetch (fattorino): 40 layer, 3840 expert, 7299 range, 25.34 GiB touched in 1165 ms (16 thread, mlock)
ds4: REAP mask applied: 40 layer, 40 device range aggiornati/creati
ds4: PACE rotate       tok=228 phase=3 keep=96 ngram=0.026 hit=1.000 breaths=0
ds4: REAP prefetch (fattorino): 40 layer, 3840 expert, 7278 range, 25.34 GiB touched in 1279 ms (16 thread, mlock)
ds4: REAP mask applied: 40 layer, 40 device range aggiornati/creati
ds4: PACE rotate       tok=232 phase=3 keep=96 ngram=0.023 hit=1.000 breaths=0
ds4: REAP prefetch (fattorino): 40 layer, 3840 expert, 7308 range, 25.34 GiB touched in 1082 ms (16 thread, mlock)
ds4: REAP mask applied: 40 layer, 40 device range aggiornati/creati
ds4: PACE rotate       tok=236 phase=3 keep=96 ngram=0.021 hit=1.000 breaths=0
ds4: REAP prefetch (fattorino): 40 layer, 3840 expert, 7371 range, 25.34 GiB touched in 1125 ms (16 thread, mlock)
ds4: REAP mask applied: 40 layer, 40 device range aggiornati/creati
ds4: PACE rotate       tok=240 phase=3 keep=96 ngram=0.019 hit=1.000 breaths=0
ds4: REAP prefetch (fattorino): 40 layer, 3840 expert, 7311 range, 25.34 GiB touched in 1155 ms (16 thread, mlock)
ds4: REAP mask applied: 40 layer, 40 device range aggiornati/creati
ds4: PACE rotate       tok=244 phase=3 keep=96 ngram=0.019 hit=1.000 breaths=0
ds4: REAP prefetch (fattorino): 40 layer, 3840 expert, 7302 range, 25.34 GiB touched in 1036 ms (16 thread, mlock)
ds4: REAP mask applied: 40 layer, 40 device range aggiornati/creati
ds4: PACE rotate       tok=248 phase=3 keep=96 ngram=0.018 hit=1.000 breaths=0
ds4: REAP prefetch (fattorino): 40 layer, 3840 expert, 7323 range, 25.34 GiB touched in 1116 ms (16 thread, mlock)
0709 22:28:55 ds4-server: chat ctx=278..328:50 gen=250 decoding chunk=0.35 t/s avg=0.92 t/s 272.327s
ds4: REAP mask applied: 40 layer, 40 device range aggiornati/creati
ds4: PACE rotate       tok=252 phase=3 keep=96 ngram=0.018 hit=1.000 breaths=0
ds4: REAP prefetch (fattorino): 40 layer, 3840 expert, 7314 range, 25.34 GiB touched in 1113 ms (16 thread, mlock)
ds4: REAP mask applied: 40 layer, 40 device range aggiornati/creati
ds4: PACE rotate       tok=256 phase=3 keep=96 ngram=0.024 hit=1.000 breaths=0
ds4: REAP prefetch (fattorino): 40 layer, 3840 expert, 7368 range, 25.34 GiB touched in 993 ms (16 thread, mlock)
ds4: REAP mask applied: 40 layer, 40 device range aggiornati/creati
ds4: PACE rotate       tok=260 phase=3 keep=96 ngram=0.027 hit=1.000 breaths=0
ds4: REAP prefetch (fattorino): 40 layer, 3840 expert, 7314 range, 25.34 GiB touched in 929 ms (16 thread, mlock)
ds4: REAP mask applied: 40 layer, 40 device range aggiornati/creati
ds4: PACE rotate       tok=264 phase=3 keep=96 ngram=0.031 hit=1.000 breaths=0
ds4: REAP prefetch (fattorino): 40 layer, 3840 expert, 7362 range, 25.34 GiB touched in 1097 ms (16 thread, mlock)
ds4: REAP mask applied: 40 layer, 40 device range aggiornati/creati
ds4: PACE rotate       tok=268 phase=3 keep=96 ngram=0.035 hit=1.000 breaths=0
ds4: REAP prefetch (fattorino): 40 layer, 3840 expert, 7371 range, 25.34 GiB touched in 1018 ms (16 thread, mlock)
ds4: REAP mask applied: 40 layer, 40 device range aggiornati/creati
ds4: PACE rotate       tok=272 phase=3 keep=96 ngram=0.038 hit=1.000 breaths=0
ds4: REAP prefetch (fattorino): 40 layer, 3840 expert, 7338 range, 25.34 GiB touched in 989 ms (16 thread, mlock)
ds4: REAP mask applied: 40 layer, 40 device range aggiornati/creati
ds4: PACE rotate       tok=276 phase=3 keep=96 ngram=0.039 hit=1.000 breaths=0
ds4: REAP prefetch (fattorino): 40 layer, 3840 expert, 7326 range, 25.34 GiB touched in 1094 ms (16 thread, mlock)
ds4: REAP mask applied: 40 layer, 40 device range aggiornati/creati
ds4: PACE rotate       tok=280 phase=3 keep=96 ngram=0.040 hit=1.000 breaths=0
ds4: REAP prefetch (fattorino): 40 layer, 3840 expert, 7335 range, 25.34 GiB touched in 1155 ms (16 thread, mlock)
ds4: REAP mask applied: 40 layer, 40 device range aggiornati/creati
ds4: PACE rotate       tok=284 phase=3 keep=96 ngram=0.041 hit=1.000 breaths=0
ds4: REAP prefetch (fattorino): 40 layer, 3840 expert, 7251 range, 25.34 GiB touched in 1130 ms (16 thread, mlock)
ds4: REAP mask applied: 40 layer, 40 device range aggiornati/creati
ds4: PACE rotate       tok=288 phase=3 keep=96 ngram=0.036 hit=1.000 breaths=0
ds4: REAP prefetch (fattorino): 40 layer, 3840 expert, 7260 range, 25.34 GiB touched in 1007 ms (16 thread, mlock)
ds4: REAP mask applied: 40 layer, 40 device range aggiornati/creati
ds4: PACE rotate       tok=292 phase=3 keep=96 ngram=0.032 hit=1.000 breaths=0
ds4: REAP prefetch (fattorino): 40 layer, 3840 expert, 7266 range, 25.34 GiB touched in 2297 ms (16 thread, mlock)
ds4: REAP mask applied: 40 layer, 40 device range aggiornati/creati
ds4: PACE rotate       tok=296 phase=3 keep=96 ngram=0.027 hit=1.000 breaths=0
ds4: REAP prefetch (fattorino): 40 layer, 3840 expert, 7257 range, 25.34 GiB touched in 1626 ms (16 thread, mlock)
ds4: REAP mask applied: 40 layer, 40 device range aggiornati/creati
ds4: PACE rotate       tok=300 phase=3 keep=96 ngram=0.023 hit=1.000 breaths=0
0709 22:29:23 ds4-server: chat ctx=328..378:50 gen=300 decoding chunk=1.87 t/s avg=1.00 t/s 299.030s
ds4: REAP prefetch (fattorino): 40 layer, 3840 expert, 7263 range, 25.34 GiB touched in 976 ms (16 thread, mlock)
ds4: REAP mask applied: 40 layer, 40 device range aggiornati/creati
ds4: PACE rotate       tok=304 phase=3 keep=96 ngram=0.021 hit=1.000 breaths=0
ds4: REAP prefetch (fattorino): 40 layer, 3840 expert, 7305 range, 25.34 GiB touched in 991 ms (16 thread, mlock)
ds4: REAP mask applied: 40 layer, 40 device range aggiornati/creati
ds4: PACE rotate       tok=308 phase=3 keep=96 ngram=0.020 hit=1.000 breaths=0
ds4: REAP prefetch (fattorino): 40 layer, 3840 expert, 7317 range, 25.34 GiB touched in 961 ms (16 thread, mlock)
ds4: REAP mask applied: 40 layer, 40 device range aggiornati/creati
ds4: PACE rotate       tok=312 phase=3 keep=96 ngram=0.019 hit=1.000 breaths=0
ds4: REAP prefetch (fattorino): 40 layer, 3840 expert, 7308 range, 25.34 GiB touched in 963 ms (16 thread, mlock)
ds4: REAP mask applied: 40 layer, 40 device range aggiornati/creati
ds4: PACE rotate       tok=316 phase=3 keep=96 ngram=0.018 hit=1.000 breaths=0
ds4: REAP prefetch (fattorino): 40 layer, 3840 expert, 7308 range, 25.34 GiB touched in 1064 ms (16 thread, mlock)
ds4: REAP mask applied: 40 layer, 40 device range aggiornati/creati
ds4: PACE rotate       tok=320 phase=3 keep=96 ngram=0.018 hit=1.000 breaths=0
ds4: REAP prefetch (fattorino): 40 layer, 3840 expert, 7347 range, 25.34 GiB touched in 1118 ms (16 thread, mlock)
ds4: REAP mask applied: 40 layer, 40 device range aggiornati/creati
ds4: PACE rotate       tok=324 phase=3 keep=96 ngram=0.019 hit=1.000 breaths=0
ds4: REAP prefetch (fattorino): 40 layer, 3840 expert, 7320 range, 25.34 GiB touched in 940 ms (16 thread, mlock)
ds4: REAP mask applied: 40 layer, 40 device range aggiornati/creati
ds4: PACE rotate       tok=328 phase=3 keep=96 ngram=0.022 hit=1.000 breaths=0
ds4: REAP prefetch (fattorino): 40 layer, 3840 expert, 7299 range, 25.34 GiB touched in 1073 ms (16 thread, mlock)
ds4: REAP mask applied: 40 layer, 40 device range aggiornati/creati
ds4: PACE rotate       tok=332 phase=3 keep=96 ngram=0.031 hit=1.000 breaths=0
ds4: REAP prefetch (fattorino): 40 layer, 3840 expert, 7308 range, 25.34 GiB touched in 1034 ms (16 thread, mlock)
ds4: REAP mask applied: 40 layer, 40 device range aggiornati/creati
ds4: PACE rotate       tok=336 phase=3 keep=96 ngram=0.038 hit=1.000 breaths=0
ds4: REAP prefetch (fattorino): 40 layer, 3840 expert, 7311 range, 25.34 GiB touched in 882 ms (16 thread, mlock)
ds4: REAP mask applied: 40 layer, 40 device range aggiornati/creati
ds4: PACE rotate       tok=340 phase=3 keep=96 ngram=0.042 hit=1.000 breaths=0
ds4: REAP prefetch (fattorino): 40 layer, 3840 expert, 7296 range, 25.34 GiB touched in 897 ms (16 thread, mlock)
ds4: REAP mask applied: 40 layer, 40 device range aggiornati/creati
ds4: PACE rotate       tok=344 phase=3 keep=96 ngram=0.045 hit=1.000 breaths=0
ds4: REAP prefetch (fattorino): 40 layer, 3840 expert, 7302 range, 25.34 GiB touched in 1122 ms (16 thread, mlock)
ds4: REAP mask applied: 40 layer, 40 device range aggiornati/creati
ds4: PACE rotate       tok=348 phase=3 keep=96 ngram=0.047 hit=1.000 breaths=0
ds4: REAP prefetch (fattorino): 40 layer, 3840 expert, 7275 range, 25.34 GiB touched in 1102 ms (16 thread, mlock)
0709 22:29:45 ds4-server: chat ctx=378..428:50 gen=350 decoding chunk=2.29 t/s avg=1.09 t/s 320.887s
ds4: REAP mask applied: 40 layer, 40 device range aggiornati/creati
ds4: PACE rotate       tok=352 phase=3 keep=96 ngram=0.048 hit=1.000 breaths=0
ds4: REAP prefetch (fattorino): 40 layer, 3840 expert, 7257 range, 25.34 GiB touched in 1004 ms (16 thread, mlock)
ds4: REAP mask applied: 40 layer, 40 device range aggiornati/creati
ds4: PACE rotate       tok=356 phase=3 keep=96 ngram=0.055 hit=1.000 breaths=0
ds4: REAP prefetch (fattorino): 40 layer, 3840 expert, 7269 range, 25.34 GiB touched in 1016 ms (16 thread, mlock)
ds4: REAP mask applied: 40 layer, 40 device range aggiornati/creati
ds4: PACE rotate       tok=360 phase=3 keep=96 ngram=0.070 hit=1.000 breaths=0
ds4: REAP prefetch (fattorino): 40 layer, 3840 expert, 7254 range, 25.34 GiB touched in 1173 ms (16 thread, mlock)
ds4: REAP mask applied: 40 layer, 40 device range aggiornati/creati
ds4: PACE rotate       tok=364 phase=3 keep=96 ngram=0.090 hit=1.000 breaths=0
ds4: REAP prefetch (fattorino): 40 layer, 3840 expert, 7236 range, 25.34 GiB touched in 1105 ms (16 thread, mlock)
ds4: REAP mask applied: 40 layer, 40 device range aggiornati/creati
ds4: PACE rotate       tok=368 phase=3 keep=96 ngram=0.103 hit=1.000 breaths=0
ds4: REAP prefetch (fattorino): 40 layer, 3840 expert, 7248 range, 25.34 GiB touched in 983 ms (16 thread, mlock)
ds4: REAP mask applied: 40 layer, 40 device range aggiornati/creati
ds4: PACE rotate       tok=372 phase=3 keep=96 ngram=0.111 hit=1.000 breaths=0
ds4: REAP prefetch (fattorino): 40 layer, 3840 expert, 7233 range, 25.34 GiB touched in 919 ms (16 thread, mlock)
ds4: REAP mask applied: 40 layer, 40 device range aggiornati/creati
ds4: PACE rotate       tok=376 phase=3 keep=96 ngram=0.117 hit=1.000 breaths=0
ds4: REAP prefetch (fattorino): 40 layer, 3840 expert, 7212 range, 25.34 GiB touched in 905 ms (16 thread, mlock)
ds4: REAP mask applied: 40 layer, 40 device range aggiornati/creati
ds4: PACE rotate       tok=380 phase=3 keep=96 ngram=0.120 hit=1.000 breaths=0
ds4: REAP prefetch (fattorino): 40 layer, 3840 expert, 7212 range, 25.34 GiB touched in 1062 ms (16 thread, mlock)
ds4: REAP mask applied: 40 layer, 40 device range aggiornati/creati
ds4: PACE rotate       tok=384 phase=3 keep=96 ngram=0.120 hit=1.000 breaths=0
ds4: REAP prefetch (fattorino): 40 layer, 3840 expert, 7284 range, 25.34 GiB touched in 853 ms (16 thread, mlock)
ds4: REAP mask applied: 40 layer, 40 device range aggiornati/creati
ds4: PACE rotate       tok=388 phase=3 keep=96 ngram=0.119 hit=1.000 breaths=0
ds4: REAP prefetch (fattorino): 40 layer, 3840 expert, 7239 range, 25.34 GiB touched in 989 ms (16 thread, mlock)
ds4: REAP mask applied: 40 layer, 40 device range aggiornati/creati
ds4: PACE rotate       tok=392 phase=3 keep=96 ngram=0.121 hit=1.000 breaths=0
ds4: REAP prefetch (fattorino): 40 layer, 3840 expert, 7290 range, 25.34 GiB touched in 1058 ms (16 thread, mlock)
ds4: REAP mask applied: 40 layer, 40 device range aggiornati/creati
ds4: PACE rotate       tok=396 phase=3 keep=96 ngram=0.126 hit=1.000 breaths=0
ds4: REAP prefetch (fattorino): 40 layer, 3840 expert, 7269 range, 25.34 GiB touched in 868 ms (16 thread, mlock)
ds4: REAP mask applied: 40 layer, 40 device range aggiornati/creati
ds4: PACE rotate       tok=400 phase=3 keep=96 ngram=0.129 hit=1.000 breaths=0
0709 22:30:06 ds4-server: chat ctx=428..478:50 gen=400 decoding chunk=2.51 t/s avg=1.17 t/s 340.803s
ds4: REAP prefetch (fattorino): 40 layer, 3840 expert, 7287 range, 25.34 GiB touched in 862 ms (16 thread, mlock)
ds4: REAP mask applied: 40 layer, 40 device range aggiornati/creati
ds4: PACE rotate       tok=404 phase=3 keep=96 ngram=0.131 hit=1.000 breaths=0
ds4: REAP prefetch (fattorino): 40 layer, 3840 expert, 7266 range, 25.34 GiB touched in 873 ms (16 thread, mlock)
ds4: REAP mask applied: 40 layer, 40 device range aggiornati/creati
ds4: PACE rotate       tok=408 phase=3 keep=96 ngram=0.129 hit=1.000 breaths=0
ds4: REAP prefetch (fattorino): 40 layer, 3840 expert, 7260 range, 25.34 GiB touched in 933 ms (16 thread, mlock)
ds4: REAP mask applied: 40 layer, 40 device range aggiornati/creati
ds4: PACE rotate       tok=412 phase=3 keep=96 ngram=0.135 hit=1.000 breaths=0
ds4: REAP prefetch (fattorino): 40 layer, 3840 expert, 7245 range, 25.34 GiB touched in 927 ms (16 thread, mlock)
ds4: REAP mask applied: 40 layer, 40 device range aggiornati/creati
ds4: PACE rotate       tok=416 phase=3 keep=96 ngram=0.136 hit=1.000 breaths=0
ds4: REAP prefetch (fattorino): 40 layer, 3840 expert, 7272 range, 25.34 GiB touched in 849 ms (16 thread, mlock)
ds4: REAP mask applied: 40 layer, 40 device range aggiornati/creati
ds4: PACE rotate       tok=420 phase=3 keep=96 ngram=0.134 hit=1.000 breaths=0
ds4: REAP prefetch (fattorino): 40 layer, 3840 expert, 7284 range, 25.34 GiB touched in 931 ms (16 thread, mlock)
ds4: REAP mask applied: 40 layer, 40 device range aggiornati/creati
ds4: PACE rotate       tok=424 phase=3 keep=96 ngram=0.127 hit=1.000 breaths=0
ds4: REAP prefetch (fattorino): 40 layer, 3840 expert, 7251 range, 25.34 GiB touched in 842 ms (16 thread, mlock)
ds4: REAP mask applied: 40 layer, 40 device range aggiornati/creati
ds4: PACE rotate       tok=428 phase=3 keep=96 ngram=0.124 hit=1.000 breaths=0
ds4: REAP prefetch (fattorino): 40 layer, 3840 expert, 7248 range, 25.34 GiB touched in 846 ms (16 thread, mlock)
ds4: REAP mask applied: 40 layer, 40 device range aggiornati/creati
ds4: PACE rotate       tok=432 phase=3 keep=96 ngram=0.122 hit=1.000 breaths=0
ds4: REAP prefetch (fattorino): 40 layer, 3840 expert, 7227 range, 25.34 GiB touched in 876 ms (16 thread, mlock)
ds4: REAP mask applied: 40 layer, 40 device range aggiornati/creati
ds4: PACE rotate       tok=436 phase=3 keep=96 ngram=0.121 hit=1.000 breaths=0
ds4: REAP prefetch (fattorino): 40 layer, 3840 expert, 7242 range, 25.34 GiB touched in 858 ms (16 thread, mlock)
ds4: REAP mask applied: 40 layer, 40 device range aggiornati/creati
ds4: PACE rotate       tok=440 phase=3 keep=96 ngram=0.122 hit=1.000 breaths=0
0709 22:30:21 ds4-server: shutdown requested, draining requests
0709 22:30:21 ds4-server: chat ctx=478..519:41 gen=441 decoding chunk=2.69 t/s avg=1.24 t/s 356.072s
0709 22:30:21 ds4-server: chat ctx=0..78:78 gen=441 finish=error error="shutdown requested" 401.447s
ds4: REAP prefetch (fattorino): 40 layer, 3840 expert, 7191 range, 25.34 GiB touched in 4265 ms (16 thread, mlock)
ds4: SPEX stats: selected_batches=19006 selected_experts=118014 cache_hits=0 cache_misses=262 hit_rate=0.0000 miss_per_expert=0.0022 direct_loads=118008 copy_calls=354810 copied=798322.50 MiB copy_ms=324653.618 copy_ms_per_batch=17.082 sync_calls=354810 sync_ms=45906.068 sync_ms_per_batch=2.415
ds4: expert tiering observe summary batches=19006 slots=133902 compact=118014 hit_rate=0.0000 hits=0 misses=6 direct=118008 evictions=0 direct=796554.00 MiB compact=796594.50 MiB
ds4: expert tiering observe layer=1 batches=442 slots=3114 compact=2852 hit_rate=0.0000 misses=0 direct=2852 evictions=0 cap=0 top=210:62,59:61,65:43,104:42,114:42,137:39
ds4: expert tiering observe layer=2 batches=442 slots=3114 compact=2849 hit_rate=0.0000 misses=0 direct=2849 evictions=0 cap=0 top=65:45,142:44,227:44,146:43,199:41,87:40
ds4: expert tiering observe layer=0 batches=442 slots=3114 compact=2846 hit_rate=0.0000 misses=6 direct=2840 evictions=0 cap=181 top=119:49,242:39,126:38,4:37,223:37,178:36
ds4: expert tiering observe layer=19 batches=442 slots=3114 compact=2764 hit_rate=0.0000 misses=0 direct=2764 evictions=0 cap=0 top=138:226,116:183,173:114,243:112,127:111,181:95
ds4: expert tiering observe layer=3 batches=442 slots=3114 compact=2756 hit_rate=0.0000 misses=0 direct=2756 evictions=0 cap=0 top=5:307,238:296,150:242,60:207,74:155,45:104
