```html
<!DOCTYPE html>
<html>
<head>
<meta charset="UTF-8">
<title>Bean & Brew</title>
<style>
body {
margin:0 padding:0>
<style>
/* reset */
body, nav, section, form, button, input {
margin:0 padding:0>
<style>
/* reset */
body, nav, section, form, button, input {
margin:0 padding:0>
<style>
/* reset */
body, nav, section, form, button, input {
margin:0 padding:0>
<style>
/* reset */
body, nav, section, form, button, input {
margin:0 padding:0>
<style>
/* reset */
body, nav, section, form, button, input {
margin:0 padding:0>
<style>
/* reset */
body, nav, section, form, button, input {
margin:0 padding:0>
<style>
/* reset */
body, nav, section, form, button, input {
margin:0 padding:0>
<style>
/* reset */
body, nav, section, form, button, input {
margin:0 padding:0>
<style>
/* reset */
body, nav, section, form, button, input {
margin:0 padding:0>
<style>
/*
