ds4: Linux cuda backend set oom_score_adj=1000
ds4: CUDA backend initialized on NVIDIA GeForce RTX 3060 (sm_86)
ds4: SSD streaming initial cuda model map restricted to token embedding (1 spans, 0.99 GiB tensor span)
ds4: CUDA preparing model tensor mappings
ds4: CUDA loading model tensors into device cache
ds4: CUDA startup model preparation covered 0.99 GiB of tensor spans in 6.317s
ds4: cuda backend initialized for graph diagnostics
0710 11:50:15 ds4-server: context buffers 180.44 MiB (ctx=8192, backend=cuda, prefill_chunk=512, raw_kv_rows=768, compressed_kv_rows=2050)
0710 11:50:15 ds4-server: listening on http://127.0.0.1:8022
0710 11:50:16 ds4-server: chat ctx=0..78:78 prompt start
ds4: PACE on - warmup=50 keep=23[23..96] step=0 ngram(n=3,win=120) drift=1.00 rel=0.15 hyst=200 breath(every=999999,len=80,keep=96,relearn=0) prebreath(on=0,drift=0.18,target=0.18,every=64,max=96,adapt=0,gain=8.00,pow=1.00,step_max=0,relearn=0,rdecay=0.30) anneal_warm=300 wrap=1 wrap_rotate=0 cache_flush=0 prefill_apply=0 prefill_wait_wrap=0 s1=0 exchange=0 relearn_on_tighten=0 weighted(warmup=0,relearn=0) rotate(on=1,every=32,decay=0.980,preserve_stable=1)
ds4: PACE prefill_reset tok=0 phase=1 keep=0 ngram=0.000 hit=1.000 breaths=0
ds4: expert tiering observe enabled (DS4_EXPERT_TIERING=observe; log=)
ds4: CUDA loading model tensors 0.13 GiB cached
ds4: CUDA loading model tensors 0.00 GiB cached
ds4: CUDA loading model tensors 0.01 GiB cached
ds4: CUDA loading model tensors 0.13 GiB cached
ds4: CUDA loading model tensors 0.14 GiB cached
ds4: CUDA loading model tensors 0.15 GiB cached
ds4: CUDA loading model tensors 0.16 GiB cached
ds4: CUDA loading model tensors 0.15 GiB cached
ds4: CUDA loading model tensors 0.13 GiB cached
ds4: CUDA loading model tensors 0.15 GiB cached
ds4: CUDA loading model tensors 0.13 GiB cached
ds4: CUDA loading model tensors 0.14 GiB cached
ds4: CUDA loading model tensors 0.06 GiB cached
0710 11:52:48 ds4-server: chat ctx=0..78:78 prompt done 145.491s
ds4: CUDA loading model tensors 7.50 GiB cached
ds4: PACE learned      tok=50 phase=2 keep=0 ngram=0.000 hit=1.000 breaths=0
ds4: CUDA loading model tensors 7.86 GiB cached
0710 11:54:42 ds4-server: chat ctx=78..128:50 gen=50 decoding chunk=0.45 t/s avg=0.45 t/s 110.581s
ds4: REAP mask applied: 40 layer, 40 device range aggiornati/creati
ds4: PACE descent      tok=51 phase=3 keep=23 ngram=0.000 hit=1.000 breaths=0
ds4: REAP prefetch (fattorino): 40 layer, 920 expert, 2502 range, 6.07 GiB touched in 717 ms (16 thread, mlock)
ds4: REAP mask applied: 40 layer, 40 device range aggiornati/creati
ds4: PACE rotate       tok=83 phase=3 keep=23 ngram=0.014 hit=1.000 breaths=0
0710 11:55:15 ds4-server: chat ctx=128..178:50 gen=100 decoding chunk=1.61 t/s avg=0.71 t/s 141.698s
ds4: REAP mask applied: 40 layer, 40 device range aggiornati/creati
ds4: PACE rotate       tok=115 phase=3 keep=23 ngram=0.237 hit=1.000 breaths=0
ds4: REAP mask applied: 40 layer, 40 device range aggiornati/creati
ds4: PACE rotate       tok=147 phase=3 keep=23 ngram=0.484 hit=1.000 breaths=0
0710 11:55:42 ds4-server: chat ctx=178..228:50 gen=150 decoding chunk=1.92 t/s avg=0.89 t/s 167.679s
ds4: REAP mask applied: 40 layer, 40 device range aggiornati/creati
ds4: PACE rotate       tok=179 phase=3 keep=23 ngram=0.748 hit=1.000 breaths=0
0710 11:56:01 ds4-server: chat ctx=228..278:50 gen=200 decoding chunk=2.66 t/s avg=1.07 t/s 186.462s
ds4: REAP mask applied: 40 layer, 40 device range aggiornati/creati
ds4: PACE rotate       tok=211 phase=3 keep=23 ngram=0.922 hit=1.000 breaths=0
ds4: REAP mask applied: 40 layer, 40 device range aggiornati/creati
ds4: PACE rotate       tok=243 phase=3 keep=23 ngram=0.932 hit=1.000 breaths=0
0710 11:56:22 ds4-server: chat ctx=278..328:50 gen=250 decoding chunk=2.51 t/s avg=1.21 t/s 206.358s
ds4: REAP mask applied: 40 layer, 40 device range aggiornati/creati
ds4: PACE rotate       tok=275 phase=3 keep=23 ngram=0.932 hit=1.000 breaths=0
0710 11:56:40 ds4-server: chat ctx=328..378:50 gen=300 decoding chunk=2.78 t/s avg=1.34 t/s 224.339s
ds4: REAP mask applied: 40 layer, 40 device range aggiornati/creati
ds4: PACE rotate       tok=307 phase=3 keep=23 ngram=0.932 hit=1.000 breaths=0
ds4: REAP mask applied: 40 layer, 40 device range aggiornati/creati
ds4: PACE rotate       tok=339 phase=3 keep=23 ngram=0.932 hit=1.000 breaths=0
0710 11:57:01 ds4-server: chat ctx=378..428:50 gen=350 decoding chunk=2.60 t/s avg=1.44 t/s 243.593s
ds4: REAP mask applied: 40 layer, 40 device range aggiornati/creati
ds4: PACE rotate       tok=371 phase=3 keep=23 ngram=0.932 hit=1.000 breaths=0
0710 11:57:20 ds4-server: chat ctx=428..478:50 gen=400 decoding chunk=2.76 t/s avg=1.53 t/s 261.692s
ds4: REAP mask applied: 40 layer, 40 device range aggiornati/creati
ds4: PACE rotate       tok=403 phase=3 keep=23 ngram=0.932 hit=1.000 breaths=0
ds4: REAP mask applied: 40 layer, 40 device range aggiornati/creati
ds4: PACE rotate       tok=435 phase=3 keep=23 ngram=0.932 hit=1.000 breaths=0
0710 11:57:39 ds4-server: chat ctx=478..528:50 gen=450 decoding chunk=2.73 t/s avg=1.61 t/s 279.988s
ds4: REAP mask applied: 40 layer, 40 device range aggiornati/creati
ds4: PACE rotate       tok=467 phase=3 keep=23 ngram=0.932 hit=1.000 breaths=0
ds4: REAP mask applied: 40 layer, 40 device range aggiornati/creati
ds4: PACE rotate       tok=499 phase=3 keep=23 ngram=0.932 hit=1.000 breaths=0
0710 11:57:58 ds4-server: chat ctx=528..578:50 gen=500 decoding chunk=2.84 t/s avg=1.68 t/s 297.566s
ds4: REAP mask applied: 40 layer, 40 device range aggiornati/creati
ds4: PACE rotate       tok=531 phase=3 keep=23 ngram=0.932 hit=1.000 breaths=0
0710 11:58:15 ds4-server: chat ctx=578..628:50 gen=550 decoding chunk=2.82 t/s avg=1.74 t/s 315.285s
ds4: REAP mask applied: 40 layer, 40 device range aggiornati/creati
ds4: PACE rotate       tok=563 phase=3 keep=23 ngram=0.932 hit=1.000 breaths=0
ds4: REAP mask applied: 40 layer, 40 device range aggiornati/creati
ds4: PACE rotate       tok=595 phase=3 keep=23 ngram=0.932 hit=1.000 breaths=0
0710 11:58:34 ds4-server: chat ctx=628..678:50 gen=600 decoding chunk=2.81 t/s avg=1.80 t/s 333.062s
ds4: REAP mask applied: 40 layer, 40 device range aggiornati/creati
ds4: PACE rotate       tok=627 phase=3 keep=23 ngram=0.932 hit=1.000 breaths=0
0710 11:58:52 ds4-server: chat ctx=678..728:50 gen=650 decoding chunk=2.91 t/s avg=1.86 t/s 350.272s
ds4: REAP mask applied: 40 layer, 40 device range aggiornati/creati
ds4: PACE rotate       tok=659 phase=3 keep=23 ngram=0.932 hit=1.000 breaths=0
ds4: REAP mask applied: 40 layer, 40 device range aggiornati/creati
ds4: PACE rotate       tok=691 phase=3 keep=23 ngram=0.932 hit=1.000 breaths=0
0710 11:59:11 ds4-server: chat ctx=728..778:50 gen=700 decoding chunk=2.84 t/s avg=1.90 t/s 367.894s
ds4: REAP mask applied: 40 layer, 40 device range aggiornati/creati
ds4: PACE rotate       tok=723 phase=3 keep=23 ngram=0.932 hit=1.000 breaths=0
0710 11:59:28 ds4-server: chat ctx=778..828:50 gen=750 decoding chunk=2.93 t/s avg=1.95 t/s 384.967s
ds4: REAP mask applied: 40 layer, 40 device range aggiornati/creati
ds4: PACE rotate       tok=755 phase=3 keep=23 ngram=0.932 hit=1.000 breaths=0
ds4: REAP mask applied: 40 layer, 40 device range aggiornati/creati
ds4: PACE rotate       tok=787 phase=3 keep=23 ngram=0.932 hit=1.000 breaths=0
0710 11:59:47 ds4-server: chat ctx=828..878:50 gen=800 decoding chunk=2.84 t/s avg=1.99 t/s 402.603s
ds4: REAP mask applied: 40 layer, 40 device range aggiornati/creati
ds4: PACE rotate       tok=819 phase=3 keep=23 ngram=0.932 hit=1.000 breaths=0
0710 12:00:05 ds4-server: chat ctx=878..928:50 gen=850 decoding chunk=2.92 t/s avg=2.03 t/s 419.705s
ds4: REAP mask applied: 40 layer, 40 device range aggiornati/creati
ds4: PACE rotate       tok=851 phase=3 keep=23 ngram=0.932 hit=1.000 breaths=0
ds4: REAP mask applied: 40 layer, 40 device range aggiornati/creati
ds4: PACE rotate       tok=883 phase=3 keep=23 ngram=0.932 hit=1.000 breaths=0
0710 12:00:23 ds4-server: chat ctx=928..978:50 gen=900 decoding chunk=2.85 t/s avg=2.06 t/s 437.242s
ds4: REAP mask applied: 40 layer, 40 device range aggiornati/creati
ds4: PACE rotate       tok=915 phase=3 keep=23 ngram=0.932 hit=1.000 breaths=0
ds4: REAP mask applied: 40 layer, 40 device range aggiornati/creati
ds4: PACE rotate       tok=947 phase=3 keep=23 ngram=0.932 hit=1.000 breaths=0
0710 12:00:42 ds4-server: chat ctx=978..1028:50 gen=950 decoding chunk=2.89 t/s avg=2.09 t/s 454.568s
ds4: REAP mask applied: 40 layer, 40 device range aggiornati/creati
ds4: PACE rotate       tok=979 phase=3 keep=23 ngram=0.932 hit=1.000 breaths=0
0710 12:00:59 ds4-server: chat ctx=1028..1078:50 gen=1000 decoding chunk=2.96 t/s avg=2.12 t/s 471.434s
ds4: REAP mask applied: 40 layer, 40 device range aggiornati/creati
ds4: PACE rotate       tok=1011 phase=3 keep=23 ngram=0.932 hit=1.000 breaths=0
ds4: REAP mask applied: 40 layer, 40 device range aggiornati/creati
ds4: PACE rotate       tok=1043 phase=3 keep=23 ngram=0.932 hit=1.000 breaths=0
0710 12:01:17 ds4-server: chat ctx=1078..1128:50 gen=1050 decoding chunk=2.91 t/s avg=2.15 t/s 488.631s
ds4: REAP mask applied: 40 layer, 40 device range aggiornati/creati
ds4: PACE rotate       tok=1075 phase=3 keep=23 ngram=0.932 hit=1.000 breaths=0
0710 12:01:34 ds4-server: chat ctx=1128..1178:50 gen=1100 decoding chunk=3.03 t/s avg=2.18 t/s 505.156s
ds4: REAP mask applied: 40 layer, 40 device range aggiornati/creati
ds4: PACE rotate       tok=1107 phase=3 keep=23 ngram=0.932 hit=1.000 breaths=0
ds4: REAP mask applied: 40 layer, 40 device range aggiornati/creati
ds4: PACE rotate       tok=1139 phase=3 keep=23 ngram=0.932 hit=1.000 breaths=0
0710 12:01:53 ds4-server: chat ctx=1178..1228:50 gen=1150 decoding chunk=2.85 t/s avg=2.20 t/s 522.728s
ds4: REAP mask applied: 40 layer, 40 device range aggiornati/creati
ds4: PACE rotate       tok=1171 phase=3 keep=23 ngram=0.932 hit=1.000 breaths=0
0710 12:02:10 ds4-server: chat ctx=1228..1278:50 gen=1200 decoding chunk=3.01 t/s avg=2.23 t/s 539.317s
ds4: REAP mask applied: 40 layer, 40 device range aggiornati/creati
ds4: PACE rotate       tok=1203 phase=3 keep=23 ngram=0.932 hit=1.000 breaths=0
ds4: REAP mask applied: 40 layer, 40 device range aggiornati/creati
ds4: PACE rotate       tok=1235 phase=3 keep=23 ngram=0.932 hit=1.000 breaths=0
0710 12:02:29 ds4-server: chat ctx=1278..1328:50 gen=1250 decoding chunk=2.82 t/s avg=2.24 t/s 557.068s
ds4: REAP mask applied: 40 layer, 40 device range aggiornati/creati
ds4: PACE rotate       tok=1267 phase=3 keep=23 ngram=0.932 hit=1.000 breaths=0
ds4: REAP mask applied: 40 layer, 40 device range aggiornati/creati
ds4: PACE rotate       tok=1299 phase=3 keep=23 ngram=0.932 hit=1.000 breaths=0
0710 12:02:46 ds4-server: chat ctx=1328..1378:50 gen=1300 decoding chunk=2.97 t/s avg=2.27 t/s 573.917s
ds4: REAP mask applied: 40 layer, 40 device range aggiornati/creati
ds4: PACE rotate       tok=1331 phase=3 keep=23 ngram=0.932 hit=1.000 breaths=0
0710 12:03:05 ds4-server: chat ctx=1378..1428:50 gen=1350 decoding chunk=2.89 t/s avg=2.28 t/s 591.236s
ds4: REAP mask applied: 40 layer, 40 device range aggiornati/creati
ds4: PACE rotate       tok=1363 phase=3 keep=23 ngram=0.932 hit=1.000 breaths=0
ds4: REAP mask applied: 40 layer, 40 device range aggiornati/creati
ds4: PACE rotate       tok=1395 phase=3 keep=23 ngram=0.932 hit=1.000 breaths=0
0710 12:03:22 ds4-server: chat ctx=1428..1478:50 gen=1400 decoding chunk=2.94 t/s avg=2.30 t/s 608.257s
ds4: REAP mask applied: 40 layer, 40 device range aggiornati/creati
ds4: PACE rotate       tok=1427 phase=3 keep=23 ngram=0.932 hit=1.000 breaths=0
0710 12:03:40 ds4-server: chat ctx=1478..1528:50 gen=1450 decoding chunk=2.88 t/s avg=2.32 t/s 625.602s
ds4: REAP mask applied: 40 layer, 40 device range aggiornati/creati
ds4: PACE rotate       tok=1459 phase=3 keep=23 ngram=0.932 hit=1.000 breaths=0
ds4: REAP mask applied: 40 layer, 40 device range aggiornati/creati
ds4: PACE rotate       tok=1491 phase=3 keep=23 ngram=0.932 hit=1.000 breaths=0
0710 12:03:58 ds4-server: chat ctx=1528..1578:50 gen=1500 decoding chunk=2.87 t/s avg=2.33 t/s 643.001s
ds4: REAP mask applied: 40 layer, 40 device range aggiornati/creati
ds4: PACE rotate       tok=1523 phase=3 keep=23 ngram=0.932 hit=1.000 breaths=0
0710 12:04:16 ds4-server: chat ctx=1578..1628:50 gen=1550 decoding chunk=2.95 t/s avg=2.35 t/s 659.969s
ds4: REAP mask applied: 40 layer, 40 device range aggiornati/creati
ds4: PACE rotate       tok=1555 phase=3 keep=23 ngram=0.932 hit=1.000 breaths=0
ds4: REAP mask applied: 40 layer, 40 device range aggiornati/creati
ds4: PACE rotate       tok=1587 phase=3 keep=23 ngram=0.932 hit=1.000 breaths=0
0710 12:04:35 ds4-server: chat ctx=1628..1678:50 gen=1600 decoding chunk=2.83 t/s avg=2.36 t/s 677.655s
ds4: REAP mask applied: 40 layer, 40 device range aggiornati/creati
ds4: PACE rotate       tok=1619 phase=3 keep=23 ngram=0.932 hit=1.000 breaths=0
0710 12:04:53 ds4-server: chat ctx=1678..1728:50 gen=1650 decoding chunk=2.85 t/s avg=2.37 t/s 695.178s
ds4: REAP mask applied: 40 layer, 40 device range aggiornati/creati
ds4: PACE rotate       tok=1651 phase=3 keep=23 ngram=0.932 hit=1.000 breaths=0
ds4: REAP mask applied: 40 layer, 40 device range aggiornati/creati
ds4: PACE rotate       tok=1683 phase=3 keep=23 ngram=0.932 hit=1.000 breaths=0
0710 12:05:11 ds4-server: chat ctx=1728..1778:50 gen=1700 decoding chunk=2.91 t/s avg=2.39 t/s 712.374s
ds4: REAP mask applied: 40 layer, 40 device range aggiornati/creati
ds4: PACE rotate       tok=1715 phase=3 keep=23 ngram=0.932 hit=1.000 breaths=0
ds4: REAP mask applied: 40 layer, 40 device range aggiornati/creati
ds4: PACE rotate       tok=1747 phase=3 keep=23 ngram=0.932 hit=1.000 breaths=0
0710 12:05:28 ds4-server: chat ctx=1778..1828:50 gen=1750 decoding chunk=2.95 t/s avg=2.40 t/s 729.347s
ds4: REAP mask applied: 40 layer, 40 device range aggiornati/creati
ds4: PACE rotate       tok=1779 phase=3 keep=23 ngram=0.932 hit=1.000 breaths=0
0710 12:05:47 ds4-server: chat ctx=1828..1878:50 gen=1800 decoding chunk=2.87 t/s avg=2.41 t/s 746.755s
ds4: REAP mask applied: 40 layer, 40 device range aggiornati/creati
ds4: PACE rotate       tok=1811 phase=3 keep=23 ngram=0.932 hit=1.000 breaths=0
ds4: REAP mask applied: 40 layer, 40 device range aggiornati/creati
ds4: PACE rotate       tok=1843 phase=3 keep=23 ngram=0.932 hit=1.000 breaths=0
0710 12:06:04 ds4-server: chat ctx=1878..1928:50 gen=1850 decoding chunk=2.94 t/s avg=2.42 t/s 763.735s
ds4: REAP mask applied: 40 layer, 40 device range aggiornati/creati
ds4: PACE rotate       tok=1875 phase=3 keep=23 ngram=0.932 hit=1.000 breaths=0
0710 12:06:23 ds4-server: chat ctx=1928..1978:50 gen=1900 decoding chunk=2.87 t/s avg=2.43 t/s 781.170s
ds4: REAP mask applied: 40 layer, 40 device range aggiornati/creati
ds4: PACE rotate       tok=1907 phase=3 keep=23 ngram=0.932 hit=1.000 breaths=0
ds4: REAP mask applied: 40 layer, 40 device range aggiornati/creati
ds4: PACE rotate       tok=1939 phase=3 keep=23 ngram=0.932 hit=1.000 breaths=0
0710 12:06:40 ds4-server: chat ctx=1978..2028:50 gen=1950 decoding chunk=2.94 t/s avg=2.44 t/s 798.170s
ds4: REAP mask applied: 40 layer, 40 device range aggiornati/creati
ds4: PACE rotate       tok=1971 phase=3 keep=23 ngram=0.932 hit=1.000 breaths=0
0710 12:06:59 ds4-server: chat ctx=2028..2078:50 gen=2000 decoding chunk=2.89 t/s avg=2.45 t/s 815.471s
ds4: REAP mask applied: 40 layer, 40 device range aggiornati/creati
ds4: PACE rotate       tok=2003 phase=3 keep=23 ngram=0.932 hit=1.000 breaths=0
ds4: REAP mask applied: 40 layer, 40 device range aggiornati/creati
ds4: PACE rotate       tok=2035 phase=3 keep=23 ngram=0.932 hit=1.000 breaths=0
0710 12:07:17 ds4-server: chat ctx=2078..2128:50 gen=2050 decoding chunk=2.78 t/s avg=2.46 t/s 833.425s
ds4: REAP mask applied: 40 layer, 40 device range aggiornati/creati
ds4: PACE rotate       tok=2067 phase=3 keep=23 ngram=0.932 hit=1.000 breaths=0
ds4: REAP mask applied: 40 layer, 40 device range aggiornati/creati
ds4: PACE rotate       tok=2099 phase=3 keep=23 ngram=0.932 hit=1.000 breaths=0
0710 12:07:36 ds4-server: chat ctx=2128..2178:50 gen=2100 decoding chunk=2.87 t/s avg=2.47 t/s 850.873s
ds4: REAP mask applied: 40 layer, 40 device range aggiornati/creati
ds4: PACE rotate       tok=2131 phase=3 keep=23 ngram=0.932 hit=1.000 breaths=0
0710 12:07:54 ds4-server: chat ctx=2178..2228:50 gen=2150 decoding chunk=2.82 t/s avg=2.48 t/s 868.588s
ds4: REAP mask applied: 40 layer, 40 device range aggiornati/creati
ds4: PACE rotate       tok=2163 phase=3 keep=23 ngram=0.932 hit=1.000 breaths=0
ds4: REAP mask applied: 40 layer, 40 device range aggiornati/creati
ds4: PACE rotate       tok=2195 phase=3 keep=23 ngram=0.932 hit=1.000 breaths=0
0710 12:08:12 ds4-server: chat ctx=2228..2278:50 gen=2200 decoding chunk=2.89 t/s avg=2.48 t/s 885.912s
ds4: REAP mask applied: 40 layer, 40 device range aggiornati/creati
ds4: PACE rotate       tok=2227 phase=3 keep=23 ngram=0.932 hit=1.000 breaths=0
0710 12:08:31 ds4-server: chat ctx=2278..2328:50 gen=2250 decoding chunk=2.84 t/s avg=2.49 t/s 903.496s
ds4: REAP mask applied: 40 layer, 40 device range aggiornati/creati
ds4: PACE rotate       tok=2259 phase=3 keep=23 ngram=0.932 hit=1.000 breaths=0
ds4: REAP mask applied: 40 layer, 40 device range aggiornati/creati
ds4: PACE rotate       tok=2291 phase=3 keep=23 ngram=0.932 hit=1.000 breaths=0
0710 12:08:49 ds4-server: chat ctx=2328..2378:50 gen=2300 decoding chunk=2.87 t/s avg=2.50 t/s 920.918s
ds4: REAP mask applied: 40 layer, 40 device range aggiornati/creati
ds4: PACE rotate       tok=2323 phase=3 keep=23 ngram=0.932 hit=1.000 breaths=0
0710 12:09:08 ds4-server: chat ctx=2378..2428:50 gen=2350 decoding chunk=2.82 t/s avg=2.50 t/s 938.665s
ds4: REAP mask applied: 40 layer, 40 device range aggiornati/creati
ds4: PACE rotate       tok=2355 phase=3 keep=23 ngram=0.932 hit=1.000 breaths=0
ds4: REAP mask applied: 40 layer, 40 device range aggiornati/creati
ds4: PACE rotate       tok=2387 phase=3 keep=23 ngram=0.932 hit=1.000 breaths=0
0710 12:09:25 ds4-server: chat ctx=2428..2478:50 gen=2400 decoding chunk=2.87 t/s avg=2.51 t/s 956.066s
ds4: REAP mask applied: 40 layer, 40 device range aggiornati/creati
ds4: PACE rotate       tok=2419 phase=3 keep=23 ngram=0.932 hit=1.000 breaths=0
0710 12:09:45 ds4-server: chat ctx=2478..2528:50 gen=2450 decoding chunk=2.76 t/s avg=2.52 t/s 974.153s
ds4: REAP mask applied: 40 layer, 40 device range aggiornati/creati
ds4: PACE rotate       tok=2451 phase=3 keep=23 ngram=0.932 hit=1.000 breaths=0
ds4: REAP mask applied: 40 layer, 40 device range aggiornati/creati
ds4: PACE rotate       tok=2483 phase=3 keep=23 ngram=0.932 hit=1.000 breaths=0
0710 12:10:02 ds4-server: chat ctx=2528..2578:50 gen=2500 decoding chunk=2.89 t/s avg=2.52 t/s 991.450s
ds4: REAP mask applied: 40 layer, 40 device range aggiornati/creati
ds4: PACE rotate       tok=2515 phase=3 keep=23 ngram=0.932 hit=1.000 breaths=0
ds4: REAP mask applied: 40 layer, 40 device range aggiornati/creati
ds4: PACE rotate       tok=2547 phase=3 keep=23 ngram=0.932 hit=1.000 breaths=0
0710 12:10:22 ds4-server: chat ctx=2578..2628:50 gen=2550 decoding chunk=2.80 t/s avg=2.53 t/s 1009.328s
ds4: REAP mask applied: 40 layer, 40 device range aggiornati/creati
ds4: PACE rotate       tok=2579 phase=3 keep=23 ngram=0.932 hit=1.000 breaths=0
0710 12:10:39 ds4-server: chat ctx=2628..2678:50 gen=2600 decoding chunk=2.80 t/s avg=2.53 t/s 1027.200s
ds4: REAP mask applied: 40 layer, 40 device range aggiornati/creati
ds4: PACE rotate       tok=2611 phase=3 keep=23 ngram=0.932 hit=1.000 breaths=0
ds4: REAP mask applied: 40 layer, 40 device range aggiornati/creati
ds4: PACE rotate       tok=2643 phase=3 keep=23 ngram=0.932 hit=1.000 breaths=0
0710 12:10:58 ds4-server: chat ctx=2678..2728:50 gen=2650 decoding chunk=2.82 t/s avg=2.54 t/s 1044.921s
ds4: REAP mask applied: 40 layer, 40 device range aggiornati/creati
ds4: PACE rotate       tok=2675 phase=3 keep=23 ngram=0.932 hit=1.000 breaths=0
0710 12:11:16 ds4-server: chat ctx=2728..2778:50 gen=2700 decoding chunk=2.87 t/s avg=2.54 t/s 1062.319s
ds4: REAP mask applied: 40 layer, 40 device range aggiornati/creati
ds4: PACE rotate       tok=2707 phase=3 keep=23 ngram=0.932 hit=1.000 breaths=0
ds4: REAP mask applied: 40 layer, 40 device range aggiornati/creati
ds4: PACE rotate       tok=2739 phase=3 keep=23 ngram=0.932 hit=1.000 breaths=0
0710 12:11:35 ds4-server: chat ctx=2778..2828:50 gen=2750 decoding chunk=2.83 t/s avg=2.55 t/s 1079.965s
ds4: REAP mask applied: 40 layer, 40 device range aggiornati/creati
ds4: PACE rotate       tok=2771 phase=3 keep=23 ngram=0.932 hit=1.000 breaths=0
0710 12:11:54 ds4-server: chat ctx=2828..2878:50 gen=2800 decoding chunk=2.82 t/s avg=2.55 t/s 1097.679s
ds4: REAP mask applied: 40 layer, 40 device range aggiornati/creati
ds4: PACE rotate       tok=2803 phase=3 keep=23 ngram=0.932 hit=1.000 breaths=0
ds4: REAP mask applied: 40 layer, 40 device range aggiornati/creati
ds4: PACE rotate       tok=2835 phase=3 keep=23 ngram=0.932 hit=1.000 breaths=0
0710 12:12:11 ds4-server: chat ctx=2878..2928:50 gen=2850 decoding chunk=2.86 t/s avg=2.56 t/s 1115.154s
ds4: REAP mask applied: 40 layer, 40 device range aggiornati/creati
ds4: PACE rotate       tok=2867 phase=3 keep=23 ngram=0.932 hit=1.000 breaths=0
ds4: REAP mask applied: 40 layer, 40 device range aggiornati/creati
ds4: PACE rotate       tok=2899 phase=3 keep=23 ngram=0.932 hit=1.000 breaths=0
0710 12:12:30 ds4-server: chat ctx=2928..2978:50 gen=2900 decoding chunk=2.85 t/s avg=2.56 t/s 1132.686s
ds4: REAP mask applied: 40 layer, 40 device range aggiornati/creati
ds4: PACE rotate       tok=2931 phase=3 keep=23 ngram=0.932 hit=1.000 breaths=0
0710 12:12:48 ds4-server: chat ctx=2978..3028:50 gen=2950 decoding chunk=2.84 t/s avg=2.56 t/s 1150.309s
ds4: REAP mask applied: 40 layer, 40 device range aggiornati/creati
ds4: PACE rotate       tok=2963 phase=3 keep=23 ngram=0.932 hit=1.000 breaths=0
ds4: REAP mask applied: 40 layer, 40 device range aggiornati/creati
ds4: PACE rotate       tok=2995 phase=3 keep=23 ngram=0.932 hit=1.000 breaths=0
0710 12:13:06 ds4-server: chat ctx=3028..3078:50 gen=3000 decoding chunk=2.82 t/s avg=2.57 t/s 1168.036s
ds4: REAP mask applied: 40 layer, 40 device range aggiornati/creati
ds4: PACE rotate       tok=3027 phase=3 keep=23 ngram=0.932 hit=1.000 breaths=0
0710 12:13:25 ds4-server: chat ctx=3078..3128:50 gen=3050 decoding chunk=2.83 t/s avg=2.57 t/s 1185.724s
ds4: REAP mask applied: 40 layer, 40 device range aggiornati/creati
ds4: PACE rotate       tok=3059 phase=3 keep=23 ngram=0.932 hit=1.000 breaths=0
ds4: REAP mask applied: 40 layer, 40 device range aggiornati/creati
ds4: PACE rotate       tok=3091 phase=3 keep=23 ngram=0.932 hit=1.000 breaths=0
0710 12:13:43 ds4-server: chat ctx=3128..3178:50 gen=3100 decoding chunk=2.83 t/s avg=2.58 t/s 1203.400s
ds4: REAP mask applied: 40 layer, 40 device range aggiornati/creati
ds4: PACE rotate       tok=3123 phase=3 keep=23 ngram=0.932 hit=1.000 breaths=0
0710 12:14:02 ds4-server: chat ctx=3178..3228:50 gen=3150 decoding chunk=2.83 t/s avg=2.58 t/s 1221.044s
ds4: REAP mask applied: 40 layer, 40 device range aggiornati/creati
ds4: PACE rotate       tok=3155 phase=3 keep=23 ngram=0.932 hit=1.000 breaths=0
ds4: REAP mask applied: 40 layer, 40 device range aggiornati/creati
ds4: PACE rotate       tok=3187 phase=3 keep=23 ngram=0.932 hit=1.000 breaths=0
0710 12:14:19 ds4-server: chat ctx=3228..3278:50 gen=3200 decoding chunk=2.82 t/s avg=2.58 t/s 1238.767s
ds4: REAP mask applied: 40 layer, 40 device range aggiornati/creati
ds4: PACE rotate       tok=3219 phase=3 keep=23 ngram=0.932 hit=1.000 breaths=0
0710 12:14:38 ds4-server: chat ctx=3278..3328:50 gen=3250 decoding chunk=2.84 t/s avg=2.59 t/s 1256.366s
ds4: REAP mask applied: 40 layer, 40 device range aggiornati/creati
ds4: PACE rotate       tok=3251 phase=3 keep=23 ngram=0.932 hit=1.000 breaths=0
ds4: REAP mask applied: 40 layer, 40 device range aggiornati/creati
ds4: PACE rotate       tok=3283 phase=3 keep=23 ngram=0.932 hit=1.000 breaths=0
0710 12:14:57 ds4-server: chat ctx=3328..3378:50 gen=3300 decoding chunk=2.82 t/s avg=2.59 t/s 1274.072s
ds4: REAP mask applied: 40 layer, 40 device range aggiornati/creati
ds4: PACE rotate       tok=3315 phase=3 keep=23 ngram=0.932 hit=1.000 breaths=0
ds4: REAP mask applied: 40 layer, 40 device range aggiornati/creati
ds4: PACE rotate       tok=3347 phase=3 keep=23 ngram=0.932 hit=1.000 breaths=0
0710 12:15:15 ds4-server: chat ctx=3378..3428:50 gen=3350 decoding chunk=2.83 t/s avg=2.59 t/s 1291.732s
ds4: REAP mask applied: 40 layer, 40 device range aggiornati/creati
ds4: PACE rotate       tok=3379 phase=3 keep=23 ngram=0.932 hit=1.000 breaths=0
0710 12:15:34 ds4-server: chat ctx=3428..3478:50 gen=3400 decoding chunk=2.79 t/s avg=2.60 t/s 1309.624s
ds4: REAP mask applied: 40 layer, 40 device range aggiornati/creati
ds4: PACE rotate       tok=3411 phase=3 keep=23 ngram=0.932 hit=1.000 breaths=0
ds4: REAP mask applied: 40 layer, 40 device range aggiornati/creati
ds4: PACE rotate       tok=3443 phase=3 keep=23 ngram=0.932 hit=1.000 breaths=0
0710 12:15:52 ds4-server: chat ctx=3478..3528:50 gen=3450 decoding chunk=2.81 t/s avg=2.60 t/s 1327.394s
ds4: REAP mask applied: 40 layer, 40 device range aggiornati/creati
ds4: PACE rotate       tok=3475 phase=3 keep=23 ngram=0.932 hit=1.000 breaths=0
0710 12:16:11 ds4-server: chat ctx=3528..3578:50 gen=3500 decoding chunk=2.83 t/s avg=2.60 t/s 1345.088s
ds4: REAP mask applied: 40 layer, 40 device range aggiornati/creati
ds4: PACE rotate       tok=3507 phase=3 keep=23 ngram=0.932 hit=1.000 breaths=0
ds4: REAP mask applied: 40 layer, 40 device range aggiornati/creati
ds4: PACE rotate       tok=3539 phase=3 keep=23 ngram=0.932 hit=1.000 breaths=0
0710 12:16:29 ds4-server: chat ctx=3578..3628:50 gen=3550 decoding chunk=2.83 t/s avg=2.61 t/s 1362.753s
ds4: REAP mask applied: 40 layer, 40 device range aggiornati/creati
ds4: PACE rotate       tok=3571 phase=3 keep=23 ngram=0.932 hit=1.000 breaths=0
0710 12:16:48 ds4-server: chat ctx=3628..3678:50 gen=3600 decoding chunk=2.83 t/s avg=2.61 t/s 1380.412s
ds4: REAP mask applied: 40 layer, 40 device range aggiornati/creati
ds4: PACE rotate       tok=3603 phase=3 keep=23 ngram=0.932 hit=1.000 breaths=0
ds4: REAP mask applied: 40 layer, 40 device range aggiornati/creati
ds4: PACE rotate       tok=3635 phase=3 keep=23 ngram=0.932 hit=1.000 breaths=0
0710 12:17:05 ds4-server: chat ctx=3678..3728:50 gen=3650 decoding chunk=2.82 t/s avg=2.61 t/s 1398.114s
ds4: REAP mask applied: 40 layer, 40 device range aggiornati/creati
ds4: PACE rotate       tok=3667 phase=3 keep=23 ngram=0.932 hit=1.000 breaths=0
ds4: REAP mask applied: 40 layer, 40 device range aggiornati/creati
ds4: PACE rotate       tok=3699 phase=3 keep=23 ngram=0.932 hit=1.000 breaths=0
0710 12:17:24 ds4-server: chat ctx=3728..3778:50 gen=3700 decoding chunk=2.84 t/s avg=2.61 t/s 1415.724s
ds4: REAP mask applied: 40 layer, 40 device range aggiornati/creati
ds4: PACE rotate       tok=3731 phase=3 keep=23 ngram=0.932 hit=1.000 breaths=0
0710 12:17:42 ds4-server: chat ctx=3778..3828:50 gen=3750 decoding chunk=2.80 t/s avg=2.62 t/s 1433.597s
ds4: REAP mask applied: 40 layer, 40 device range aggiornati/creati
ds4: PACE rotate       tok=3763 phase=3 keep=23 ngram=0.932 hit=1.000 breaths=0
ds4: REAP mask applied: 40 layer, 40 device range aggiornati/creati
ds4: PACE rotate       tok=3795 phase=3 keep=23 ngram=0.932 hit=1.000 breaths=0
0710 12:18:02 ds4-server: chat ctx=3828..3878:50 gen=3800 decoding chunk=2.79 t/s avg=2.62 t/s 1451.496s
ds4: REAP mask applied: 40 layer, 40 device range aggiornati/creati
ds4: PACE rotate       tok=3827 phase=3 keep=23 ngram=0.932 hit=1.000 breaths=0
0710 12:18:20 ds4-server: chat ctx=3878..3928:50 gen=3850 decoding chunk=2.83 t/s avg=2.62 t/s 1469.161s
ds4: REAP mask applied: 40 layer, 40 device range aggiornati/creati
ds4: PACE rotate       tok=3859 phase=3 keep=23 ngram=0.932 hit=1.000 breaths=0
ds4: REAP mask applied: 40 layer, 40 device range aggiornati/creati
ds4: PACE rotate       tok=3891 phase=3 keep=23 ngram=0.932 hit=1.000 breaths=0
0710 12:18:39 ds4-server: chat ctx=3928..3978:50 gen=3900 decoding chunk=2.80 t/s avg=2.62 t/s 1487.027s
ds4: REAP mask applied: 40 layer, 40 device range aggiornati/creati
ds4: PACE rotate       tok=3923 phase=3 keep=23 ngram=0.932 hit=1.000 breaths=0
0710 12:18:57 ds4-server: chat ctx=3978..4028:50 gen=3950 decoding chunk=2.83 t/s avg=2.63 t/s 1504.697s
ds4: REAP mask applied: 40 layer, 40 device range aggiornati/creati
ds4: PACE rotate       tok=3955 phase=3 keep=23 ngram=0.932 hit=1.000 breaths=0
ds4: REAP mask applied: 40 layer, 40 device range aggiornati/creati
ds4: PACE rotate       tok=3987 phase=3 keep=23 ngram=0.932 hit=1.000 breaths=0
0710 12:19:16 ds4-server: chat ctx=4028..4078:50 gen=4000 decoding chunk=2.80 t/s avg=2.63 t/s 1522.581s
0710 12:19:16 ds4-server: chat ctx=0..78:78 gen=4000 finish=length 1668.073s
