ds4: Linux cuda backend set oom_score_adj=1000
ds4: CUDA backend initialized on NVIDIA GeForce RTX 3060 (sm_86)
ds4: SSD streaming initial cuda model map restricted to token embedding (1 spans, 0.99 GiB tensor span)
ds4: CUDA preparing model tensor mappings
ds4: CUDA loading model tensors into device cache
ds4: CUDA startup model preparation covered 0.99 GiB of tensor spans in 0.310s
ds4: cuda backend initialized for graph diagnostics
0712 18:39:37 ds4-server: context buffers 122.69 MiB (ctx=4096, backend=cuda, prefill_chunk=512, raw_kv_rows=768, compressed_kv_rows=1026)
0712 18:39:37 ds4-server: listening on http://127.0.0.1:8071
0712 18:39:37 ds4-server: chat ctx=0..64:64 prompt start
ds4: REAP prefetch (fattorino delta): 256 expert, 768 range, 1731.0 MiB touched in 354 ms (8 threads)
ds4: REAP prefetch (fattorino delta): 256 expert, 768 range, 1731.0 MiB touched in 406 ms (8 threads)
ds4: REAP prefetch (fattorino delta): 256 expert, 768 range, 1731.0 MiB touched in 1260 ms (8 threads)
ds4: REAP prefetch (fattorino delta): 256 expert, 768 range, 1731.0 MiB touched in 3385 ms (8 threads)
ds4: REAP prefetch (fattorino delta): 256 expert, 768 range, 1731.0 MiB touched in 1916 ms (8 threads)
ds4: CUDA loading model tensors 0.15 GiB cached
ds4: REAP prefetch (fattorino delta): 256 expert, 768 range, 1731.0 MiB touched in 5409 ms (8 threads)
ds4: REAP prefetch (fattorino delta): 256 expert, 768 range, 1731.0 MiB touched in 1731 ms (8 threads)
ds4: REAP prefetch (fattorino delta): 256 expert, 768 range, 1731.0 MiB touched in 1506 ms (8 threads)
ds4: CUDA loading model tensors 0.25 GiB cached
0712 18:39:59 ds4-server: chat ctx=0..64:64 prompt done 21.475s
ds4: CUDA loading model tensors 7.86 GiB cached
0712 18:41:14 ds4-server: chat ctx=64..114:50 gen=50 decoding chunk=0.70 t/s avg=0.70 t/s 71.737s
0712 18:41:35 ds4-server: chat ctx=114..124:10 gen=60 decoding chunk=0.51 t/s avg=0.66 t/s 91.483s
0712 18:41:35 ds4-server: chat ctx=0..64:64 gen=60 finish=length 112.965s
0712 18:41:36 ds4-server: shutdown requested, draining requests
