ds4: Linux cuda backend set oom_score_adj=1000
ds4: CUDA backend initialized on NVIDIA GeForce RTX 3060 (sm_86)
ds4: SSD streaming initial cuda model map restricted to token embedding (1 spans, 0.99 GiB tensor span)
ds4: CUDA preparing model tensor mappings
ds4: CUDA loading model tensors into device cache
ds4: CUDA startup model preparation covered 0.99 GiB of tensor spans in 0.557s
ds4: cuda backend initialized for graph diagnostics
0709 09:33:54 ds4-server: context buffers 151.57 MiB (ctx=6144, backend=cuda, prefill_chunk=512, raw_kv_rows=768, compressed_kv_rows=1538)
0709 09:33:54 ds4-server: listening on http://127.0.0.1:8014
0709 09:33:55 ds4-server: chat ctx=0..78:78 prompt start
ds4: PACE on - warmup=50 keep=23[23..96] step=8 ngram(n=3,win=120) drift=0.25 rel=0.15 hyst=200 breath(every=999999,len=80,keep=96,relearn=0) prebreath(on=0,drift=0.18,every=64,max=96) anneal_warm=300 wrap=1 cache_flush=0 prefill_apply=0 prefill_wait_wrap=0 s1=0 exchange=0
ds4: PACE prefill_reset tok=0 phase=1 keep=0 ngram=0.000 hit=1.000 breaths=0
ds4: expert tiering observe enabled (DS4_EXPERT_TIERING=observe; log=)
ds4: CUDA loading model tensors 0.00 GiB cached
0709 09:34:11 ds4-server: chat ctx=0..78:78 prompt done 12.560s
ds4: PACE learned      tok=50 phase=2 keep=0 ngram=0.000 hit=1.000 breaths=0
ds4: CUDA loading model tensors 7.86 GiB cached
0709 09:34:35 ds4-server: chat ctx=78..128:50 gen=50 decoding chunk=2.35 t/s avg=2.35 t/s 21.242s
ds4: REAP mask applied: 40 layer, 40 device range aggiornati/creati
ds4: PACE descent      tok=51 phase=3 keep=23 ngram=0.000 hit=1.000 breaths=0
ds4: REAP prefetch (fattorino): 40 layer, 920 expert, 2514 range, 6.07 GiB touched in 441 ms (16 thread, mlock)
0709 09:34:40 ds4-server: chat ctx=128..142:14 gen=64 decoding chunk=2.94 t/s avg=2.46 t/s 26.001s
0709 09:34:40 ds4-server: chat ctx=0..78:78 gen=64 finish=length 38.563s
0709 09:34:40 ds4-server: live kv cache miss live=142 prompt=78 common=78 reason=token-mismatch
0709 09:34:40 ds4-server: chat ctx=0..78:78 prompt start
ds4: REAP mask applied: 40 layer, 40 device range aggiornati/creati
ds4: PACE prefill_reset tok=0 phase=1 keep=0 ngram=0.000 hit=1.000 breaths=0
ds4: CUDA loading model tensors 0.00 GiB cached
0709 09:34:50 ds4-server: chat ctx=0..78:78 prompt done 10.093s
ds4: PACE learned      tok=50 phase=2 keep=0 ngram=0.000 hit=1.000 breaths=0
ds4: CUDA loading model tensors 7.86 GiB cached
0709 09:35:22 ds4-server: chat ctx=78..128:50 gen=50 decoding chunk=1.71 t/s avg=1.71 t/s 29.182s
ds4: REAP mask applied: 40 layer, 40 device range aggiornati/creati
ds4: PACE descent      tok=51 phase=3 keep=23 ngram=0.000 hit=1.000 breaths=0
ds4: REAP prefetch (fattorino): 40 layer, 920 expert, 2505 range, 6.07 GiB touched in 241 ms (16 thread, mlock)
0709 09:35:39 ds4-server: chat ctx=128..178:50 gen=100 decoding chunk=3.06 t/s avg=2.20 t/s 45.537s
0709 09:35:58 ds4-server: chat ctx=178..228:50 gen=150 decoding chunk=3.10 t/s avg=2.43 t/s 61.643s
ds4: REAP mask applied: 40 layer, 40 device range aggiornati/creati
ds4: PACE breath(ngram) tok=190 phase=4 keep=96 ngram=0.256 hit=1.000 breaths=1
ds4: REAP prefetch (fattorino): 40 layer, 3840 expert, 7023 range, 25.34 GiB touched in 2246 ms (16 thread, mlock)
0709 09:36:14 ds4-server: chat ctx=228..278:50 gen=200 decoding chunk=3.11 t/s avg=2.57 t/s 77.720s
0709 09:36:24 ds4-server: chat ctx=278..298:20 gen=220 decoding chunk=3.13 t/s avg=2.62 t/s 84.105s
0709 09:36:24 ds4-server: chat ctx=0..78:78 gen=220 finish=length 94.201s
0709 09:36:24 ds4-server: shutdown requested, draining requests
ds4: SPEX stats: selected_batches=12298 selected_experts=81744 cache_hits=0 cache_misses=528 hit_rate=0.0000 miss_per_expert=0.0065 direct_loads=81732 copy_calls=246780 copied=555255.00 MiB copy_ms=85038.028 copy_ms_per_batch=6.915 sync_calls=246780 sync_ms=26495.399 sync_ms_per_batch=2.154
ds4: expert tiering observe summary batches=12298 slots=113520 compact=81744 hit_rate=0.0000 hits=0 misses=12 direct=81732 evictions=0 direct=551691.00 MiB compact=551772.00 MiB
ds4: expert tiering observe layer=1 batches=286 slots=2640 compact=2116 hit_rate=0.0000 misses=0 direct=2116 evictions=0 cap=0 top=35:42,27:37,42:33,252:33,133:31,183:31
ds4: expert tiering observe layer=2 batches=286 slots=2640 compact=2110 hit_rate=0.0000 misses=0 direct=2110 evictions=0 cap=0 top=162:42,65:41,164:41,29:38,128:36,7:33
ds4: expert tiering observe layer=0 batches=286 slots=2640 compact=2104 hit_rate=0.0000 misses=12 direct=2092 evictions=0 cap=171 top=109:41,174:41,156:38,163:34,152:33,48:30
ds4: expert tiering observe layer=19 batches=286 slots=2640 compact=1940 hit_rate=0.0000 misses=0 direct=1940 evictions=0 cap=0 top=136:215,116:202,81:155,226:130,111:116,10:102
ds4: expert tiering observe layer=3 batches=286 slots=2640 compact=1924 hit_rate=0.0000 misses=0 direct=1924 evictions=0 cap=0 top=60:395,74:266,150:222,226:133,45:132,138:115
