ds4: Linux cuda backend set oom_score_adj=1000
ds4: CUDA backend initialized on NVIDIA GeForce RTX 3060 (sm_86)
ds4: SSD streaming initial cuda model map restricted to token embedding (1 spans, 0.99 GiB tensor span)
ds4: CUDA preparing model tensor mappings
ds4: CUDA loading model tensors into device cache
ds4: CUDA startup model preparation covered 0.99 GiB of tensor spans in 5.227s
ds4: cuda backend initialized for graph diagnostics
0710 12:49:22 ds4-server: context buffers 180.44 MiB (ctx=8192, backend=cuda, prefill_chunk=512, raw_kv_rows=768, compressed_kv_rows=2050)
0710 12:49:22 ds4-server: listening on http://127.0.0.1:8022
0710 12:49:23 ds4-server: chat ctx=0..78:78 prompt start
ds4: PACE on - warmup=50 keep=23[23..96] step=0 ngram(n=3,win=120) drift=1.00 rel=0.15 hyst=200 breath(every=999999,len=80,keep=96,relearn=0) prebreath(on=0,drift=0.18,target=0.18,every=64,max=96,adapt=0,gain=8.00,pow=1.00,step_max=0,relearn=0,rdecay=0.30) anneal_warm=300 wrap=1 wrap_rotate=0 cache_flush=0 prefill_apply=0 prefill_wait_wrap=0 s1=0 exchange=0 relearn_on_tighten=0 weighted(warmup=0,relearn=0) rotate(on=1,every=32,decay=0.980,preserve_stable=1)
ds4: PACE prefill_reset tok=0 phase=1 keep=0 ngram=0.000 hit=1.000 breaths=0
ds4: expert tiering observe enabled (DS4_EXPERT_TIERING=observe; log=)
ds4: CUDA loading model tensors 0.15 GiB cached
ds4: CUDA loading model tensors 0.16 GiB cached
ds4: CUDA loading model tensors 0.13 GiB cached
ds4: CUDA loading model tensors 0.14 GiB cached
ds4: CUDA loading model tensors 0.15 GiB cached
ds4: CUDA loading model tensors 0.16 GiB cached
ds4: CUDA loading model tensors 0.15 GiB cached
ds4: CUDA loading model tensors 0.16 GiB cached
ds4: CUDA loading model tensors 0.13 GiB cached
ds4: CUDA loading model tensors 0.15 GiB cached
ds4: CUDA loading model tensors 0.13 GiB cached
ds4: CUDA loading model tensors 0.00 GiB cached
0710 12:51:45 ds4-server: chat ctx=0..78:78 prompt done 135.597s
ds4: CUDA loading model tensors 2.97 GiB cached
ds4: PACE learned      tok=50 phase=2 keep=0 ngram=0.000 hit=1.000 breaths=0
ds4: CUDA loading model tensors 7.86 GiB cached
0710 12:53:17 ds4-server: chat ctx=78..128:50 gen=50 decoding chunk=0.56 t/s avg=0.56 t/s 89.066s
ds4: REAP mask applied: 40 layer, 40 device range aggiornati/creati
ds4: PACE descent      tok=51 phase=3 keep=23 ngram=0.000 hit=1.000 breaths=0
ds4: REAP prefetch (fattorino): 40 layer, 920 expert, 2502 range, 6.07 GiB touched in 466 ms (16 thread, mlock)
ds4: REAP mask applied: 40 layer, 40 device range aggiornati/creati
ds4: PACE rotate       tok=83 phase=3 keep=23 ngram=0.018 hit=1.000 breaths=0
0710 12:53:43 ds4-server: chat ctx=128..178:50 gen=100 decoding chunk=2.01 t/s avg=0.88 t/s 113.909s
ds4: REAP mask applied: 40 layer, 40 device range aggiornati/creati
ds4: PACE rotate       tok=115 phase=3 keep=23 ngram=0.030 hit=1.000 breaths=0
ds4: REAP mask applied: 40 layer, 40 device range aggiornati/creati
ds4: PACE rotate       tok=147 phase=3 keep=23 ngram=0.050 hit=1.000 breaths=0
0710 12:54:13 ds4-server: chat ctx=178..228:50 gen=150 decoding chunk=1.76 t/s avg=1.05 t/s 142.346s
ds4: REAP mask applied: 40 layer, 40 device range aggiornati/creati
ds4: PACE rotate       tok=179 phase=3 keep=23 ngram=0.037 hit=1.000 breaths=0
0710 12:54:37 ds4-server: chat ctx=228..278:50 gen=200 decoding chunk=2.19 t/s avg=1.21 t/s 165.129s
ds4: REAP mask applied: 40 layer, 40 device range aggiornati/creati
ds4: PACE rotate       tok=211 phase=3 keep=23 ngram=0.026 hit=1.000 breaths=0
ds4: REAP mask applied: 40 layer, 40 device range aggiornati/creati
ds4: PACE rotate       tok=243 phase=3 keep=23 ngram=0.048 hit=1.000 breaths=0
0710 12:54:58 ds4-server: chat ctx=278..328:50 gen=250 decoding chunk=2.39 t/s avg=1.34 t/s 186.051s
ds4: REAP mask applied: 40 layer, 40 device range aggiornati/creati
ds4: PACE rotate       tok=275 phase=3 keep=23 ngram=0.070 hit=1.000 breaths=0
0710 12:55:20 ds4-server: chat ctx=328..378:50 gen=300 decoding chunk=2.36 t/s avg=1.45 t/s 207.193s
ds4: REAP mask applied: 40 layer, 40 device range aggiornati/creati
ds4: PACE rotate       tok=307 phase=3 keep=23 ngram=0.109 hit=1.000 breaths=0
ds4: REAP mask applied: 40 layer, 40 device range aggiornati/creati
ds4: PACE rotate       tok=339 phase=3 keep=23 ngram=0.115 hit=1.000 breaths=0
0710 12:55:41 ds4-server: chat ctx=378..428:50 gen=350 decoding chunk=2.57 t/s avg=1.54 t/s 226.679s
ds4: REAP mask applied: 40 layer, 40 device range aggiornati/creati
ds4: PACE rotate       tok=371 phase=3 keep=23 ngram=0.123 hit=1.000 breaths=0
0710 12:56:00 ds4-server: chat ctx=428..478:50 gen=400 decoding chunk=2.55 t/s avg=1.62 t/s 246.271s
ds4: REAP mask applied: 40 layer, 40 device range aggiornati/creati
ds4: PACE rotate       tok=403 phase=3 keep=23 ngram=0.141 hit=1.000 breaths=0
ds4: REAP mask applied: 40 layer, 40 device range aggiornati/creati
ds4: PACE rotate       tok=435 phase=3 keep=23 ngram=0.162 hit=1.000 breaths=0
0710 12:56:22 ds4-server: chat ctx=478..528:50 gen=450 decoding chunk=2.47 t/s avg=1.69 t/s 266.506s
ds4: REAP mask applied: 40 layer, 40 device range aggiornati/creati
ds4: PACE rotate       tok=467 phase=3 keep=23 ngram=0.164 hit=1.000 breaths=0
ds4: REAP mask applied: 40 layer, 40 device range aggiornati/creati
ds4: PACE rotate       tok=499 phase=3 keep=23 ngram=0.162 hit=1.000 breaths=0
0710 12:56:41 ds4-server: chat ctx=528..578:50 gen=500 decoding chunk=2.66 t/s avg=1.75 t/s 285.298s
ds4: REAP mask applied: 40 layer, 40 device range aggiornati/creati
ds4: PACE rotate       tok=531 phase=3 keep=23 ngram=0.147 hit=1.000 breaths=0
0710 12:57:00 ds4-server: chat ctx=578..628:50 gen=550 decoding chunk=2.81 t/s avg=1.81 t/s 303.089s
ds4: REAP mask applied: 40 layer, 40 device range aggiornati/creati
ds4: PACE rotate       tok=563 phase=3 keep=23 ngram=0.166 hit=1.000 breaths=0
ds4: REAP mask applied: 40 layer, 40 device range aggiornati/creati
ds4: PACE rotate       tok=595 phase=3 keep=23 ngram=0.214 hit=1.000 breaths=0
0710 12:57:17 ds4-server: chat ctx=628..678:50 gen=600 decoding chunk=2.82 t/s avg=1.87 t/s 320.812s
ds4: REAP mask applied: 40 layer, 40 device range aggiornati/creati
ds4: PACE rotate       tok=627 phase=3 keep=23 ngram=0.243 hit=1.000 breaths=0
0710 12:57:36 ds4-server: chat ctx=678..728:50 gen=650 decoding chunk=2.86 t/s avg=1.92 t/s 338.307s
ds4: REAP mask applied: 40 layer, 40 device range aggiornati/creati
ds4: PACE rotate       tok=659 phase=3 keep=23 ngram=0.230 hit=1.000 breaths=0
ds4: REAP mask applied: 40 layer, 40 device range aggiornati/creati
ds4: PACE rotate       tok=691 phase=3 keep=23 ngram=0.158 hit=1.000 breaths=0
0710 12:57:55 ds4-server: chat ctx=728..778:50 gen=700 decoding chunk=2.80 t/s avg=1.97 t/s 356.185s
ds4: REAP mask applied: 40 layer, 40 device range aggiornati/creati
ds4: PACE rotate       tok=723 phase=3 keep=23 ngram=0.197 hit=1.000 breaths=0
0710 12:58:13 ds4-server: chat ctx=778..828:50 gen=750 decoding chunk=2.77 t/s avg=2.00 t/s 374.216s
ds4: REAP mask applied: 40 layer, 40 device range aggiornati/creati
ds4: PACE rotate       tok=755 phase=3 keep=23 ngram=0.246 hit=1.000 breaths=0
ds4: REAP mask applied: 40 layer, 40 device range aggiornati/creati
ds4: PACE rotate       tok=787 phase=3 keep=23 ngram=0.333 hit=1.000 breaths=0
0710 12:58:33 ds4-server: chat ctx=828..878:50 gen=800 decoding chunk=2.72 t/s avg=2.04 t/s 392.571s
ds4: REAP mask applied: 40 layer, 40 device range aggiornati/creati
ds4: PACE rotate       tok=819 phase=3 keep=23 ngram=0.329 hit=1.000 breaths=0
0710 12:58:50 ds4-server: chat ctx=878..928:50 gen=850 decoding chunk=2.90 t/s avg=2.07 t/s 409.828s
ds4: REAP mask applied: 40 layer, 40 device range aggiornati/creati
ds4: PACE rotate       tok=851 phase=3 keep=23 ngram=0.316 hit=1.000 breaths=0
ds4: REAP mask applied: 40 layer, 40 device range aggiornati/creati
ds4: PACE rotate       tok=883 phase=3 keep=23 ngram=0.287 hit=1.000 breaths=0
0710 12:59:09 ds4-server: chat ctx=928..978:50 gen=900 decoding chunk=2.81 t/s avg=2.10 t/s 427.651s
ds4: REAP mask applied: 40 layer, 40 device range aggiornati/creati
ds4: PACE rotate       tok=915 phase=3 keep=23 ngram=0.279 hit=1.000 breaths=0
ds4: REAP mask applied: 40 layer, 40 device range aggiornati/creati
ds4: PACE rotate       tok=947 phase=3 keep=23 ngram=0.271 hit=1.000 breaths=0
0710 12:59:28 ds4-server: chat ctx=978..1028:50 gen=950 decoding chunk=2.67 t/s avg=2.13 t/s 446.364s
ds4: REAP mask applied: 40 layer, 40 device range aggiornati/creati
ds4: PACE rotate       tok=979 phase=3 keep=23 ngram=0.230 hit=1.000 breaths=0
0710 12:59:47 ds4-server: chat ctx=1028..1078:50 gen=1000 decoding chunk=2.81 t/s avg=2.15 t/s 464.149s
ds4: REAP mask applied: 40 layer, 40 device range aggiornati/creati
ds4: PACE rotate       tok=1011 phase=3 keep=23 ngram=0.208 hit=1.000 breaths=0
ds4: REAP mask applied: 40 layer, 40 device range aggiornati/creati
ds4: PACE rotate       tok=1043 phase=3 keep=23 ngram=0.288 hit=1.000 breaths=0
0710 13:00:05 ds4-server: chat ctx=1078..1128:50 gen=1050 decoding chunk=2.78 t/s avg=2.18 t/s 482.137s
ds4: REAP mask applied: 40 layer, 40 device range aggiornati/creati
ds4: PACE rotate       tok=1075 phase=3 keep=23 ngram=0.243 hit=1.000 breaths=0
0710 13:00:24 ds4-server: chat ctx=1128..1178:50 gen=1100 decoding chunk=2.87 t/s avg=2.20 t/s 499.577s
ds4: REAP mask applied: 40 layer, 40 device range aggiornati/creati
ds4: PACE rotate       tok=1107 phase=3 keep=23 ngram=0.162 hit=1.000 breaths=0
ds4: REAP mask applied: 40 layer, 40 device range aggiornati/creati
ds4: PACE rotate       tok=1139 phase=3 keep=23 ngram=0.185 hit=1.000 breaths=0
0710 13:00:43 ds4-server: chat ctx=1178..1228:50 gen=1150 decoding chunk=2.80 t/s avg=2.22 t/s 517.448s
ds4: REAP mask applied: 40 layer, 40 device range aggiornati/creati
ds4: PACE rotate       tok=1171 phase=3 keep=23 ngram=0.165 hit=1.000 breaths=0
0710 13:01:00 ds4-server: chat ctx=1228..1278:50 gen=1200 decoding chunk=2.91 t/s avg=2.24 t/s 534.634s
ds4: REAP mask applied: 40 layer, 40 device range aggiornati/creati
ds4: PACE rotate       tok=1203 phase=3 keep=23 ngram=0.180 hit=1.000 breaths=0
ds4: REAP mask applied: 40 layer, 40 device range aggiornati/creati
ds4: PACE rotate       tok=1235 phase=3 keep=23 ngram=0.233 hit=1.000 breaths=0
0710 13:01:19 ds4-server: chat ctx=1278..1328:50 gen=1250 decoding chunk=2.88 t/s avg=2.26 t/s 551.967s
ds4: REAP mask applied: 40 layer, 40 device range aggiornati/creati
ds4: PACE rotate       tok=1267 phase=3 keep=23 ngram=0.197 hit=1.000 breaths=0
ds4: REAP mask applied: 40 layer, 40 device range aggiornati/creati
ds4: PACE rotate       tok=1299 phase=3 keep=23 ngram=0.174 hit=1.000 breaths=0
0710 13:01:37 ds4-server: chat ctx=1328..1378:50 gen=1300 decoding chunk=2.76 t/s avg=2.28 t/s 570.064s
ds4: REAP mask applied: 40 layer, 40 device range aggiornati/creati
ds4: PACE rotate       tok=1331 phase=3 keep=23 ngram=0.158 hit=1.000 breaths=0
0710 13:01:56 ds4-server: chat ctx=1378..1428:50 gen=1350 decoding chunk=2.85 t/s avg=2.30 t/s 587.579s
ds4: REAP mask applied: 40 layer, 40 device range aggiornati/creati
ds4: PACE rotate       tok=1363 phase=3 keep=23 ngram=0.147 hit=1.000 breaths=0
ds4: REAP mask applied: 40 layer, 40 device range aggiornati/creati
ds4: PACE rotate       tok=1395 phase=3 keep=23 ngram=0.213 hit=1.000 breaths=0
0710 13:02:13 ds4-server: chat ctx=1428..1478:50 gen=1400 decoding chunk=2.81 t/s avg=2.31 t/s 605.402s
ds4: REAP mask applied: 40 layer, 40 device range aggiornati/creati
ds4: PACE rotate       tok=1427 phase=3 keep=23 ngram=0.164 hit=1.000 breaths=0
0710 13:02:33 ds4-server: chat ctx=1478..1528:50 gen=1450 decoding chunk=2.81 t/s avg=2.33 t/s 623.185s
ds4: REAP mask applied: 40 layer, 40 device range aggiornati/creati
ds4: PACE rotate       tok=1459 phase=3 keep=23 ngram=0.130 hit=1.000 breaths=0
ds4: REAP mask applied: 40 layer, 40 device range aggiornati/creati
ds4: PACE rotate       tok=1491 phase=3 keep=23 ngram=0.180 hit=1.000 breaths=0
0710 13:02:50 ds4-server: chat ctx=1528..1578:50 gen=1500 decoding chunk=2.87 t/s avg=2.34 t/s 640.585s
ds4: REAP mask applied: 40 layer, 40 device range aggiornati/creati
ds4: PACE rotate       tok=1523 phase=3 keep=23 ngram=0.195 hit=1.000 breaths=0
0710 13:03:08 ds4-server: chat ctx=1578..1628:50 gen=1550 decoding chunk=2.89 t/s avg=2.36 t/s 657.910s
ds4: REAP mask applied: 40 layer, 40 device range aggiornati/creati
ds4: PACE rotate       tok=1555 phase=3 keep=23 ngram=0.249 hit=1.000 breaths=0
ds4: REAP mask applied: 40 layer, 40 device range aggiornati/creati
ds4: PACE rotate       tok=1587 phase=3 keep=23 ngram=0.222 hit=1.000 breaths=0
0710 13:03:28 ds4-server: chat ctx=1628..1678:50 gen=1600 decoding chunk=2.80 t/s avg=2.37 t/s 675.755s
ds4: REAP mask applied: 40 layer, 40 device range aggiornati/creati
ds4: PACE rotate       tok=1619 phase=3 keep=23 ngram=0.204 hit=1.000 breaths=0
0710 13:03:45 ds4-server: chat ctx=1678..1728:50 gen=1650 decoding chunk=2.90 t/s avg=2.38 t/s 693.013s
ds4: REAP mask applied: 40 layer, 40 device range aggiornati/creati
ds4: PACE rotate       tok=1651 phase=3 keep=23 ngram=0.208 hit=1.000 breaths=0
ds4: REAP mask applied: 40 layer, 40 device range aggiornati/creati
ds4: PACE rotate       tok=1683 phase=3 keep=23 ngram=0.113 hit=1.000 breaths=0
0710 13:04:04 ds4-server: chat ctx=1728..1778:50 gen=1700 decoding chunk=2.74 t/s avg=2.39 t/s 711.241s
ds4: REAP mask applied: 40 layer, 40 device range aggiornati/creati
ds4: PACE rotate       tok=1715 phase=3 keep=23 ngram=0.156 hit=1.000 breaths=0
ds4: REAP mask applied: 40 layer, 40 device range aggiornati/creati
ds4: PACE rotate       tok=1747 phase=3 keep=23 ngram=0.261 hit=1.000 breaths=0
0710 13:04:23 ds4-server: chat ctx=1778..1828:50 gen=1750 decoding chunk=2.67 t/s avg=2.40 t/s 729.977s
ds4: REAP mask applied: 40 layer, 40 device range aggiornati/creati
ds4: PACE rotate       tok=1779 phase=3 keep=23 ngram=0.453 hit=1.000 breaths=0
0710 13:04:44 ds4-server: chat ctx=1828..1878:50 gen=1800 decoding chunk=2.55 t/s avg=2.40 t/s 749.580s
ds4: REAP mask applied: 40 layer, 40 device range aggiornati/creati
ds4: PACE rotate       tok=1811 phase=3 keep=23 ngram=0.662 hit=1.000 breaths=0
ds4: REAP mask applied: 40 layer, 40 device range aggiornati/creati
ds4: PACE rotate       tok=1843 phase=3 keep=23 ngram=0.877 hit=1.000 breaths=0
0710 13:05:06 ds4-server: chat ctx=1878..1928:50 gen=1850 decoding chunk=2.33 t/s avg=2.40 t/s 771.060s
ds4: REAP mask applied: 40 layer, 40 device range aggiornati/creati
ds4: PACE rotate       tok=1875 phase=3 keep=23 ngram=0.971 hit=1.000 breaths=0
0710 13:05:27 ds4-server: chat ctx=1928..1978:50 gen=1900 decoding chunk=2.50 t/s avg=2.40 t/s 791.074s
ds4: REAP mask applied: 40 layer, 40 device range aggiornati/creati
ds4: PACE rotate       tok=1907 phase=3 keep=23 ngram=0.974 hit=1.000 breaths=0
ds4: REAP mask applied: 40 layer, 40 device range aggiornati/creati
ds4: PACE rotate       tok=1939 phase=3 keep=23 ngram=0.975 hit=1.000 breaths=0
0710 13:05:46 ds4-server: chat ctx=1978..2028:50 gen=1950 decoding chunk=2.71 t/s avg=2.41 t/s 809.524s
ds4: REAP mask applied: 40 layer, 40 device range aggiornati/creati
ds4: PACE rotate       tok=1971 phase=3 keep=23 ngram=0.975 hit=1.000 breaths=0
0710 13:06:06 ds4-server: chat ctx=2028..2078:50 gen=2000 decoding chunk=2.62 t/s avg=2.41 t/s 828.578s
ds4: REAP mask applied: 40 layer, 40 device range aggiornati/creati
ds4: PACE rotate       tok=2003 phase=3 keep=23 ngram=0.975 hit=1.000 breaths=0
ds4: REAP mask applied: 40 layer, 40 device range aggiornati/creati
ds4: PACE rotate       tok=2035 phase=3 keep=23 ngram=0.975 hit=1.000 breaths=0
0710 13:06:25 ds4-server: chat ctx=2078..2128:50 gen=2050 decoding chunk=2.73 t/s avg=2.42 t/s 846.914s
ds4: REAP mask applied: 40 layer, 40 device range aggiornati/creati
ds4: PACE rotate       tok=2067 phase=3 keep=23 ngram=0.975 hit=1.000 breaths=0
ds4: REAP mask applied: 40 layer, 40 device range aggiornati/creati
ds4: PACE rotate       tok=2099 phase=3 keep=23 ngram=0.975 hit=1.000 breaths=0
0710 13:06:44 ds4-server: chat ctx=2128..2178:50 gen=2100 decoding chunk=2.79 t/s avg=2.43 t/s 864.860s
ds4: REAP mask applied: 40 layer, 40 device range aggiornati/creati
ds4: PACE rotate       tok=2131 phase=3 keep=23 ngram=0.975 hit=1.000 breaths=0
0710 13:07:02 ds4-server: chat ctx=2178..2228:50 gen=2150 decoding chunk=2.80 t/s avg=2.44 t/s 882.705s
ds4: REAP mask applied: 40 layer, 40 device range aggiornati/creati
ds4: PACE rotate       tok=2163 phase=3 keep=23 ngram=0.975 hit=1.000 breaths=0
ds4: REAP mask applied: 40 layer, 40 device range aggiornati/creati
ds4: PACE rotate       tok=2195 phase=3 keep=23 ngram=0.975 hit=1.000 breaths=0
0710 13:07:21 ds4-server: chat ctx=2228..2278:50 gen=2200 decoding chunk=2.84 t/s avg=2.44 t/s 900.332s
ds4: REAP mask applied: 40 layer, 40 device range aggiornati/creati
ds4: PACE rotate       tok=2227 phase=3 keep=23 ngram=0.975 hit=1.000 breaths=0
0710 13:07:40 ds4-server: chat ctx=2278..2328:50 gen=2250 decoding chunk=2.82 t/s avg=2.45 t/s 918.085s
ds4: REAP mask applied: 40 layer, 40 device range aggiornati/creati
ds4: PACE rotate       tok=2259 phase=3 keep=23 ngram=0.975 hit=1.000 breaths=0
ds4: REAP mask applied: 40 layer, 40 device range aggiornati/creati
ds4: PACE rotate       tok=2291 phase=3 keep=23 ngram=0.975 hit=1.000 breaths=0
0710 13:07:57 ds4-server: chat ctx=2328..2378:50 gen=2300 decoding chunk=2.87 t/s avg=2.46 t/s 935.508s
ds4: REAP mask applied: 40 layer, 40 device range aggiornati/creati
ds4: PACE rotate       tok=2323 phase=3 keep=23 ngram=0.975 hit=1.000 breaths=0
0710 13:08:16 ds4-server: chat ctx=2378..2428:50 gen=2350 decoding chunk=2.87 t/s avg=2.47 t/s 952.950s
ds4: REAP mask applied: 40 layer, 40 device range aggiornati/creati
ds4: PACE rotate       tok=2355 phase=3 keep=23 ngram=0.975 hit=1.000 breaths=0
ds4: REAP mask applied: 40 layer, 40 device range aggiornati/creati
ds4: PACE rotate       tok=2387 phase=3 keep=23 ngram=0.975 hit=1.000 breaths=0
0710 13:08:34 ds4-server: chat ctx=2428..2478:50 gen=2400 decoding chunk=2.82 t/s avg=2.47 t/s 970.711s
ds4: REAP mask applied: 40 layer, 40 device range aggiornati/creati
ds4: PACE rotate       tok=2419 phase=3 keep=23 ngram=0.975 hit=1.000 breaths=0
0710 13:08:53 ds4-server: chat ctx=2478..2528:50 gen=2450 decoding chunk=2.79 t/s avg=2.48 t/s 988.658s
ds4: REAP mask applied: 40 layer, 40 device range aggiornati/creati
ds4: PACE rotate       tok=2451 phase=3 keep=23 ngram=0.975 hit=1.000 breaths=0
ds4: REAP mask applied: 40 layer, 40 device range aggiornati/creati
ds4: PACE rotate       tok=2483 phase=3 keep=23 ngram=0.975 hit=1.000 breaths=0
0710 13:09:10 ds4-server: chat ctx=2528..2578:50 gen=2500 decoding chunk=2.88 t/s avg=2.49 t/s 1006.018s
ds4: REAP mask applied: 40 layer, 40 device range aggiornati/creati
ds4: PACE rotate       tok=2515 phase=3 keep=23 ngram=0.975 hit=1.000 breaths=0
ds4: REAP mask applied: 40 layer, 40 device range aggiornati/creati
ds4: PACE rotate       tok=2547 phase=3 keep=23 ngram=0.975 hit=1.000 breaths=0
0710 13:09:30 ds4-server: chat ctx=2578..2628:50 gen=2550 decoding chunk=2.79 t/s avg=2.49 t/s 1023.945s
ds4: REAP mask applied: 40 layer, 40 device range aggiornati/creati
ds4: PACE rotate       tok=2579 phase=3 keep=23 ngram=0.975 hit=1.000 breaths=0
0710 13:09:47 ds4-server: chat ctx=2628..2678:50 gen=2600 decoding chunk=2.87 t/s avg=2.50 t/s 1041.366s
ds4: REAP mask applied: 40 layer, 40 device range aggiornati/creati
ds4: PACE rotate       tok=2611 phase=3 keep=23 ngram=0.975 hit=1.000 breaths=0
ds4: REAP mask applied: 40 layer, 40 device range aggiornati/creati
ds4: PACE rotate       tok=2643 phase=3 keep=23 ngram=0.975 hit=1.000 breaths=0
0710 13:10:06 ds4-server: chat ctx=2678..2728:50 gen=2650 decoding chunk=2.90 t/s avg=2.50 t/s 1058.633s
ds4: REAP mask applied: 40 layer, 40 device range aggiornati/creati
ds4: PACE rotate       tok=2675 phase=3 keep=23 ngram=0.975 hit=1.000 breaths=0
0710 13:10:23 ds4-server: chat ctx=2728..2778:50 gen=2700 decoding chunk=2.88 t/s avg=2.51 t/s 1075.971s
ds4: REAP mask applied: 40 layer, 40 device range aggiornati/creati
ds4: PACE rotate       tok=2707 phase=3 keep=23 ngram=0.975 hit=1.000 breaths=0
ds4: REAP mask applied: 40 layer, 40 device range aggiornati/creati
ds4: PACE rotate       tok=2739 phase=3 keep=23 ngram=0.975 hit=1.000 breaths=0
0710 13:10:42 ds4-server: chat ctx=2778..2828:50 gen=2750 decoding chunk=2.80 t/s avg=2.51 t/s 1093.839s
ds4: REAP mask applied: 40 layer, 40 device range aggiornati/creati
ds4: PACE rotate       tok=2771 phase=3 keep=23 ngram=0.975 hit=1.000 breaths=0
0710 13:11:02 ds4-server: chat ctx=2828..2878:50 gen=2800 decoding chunk=2.84 t/s avg=2.52 t/s 1111.464s
ds4: REAP mask applied: 40 layer, 40 device range aggiornati/creati
ds4: PACE rotate       tok=2803 phase=3 keep=23 ngram=0.975 hit=1.000 breaths=0
ds4: REAP mask applied: 40 layer, 40 device range aggiornati/creati
ds4: PACE rotate       tok=2835 phase=3 keep=23 ngram=0.975 hit=1.000 breaths=0
0710 13:11:19 ds4-server: chat ctx=2878..2928:50 gen=2850 decoding chunk=2.91 t/s avg=2.53 t/s 1128.645s
ds4: REAP mask applied: 40 layer, 40 device range aggiornati/creati
ds4: PACE rotate       tok=2867 phase=3 keep=23 ngram=0.975 hit=1.000 breaths=0
ds4: REAP mask applied: 40 layer, 40 device range aggiornati/creati
ds4: PACE rotate       tok=2899 phase=3 keep=23 ngram=0.975 hit=1.000 breaths=0
0710 13:11:38 ds4-server: chat ctx=2928..2978:50 gen=2900 decoding chunk=2.83 t/s avg=2.53 t/s 1146.323s
ds4: REAP mask applied: 40 layer, 40 device range aggiornati/creati
ds4: PACE rotate       tok=2931 phase=3 keep=23 ngram=0.975 hit=1.000 breaths=0
0710 13:11:55 ds4-server: chat ctx=2978..3028:50 gen=2950 decoding chunk=2.92 t/s avg=2.54 t/s 1163.453s
ds4: REAP mask applied: 40 layer, 40 device range aggiornati/creati
ds4: PACE rotate       tok=2963 phase=3 keep=23 ngram=0.975 hit=1.000 breaths=0
ds4: REAP mask applied: 40 layer, 40 device range aggiornati/creati
ds4: PACE rotate       tok=2995 phase=3 keep=23 ngram=0.975 hit=1.000 breaths=0
0710 13:12:14 ds4-server: chat ctx=3028..3078:50 gen=3000 decoding chunk=2.84 t/s avg=2.54 t/s 1181.035s
ds4: REAP mask applied: 40 layer, 40 device range aggiornati/creati
ds4: PACE rotate       tok=3027 phase=3 keep=23 ngram=0.975 hit=1.000 breaths=0
0710 13:12:31 ds4-server: chat ctx=3078..3128:50 gen=3050 decoding chunk=2.97 t/s avg=2.55 t/s 1197.886s
ds4: REAP mask applied: 40 layer, 40 device range aggiornati/creati
ds4: PACE rotate       tok=3059 phase=3 keep=23 ngram=0.975 hit=1.000 breaths=0
ds4: REAP mask applied: 40 layer, 40 device range aggiornati/creati
ds4: PACE rotate       tok=3091 phase=3 keep=23 ngram=0.975 hit=1.000 breaths=0
0710 13:12:51 ds4-server: chat ctx=3128..3178:50 gen=3100 decoding chunk=2.82 t/s avg=2.55 t/s 1215.639s
ds4: REAP mask applied: 40 layer, 40 device range aggiornati/creati
ds4: PACE rotate       tok=3123 phase=3 keep=23 ngram=0.975 hit=1.000 breaths=0
0710 13:13:08 ds4-server: chat ctx=3178..3228:50 gen=3150 decoding chunk=2.83 t/s avg=2.55 t/s 1233.298s
ds4: REAP mask applied: 40 layer, 40 device range aggiornati/creati
ds4: PACE rotate       tok=3155 phase=3 keep=23 ngram=0.975 hit=1.000 breaths=0
ds4: REAP mask applied: 40 layer, 40 device range aggiornati/creati
ds4: PACE rotate       tok=3187 phase=3 keep=23 ngram=0.975 hit=1.000 breaths=0
0710 13:13:28 ds4-server: chat ctx=3228..3278:50 gen=3200 decoding chunk=2.76 t/s avg=2.56 t/s 1251.385s
ds4: REAP mask applied: 40 layer, 40 device range aggiornati/creati
ds4: PACE rotate       tok=3219 phase=3 keep=23 ngram=0.975 hit=1.000 breaths=0
0710 13:13:45 ds4-server: chat ctx=3278..3328:50 gen=3250 decoding chunk=2.86 t/s avg=2.56 t/s 1268.856s
ds4: REAP mask applied: 40 layer, 40 device range aggiornati/creati
ds4: PACE rotate       tok=3251 phase=3 keep=23 ngram=0.975 hit=1.000 breaths=0
ds4: REAP mask applied: 40 layer, 40 device range aggiornati/creati
ds4: PACE rotate       tok=3283 phase=3 keep=23 ngram=0.975 hit=1.000 breaths=0
0710 13:14:05 ds4-server: chat ctx=3328..3378:50 gen=3300 decoding chunk=2.85 t/s avg=2.57 t/s 1286.409s
ds4: REAP mask applied: 40 layer, 40 device range aggiornati/creati
ds4: PACE rotate       tok=3315 phase=3 keep=23 ngram=0.975 hit=1.000 breaths=0
ds4: REAP mask applied: 40 layer, 40 device range aggiornati/creati
ds4: PACE rotate       tok=3347 phase=3 keep=23 ngram=0.975 hit=1.000 breaths=0
0710 13:14:23 ds4-server: chat ctx=3378..3428:50 gen=3350 decoding chunk=2.88 t/s avg=2.57 t/s 1303.786s
ds4: REAP mask applied: 40 layer, 40 device range aggiornati/creati
ds4: PACE rotate       tok=3379 phase=3 keep=23 ngram=0.975 hit=1.000 breaths=0
0710 13:14:41 ds4-server: chat ctx=3428..3478:50 gen=3400 decoding chunk=2.82 t/s avg=2.57 t/s 1321.486s
ds4: REAP mask applied: 40 layer, 40 device range aggiornati/creati
ds4: PACE rotate       tok=3411 phase=3 keep=23 ngram=0.975 hit=1.000 breaths=0
ds4: REAP mask applied: 40 layer, 40 device range aggiornati/creati
ds4: PACE rotate       tok=3443 phase=3 keep=23 ngram=0.975 hit=1.000 breaths=0
0710 13:15:01 ds4-server: chat ctx=3478..3528:50 gen=3450 decoding chunk=2.72 t/s avg=2.57 t/s 1339.892s
ds4: REAP mask applied: 40 layer, 40 device range aggiornati/creati
ds4: PACE rotate       tok=3475 phase=3 keep=23 ngram=0.975 hit=1.000 breaths=0
0710 13:15:18 ds4-server: chat ctx=3528..3578:50 gen=3500 decoding chunk=2.89 t/s avg=2.58 t/s 1357.165s
ds4: REAP mask applied: 40 layer, 40 device range aggiornati/creati
ds4: PACE rotate       tok=3507 phase=3 keep=23 ngram=0.975 hit=1.000 breaths=0
ds4: REAP mask applied: 40 layer, 40 device range aggiornati/creati
ds4: PACE rotate       tok=3539 phase=3 keep=23 ngram=0.975 hit=1.000 breaths=0
0710 13:15:38 ds4-server: chat ctx=3578..3628:50 gen=3550 decoding chunk=2.80 t/s avg=2.58 t/s 1375.025s
ds4: REAP mask applied: 40 layer, 40 device range aggiornati/creati
ds4: PACE rotate       tok=3571 phase=3 keep=23 ngram=0.975 hit=1.000 breaths=0
0710 13:15:55 ds4-server: chat ctx=3628..3678:50 gen=3600 decoding chunk=2.87 t/s avg=2.59 t/s 1392.443s
ds4: REAP mask applied: 40 layer, 40 device range aggiornati/creati
ds4: PACE rotate       tok=3603 phase=3 keep=23 ngram=0.975 hit=1.000 breaths=0
ds4: REAP mask applied: 40 layer, 40 device range aggiornati/creati
ds4: PACE rotate       tok=3635 phase=3 keep=23 ngram=0.975 hit=1.000 breaths=0
0710 13:16:15 ds4-server: chat ctx=3678..3728:50 gen=3650 decoding chunk=2.80 t/s avg=2.59 t/s 1410.302s
ds4: REAP mask applied: 40 layer, 40 device range aggiornati/creati
ds4: PACE rotate       tok=3667 phase=3 keep=23 ngram=0.975 hit=1.000 breaths=0
ds4: REAP mask applied: 40 layer, 40 device range aggiornati/creati
ds4: PACE rotate       tok=3699 phase=3 keep=23 ngram=0.975 hit=1.000 breaths=0
0710 13:16:32 ds4-server: chat ctx=3728..3778:50 gen=3700 decoding chunk=2.85 t/s avg=2.59 t/s 1427.868s
ds4: REAP mask applied: 40 layer, 40 device range aggiornati/creati
ds4: PACE rotate       tok=3731 phase=3 keep=23 ngram=0.975 hit=1.000 breaths=0
0710 13:16:51 ds4-server: chat ctx=3778..3828:50 gen=3750 decoding chunk=2.81 t/s avg=2.59 t/s 1445.681s
ds4: REAP mask applied: 40 layer, 40 device range aggiornati/creati
ds4: PACE rotate       tok=3763 phase=3 keep=23 ngram=0.975 hit=1.000 breaths=0
ds4: REAP mask applied: 40 layer, 40 device range aggiornati/creati
ds4: PACE rotate       tok=3795 phase=3 keep=23 ngram=0.975 hit=1.000 breaths=0
0710 13:17:09 ds4-server: chat ctx=3828..3878:50 gen=3800 decoding chunk=2.85 t/s avg=2.60 t/s 1463.199s
ds4: REAP mask applied: 40 layer, 40 device range aggiornati/creati
ds4: PACE rotate       tok=3827 phase=3 keep=23 ngram=0.975 hit=1.000 breaths=0
0710 13:17:28 ds4-server: chat ctx=3878..3928:50 gen=3850 decoding chunk=2.85 t/s avg=2.60 t/s 1480.730s
ds4: REAP mask applied: 40 layer, 40 device range aggiornati/creati
ds4: PACE rotate       tok=3859 phase=3 keep=23 ngram=0.975 hit=1.000 breaths=0
ds4: REAP mask applied: 40 layer, 40 device range aggiornati/creati
ds4: PACE rotate       tok=3891 phase=3 keep=23 ngram=0.975 hit=1.000 breaths=0
0710 13:17:47 ds4-server: chat ctx=3928..3978:50 gen=3900 decoding chunk=2.79 t/s avg=2.60 t/s 1498.648s
ds4: REAP mask applied: 40 layer, 40 device range aggiornati/creati
ds4: PACE rotate       tok=3923 phase=3 keep=23 ngram=0.975 hit=1.000 breaths=0
0710 13:18:05 ds4-server: chat ctx=3978..4028:50 gen=3950 decoding chunk=2.87 t/s avg=2.61 t/s 1516.081s
ds4: REAP mask applied: 40 layer, 40 device range aggiornati/creati
ds4: PACE rotate       tok=3955 phase=3 keep=23 ngram=0.975 hit=1.000 breaths=0
ds4: REAP mask applied: 40 layer, 40 device range aggiornati/creati
ds4: PACE rotate       tok=3987 phase=3 keep=23 ngram=0.975 hit=1.000 breaths=0
0710 13:18:24 ds4-server: chat ctx=4028..4078:50 gen=4000 decoding chunk=2.79 t/s avg=2.61 t/s 1534.014s
0710 13:18:24 ds4-server: chat ctx=0..78:78 gen=4000 finish=length 1669.611s
