ds4: Linux cuda backend set oom_score_adj=1000
ds4: CUDA backend initialized on NVIDIA GeForce RTX 4070 Ti (sm_89)
ds4: SSD streaming initial cuda model map restricted to token embedding (1 spans, 0.99 GiB tensor span)
ds4: CUDA preparing model tensor mappings
ds4: CUDA loading model tensors into device cache
ds4: CUDA startup model preparation covered 0.99 GiB of tensor spans in 0.667s
ds4: cuda backend initialized for graph diagnostics
0709 12:30:01 ds4-server: context buffers 122.69 MiB (ctx=4096, backend=cuda, prefill_chunk=512, raw_kv_rows=768, compressed_kv_rows=1026)
0709 12:30:01 ds4-server: listening on http://127.0.0.1:8016
0709 12:30:02 ds4-server: chat ctx=0..61:61 prompt start
ds4: PACE on - warmup=50 keep=23[23..96] step=0 ngram(n=3,win=120) drift=1.00 rel=0.15 hyst=200 breath(every=999999,len=80,keep=96,relearn=0) prebreath(on=0,drift=0.18,every=64,max=96) anneal_warm=300 wrap=1 cache_flush=0 prefill_apply=0 prefill_wait_wrap=0 s1=0 exchange=0 rotate(on=0,every=32,decay=0.980)
ds4: PACE prefill_reset tok=0 phase=1 keep=0 ngram=0.000 hit=1.000 breaths=0
ds4: expert tiering observe enabled (DS4_EXPERT_TIERING=observe; log=)
ds4: CUDA loading model tensors 0.13 GiB cached
ds4: CUDA loading model tensors 0.14 GiB cached
0709 12:30:26 ds4-server: chat ctx=0..61:61 prompt done 23.559s
ds4: CUDA loading model tensors 7.86 GiB cached
ds4: PACE learned      tok=50 phase=2 keep=0 ngram=0.000 hit=1.000 breaths=0
0709 12:31:03 ds4-server: chat ctx=61..111:50 gen=50 decoding chunk=1.34 t/s avg=1.34 t/s 37.277s
ds4: REAP mask applied: 40 layer, 40 device range aggiornati/creati
ds4: PACE descent      tok=51 phase=3 keep=23 ngram=0.000 hit=1.000 breaths=0
ds4: REAP prefetch (fattorino): 40 layer, 920 expert, 2538 range, 6.07 GiB touched in 278 ms (16 thread, mlock)
0709 12:31:08 ds4-server: chat ctx=111..125:14 gen=64 decoding chunk=2.78 t/s avg=1.51 t/s 42.311s
0709 12:31:08 ds4-server: chat ctx=0..61:61 gen=64 finish=length 65.877s
0709 12:31:08 ds4-server: live kv cache miss live=125 prompt=61 common=61 reason=token-mismatch
0709 12:31:08 ds4-server: chat ctx=0..61:61 prompt start
ds4: REAP mask applied: 40 layer, 40 device range aggiornati/creati
ds4: PACE prefill_reset tok=0 phase=1 keep=0 ngram=0.000 hit=1.000 breaths=0
ds4: CUDA loading model tensors 0.00 GiB cached
ds4: CUDA loading model tensors 0.15 GiB cached
ds4: CUDA loading model tensors 0.16 GiB cached
0709 12:31:29 ds4-server: chat ctx=0..61:61 prompt done 20.823s
ds4: PACE learned      tok=50 phase=2 keep=0 ngram=0.000 hit=1.000 breaths=0
0709 12:32:02 ds4-server: chat ctx=61..111:50 gen=50 decoding chunk=1.52 t/s avg=1.52 t/s 32.907s
ds4: REAP mask applied: 40 layer, 40 device range aggiornati/creati
ds4: PACE descent      tok=51 phase=3 keep=23 ngram=0.000 hit=1.000 breaths=0
ds4: CUDA loading model tensors 7.86 GiB cached
0709 12:32:20 ds4-server: chat ctx=111..161:50 gen=100 decoding chunk=2.79 t/s avg=1.97 t/s 50.829s
0709 12:32:35 ds4-server: chat ctx=161..211:50 gen=150 decoding chunk=3.24 t/s avg=2.26 t/s 66.280s
0709 12:32:50 ds4-server: chat ctx=211..261:50 gen=200 decoding chunk=3.27 t/s avg=2.45 t/s 81.565s
0709 12:33:05 ds4-server: chat ctx=261..311:50 gen=250 decoding chunk=3.34 t/s avg=2.59 t/s 96.546s
0709 12:33:20 ds4-server: chat ctx=311..361:50 gen=300 decoding chunk=3.36 t/s avg=2.69 t/s 111.449s
0709 12:33:35 ds4-server: chat ctx=361..411:50 gen=350 decoding chunk=3.35 t/s avg=2.77 t/s 126.375s
0709 12:33:50 ds4-server: chat ctx=411..461:50 gen=400 decoding chunk=3.35 t/s avg=2.83 t/s 141.319s
0709 12:34:05 ds4-server: chat ctx=461..511:50 gen=450 decoding chunk=3.35 t/s avg=2.88 t/s 156.253s
0709 12:34:20 ds4-server: chat ctx=511..561:50 gen=500 decoding chunk=3.35 t/s avg=2.92 t/s 171.174s
0709 12:34:24 ds4-server: chat ctx=561..573:12 gen=512 decoding chunk=3.35 t/s avg=2.93 t/s 174.758s
0709 12:34:24 ds4-server: chat ctx=0..61:61 gen=512 finish=length 195.582s
0709 12:34:24 ds4-server: shutdown requested, draining requests
ds4: SPEX stats: selected_batches=24854 selected_experts=157786 cache_hits=0 cache_misses=148736 hit_rate=0.0000 miss_per_expert=0.9426 direct_loads=9178 copy_calls=473742 copied=1065919.50 MiB copy_ms=225835.351 copy_ms_per_batch=9.086 sync_calls=473742 sync_ms=51104.312 sync_ms_per_batch=2.056
ds4: expert tiering observe summary batches=24854 slots=180084 compact=157786 hit_rate=0.0000 hits=0 misses=148608 direct=9178 evictions=148480 direct=61951.50 MiB compact=1065055.50 MiB
ds4: expert tiering observe layer=2 batches=578 slots=4188 compact=3844 hit_rate=0.0000 misses=3456 direct=388 evictions=3444 cap=64 top=146:92,21:76,108:71,68:67,89:61,40:56
ds4: expert tiering observe layer=0 batches=578 slots=4188 compact=3828 hit_rate=0.0000 misses=3456 direct=372 evictions=3444 cap=64 top=195:77,166:73,79:67,93:59,231:59,4:58
ds4: expert tiering observe layer=1 batches=578 slots=4188 compact=3822 hit_rate=0.0000 misses=3456 direct=366 evictions=3444 cap=64 top=67:86,81:86,165:78,0:63,175:63,229:58
ds4: expert tiering observe layer=19 batches=578 slots=4188 compact=3716 hit_rate=0.0000 misses=3456 direct=260 evictions=3456 cap=64 top=254:396,10:320,31:249,168:243,181:226,44:222
ds4: expert tiering observe layer=10 batches=578 slots=4188 compact=3696 hit_rate=0.0000 misses=3456 direct=240 evictions=3448 cap=64 top=15:364,150:303,107:285,11:273,89:250,40:246
