ds4: Linux cuda backend set oom_score_adj=1000
ds4: CUDA backend initialized on NVIDIA GeForce RTX 3060 (sm_86)
ds4: SSD streaming initial cuda model map restricted to token embedding (1 spans, 0.99 GiB tensor span)
ds4: CUDA preparing model tensor mappings
ds4: CUDA loading model tensors into device cache
ds4: CUDA startup model preparation covered 0.99 GiB of tensor spans in 0.391s
ds4: cuda backend initialized for graph diagnostics
0709 21:27:55 ds4-server: context buffers 93.82 MiB (ctx=2048, backend=cuda, prefill_chunk=512, raw_kv_rows=768, compressed_kv_rows=514)
0709 21:27:55 ds4-server: listening on http://127.0.0.1:8014
0709 21:27:56 ds4-server: chat ctx=0..78:78 prompt start
ds4: PACE on - warmup=50 keep=23[23..96] step=0 ngram(n=3,win=120) drift=1.00 rel=0.15 hyst=200 breath(every=999999,len=80,keep=96,relearn=0) prebreath(on=0,drift=0.18,target=0.18,every=64,max=96,adapt=0,gain=8.00,pow=1.00,step_max=0,relearn=0,rdecay=0.30) anneal_warm=300 wrap=1 cache_flush=0 prefill_apply=0 prefill_wait_wrap=0 s1=0 exchange=0 weighted(warmup=0,relearn=0) rotate(on=0,every=32,decay=0.980)
ds4: PACE prefill_reset tok=0 phase=1 keep=0 ngram=0.000 hit=1.000 breaths=0
ds4: expert tiering observe enabled (DS4_EXPERT_TIERING=observe; log=)
ds4: CUDA loading model tensors 0.13 GiB cached
0709 21:28:14 ds4-server: chat ctx=0..78:78 prompt done 18.338s
ds4: CUDA loading model tensors 5.38 GiB cached
ds4: PACE learned      tok=50 phase=2 keep=0 ngram=0.000 hit=1.000 breaths=0
ds4: CUDA loading model tensors 7.86 GiB cached
0709 21:28:41 ds4-server: chat ctx=78..128:50 gen=50 decoding chunk=1.94 t/s avg=1.94 t/s 25.783s
ds4: REAP mask applied: 40 layer, 40 device range aggiornati/creati
ds4: PACE descent      tok=51 phase=3 keep=23 ngram=0.000 hit=1.000 breaths=0
ds4: REAP prefetch (fattorino): 40 layer, 920 expert, 2511 range, 6.07 GiB touched in 461 ms (16 thread, mlock)
0709 21:29:01 ds4-server: chat ctx=128..178:50 gen=100 decoding chunk=2.42 t/s avg=2.15 t/s 46.412s
0709 21:29:23 ds4-server: chat ctx=178..228:50 gen=150 decoding chunk=2.38 t/s avg=2.22 t/s 67.429s
0709 21:29:44 ds4-server: chat ctx=228..278:50 gen=200 decoding chunk=2.49 t/s avg=2.29 t/s 87.526s
0709 21:30:04 ds4-server: chat ctx=278..328:50 gen=250 decoding chunk=2.46 t/s avg=2.32 t/s 107.857s
0709 21:30:25 ds4-server: chat ctx=328..378:50 gen=300 decoding chunk=2.48 t/s avg=2.34 t/s 128.020s
0709 21:30:45 ds4-server: chat ctx=378..428:50 gen=350 decoding chunk=2.52 t/s avg=2.37 t/s 147.872s
0709 21:31:06 ds4-server: chat ctx=428..478:50 gen=400 decoding chunk=2.39 t/s avg=2.37 t/s 168.753s
0709 21:31:29 ds4-server: chat ctx=478..528:50 gen=450 decoding chunk=2.19 t/s avg=2.35 t/s 191.577s
0709 21:31:54 ds4-server: chat ctx=528..578:50 gen=500 decoding chunk=2.10 t/s avg=2.32 t/s 215.415s
0709 21:32:17 ds4-server: chat ctx=578..628:50 gen=550 decoding chunk=2.14 t/s avg=2.30 t/s 238.804s
0709 21:32:41 ds4-server: chat ctx=628..678:50 gen=600 decoding chunk=2.12 t/s avg=2.29 t/s 262.408s
0709 21:33:05 ds4-server: chat ctx=678..728:50 gen=650 decoding chunk=2.14 t/s avg=2.27 t/s 285.797s
0709 21:33:30 ds4-server: chat ctx=728..778:50 gen=700 decoding chunk=2.12 t/s avg=2.26 t/s 309.341s
0709 21:33:53 ds4-server: chat ctx=778..828:50 gen=750 decoding chunk=2.14 t/s avg=2.25 t/s 332.656s
0709 21:34:16 ds4-server: chat ctx=828..878:50 gen=800 decoding chunk=2.18 t/s avg=2.25 t/s 355.593s
0709 21:34:16 ds4-server: chat ctx=0..78:78 gen=800 finish=length 373.931s
