ds4: Linux cuda backend set oom_score_adj=1000
ds4: CUDA backend initialized on NVIDIA GeForce RTX 3060 (sm_86)
ds4: SSD streaming initial cuda model map restricted to token embedding (1 spans, 0.99 GiB tensor span)
ds4: CUDA preparing model tensor mappings
ds4: CUDA loading model tensors into device cache
ds4: CUDA startup model preparation covered 0.99 GiB of tensor spans in 0.896s
ds4: cuda backend initialized for graph diagnostics
0709 13:59:30 ds4-server: context buffers 93.82 MiB (ctx=2048, backend=cuda, prefill_chunk=512, raw_kv_rows=768, compressed_kv_rows=514)
0709 13:59:30 ds4-server: listening on http://127.0.0.1:8015
0709 13:59:31 ds4-server: chat ctx=0..61:61 prompt start
ds4: PACE on - warmup=50 keep=23[23..96] step=0 ngram(n=3,win=120) drift=1.00 rel=0.15 hyst=200 breath(every=999999,len=80,keep=96,relearn=0) prebreath(on=0,drift=0.18,every=64,max=96) anneal_warm=300 wrap=1 cache_flush=0 prefill_apply=0 prefill_wait_wrap=0 s1=0 exchange=0 rotate(on=1,every=16,decay=0.980)
ds4: PACE prefill_reset tok=0 phase=1 keep=0 ngram=0.000 hit=1.000 breaths=0
ds4: expert tiering observe enabled (DS4_EXPERT_TIERING=observe; log=)
ds4: CUDA loading model tensors 0.13 GiB cached
ds4: CUDA loading model tensors 0.14 GiB cached
ds4: CUDA loading model tensors 0.15 GiB cached
ds4: CUDA loading model tensors 0.16 GiB cached
ds4: CUDA loading model tensors 0.13 GiB cached
ds4: CUDA loading model tensors 0.15 GiB cached
0709 14:00:38 ds4-server: chat ctx=0..61:61 prompt done 66.694s
ds4: CUDA loading model tensors 1.77 GiB cached
ds4: CUDA loading model tensors 3.46 GiB cached
ds4: CUDA loading model tensors 7.86 GiB cached
ds4: PACE learned      tok=50 phase=2 keep=0 ngram=0.000 hit=1.000 breaths=0
0709 14:02:30 ds4-server: chat ctx=61..111:50 gen=50 decoding chunk=0.44 t/s avg=0.44 t/s 112.736s
ds4: REAP mask applied: 40 layer, 40 device range aggiornati/creati
ds4: PACE descent      tok=51 phase=3 keep=23 ngram=0.000 hit=1.000 breaths=0
ds4: REAP prefetch (fattorino): 40 layer, 920 expert, 2505 range, 6.07 GiB touched in 1198 ms (16 thread, mlock)
ds4: REAP mask applied: 40 layer, 40 device range aggiornati/creati
ds4: PACE rotate       tok=67 phase=3 keep=23 ngram=0.000 hit=1.000 breaths=0
ds4: REAP prefetch (fattorino): 40 layer, 920 expert, 2541 range, 6.07 GiB touched in 2646 ms (16 thread, mlock)
0709 14:02:47 ds4-server: chat ctx=111..133:22 gen=72 decoding chunk=1.31 t/s avg=0.56 t/s 129.527s
0709 14:02:47 ds4-server: chat ctx=0..61:61 gen=72 finish=length 196.230s
0709 14:02:47 ds4-server: shutdown requested, draining requests
ds4: SPEX stats: selected_batches=3139 selected_experts=23151 cache_hits=0 cache_misses=264 hit_rate=0.0000 miss_per_expert=0.0114 direct_loads=23145 copy_calls=70227 copied=158010.75 MiB copy_ms=155759.893 copy_ms_per_batch=49.621 sync_calls=70227 sync_ms=9980.542 sync_ms_per_batch=3.180
ds4: expert tiering observe summary batches=3139 slots=34314 compact=23151 hit_rate=0.0000 hits=0 misses=6 direct=23145 evictions=0 direct=156228.75 MiB compact=156269.25 MiB
ds4: expert tiering observe layer=2 batches=73 slots=798 compact=626 hit_rate=0.0000 misses=0 direct=626 evictions=0 cap=0 top=146:17,39:13,128:13,65:10,159:10,170:10
ds4: expert tiering observe layer=0 batches=73 slots=798 compact=618 hit_rate=0.0000 misses=6 direct=612 evictions=0 cap=193 top=51:13,27:11,93:11,50:10,30:9,55:9
ds4: expert tiering observe layer=1 batches=73 slots=798 compact=615 hit_rate=0.0000 misses=0 direct=615 evictions=0 cap=0 top=107:13,0:11,8:10,215:10,19:9,146:9
ds4: expert tiering observe layer=19 batches=73 slots=798 compact=563 hit_rate=0.0000 misses=0 direct=563 evictions=0 cap=0 top=181:42,44:38,254:33,60:28,31:26,10:23
ds4: expert tiering observe layer=10 batches=73 slots=798 compact=552 hit_rate=0.0000 misses=0 direct=552 evictions=0 cap=0 top=40:61,30:41,15:33,150:32,107:27,11:25
