ds4: Linux cuda backend set oom_score_adj=1000
ds4: CUDA backend initialized on NVIDIA GeForce RTX 3060 (sm_86)
ds4: SSD streaming initial cuda model map restricted to token embedding (1 spans, 0.99 GiB tensor span)
ds4: CUDA preparing model tensor mappings
ds4: CUDA loading model tensors into device cache
ds4: CUDA startup model preparation covered 0.99 GiB of tensor spans in 0.943s
ds4: cuda backend initialized for graph diagnostics
0712 08:03:00 ds4-server: context buffers 122.69 MiB (ctx=4096, backend=cuda, prefill_chunk=512, raw_kv_rows=768, compressed_kv_rows=1026)
0712 08:03:00 ds4-server: listening on http://127.0.0.1:8032
0712 08:03:00 ds4-server: chat ctx=0..158:158 prompt start
ds4: PACE LIVEMASK on - bootstrap=10 window=16 K=23 observe_top=16 X=3 max_swaps=2 cooldown=16 hyst=1.000 weighted=0 pin=0
ds4: PACE LIVEMASK rating levers: blocked_weight=1.000 demote_horizon=16 promo_rate_cap=0 (unlimited)
ds4: PACE LIVEMASK pin-by-mass ON (DS4_REAP_PIN_BY_MASS=1) - seed+candidate ordered by MASS (lm_wshare, wcount stays knock gate); g_reap_pin_mass published per token (S7 seam)
ds4: CUDA loading model tensors 0.13 GiB cached
ds4: CUDA loading model tensors 0.15 GiB cached
ds4: CUDA loading model tensors 0.13 GiB cached
ds4: CUDA loading model tensors 0.15 GiB cached
ds4: CUDA loading model tensors 0.13 GiB cached
ds4: CUDA loading model tensors 0.14 GiB cached
ds4: CUDA loading model tensors 0.13 GiB cached
ds4: CUDA loading model tensors 0.15 GiB cached
ds4: CUDA loading model tensors 0.00 GiB cached
ds4: CUDA loading model tensors 0.06 GiB cached
0712 08:05:49 ds4-server: chat ctx=0..158:158 prompt done 164.303s
ds4: CUDA loading model tensors 0.71 GiB cached
ds4: CUDA loading model tensors 1.58 GiB cached
ds4: CUDA loading model tensors 2.08 GiB cached
ds4: CUDA loading model tensors 2.82 GiB cached
ds4: CUDA loading model tensors 3.69 GiB cached
ds4: CUDA loading model tensors 5.24 GiB cached
ds4: CUDA loading model tensors 6.76 GiB cached
ds4: CUDA loading model tensors 7.70 GiB cached
ds4: CUDA loading model tensors 7.86 GiB cached
ds4: REAP mask applied: 40 layer, 40 device range aggiornati/creati
ds4: PACE LIVEMASK seeded at tok=10 K=23 window=16
ds4: REAP mask applied: 40 layer, 40 device range aggiornati/creati
ds4: REAP prefetch (fattorino delta): 2 expert, 6 range, 13.5 MiB touched in 16 ms (6 threads)
0712 08:08:56 ds4-server: chat ctx=158..198:40 gen=40 decoding chunk=0.22 t/s avg=0.22 t/s 181.914s
0712 08:08:56 ds4-server: chat ctx=0..158:158 gen=40 finish=length 346.257s
0712 08:08:56 ds4-server: live kv cache miss live=198 prompt=158 common=158 reason=token-mismatch
0712 08:08:56 ds4-server: chat ctx=0..158:158 prompt start
ds4: REAP mask applied: 40 layer, 40 device range aggiornati/creati
ds4: CUDA loading model tensors 0.00 GiB cached
ds4: CUDA loading model tensors 0.12 GiB cached
ds4: CUDA loading model tensors 0.13 GiB cached
ds4: CUDA loading model tensors 0.00 GiB cached
ds4: CUDA loading model tensors 0.13 GiB cached
ds4: CUDA loading model tensors 0.14 GiB cached
ds4: CUDA loading model tensors 0.13 GiB cached
ds4: CUDA loading model tensors 0.15 GiB cached
ds4: CUDA loading model tensors 0.13 GiB cached
ds4: CUDA loading model tensors 0.14 GiB cached
ds4: CUDA loading model tensors 0.13 GiB cached
ds4: CUDA loading model tensors 0.14 GiB cached
ds4: CUDA loading model tensors 0.13 GiB cached
ds4: CUDA loading model tensors 0.14 GiB cached
ds4: CUDA loading model tensors 0.13 GiB cached
ds4: CUDA loading model tensors 0.14 GiB cached
ds4: CUDA loading model tensors 0.13 GiB cached
ds4: CUDA loading model tensors 0.00 GiB cached
ds4: CUDA loading model tensors 0.15 GiB cached
ds4: CUDA loading model tensors 0.16 GiB cached
ds4: CUDA loading model tensors 0.15 GiB cached
ds4: CUDA loading model tensors 0.16 GiB cached
ds4: CUDA loading model tensors 0.15 GiB cached
ds4: CUDA loading model tensors 0.16 GiB cached
ds4: CUDA loading model tensors 0.00 GiB cached
0712 08:15:00 ds4-server: chat ctx=0..158:158 prompt done 352.506s
ds4: CUDA loading model tensors 1.46 GiB cached
ds4: CUDA loading model tensors 7.86 GiB cached
ds4: REAP mask applied: 40 layer, 40 device range aggiornati/creati
ds4: PACE LIVEMASK seeded at tok=10 K=23 window=16
0712 08:16:20 ds4-server: chat ctx=158..208:50 gen=50 decoding chunk=0.65 t/s avg=0.65 t/s 76.488s
ds4: REAP mask applied: 40 layer, 40 device range aggiornati/creati
ds4: REAP prefetch (fattorino delta): 1 expert, 3 range, 6.8 MiB touched in 1 ms (3 threads)
ds4: REAP mask applied: 40 layer, 40 device range aggiornati/creati
ds4: REAP prefetch (fattorino delta): 1 expert, 3 range, 6.8 MiB touched in 1 ms (3 threads)
ds4: REAP mask applied: 40 layer, 40 device range aggiornati/creati
ds4: REAP prefetch (fattorino delta): 1 expert, 3 range, 6.8 MiB touched in 2 ms (3 threads)
ds4: REAP mask applied: 40 layer, 40 device range aggiornati/creati
ds4: REAP prefetch (fattorino delta): 1 expert, 3 range, 6.8 MiB touched in 0 ms (3 threads)
0712 08:16:40 ds4-server: chat ctx=208..258:50 gen=100 decoding chunk=2.46 t/s avg=1.03 t/s 96.825s
0712 08:16:59 ds4-server: chat ctx=258..308:50 gen=150 decoding chunk=2.86 t/s avg=1.31 t/s 114.284s
0712 08:17:16 ds4-server: chat ctx=308..358:50 gen=200 decoding chunk=2.96 t/s avg=1.52 t/s 131.191s
0712 08:17:34 ds4-server: chat ctx=358..408:50 gen=250 decoding chunk=2.95 t/s avg=1.69 t/s 148.121s
0712 08:17:51 ds4-server: chat ctx=408..458:50 gen=300 decoding chunk=2.96 t/s avg=1.82 t/s 165.036s
0712 08:18:09 ds4-server: chat ctx=458..508:50 gen=350 decoding chunk=2.97 t/s avg=1.92 t/s 181.897s
0712 08:18:27 ds4-server: chat ctx=508..558:50 gen=400 decoding chunk=2.93 t/s avg=2.01 t/s 198.962s
0712 08:18:44 ds4-server: chat ctx=558..608:50 gen=450 decoding chunk=2.96 t/s avg=2.08 t/s 215.873s
0712 08:18:56 ds4-server: shutdown requested, draining requests
