ds4: Linux cuda backend set oom_score_adj=1000
ds4: CUDA backend initialized on NVIDIA GeForce RTX 3060 (sm_86)
ds4: SSD streaming initial cuda model map restricted to token embedding (1 spans, 0.99 GiB tensor span)
ds4: CUDA preparing model tensor mappings
ds4: CUDA loading model tensors into device cache
ds4: CUDA startup model preparation covered 0.99 GiB of tensor spans in 1.817s
ds4: cuda backend initialized for graph diagnostics
0709 13:52:41 ds4-server: context buffers 93.82 MiB (ctx=2048, backend=cuda, prefill_chunk=512, raw_kv_rows=768, compressed_kv_rows=514)
0709 13:52:41 ds4-server: listening on http://127.0.0.1:8015
0709 13:52:42 ds4-server: chat ctx=0..61:61 prompt start
ds4: PACE on - warmup=50 keep=23[23..96] step=0 ngram(n=3,win=120) drift=1.00 rel=0.15 hyst=200 breath(every=999999,len=80,keep=96,relearn=0) prebreath(on=0,drift=0.18,every=64,max=96) anneal_warm=300 wrap=1 cache_flush=0 prefill_apply=0 prefill_wait_wrap=0 s1=0 exchange=0 rotate(on=1,every=16,decay=0.980)
ds4: PACE prefill_reset tok=0 phase=1 keep=0 ngram=0.000 hit=1.000 breaths=0
ds4: expert tiering observe enabled (DS4_EXPERT_TIERING=observe; log=)
ds4: CUDA loading model tensors 0.04 GiB cached
ds4: CUDA loading model tensors 0.16 GiB cached
ds4: CUDA loading model tensors 0.13 GiB cached
ds4: CUDA loading model tensors 0.15 GiB cached
ds4: CUDA loading model tensors 0.13 GiB cached
ds4: CUDA loading model tensors 0.14 GiB cached
ds4: CUDA loading model tensors 0.15 GiB cached
ds4: CUDA loading model tensors 0.13 GiB cached
ds4: CUDA loading model tensors 0.14 GiB cached
ds4: CUDA loading model tensors 0.13 GiB cached
ds4: CUDA loading model tensors 0.15 GiB cached
ds4: CUDA loading model tensors 0.13 GiB cached
ds4: CUDA loading model tensors 0.14 GiB cached
ds4: CUDA loading model tensors 0.15 GiB cached
0709 13:55:24 ds4-server: chat ctx=0..61:61 prompt done 161.929s
ds4: CUDA loading model tensors 7.01 GiB cached
ds4: PACE learned      tok=50 phase=2 keep=0 ngram=0.000 hit=1.000 breaths=0
0709 13:56:49 ds4-server: chat ctx=61..111:50 gen=50 decoding chunk=0.59 t/s avg=0.59 t/s 84.730s
ds4: REAP mask applied: 40 layer, 40 device range aggiornati/creati
ds4: PACE descent      tok=51 phase=3 keep=23 ngram=0.000 hit=1.000 breaths=0
ds4: REAP prefetch (fattorino): 40 layer, 920 expert, 2502 range, 6.07 GiB touched in 681 ms (16 thread, mlock)
ds4: REAP mask applied: 40 layer, 40 device range aggiornati/creati
ds4: PACE rotate       tok=52 phase=3 keep=23 ngram=0.000 hit=1.000 breaths=0
ds4: REAP prefetch (fattorino): 40 layer, 920 expert, 2577 range, 6.07 GiB touched in 2133 ms (16 thread, mlock)
ds4: CUDA loading model tensors 7.86 GiB cached
ds4: REAP mask applied: 40 layer, 40 device range aggiornati/creati
ds4: PACE rotate       tok=68 phase=3 keep=23 ngram=0.000 hit=1.000 breaths=0
ds4: REAP prefetch (fattorino): 40 layer, 920 expert, 2574 range, 6.07 GiB touched in 956 ms (16 thread, mlock)
ds4: REAP mask applied: 40 layer, 40 device range aggiornati/creati
ds4: PACE rotate       tok=84 phase=3 keep=23 ngram=0.000 hit=1.000 breaths=0
ds4: REAP prefetch (fattorino): 40 layer, 920 expert, 2496 range, 6.07 GiB touched in 555 ms (16 thread, mlock)
0709 13:57:16 ds4-server: chat ctx=111..157:46 gen=96 decoding chunk=1.71 t/s avg=0.86 t/s 111.695s
0709 13:57:16 ds4-server: chat ctx=0..61:61 gen=96 finish=length 273.628s
0709 13:57:16 ds4-server: shutdown requested, draining requests
ds4: SPEX stats: selected_batches=4171 selected_experts=29343 cache_hits=0 cache_misses=264 hit_rate=0.0000 miss_per_expert=0.0090 direct_loads=29337 copy_calls=88803 copied=199806.75 MiB copy_ms=229178.991 copy_ms_per_batch=54.946 sync_calls=88803 sync_ms=13000.031 sync_ms_per_batch=3.117
ds4: expert tiering observe summary batches=4171 slots=40506 compact=29343 hit_rate=0.0000 hits=0 misses=6 direct=29337 evictions=0 direct=198024.75 MiB compact=198065.25 MiB
ds4: expert tiering observe layer=2 batches=97 slots=942 compact=770 hit_rate=0.0000 misses=0 direct=770 evictions=0 cap=0 top=146:19,39:15,128:15,65:13,108:12,20:10
ds4: expert tiering observe layer=0 batches=97 slots=942 compact=762 hit_rate=0.0000 misses=6 direct=756 evictions=0 cap=193 top=27:14,93:13,50:12,51:12,30:10,55:10
ds4: expert tiering observe layer=1 batches=97 slots=942 compact=759 hit_rate=0.0000 misses=0 direct=759 evictions=0 cap=0 top=107:15,229:12,0:11,2:11,8:11,215:11
ds4: expert tiering observe layer=19 batches=97 slots=942 compact=707 hit_rate=0.0000 misses=0 direct=707 evictions=0 cap=0 top=181:54,254:41,44:40,31:39,152:27,60:24
ds4: expert tiering observe layer=10 batches=97 slots=942 compact=696 hit_rate=0.0000 misses=0 direct=696 evictions=0 cap=0 top=30:60,40:59,150:39,15:31,19:27,107:24
