ds4: CUDA backend initialized on NVIDIA GeForce RTX 3090 (sm_86)
ds4: PACE cache diagnostic: resident expert budget 256 < token working-set floor 258 (1.70 GiB at 6.75 MiB/expert); set DS4_PACE_CACHE_FLOOR=1 or --ssd-streaming-cache-experts 258 to avoid guaranteed cache thrash
ds4: SSD streaming initial cuda model map restricted to token embedding (1 spans, 0.99 GiB tensor span)
ds4: CUDA preparing model tensor mappings
ds4: CUDA loading model tensors into device cache
ds4: CUDA startup model preparation covered 0.99 GiB of tensor spans in 0.352s
ds4: cuda backend initialized for graph diagnostics
0711 00:56:24 ds4-server: context buffers 122.69 MiB (ctx=4096, backend=cuda, prefill_chunk=512, raw_kv_rows=768, compressed_kv_rows=1026)
0711 00:56:24 ds4-server: listening on http://127.0.0.1:8014
0711 00:56:28 ds4-server: chat ctx=0..231:231 prompt start
ds4: PACE on - warmup=50 keep=23[23..96] step=0 ngram(n=3,win=120) drift=0.35 rel=0.15 hyst=200 breath(every=999999,len=80,keep=64,relearn=0) prebreath(on=0,drift=0.24,target=0.24,every=64,max=64,adapt=0,gain=8.00,pow=1.00,step_max=0,relearn=0,rdecay=0.30) anneal_warm=300 wrap=1 wrap_rotate=0 cache_flush=0 prefill_apply=1 prefill_wait_wrap=1 s1=0 exchange=0 relearn_on_tighten=0 weighted(warmup=0,relearn=0) rotate(on=0,every=32,decay=0.980,preserve_stable=1)
ds4: PACE prefill_reset tok=0 phase=1 keep=0 ngram=0.000 hit=1.000 breaths=0
ds4: CUDA loading model tensors 0.13 GiB cached
ds4: CUDA loading model tensors 0.14 GiB cached
ds4: REAP mask applied: 40 layer, 40 device range aggiornati/creati
ds4: PACE prefill_apply tok=0 phase=3 keep=23 ngram=0.000 hit=1.000 breaths=0
ds4: REAP prefetch (fattorino): 40 layer, 920 expert, 2508 range, 6.07 GiB touched in 365 ms (16 thread, mlock)
ds4: REAP prefetch wait prefill_apply 372 ms
0711 00:56:53 ds4-server: chat ctx=0..231:231 prompt done 24.662s
ds4: CUDA loading model tensors 6.86 GiB cached
0711 00:57:12 ds4-server: chat ctx=231..281:50 gen=50 decoding chunk=2.65 t/s avg=2.65 t/s 18.896s
0711 00:57:28 ds4-server: chat ctx=281..331:50 gen=100 decoding chunk=3.01 t/s avg=2.82 t/s 35.509s
0711 00:57:45 ds4-server: chat ctx=331..381:50 gen=150 decoding chunk=3.01 t/s avg=2.88 t/s 52.147s
0711 00:58:02 ds4-server: chat ctx=381..431:50 gen=200 decoding chunk=3.01 t/s avg=2.91 t/s 68.782s
0711 00:58:18 ds4-server: chat ctx=431..481:50 gen=250 decoding chunk=3.02 t/s avg=2.93 t/s 85.343s
0711 00:58:35 ds4-server: chat ctx=481..531:50 gen=300 decoding chunk=3.00 t/s avg=2.94 t/s 102.016s
0711 00:58:38 ds4-server: chat ctx=531..541:10 gen=310 decoding chunk=3.01 t/s avg=2.94 t/s 105.341s
0711 00:58:38 ds4-server: chat ctx=0..231:231 gen=310 finish=stop 130.004s
0711 00:58:38 ds4-server: shutdown requested, draining requests
ds4: SPEX stats: selected_batches=13373 selected_experts=86680 cache_hits=1476 cache_misses=78760 hit_rate=0.0184 miss_per_expert=0.9086 direct_loads=6700 copy_calls=256380 copied=576855.00 MiB copy_ms=112441.427 copy_ms_per_batch=8.408 sync_calls=256380 sync_ms=34684.043 sync_ms_per_batch=2.594
