ds4: Linux cuda backend set oom_score_adj=1000
ds4: CUDA backend initialized on NVIDIA GeForce RTX 3060 (sm_86)
ds4: SSD streaming initial cuda model map restricted to token embedding (1 spans, 0.99 GiB tensor span)
ds4: CUDA preparing model tensor mappings
ds4: CUDA loading model tensors into device cache
ds4: CUDA startup model preparation covered 0.99 GiB of tensor spans in 4.663s
ds4: cuda backend initialized for graph diagnostics
0709 17:48:15 ds4-server: context buffers 151.57 MiB (ctx=6144, backend=cuda, prefill_chunk=512, raw_kv_rows=768, compressed_kv_rows=1538)
0709 17:48:15 ds4-server: listening on http://127.0.0.1:8022
0709 17:48:15 ds4-server: chat ctx=0..78:78 prompt start
ds4: PACE on - warmup=50 keep=23[23..96] step=0 ngram(n=3,win=120) drift=0.25 rel=0.15 hyst=200 breath(every=999999,len=80,keep=96,relearn=0) prebreath(on=0,drift=0.18,every=64,max=96) anneal_warm=300 wrap=1 cache_flush=0 prefill_apply=0 prefill_wait_wrap=0 s1=0 exchange=0 rotate(on=0,every=32,decay=0.980)
ds4: PACE prefill_reset tok=0 phase=1 keep=0 ngram=0.000 hit=1.000 breaths=0
ds4: expert tiering observe enabled (DS4_EXPERT_TIERING=observe; log=)
ds4: CUDA loading model tensors 0.12 GiB cached
ds4: CUDA loading model tensors 0.15 GiB cached
ds4: CUDA loading model tensors 0.16 GiB cached
ds4: CUDA loading model tensors 0.13 GiB cached
ds4: CUDA loading model tensors 0.14 GiB cached
ds4: CUDA loading model tensors 0.15 GiB cached
ds4: CUDA loading model tensors 0.13 GiB cached
ds4: CUDA loading model tensors 0.14 GiB cached
ds4: CUDA loading model tensors 0.00 GiB cached
0709 17:49:54 ds4-server: chat ctx=0..78:78 prompt done 98.488s
ds4: CUDA loading model tensors 7.01 GiB cached
ds4: PACE learned      tok=50 phase=2 keep=0 ngram=0.000 hit=1.000 breaths=0
ds4: CUDA loading model tensors 7.86 GiB cached
0709 17:51:03 ds4-server: chat ctx=78..128:50 gen=50 decoding chunk=0.72 t/s avg=0.72 t/s 69.006s
ds4: REAP mask applied: 40 layer, 40 device range aggiornati/creati
ds4: PACE descent      tok=51 phase=3 keep=23 ngram=0.000 hit=1.000 breaths=0
ds4: REAP prefetch (fattorino): 40 layer, 920 expert, 2511 range, 6.07 GiB touched in 671 ms (16 thread, mlock)
0709 17:51:10 ds4-server: chat ctx=128..142:14 gen=64 decoding chunk=2.06 t/s avg=0.84 t/s 75.814s
0709 17:51:10 ds4-server: chat ctx=0..78:78 gen=64 finish=length 174.307s
0709 17:51:10 ds4-server: live kv cache miss live=142 prompt=78 common=78 reason=token-mismatch
0709 17:51:10 ds4-server: chat ctx=0..78:78 prompt start
ds4: REAP mask applied: 40 layer, 40 device range aggiornati/creati
ds4: PACE prefill_reset tok=0 phase=1 keep=0 ngram=0.000 hit=1.000 breaths=0
ds4: CUDA loading model tensors 0.12 GiB cached
ds4: CUDA loading model tensors 0.13 GiB cached
ds4: CUDA loading model tensors 0.14 GiB cached
ds4: CUDA loading model tensors 0.15 GiB cached
0709 17:51:48 ds4-server: chat ctx=0..78:78 prompt done 37.959s
ds4: PACE learned      tok=50 phase=2 keep=0 ngram=0.000 hit=1.000 breaths=0
ds4: CUDA loading model tensors 7.86 GiB cached
0709 17:52:08 ds4-server: chat ctx=78..128:50 gen=50 decoding chunk=2.52 t/s avg=2.52 t/s 19.820s
ds4: REAP mask applied: 40 layer, 40 device range aggiornati/creati
ds4: PACE descent      tok=51 phase=3 keep=23 ngram=0.000 hit=1.000 breaths=0
0709 17:52:25 ds4-server: chat ctx=128..178:50 gen=100 decoding chunk=2.82 t/s avg=2.66 t/s 37.549s
0709 17:52:43 ds4-server: chat ctx=178..228:50 gen=150 decoding chunk=2.87 t/s avg=2.73 t/s 54.982s
ds4: REAP mask applied: 40 layer, 40 device range aggiornati/creati
ds4: PACE breath(ngram) tok=170 phase=4 keep=96 ngram=0.253 hit=1.000 breaths=1
ds4: REAP prefetch (fattorino): 40 layer, 3840 expert, 7047 range, 25.34 GiB touched in 2158 ms (16 thread, mlock)
0709 17:53:00 ds4-server: chat ctx=228..278:50 gen=200 decoding chunk=2.93 t/s avg=2.78 t/s 72.035s
ds4: REAP mask applied: 40 layer, 40 device range aggiornati/creati
ds4: PACE breath_end   tok=250 phase=3 keep=23 ngram=0.732 hit=1.000 breaths=1
ds4: REAP prefetch (fattorino): 40 layer, 920 expert, 2511 range, 6.07 GiB touched in 195 ms (16 thread, mlock)
0709 17:53:16 ds4-server: chat ctx=278..328:50 gen=250 decoding chunk=3.00 t/s avg=2.82 t/s 88.701s
0709 17:53:33 ds4-server: chat ctx=328..378:50 gen=300 decoding chunk=2.94 t/s avg=2.84 t/s 105.732s
0709 17:53:50 ds4-server: chat ctx=378..428:50 gen=350 decoding chunk=2.98 t/s avg=2.86 t/s 122.530s
0709 17:54:07 ds4-server: chat ctx=428..478:50 gen=400 decoding chunk=3.00 t/s avg=2.87 t/s 139.175s
0709 17:54:24 ds4-server: chat ctx=478..528:50 gen=450 decoding chunk=3.00 t/s avg=2.89 t/s 155.864s
0709 17:54:41 ds4-server: chat ctx=528..578:50 gen=500 decoding chunk=2.95 t/s avg=2.89 t/s 172.791s
0709 17:54:57 ds4-server: chat ctx=578..628:50 gen=550 decoding chunk=2.97 t/s avg=2.90 t/s 189.636s
0709 17:55:14 ds4-server: chat ctx=628..678:50 gen=600 decoding chunk=3.00 t/s avg=2.91 t/s 206.276s
0709 17:55:31 ds4-server: chat ctx=678..728:50 gen=650 decoding chunk=2.97 t/s avg=2.91 t/s 223.111s
0709 17:55:48 ds4-server: chat ctx=728..778:50 gen=700 decoding chunk=2.97 t/s avg=2.92 t/s 239.950s
0709 17:56:05 ds4-server: chat ctx=778..828:50 gen=750 decoding chunk=2.96 t/s avg=2.92 t/s 256.852s
0709 17:56:21 ds4-server: chat ctx=828..878:50 gen=800 decoding chunk=2.98 t/s avg=2.92 t/s 273.651s
0709 17:56:21 ds4-server: chat ctx=0..78:78 gen=800 finish=length 311.618s
0709 17:56:21 ds4-server: shutdown requested, draining requests
ds4: SPEX stats: selected_batches=37238 selected_experts=231384 cache_hits=0 cache_misses=223168 hit_rate=0.0000 miss_per_expert=0.9645 direct_loads=8472 copy_calls=694920 copied=1563570.00 MiB copy_ms=343246.171 copy_ms_per_batch=9.218 sync_calls=694920 sync_ms=80625.679 sync_ms_per_batch=2.165
ds4: expert tiering observe summary batches=37238 slots=263160 compact=231384 hit_rate=0.0000 hits=0 misses=222912 direct=8472 evictions=222656 direct=57186.00 MiB compact=1561842.00 MiB
ds4: expert tiering observe layer=1 batches=866 slots=6120 compact=5596 hit_rate=0.0000 misses=5184 direct=412 evictions=5172 cap=128 top=252:195,46:190,42:174,183:170,133:169,230:164
ds4: expert tiering observe layer=2 batches=866 slots=6120 compact=5590 hit_rate=0.0000 misses=5184 direct=406 evictions=5172 cap=128 top=162:221,164:195,179:184,29:176,7:172,130:169
ds4: expert tiering observe layer=0 batches=866 slots=6120 compact=5584 hit_rate=0.0000 misses=5184 direct=400 evictions=5172 cap=128 top=109:205,152:193,156:179,163:172,191:170,99:169
ds4: expert tiering observe layer=19 batches=866 slots=6120 compact=5420 hit_rate=0.0000 misses=5184 direct=236 evictions=5172 cap=128 top=10:673,213:648,111:543,116:541,136:425,173:348
ds4: expert tiering observe layer=3 batches=866 slots=6120 compact=5404 hit_rate=0.0000 misses=5184 direct=220 evictions=5172 cap=128 top=60:818,74:774,138:558,226:521,45:517,150:487
