ds4: Linux cuda backend set oom_score_adj=1000
ds4: CUDA backend initialized on NVIDIA GeForce RTX 3060 (sm_86)
ds4: SSD streaming initial cuda model map restricted to token embedding (1 spans, 0.99 GiB tensor span)
ds4: CUDA preparing model tensor mappings
ds4: CUDA loading model tensors into device cache
ds4: CUDA startup model preparation covered 0.99 GiB of tensor spans in 1.015s
ds4: cuda backend initialized for graph diagnostics
0712 04:04:32 ds4-server: context buffers 122.69 MiB (ctx=4096, backend=cuda, prefill_chunk=512, raw_kv_rows=768, compressed_kv_rows=1026)
0712 04:04:32 ds4-server: listening on http://127.0.0.1:8018
0712 04:04:32 ds4-server: chat ctx=0..51:51 prompt start
ds4: CUDA loading model tensors 0.13 GiB cached
ds4: CUDA loading model tensors 0.15 GiB cached
ds4: CUDA loading model tensors 0.13 GiB cached
ds4: CUDA loading model tensors 0.14 GiB cached
ds4: CUDA loading model tensors 0.15 GiB cached
ds4: DBGCAP final_cap=400 requested=400
ds4: DBGPIN cache->capacity=400 reserve=51 sticky=349 pinned=0
ds4: DS4_CUDA_INPLACE_RESIDENT capacity wall: working set exceeds pin budget (349 slots); new admissions stay LRU-evictable and may re-copy per token. Raise DS4_CUDA_STREAMING_EXPERT_CACHE_N.
ds4: CUDA loading model tensors 0.00 GiB cached
0712 04:05:39 ds4-server: chat ctx=0..51:51 prompt done 65.271s
ds4: REAP mask reload da /mnt/c/Users/imanu/source/repos/reap-loop/runs/ds4/20260711_keep8_fit_repro/masks/sessK8_coffee.txt: 9920 entry potate
ds4: REAP mask applied: 40 layer, 40 device range aggiornati/creati
ds4: REAP mask applied: 40 layer, 40 device range aggiornati/creati
0712 04:06:01 ds4-server: chat ctx=51..91:40 gen=40 decoding chunk=1.79 t/s avg=1.79 t/s 22.366s
0712 04:06:01 ds4-server: chat ctx=0..51:51 gen=40 finish=length 87.641s
0712 04:06:01 ds4-server: live kv cache miss live=91 prompt=51 common=51 reason=token-mismatch
0712 04:06:01 ds4-server: chat ctx=0..51:51 prompt start
ds4: CUDA loading model tensors 0.01 GiB cached
ds4: CUDA loading model tensors 0.00 GiB cached
ds4: DBGCAP final_cap=400 requested=400
0712 04:06:15 ds4-server: chat ctx=0..51:51 prompt done 13.101s
ds4: REAP mask applied: 40 layer, 40 device range aggiornati/creati
0712 04:06:49 ds4-server: chat ctx=51..101:50 gen=50 decoding chunk=1.46 t/s avg=1.46 t/s 34.221s
ds4: REAP mask applied: 40 layer, 40 device range aggiornati/creati
0712 04:06:54 ds4-server: chat ctx=101..111:10 gen=60 decoding chunk=2.29 t/s avg=1.56 t/s 38.580s
0712 04:06:54 ds4-server: chat ctx=0..51:51 gen=60 finish=length 51.684s
0712 04:06:54 ds4-server: shutdown requested, draining requests
ds4: SPEX stats: selected_batches=4386 selected_experts=32870 cache_hits=1417 cache_misses=25183 hit_rate=0.0533 miss_per_expert=0.7661 direct_loads=7070 copy_calls=96759 copied=217707.75 MiB copy_ms=99774.180 copy_ms_per_batch=22.748 sync_calls=96759 sync_ms=11304.694 sync_ms_per_batch=2.577
ds4: SPEX inplace: reuse_hits=0 admissions=24383 slot_uploads=4300 (compact re-gather bypassed)
