ds4: Linux cuda backend set oom_score_adj=1000
ds4: CUDA backend initialized on NVIDIA GeForce RTX 3060 (sm_86)
ds4: SSD streaming initial cuda model map restricted to token embedding (1 spans, 0.99 GiB tensor span)
ds4: CUDA preparing model tensor mappings
ds4: CUDA loading model tensors into device cache
ds4: CUDA startup model preparation covered 0.99 GiB of tensor spans in 0.317s
ds4: cuda backend initialized for graph diagnostics
0709 07:43:41 ds4-server: context buffers 93.82 MiB (ctx=2048, backend=cuda, prefill_chunk=512, raw_kv_rows=768, compressed_kv_rows=514)
0709 07:43:41 ds4-server: listening on http://127.0.0.1:8014
0709 07:43:41 ds4-server: chat ctx=0..78:78 prompt start
ds4: PACE on - warmup=50 keep=32[32..96] step=8 ngram(n=3,win=120) drift=0.25 rel=0.15 hyst=200 breath(every=999999,len=80,keep=96,relearn=0) prebreath(on=0,drift=0.03,every=64,max=96) anneal_warm=300 wrap=1 cache_flush=0 prefill_apply=0 prefill_wait_wrap=0 s1=0 exchange=1
ds4: PACE prefill_reset tok=0 phase=1 keep=0 ngram=0.000 hit=1.000 breaths=0
ds4: expert tiering observe enabled (DS4_EXPERT_TIERING=observe; log=)
ds4: CUDA loading model tensors 0.00 GiB cached
0709 07:43:54 ds4-server: chat ctx=0..78:78 prompt done 10.056s
ds4: PACE learned      tok=50 phase=2 keep=0 ngram=0.000 hit=1.000 breaths=0
ds4: CUDA loading model tensors 7.86 GiB cached
0709 07:44:18 ds4-server: chat ctx=78..128:50 gen=50 decoding chunk=2.09 t/s avg=2.09 t/s 23.975s
ds4: PACE exchange descent tok=51 keep=0->32 promote=0 demote=9632 kept=1376 cold=0 total_promote=0 total_demote=9632
ds4: REAP mask applied: 40 layer, 40 device range aggiornati/creati
ds4: PACE descent      tok=51 phase=3 keep=32 ngram=0.000 hit=1.000 breaths=0
ds4: REAP prefetch (fattorino): 40 layer, 1280 expert, 3327 range, 8.45 GiB touched in 112 ms (8 thread)
0709 07:44:38 ds4-server: chat ctx=128..178:50 gen=100 decoding chunk=2.91 t/s avg=2.43 t/s 41.132s
0709 07:44:57 ds4-server: chat ctx=178..228:50 gen=150 decoding chunk=2.66 t/s avg=2.50 t/s 59.906s
0709 07:45:04 ds4-server: chat ctx=228..238:10 gen=160 decoding chunk=2.46 t/s avg=2.50 t/s 63.963s
0709 07:45:04 ds4-server: chat ctx=0..78:78 gen=160 finish=length 74.019s
