ds4: Linux cuda backend set oom_score_adj=1000
ds4: CUDA backend initialized on NVIDIA GeForce RTX 3090 (sm_86)
ds4: SSD streaming initial cuda model map restricted to token embedding (1 spans, 0.99 GiB tensor span)
ds4: CUDA preparing model tensor mappings
ds4: CUDA loading model tensors into device cache
ds4: CUDA startup model preparation covered 0.99 GiB of tensor spans in 0.444s
ds4: cuda backend initialized for graph diagnostics
0710 08:20:40 ds4-server: context buffers 62.81 MiB (ctx=3072, backend=cuda, prefill_chunk=128, raw_kv_rows=256, compressed_kv_rows=770)
0710 08:20:40 ds4-server: listening on http://127.0.0.1:8014
0710 08:20:40 ds4-server: chat ctx=0..78:78 prompt start
ds4: CUDA loading model tensors 0.00 GiB cached
0710 08:20:51 ds4-server: chat ctx=0..78:78 prompt done 11.176s
ds4: CUDA loading model tensors 7.86 GiB cached
0710 08:21:02 ds4-server: chat ctx=78..128:50 gen=50 decoding chunk=4.59 t/s avg=4.59 t/s 10.882s
0710 08:21:13 ds4-server: chat ctx=128..178:50 gen=100 decoding chunk=4.68 t/s avg=4.64 t/s 21.558s
0710 08:21:23 ds4-server: chat ctx=178..228:50 gen=150 decoding chunk=5.03 t/s avg=4.76 t/s 31.495s
0710 08:21:33 ds4-server: chat ctx=228..278:50 gen=200 decoding chunk=4.89 t/s avg=4.79 t/s 41.724s
0710 08:21:43 ds4-server: chat ctx=278..328:50 gen=250 decoding chunk=5.10 t/s avg=4.85 t/s 51.531s
0710 08:21:52 ds4-server: chat ctx=328..378:50 gen=300 decoding chunk=5.18 t/s avg=4.90 t/s 61.191s
0710 08:22:02 ds4-server: chat ctx=378..428:50 gen=350 decoding chunk=5.01 t/s avg=4.92 t/s 71.163s
0710 08:22:12 ds4-server: chat ctx=428..478:50 gen=400 decoding chunk=5.02 t/s avg=4.93 t/s 81.125s
0710 08:22:22 ds4-server: chat ctx=478..528:50 gen=450 decoding chunk=5.02 t/s avg=4.94 t/s 91.093s
0710 08:22:32 ds4-server: chat ctx=528..578:50 gen=500 decoding chunk=4.91 t/s avg=4.94 t/s 101.269s
0710 08:22:42 ds4-server: chat ctx=578..628:50 gen=550 decoding chunk=5.21 t/s avg=4.96 t/s 110.866s
0710 08:22:52 ds4-server: chat ctx=628..678:50 gen=600 decoding chunk=4.94 t/s avg=4.96 t/s 120.993s
0710 08:23:02 ds4-server: chat ctx=678..728:50 gen=650 decoding chunk=5.05 t/s avg=4.97 t/s 130.896s
0710 08:23:13 ds4-server: chat ctx=728..778:50 gen=700 decoding chunk=4.69 t/s avg=4.94 t/s 141.560s
0710 08:23:23 ds4-server: chat ctx=778..828:50 gen=750 decoding chunk=4.89 t/s avg=4.94 t/s 151.780s
0710 08:23:33 ds4-server: chat ctx=828..878:50 gen=800 decoding chunk=4.76 t/s avg=4.93 t/s 162.288s
0710 08:23:44 ds4-server: chat ctx=878..928:50 gen=850 decoding chunk=4.64 t/s avg=4.91 t/s 173.065s
0710 08:23:55 ds4-server: chat ctx=928..978:50 gen=900 decoding chunk=4.84 t/s avg=4.91 t/s 183.388s
0710 08:24:04 ds4-server: chat ctx=978..1028:50 gen=950 decoding chunk=5.09 t/s avg=4.92 t/s 193.213s
0710 08:24:15 ds4-server: chat ctx=1028..1078:50 gen=1000 decoding chunk=4.75 t/s avg=4.91 t/s 203.738s
0710 08:24:25 ds4-server: chat ctx=1078..1128:50 gen=1050 decoding chunk=5.12 t/s avg=4.92 t/s 213.499s
0710 08:24:35 ds4-server: chat ctx=1128..1178:50 gen=1100 decoding chunk=4.64 t/s avg=4.90 t/s 224.265s
0710 08:24:46 ds4-server: chat ctx=1178..1228:50 gen=1150 decoding chunk=4.78 t/s avg=4.90 t/s 234.718s
0710 08:24:57 ds4-server: chat ctx=1228..1278:50 gen=1200 decoding chunk=4.65 t/s avg=4.89 t/s 245.461s
0710 08:25:08 ds4-server: chat ctx=1278..1328:50 gen=1250 decoding chunk=4.47 t/s avg=4.87 t/s 256.657s
0710 08:25:19 ds4-server: chat ctx=1328..1378:50 gen=1300 decoding chunk=4.50 t/s avg=4.85 t/s 267.779s
0710 08:25:29 ds4-server: chat ctx=1378..1428:50 gen=1350 decoding chunk=4.89 t/s avg=4.86 t/s 277.997s
0710 08:25:40 ds4-server: chat ctx=1428..1478:50 gen=1400 decoding chunk=4.79 t/s avg=4.85 t/s 288.436s
0710 08:25:50 ds4-server: chat ctx=1478..1528:50 gen=1450 decoding chunk=4.96 t/s avg=4.86 t/s 298.525s
0710 08:26:00 ds4-server: chat ctx=1528..1578:50 gen=1500 decoding chunk=4.96 t/s avg=4.86 t/s 308.608s
0710 08:26:10 ds4-server: chat ctx=1578..1628:50 gen=1550 decoding chunk=5.06 t/s avg=4.87 t/s 318.497s
0710 08:26:21 ds4-server: chat ctx=1628..1678:50 gen=1600 decoding chunk=4.56 t/s avg=4.86 t/s 329.462s
0710 08:26:31 ds4-server: chat ctx=1678..1728:50 gen=1650 decoding chunk=4.65 t/s avg=4.85 t/s 340.220s
0710 08:26:42 ds4-server: chat ctx=1728..1778:50 gen=1700 decoding chunk=4.54 t/s avg=4.84 t/s 351.222s
0710 08:26:52 ds4-server: chat ctx=1778..1828:50 gen=1750 decoding chunk=4.94 t/s avg=4.84 t/s 361.333s
0710 08:27:03 ds4-server: chat ctx=1828..1878:50 gen=1800 decoding chunk=4.67 t/s avg=4.84 t/s 372.046s
0710 08:27:14 ds4-server: chat ctx=1878..1928:50 gen=1850 decoding chunk=4.66 t/s avg=4.83 t/s 382.764s
0710 08:27:24 ds4-server: chat ctx=1928..1978:50 gen=1900 decoding chunk=4.72 t/s avg=4.83 t/s 393.361s
0710 08:27:35 ds4-server: chat ctx=1978..2028:50 gen=1950 decoding chunk=4.54 t/s avg=4.82 t/s 404.373s
0710 08:27:46 ds4-server: chat ctx=2028..2078:50 gen=2000 decoding chunk=4.71 t/s avg=4.82 t/s 414.981s
0710 08:27:46 ds4-server: chat ctx=0..78:78 gen=2000 finish=length 426.157s
0710 08:27:46 ds4-server: shutdown requested, draining requests
ds4: SPEX stats: selected_batches=86043 selected_experts=520219 cache_hits=293495 cache_misses=223529 hit_rate=0.5677 miss_per_expert=0.4297 direct_loads=4219 copy_calls=683244 copied=1537299.00 MiB copy_ms=343526.363 copy_ms_per_batch=3.992 sync_calls=683244 sync_ms=110024.917 sync_ms_per_batch=1.279
