ds4: Linux cuda backend set oom_score_adj=1000
ds4: CUDA backend initialized on NVIDIA GeForce RTX 3060 (sm_86)
ds4: SSD streaming initial cuda model map restricted to token embedding (1 spans, 0.99 GiB tensor span)
ds4: CUDA preparing model tensor mappings
ds4: CUDA loading model tensors into device cache
ds4: CUDA startup model preparation covered 0.99 GiB of tensor spans in 2.475s
ds4: cuda backend initialized for graph diagnostics
0709 20:43:56 ds4-server: context buffers 93.82 MiB (ctx=2048, backend=cuda, prefill_chunk=512, raw_kv_rows=768, compressed_kv_rows=514)
0709 20:43:57 ds4-server: listening on http://127.0.0.1:8014
0709 20:43:57 ds4-server: chat ctx=0..78:78 prompt start
ds4: PACE on - warmup=50 keep=23[23..96] step=4 ngram(n=3,win=120) drift=1.00 rel=0.15 hyst=200 breath(every=999999,len=80,keep=96,relearn=0) prebreath(on=1,drift=0.07,target=0.10,every=4,max=96,adapt=1,gain=23.00,pow=2.00,step_max=40,relearn=1,rdecay=0.30) anneal_warm=300 wrap=1 cache_flush=0 prefill_apply=0 prefill_wait_wrap=0 s1=0 exchange=0 weighted(warmup=1,relearn=1) rotate(on=0,every=32,decay=0.980)
ds4: PACE prefill_reset tok=0 phase=1 keep=0 ngram=0.000 hit=1.000 breaths=0
ds4: expert tiering observe enabled (DS4_EXPERT_TIERING=observe; log=)
ds4: CUDA loading model tensors 0.15 GiB cached
ds4: CUDA loading model tensors 0.16 GiB cached
ds4: CUDA loading model tensors 0.00 GiB cached
0709 20:44:31 ds4-server: chat ctx=0..78:78 prompt done 33.806s
ds4: PACE learned      tok=50 phase=2 keep=0 ngram=0.000 hit=1.000 breaths=0
ds4: CUDA loading model tensors 7.86 GiB cached
0709 20:45:08 ds4-server: chat ctx=78..128:50 gen=50 decoding chunk=1.39 t/s avg=1.39 t/s 35.890s
ds4: REAP mask applied: 40 layer, 40 device range aggiornati/creati
ds4: PACE descent      tok=51 phase=3 keep=23 ngram=0.000 hit=1.000 breaths=0
ds4: REAP prefetch (fattorino): 40 layer, 920 expert, 2499 range, 6.07 GiB touched in 479 ms (16 thread, mlock)
0709 20:45:31 ds4-server: chat ctx=128..178:50 gen=100 decoding chunk=2.22 t/s avg=1.71 t/s 58.396s
0709 20:45:53 ds4-server: chat ctx=178..228:50 gen=150 decoding chunk=2.26 t/s avg=1.86 t/s 80.561s
ds4: PACE prebreath_relearn tok=159 phase=3 keep=23 ngram=0.071 hit=1.000 breaths=0
ds4: REAP mask applied: 40 layer, 40 device range aggiornati/creati
ds4: PACE prebreath    tok=159 phase=3 keep=27 ngram=0.071 hit=1.000 breaths=0
ds4: REAP prefetch (fattorino): 40 layer, 1080 expert, 2889 range, 7.13 GiB touched in 271 ms (16 thread, mlock)
ds4: PACE prebreath_relearn tok=163 phase=3 keep=27 ngram=0.080 hit=1.000 breaths=0
ds4: REAP mask applied: 40 layer, 40 device range aggiornati/creati
ds4: PACE prebreath    tok=163 phase=3 keep=31 ngram=0.080 hit=1.000 breaths=0
ds4: REAP prefetch (fattorino): 40 layer, 1240 expert, 3270 range, 8.19 GiB touched in 305 ms (16 thread, mlock)
ds4: PACE prebreath_relearn tok=167 phase=3 keep=31 ngram=0.098 hit=1.000 breaths=0
ds4: REAP mask applied: 40 layer, 40 device range aggiornati/creati
ds4: PACE prebreath    tok=167 phase=3 keep=35 ngram=0.098 hit=1.000 breaths=0
ds4: REAP prefetch (fattorino): 40 layer, 1400 expert, 3627 range, 9.24 GiB touched in 356 ms (16 thread, mlock)
ds4: PACE prebreath_relearn tok=171 phase=3 keep=35 ngram=0.116 hit=1.000 breaths=0
ds4: REAP mask applied: 40 layer, 40 device range aggiornati/creati
ds4: PACE prebreath    tok=171 phase=3 keep=40 ngram=0.116 hit=1.000 breaths=0
ds4: REAP prefetch (fattorino): 40 layer, 1600 expert, 4062 range, 10.56 GiB touched in 395 ms (16 thread, mlock)
ds4: PACE prebreath_relearn tok=175 phase=3 keep=40 ngram=0.139 hit=1.000 breaths=0
ds4: REAP mask applied: 40 layer, 40 device range aggiornati/creati
ds4: PACE prebreath    tok=175 phase=3 keep=48 ngram=0.139 hit=1.000 breaths=0
ds4: REAP prefetch (fattorino): 40 layer, 1920 expert, 4665 range, 12.67 GiB touched in 490 ms (16 thread, mlock)
ds4: PACE prebreath_relearn tok=179 phase=3 keep=48 ngram=0.164 hit=1.000 breaths=0
ds4: REAP mask applied: 40 layer, 40 device range aggiornati/creati
ds4: PACE prebreath    tok=179 phase=3 keep=62 ngram=0.164 hit=1.000 breaths=0
ds4: REAP prefetch (fattorino): 40 layer, 2480 expert, 5670 range, 16.37 GiB touched in 670 ms (16 thread, mlock)
ds4: PACE prebreath_relearn tok=183 phase=3 keep=62 ngram=0.191 hit=1.000 breaths=0
ds4: REAP mask applied: 40 layer, 40 device range aggiornati/creati
ds4: PACE prebreath    tok=183 phase=3 keep=86 ngram=0.191 hit=1.000 breaths=0
ds4: REAP prefetch (fattorino): 40 layer, 3440 expert, 6855 range, 22.70 GiB touched in 952 ms (16 thread, mlock)
ds4: PACE prebreath_relearn tok=187 phase=3 keep=86 ngram=0.220 hit=1.000 breaths=0
ds4: REAP mask applied: 40 layer, 40 device range aggiornati/creati
ds4: PACE prebreath    tok=187 phase=3 keep=96 ngram=0.220 hit=1.000 breaths=0
ds4: REAP prefetch (fattorino): 40 layer, 3840 expert, 7137 range, 25.34 GiB touched in 877 ms (16 thread, mlock)
0709 20:46:13 ds4-server: chat ctx=228..278:50 gen=200 decoding chunk=2.48 t/s avg=1.99 t/s 100.733s
0709 20:46:22 ds4-server: chat ctx=278..298:20 gen=220 decoding chunk=2.38 t/s avg=2.02 t/s 109.146s
0709 20:46:22 ds4-server: chat ctx=0..78:78 gen=220 finish=length 142.953s
