ds4: Linux cuda backend set oom_score_adj=1000
ds4: CUDA backend initialized on NVIDIA GeForce RTX 3060 (sm_86)
ds4: SSD streaming initial cuda model map restricted to token embedding (1 spans, 0.99 GiB tensor span)
ds4: CUDA preparing model tensor mappings
ds4: CUDA loading model tensors into device cache
ds4: CUDA startup model preparation covered 0.99 GiB of tensor spans in 2.486s
ds4: cuda backend initialized for graph diagnostics
0710 13:43:10 ds4-server: context buffers 180.44 MiB (ctx=8192, backend=cuda, prefill_chunk=512, raw_kv_rows=768, compressed_kv_rows=2050)
0710 13:43:10 ds4-server: listening on http://127.0.0.1:8023
0710 13:43:10 ds4-server: chat ctx=0..78:78 prompt start
ds4: PACE on - warmup=50 keep=23[23..96] step=0 ngram(n=3,win=120) drift=1.00 rel=0.15 hyst=200 breath(every=999999,len=80,keep=96,relearn=0) prebreath(on=0,drift=0.18,target=0.18,every=64,max=96,adapt=0,gain=8.00,pow=1.00,step_max=0,relearn=0,rdecay=0.30) anneal_warm=300 wrap=1 wrap_rotate=0 cache_flush=0 prefill_apply=0 prefill_wait_wrap=0 s1=0 exchange=0 relearn_on_tighten=0 weighted(warmup=0,relearn=0) rotate(on=1,every=32,decay=0.980,preserve_stable=1)
ds4: PACE prefill_reset tok=0 phase=1 keep=0 ngram=0.000 hit=1.000 breaths=0
ds4: expert tiering observe enabled (DS4_EXPERT_TIERING=observe; log=)
ds4: CUDA loading model tensors 0.15 GiB cached
ds4: CUDA loading model tensors 0.00 GiB cached
ds4: CUDA loading model tensors 0.01 GiB cached
ds4: CUDA loading model tensors 0.15 GiB cached
ds4: CUDA loading model tensors 0.13 GiB cached
ds4: CUDA loading model tensors 0.15 GiB cached
ds4: CUDA loading model tensors 0.16 GiB cached
ds4: CUDA loading model tensors 0.15 GiB cached
ds4: CUDA loading model tensors 0.13 GiB cached
ds4: CUDA loading model tensors 0.00 GiB cached
ds4: CUDA loading model tensors 0.13 GiB cached
ds4: CUDA loading model tensors 0.15 GiB cached
ds4: CUDA loading model tensors 0.00 GiB cached
0710 13:45:48 ds4-server: chat ctx=0..78:78 prompt done 150.783s
ds4: CUDA loading model tensors 7.86 GiB cached
ds4: PACE learned      tok=50 phase=2 keep=0 ngram=0.000 hit=1.000 breaths=0
0710 13:47:18 ds4-server: chat ctx=78..128:50 gen=50 decoding chunk=0.59 t/s avg=0.59 t/s 84.896s
ds4: REAP mask applied: 40 layer, 40 device range aggiornati/creati
ds4: PACE descent      tok=51 phase=3 keep=23 ngram=0.000 hit=1.000 breaths=0
ds4: REAP prefetch (fattorino): 40 layer, 920 expert, 2514 range, 6.07 GiB touched in 479 ms (16 thread, mlock)
ds4: REAP mask applied: 40 layer, 40 device range aggiornati/creati
ds4: PACE rotate       tok=83 phase=3 keep=23 ngram=0.018 hit=1.000 breaths=0
0710 13:47:50 ds4-server: chat ctx=128..178:50 gen=100 decoding chunk=1.65 t/s avg=0.87 t/s 115.243s
ds4: REAP mask applied: 40 layer, 40 device range aggiornati/creati
ds4: PACE rotate       tok=115 phase=3 keep=23 ngram=0.030 hit=1.000 breaths=0
ds4: REAP mask applied: 40 layer, 40 device range aggiornati/creati
ds4: PACE rotate       tok=147 phase=3 keep=23 ngram=0.050 hit=1.000 breaths=0
0710 13:48:12 ds4-server: chat ctx=178..228:50 gen=150 decoding chunk=2.20 t/s avg=1.09 t/s 138.014s
ds4: REAP mask applied: 40 layer, 40 device range aggiornati/creati
ds4: PACE rotate       tok=179 phase=3 keep=23 ngram=0.048 hit=1.000 breaths=0
0710 13:48:40 ds4-server: chat ctx=228..278:50 gen=200 decoding chunk=1.88 t/s avg=1.21 t/s 164.644s
ds4: REAP mask applied: 40 layer, 40 device range aggiornati/creati
ds4: PACE rotate       tok=211 phase=3 keep=23 ngram=0.058 hit=1.000 breaths=0
ds4: REAP mask applied: 40 layer, 40 device range aggiornati/creati
ds4: PACE rotate       tok=243 phase=3 keep=23 ngram=0.059 hit=1.000 breaths=0
0710 13:49:04 ds4-server: chat ctx=278..328:50 gen=250 decoding chunk=2.30 t/s avg=1.34 t/s 186.385s
ds4: REAP mask applied: 40 layer, 40 device range aggiornati/creati
ds4: PACE rotate       tok=275 phase=3 keep=23 ngram=0.104 hit=1.000 breaths=0
0710 13:49:23 ds4-server: chat ctx=328..378:50 gen=300 decoding chunk=2.62 t/s avg=1.46 t/s 205.496s
ds4: REAP mask applied: 40 layer, 40 device range aggiornati/creati
ds4: PACE rotate       tok=307 phase=3 keep=23 ngram=0.102 hit=1.000 breaths=0
ds4: REAP mask applied: 40 layer, 40 device range aggiornati/creati
ds4: PACE rotate       tok=339 phase=3 keep=23 ngram=0.149 hit=1.000 breaths=0
0710 13:49:44 ds4-server: chat ctx=378..428:50 gen=350 decoding chunk=2.52 t/s avg=1.55 t/s 225.360s
ds4: REAP mask applied: 40 layer, 40 device range aggiornati/creati
ds4: PACE rotate       tok=371 phase=3 keep=23 ngram=0.157 hit=1.000 breaths=0
0710 13:50:04 ds4-server: chat ctx=428..478:50 gen=400 decoding chunk=2.77 t/s avg=1.64 t/s 243.396s
ds4: REAP mask applied: 40 layer, 40 device range aggiornati/creati
ds4: PACE rotate       tok=403 phase=3 keep=23 ngram=0.146 hit=1.000 breaths=0
ds4: REAP mask applied: 40 layer, 40 device range aggiornati/creati
ds4: PACE rotate       tok=435 phase=3 keep=23 ngram=0.214 hit=1.000 breaths=0
0710 13:50:26 ds4-server: chat ctx=478..528:50 gen=450 decoding chunk=2.23 t/s avg=1.69 t/s 265.825s
ds4: REAP mask applied: 40 layer, 40 device range aggiornati/creati
ds4: PACE rotate       tok=467 phase=3 keep=23 ngram=0.178 hit=1.000 breaths=0
ds4: REAP mask applied: 40 layer, 40 device range aggiornati/creati
ds4: PACE rotate       tok=499 phase=3 keep=23 ngram=0.103 hit=1.000 breaths=0
0710 13:50:49 ds4-server: chat ctx=528..578:50 gen=500 decoding chunk=2.30 t/s avg=1.74 t/s 287.535s
ds4: REAP mask applied: 40 layer, 40 device range aggiornati/creati
ds4: PACE rotate       tok=531 phase=3 keep=23 ngram=0.115 hit=1.000 breaths=0
0710 13:51:11 ds4-server: chat ctx=578..628:50 gen=550 decoding chunk=2.46 t/s avg=1.79 t/s 307.887s
ds4: REAP mask applied: 40 layer, 40 device range aggiornati/creati
ds4: PACE rotate       tok=563 phase=3 keep=23 ngram=0.121 hit=1.000 breaths=0
ds4: REAP mask applied: 40 layer, 40 device range aggiornati/creati
ds4: PACE rotate       tok=595 phase=3 keep=23 ngram=0.171 hit=1.000 breaths=0
0710 13:51:30 ds4-server: chat ctx=628..678:50 gen=600 decoding chunk=2.71 t/s avg=1.84 t/s 326.316s
ds4: REAP mask applied: 40 layer, 40 device range aggiornati/creati
ds4: PACE rotate       tok=627 phase=3 keep=23 ngram=0.170 hit=1.000 breaths=0
0710 13:51:49 ds4-server: chat ctx=678..728:50 gen=650 decoding chunk=2.78 t/s avg=1.89 t/s 344.322s
ds4: REAP mask applied: 40 layer, 40 device range aggiornati/creati
ds4: PACE rotate       tok=659 phase=3 keep=23 ngram=0.142 hit=1.000 breaths=0
ds4: REAP mask applied: 40 layer, 40 device range aggiornati/creati
ds4: PACE rotate       tok=691 phase=3 keep=23 ngram=0.146 hit=1.000 breaths=0
0710 13:52:08 ds4-server: chat ctx=728..778:50 gen=700 decoding chunk=2.72 t/s avg=1.93 t/s 362.684s
ds4: REAP mask applied: 40 layer, 40 device range aggiornati/creati
ds4: PACE rotate       tok=723 phase=3 keep=23 ngram=0.151 hit=1.000 breaths=0
0710 13:52:28 ds4-server: chat ctx=778..828:50 gen=750 decoding chunk=2.72 t/s avg=1.97 t/s 381.043s
ds4: REAP mask applied: 40 layer, 40 device range aggiornati/creati
ds4: PACE rotate       tok=755 phase=3 keep=23 ngram=0.174 hit=1.000 breaths=0
ds4: REAP mask applied: 40 layer, 40 device range aggiornati/creati
ds4: PACE rotate       tok=787 phase=3 keep=23 ngram=0.247 hit=1.000 breaths=0
0710 13:52:46 ds4-server: chat ctx=828..878:50 gen=800 decoding chunk=2.67 t/s avg=2.00 t/s 399.793s
ds4: REAP mask applied: 40 layer, 40 device range aggiornati/creati
ds4: PACE rotate       tok=819 phase=3 keep=23 ngram=0.295 hit=1.000 breaths=0
0710 13:53:06 ds4-server: chat ctx=878..928:50 gen=850 decoding chunk=2.73 t/s avg=2.03 t/s 418.099s
ds4: REAP mask applied: 40 layer, 40 device range aggiornati/creati
ds4: PACE rotate       tok=851 phase=3 keep=23 ngram=0.322 hit=1.000 breaths=0
ds4: REAP mask applied: 40 layer, 40 device range aggiornati/creati
ds4: PACE rotate       tok=883 phase=3 keep=23 ngram=0.307 hit=1.000 breaths=0
0710 13:53:27 ds4-server: chat ctx=928..978:50 gen=900 decoding chunk=2.66 t/s avg=2.06 t/s 436.913s
ds4: REAP mask applied: 40 layer, 40 device range aggiornati/creati
ds4: PACE rotate       tok=915 phase=3 keep=23 ngram=0.245 hit=1.000 breaths=0
ds4: REAP mask applied: 40 layer, 40 device range aggiornati/creati
ds4: PACE rotate       tok=947 phase=3 keep=23 ngram=0.177 hit=1.000 breaths=0
0710 13:53:46 ds4-server: chat ctx=978..1028:50 gen=950 decoding chunk=2.54 t/s avg=2.08 t/s 456.573s
ds4: REAP mask applied: 40 layer, 40 device range aggiornati/creati
ds4: PACE rotate       tok=979 phase=3 keep=23 ngram=0.176 hit=1.000 breaths=0
0710 13:54:08 ds4-server: chat ctx=1028..1078:50 gen=1000 decoding chunk=2.49 t/s avg=2.10 t/s 476.661s
ds4: REAP mask applied: 40 layer, 40 device range aggiornati/creati
ds4: PACE rotate       tok=1011 phase=3 keep=23 ngram=0.241 hit=1.000 breaths=0
ds4: REAP mask applied: 40 layer, 40 device range aggiornati/creati
ds4: PACE rotate       tok=1043 phase=3 keep=23 ngram=0.227 hit=1.000 breaths=0
0710 13:54:26 ds4-server: chat ctx=1078..1128:50 gen=1050 decoding chunk=2.71 t/s avg=2.12 t/s 495.119s
ds4: REAP mask applied: 40 layer, 40 device range aggiornati/creati
ds4: PACE rotate       tok=1075 phase=3 keep=23 ngram=0.212 hit=1.000 breaths=0
0710 13:54:47 ds4-server: chat ctx=1128..1178:50 gen=1100 decoding chunk=2.56 t/s avg=2.14 t/s 514.639s
ds4: REAP mask applied: 40 layer, 40 device range aggiornati/creati
ds4: PACE rotate       tok=1107 phase=3 keep=23 ngram=0.199 hit=1.000 breaths=0
ds4: REAP mask applied: 40 layer, 40 device range aggiornati/creati
ds4: PACE rotate       tok=1139 phase=3 keep=23 ngram=0.152 hit=1.000 breaths=0
0710 13:55:09 ds4-server: chat ctx=1178..1228:50 gen=1150 decoding chunk=2.52 t/s avg=2.15 t/s 534.499s
ds4: REAP mask applied: 40 layer, 40 device range aggiornati/creati
ds4: PACE rotate       tok=1171 phase=3 keep=23 ngram=0.148 hit=1.000 breaths=0
0710 13:55:27 ds4-server: chat ctx=1228..1278:50 gen=1200 decoding chunk=2.73 t/s avg=2.17 t/s 552.828s
ds4: REAP mask applied: 40 layer, 40 device range aggiornati/creati
ds4: PACE rotate       tok=1203 phase=3 keep=23 ngram=0.174 hit=1.000 breaths=0
ds4: REAP mask applied: 40 layer, 40 device range aggiornati/creati
ds4: PACE rotate       tok=1235 phase=3 keep=23 ngram=0.132 hit=1.000 breaths=0
0710 13:55:48 ds4-server: chat ctx=1278..1328:50 gen=1250 decoding chunk=2.64 t/s avg=2.19 t/s 571.790s
ds4: REAP mask applied: 40 layer, 40 device range aggiornati/creati
ds4: PACE rotate       tok=1267 phase=3 keep=23 ngram=0.171 hit=1.000 breaths=0
ds4: REAP mask applied: 40 layer, 40 device range aggiornati/creati
ds4: PACE rotate       tok=1299 phase=3 keep=23 ngram=0.153 hit=1.000 breaths=0
0710 13:56:06 ds4-server: chat ctx=1328..1378:50 gen=1300 decoding chunk=2.81 t/s avg=2.20 t/s 589.586s
ds4: REAP mask applied: 40 layer, 40 device range aggiornati/creati
ds4: PACE rotate       tok=1331 phase=3 keep=23 ngram=0.115 hit=1.000 breaths=0
0710 13:56:26 ds4-server: chat ctx=1378..1428:50 gen=1350 decoding chunk=2.66 t/s avg=2.22 t/s 608.360s
ds4: REAP mask applied: 40 layer, 40 device range aggiornati/creati
ds4: PACE rotate       tok=1363 phase=3 keep=23 ngram=0.152 hit=1.000 breaths=0
ds4: REAP mask applied: 40 layer, 40 device range aggiornati/creati
ds4: PACE rotate       tok=1395 phase=3 keep=23 ngram=0.161 hit=1.000 breaths=0
0710 13:56:45 ds4-server: chat ctx=1428..1478:50 gen=1400 decoding chunk=2.62 t/s avg=2.23 t/s 627.424s
ds4: REAP mask applied: 40 layer, 40 device range aggiornati/creati
ds4: PACE rotate       tok=1427 phase=3 keep=23 ngram=0.182 hit=1.000 breaths=0
0710 13:57:05 ds4-server: chat ctx=1478..1528:50 gen=1450 decoding chunk=2.67 t/s avg=2.24 t/s 646.127s
ds4: REAP mask applied: 40 layer, 40 device range aggiornati/creati
ds4: PACE rotate       tok=1459 phase=3 keep=23 ngram=0.152 hit=1.000 breaths=0
ds4: REAP mask applied: 40 layer, 40 device range aggiornati/creati
ds4: PACE rotate       tok=1491 phase=3 keep=23 ngram=0.151 hit=1.000 breaths=0
0710 13:57:26 ds4-server: chat ctx=1528..1578:50 gen=1500 decoding chunk=2.59 t/s avg=2.25 t/s 665.430s
ds4: REAP mask applied: 40 layer, 40 device range aggiornati/creati
ds4: PACE rotate       tok=1523 phase=3 keep=23 ngram=0.182 hit=1.000 breaths=0
0710 13:57:44 ds4-server: chat ctx=1578..1628:50 gen=1550 decoding chunk=2.79 t/s avg=2.27 t/s 683.327s
ds4: REAP mask applied: 40 layer, 40 device range aggiornati/creati
ds4: PACE rotate       tok=1555 phase=3 keep=23 ngram=0.197 hit=1.000 breaths=0
ds4: REAP mask applied: 40 layer, 40 device range aggiornati/creati
ds4: PACE rotate       tok=1587 phase=3 keep=23 ngram=0.220 hit=1.000 breaths=0
0710 13:58:02 ds4-server: chat ctx=1628..1678:50 gen=1600 decoding chunk=2.70 t/s avg=2.28 t/s 701.818s
ds4: REAP mask applied: 40 layer, 40 device range aggiornati/creati
ds4: PACE rotate       tok=1619 phase=3 keep=23 ngram=0.232 hit=1.000 breaths=0
0710 13:58:24 ds4-server: chat ctx=1678..1728:50 gen=1650 decoding chunk=2.53 t/s avg=2.29 t/s 721.578s
ds4: REAP mask applied: 40 layer, 40 device range aggiornati/creati
ds4: PACE rotate       tok=1651 phase=3 keep=23 ngram=0.146 hit=1.000 breaths=0
ds4: REAP mask applied: 40 layer, 40 device range aggiornati/creati
ds4: PACE rotate       tok=1683 phase=3 keep=23 ngram=0.055 hit=1.000 breaths=0
0710 13:58:44 ds4-server: chat ctx=1728..1778:50 gen=1700 decoding chunk=2.62 t/s avg=2.30 t/s 740.696s
ds4: REAP mask applied: 40 layer, 40 device range aggiornati/creati
ds4: PACE rotate       tok=1715 phase=3 keep=23 ngram=0.033 hit=1.000 breaths=0
ds4: REAP mask applied: 40 layer, 40 device range aggiornati/creati
ds4: PACE rotate       tok=1747 phase=3 keep=23 ngram=0.045 hit=1.000 breaths=0
0710 13:59:03 ds4-server: chat ctx=1778..1828:50 gen=1750 decoding chunk=2.68 t/s avg=2.30 t/s 759.380s
ds4: REAP mask applied: 40 layer, 40 device range aggiornati/creati
ds4: PACE rotate       tok=1779 phase=3 keep=23 ngram=0.080 hit=1.000 breaths=0
0710 13:59:24 ds4-server: chat ctx=1828..1878:50 gen=1800 decoding chunk=2.49 t/s avg=2.31 t/s 779.477s
ds4: REAP mask applied: 40 layer, 40 device range aggiornati/creati
ds4: PACE rotate       tok=1811 phase=3 keep=23 ngram=0.171 hit=1.000 breaths=0
ds4: REAP mask applied: 40 layer, 40 device range aggiornati/creati
ds4: PACE rotate       tok=1843 phase=3 keep=23 ngram=0.329 hit=1.000 breaths=0
0710 13:59:44 ds4-server: chat ctx=1878..1928:50 gen=1850 decoding chunk=2.57 t/s avg=2.32 t/s 798.899s
ds4: REAP mask applied: 40 layer, 40 device range aggiornati/creati
ds4: PACE rotate       tok=1875 phase=3 keep=23 ngram=0.395 hit=1.000 breaths=0
0710 14:00:04 ds4-server: chat ctx=1928..1978:50 gen=1900 decoding chunk=2.69 t/s avg=2.32 t/s 817.496s
ds4: REAP mask applied: 40 layer, 40 device range aggiornati/creati
ds4: PACE rotate       tok=1907 phase=3 keep=23 ngram=0.359 hit=1.000 breaths=0
ds4: REAP mask applied: 40 layer, 40 device range aggiornati/creati
ds4: PACE rotate       tok=1939 phase=3 keep=23 ngram=0.426 hit=1.000 breaths=0
0710 14:00:23 ds4-server: chat ctx=1978..2028:50 gen=1950 decoding chunk=2.61 t/s avg=2.33 t/s 836.660s
ds4: REAP mask applied: 40 layer, 40 device range aggiornati/creati
ds4: PACE rotate       tok=1971 phase=3 keep=23 ngram=0.376 hit=1.000 breaths=0
0710 14:00:44 ds4-server: chat ctx=2028..2078:50 gen=2000 decoding chunk=2.50 t/s avg=2.33 t/s 856.648s
ds4: REAP mask applied: 40 layer, 40 device range aggiornati/creati
ds4: PACE rotate       tok=2003 phase=3 keep=23 ngram=0.430 hit=1.000 breaths=0
ds4: REAP mask applied: 40 layer, 40 device range aggiornati/creati
ds4: PACE rotate       tok=2035 phase=3 keep=23 ngram=0.393 hit=1.000 breaths=0
0710 14:01:06 ds4-server: chat ctx=2078..2128:50 gen=2050 decoding chunk=2.45 t/s avg=2.34 t/s 877.036s
ds4: REAP mask applied: 40 layer, 40 device range aggiornati/creati
ds4: PACE rotate       tok=2067 phase=3 keep=23 ngram=0.435 hit=1.000 breaths=0
ds4: REAP mask applied: 40 layer, 40 device range aggiornati/creati
ds4: PACE rotate       tok=2099 phase=3 keep=23 ngram=0.394 hit=1.000 breaths=0
0710 14:01:24 ds4-server: chat ctx=2128..2178:50 gen=2100 decoding chunk=2.79 t/s avg=2.35 t/s 894.983s
ds4: REAP mask applied: 40 layer, 40 device range aggiornati/creati
ds4: PACE rotate       tok=2131 phase=3 keep=23 ngram=0.428 hit=1.000 breaths=0
0710 14:01:43 ds4-server: chat ctx=2178..2228:50 gen=2150 decoding chunk=2.71 t/s avg=2.35 t/s 913.458s
ds4: REAP mask applied: 40 layer, 40 device range aggiornati/creati
ds4: PACE rotate       tok=2163 phase=3 keep=23 ngram=0.380 hit=1.000 breaths=0
ds4: REAP mask applied: 40 layer, 40 device range aggiornati/creati
ds4: PACE rotate       tok=2195 phase=3 keep=23 ngram=0.403 hit=1.000 breaths=0
0710 14:02:02 ds4-server: chat ctx=2228..2278:50 gen=2200 decoding chunk=2.71 t/s avg=2.36 t/s 931.923s
ds4: REAP mask applied: 40 layer, 40 device range aggiornati/creati
ds4: PACE rotate       tok=2227 phase=3 keep=23 ngram=0.382 hit=1.000 breaths=0
0710 14:02:22 ds4-server: chat ctx=2278..2328:50 gen=2250 decoding chunk=2.68 t/s avg=2.37 t/s 950.566s
ds4: REAP mask applied: 40 layer, 40 device range aggiornati/creati
ds4: PACE rotate       tok=2259 phase=3 keep=23 ngram=0.395 hit=1.000 breaths=0
ds4: REAP mask applied: 40 layer, 40 device range aggiornati/creati
ds4: PACE rotate       tok=2291 phase=3 keep=23 ngram=0.400 hit=1.000 breaths=0
0710 14:02:43 ds4-server: chat ctx=2328..2378:50 gen=2300 decoding chunk=2.45 t/s avg=2.37 t/s 970.959s
ds4: REAP mask applied: 40 layer, 40 device range aggiornati/creati
ds4: PACE rotate       tok=2323 phase=3 keep=23 ngram=0.402 hit=1.000 breaths=0
0710 14:03:01 ds4-server: chat ctx=2378..2428:50 gen=2350 decoding chunk=2.84 t/s avg=2.38 t/s 988.556s
ds4: REAP mask applied: 40 layer, 40 device range aggiornati/creati
ds4: PACE rotate       tok=2355 phase=3 keep=23 ngram=0.410 hit=1.000 breaths=0
ds4: REAP mask applied: 40 layer, 40 device range aggiornati/creati
ds4: PACE rotate       tok=2387 phase=3 keep=23 ngram=0.406 hit=1.000 breaths=0
0710 14:03:20 ds4-server: chat ctx=2428..2478:50 gen=2400 decoding chunk=2.74 t/s avg=2.38 t/s 1006.816s
ds4: REAP mask applied: 40 layer, 40 device range aggiornati/creati
ds4: PACE rotate       tok=2419 phase=3 keep=23 ngram=0.414 hit=1.000 breaths=0
0710 14:03:39 ds4-server: chat ctx=2478..2528:50 gen=2450 decoding chunk=2.73 t/s avg=2.39 t/s 1025.112s
ds4: REAP mask applied: 40 layer, 40 device range aggiornati/creati
ds4: PACE rotate       tok=2451 phase=3 keep=23 ngram=0.401 hit=1.000 breaths=0
ds4: REAP mask applied: 40 layer, 40 device range aggiornati/creati
ds4: PACE rotate       tok=2483 phase=3 keep=23 ngram=0.414 hit=1.000 breaths=0
0710 14:03:59 ds4-server: chat ctx=2528..2578:50 gen=2500 decoding chunk=2.55 t/s avg=2.39 t/s 1044.707s
ds4: REAP mask applied: 40 layer, 40 device range aggiornati/creati
ds4: PACE rotate       tok=2515 phase=3 keep=23 ngram=0.391 hit=1.000 breaths=0
ds4: REAP mask applied: 40 layer, 40 device range aggiornati/creati
ds4: PACE rotate       tok=2547 phase=3 keep=23 ngram=0.415 hit=1.000 breaths=0
0710 14:04:19 ds4-server: chat ctx=2578..2628:50 gen=2550 decoding chunk=2.70 t/s avg=2.40 t/s 1063.216s
ds4: REAP mask applied: 40 layer, 40 device range aggiornati/creati
ds4: PACE rotate       tok=2579 phase=3 keep=23 ngram=0.383 hit=1.000 breaths=0
0710 14:04:38 ds4-server: chat ctx=2628..2678:50 gen=2600 decoding chunk=2.65 t/s avg=2.40 t/s 1082.064s
ds4: REAP mask applied: 40 layer, 40 device range aggiornati/creati
ds4: PACE rotate       tok=2611 phase=3 keep=23 ngram=0.426 hit=1.000 breaths=0
ds4: REAP mask applied: 40 layer, 40 device range aggiornati/creati
ds4: PACE rotate       tok=2643 phase=3 keep=23 ngram=0.383 hit=1.000 breaths=0
0710 14:04:58 ds4-server: chat ctx=2678..2728:50 gen=2650 decoding chunk=2.51 t/s avg=2.40 t/s 1101.980s
ds4: REAP mask applied: 40 layer, 40 device range aggiornati/creati
ds4: PACE rotate       tok=2675 phase=3 keep=23 ngram=0.433 hit=1.000 breaths=0
0710 14:05:18 ds4-server: chat ctx=2728..2778:50 gen=2700 decoding chunk=2.59 t/s avg=2.41 t/s 1121.263s
ds4: REAP mask applied: 40 layer, 40 device range aggiornati/creati
ds4: PACE rotate       tok=2707 phase=3 keep=23 ngram=0.383 hit=1.000 breaths=0
ds4: REAP mask applied: 40 layer, 40 device range aggiornati/creati
ds4: PACE rotate       tok=2739 phase=3 keep=23 ngram=0.434 hit=1.000 breaths=0
0710 14:05:36 ds4-server: chat ctx=2778..2828:50 gen=2750 decoding chunk=2.77 t/s avg=2.41 t/s 1139.344s
ds4: REAP mask applied: 40 layer, 40 device range aggiornati/creati
ds4: PACE rotate       tok=2771 phase=3 keep=23 ngram=0.384 hit=1.000 breaths=0
0710 14:05:56 ds4-server: chat ctx=2828..2878:50 gen=2800 decoding chunk=2.64 t/s avg=2.42 t/s 1158.258s
ds4: REAP mask applied: 40 layer, 40 device range aggiornati/creati
ds4: PACE rotate       tok=2803 phase=3 keep=23 ngram=0.431 hit=1.000 breaths=0
ds4: REAP mask applied: 40 layer, 40 device range aggiornati/creati
ds4: PACE rotate       tok=2835 phase=3 keep=23 ngram=0.393 hit=1.000 breaths=0
0710 14:06:15 ds4-server: chat ctx=2878..2928:50 gen=2850 decoding chunk=2.69 t/s avg=2.42 t/s 1176.831s
ds4: REAP mask applied: 40 layer, 40 device range aggiornati/creati
ds4: PACE rotate       tok=2867 phase=3 keep=23 ngram=0.433 hit=1.000 breaths=0
ds4: REAP mask applied: 40 layer, 40 device range aggiornati/creati
ds4: PACE rotate       tok=2899 phase=3 keep=23 ngram=0.380 hit=1.000 breaths=0
0710 14:06:34 ds4-server: chat ctx=2928..2978:50 gen=2900 decoding chunk=2.66 t/s avg=2.43 t/s 1195.618s
ds4: REAP mask applied: 40 layer, 40 device range aggiornati/creati
ds4: PACE rotate       tok=2931 phase=3 keep=23 ngram=0.408 hit=1.000 breaths=0
0710 14:06:53 ds4-server: chat ctx=2978..3028:50 gen=2950 decoding chunk=2.74 t/s avg=2.43 t/s 1213.848s
ds4: REAP mask applied: 40 layer, 40 device range aggiornati/creati
ds4: PACE rotate       tok=2963 phase=3 keep=23 ngram=0.380 hit=1.000 breaths=0
ds4: REAP mask applied: 40 layer, 40 device range aggiornati/creati
ds4: PACE rotate       tok=2995 phase=3 keep=23 ngram=0.402 hit=1.000 breaths=0
0710 14:07:13 ds4-server: chat ctx=3028..3078:50 gen=3000 decoding chunk=2.59 t/s avg=2.43 t/s 1233.127s
ds4: REAP mask applied: 40 layer, 40 device range aggiornati/creati
ds4: PACE rotate       tok=3027 phase=3 keep=23 ngram=0.406 hit=1.000 breaths=0
0710 14:07:32 ds4-server: chat ctx=3078..3128:50 gen=3050 decoding chunk=2.62 t/s avg=2.44 t/s 1252.224s
ds4: REAP mask applied: 40 layer, 40 device range aggiornati/creati
ds4: PACE rotate       tok=3059 phase=3 keep=23 ngram=0.412 hit=1.000 breaths=0
ds4: REAP mask applied: 40 layer, 40 device range aggiornati/creati
ds4: PACE rotate       tok=3091 phase=3 keep=23 ngram=0.402 hit=1.000 breaths=0
0710 14:07:51 ds4-server: chat ctx=3128..3178:50 gen=3100 decoding chunk=2.69 t/s avg=2.44 t/s 1270.791s
ds4: REAP mask applied: 40 layer, 40 device range aggiornati/creati
ds4: PACE rotate       tok=3123 phase=3 keep=23 ngram=0.401 hit=1.000 breaths=0
0710 14:08:11 ds4-server: chat ctx=3178..3228:50 gen=3150 decoding chunk=2.65 t/s avg=2.44 t/s 1289.644s
ds4: REAP mask applied: 40 layer, 40 device range aggiornati/creati
ds4: PACE rotate       tok=3155 phase=3 keep=23 ngram=0.404 hit=1.000 breaths=0
ds4: REAP mask applied: 40 layer, 40 device range aggiornati/creati
ds4: PACE rotate       tok=3187 phase=3 keep=23 ngram=0.398 hit=1.000 breaths=0
0710 14:08:29 ds4-server: chat ctx=3228..3278:50 gen=3200 decoding chunk=2.75 t/s avg=2.45 t/s 1307.850s
ds4: REAP mask applied: 40 layer, 40 device range aggiornati/creati
ds4: PACE rotate       tok=3219 phase=3 keep=23 ngram=0.420 hit=1.000 breaths=0
0710 14:08:50 ds4-server: chat ctx=3278..3328:50 gen=3250 decoding chunk=2.59 t/s avg=2.45 t/s 1327.193s
ds4: REAP mask applied: 40 layer, 40 device range aggiornati/creati
ds4: PACE rotate       tok=3251 phase=3 keep=23 ngram=0.408 hit=1.000 breaths=0
ds4: REAP mask applied: 40 layer, 40 device range aggiornati/creati
ds4: PACE rotate       tok=3283 phase=3 keep=23 ngram=0.429 hit=1.000 breaths=0
0710 14:09:09 ds4-server: chat ctx=3328..3378:50 gen=3300 decoding chunk=2.65 t/s avg=2.45 t/s 1346.035s
ds4: REAP mask applied: 40 layer, 40 device range aggiornati/creati
ds4: PACE rotate       tok=3315 phase=3 keep=23 ngram=0.416 hit=1.000 breaths=0
ds4: REAP mask applied: 40 layer, 40 device range aggiornati/creati
ds4: PACE rotate       tok=3347 phase=3 keep=23 ngram=0.425 hit=1.000 breaths=0
0710 14:09:28 ds4-server: chat ctx=3378..3428:50 gen=3350 decoding chunk=2.64 t/s avg=2.45 t/s 1364.991s
ds4: REAP mask applied: 40 layer, 40 device range aggiornati/creati
ds4: PACE rotate       tok=3379 phase=3 keep=23 ngram=0.399 hit=1.000 breaths=0
0710 14:09:48 ds4-server: chat ctx=3428..3478:50 gen=3400 decoding chunk=2.65 t/s avg=2.46 t/s 1383.831s
ds4: REAP mask applied: 40 layer, 40 device range aggiornati/creati
ds4: PACE rotate       tok=3411 phase=3 keep=23 ngram=0.420 hit=1.000 breaths=0
ds4: REAP mask applied: 40 layer, 40 device range aggiornati/creati
ds4: PACE rotate       tok=3443 phase=3 keep=23 ngram=0.391 hit=1.000 breaths=0
0710 14:10:07 ds4-server: chat ctx=3478..3528:50 gen=3450 decoding chunk=2.68 t/s avg=2.46 t/s 1402.510s
ds4: REAP mask applied: 40 layer, 40 device range aggiornati/creati
ds4: PACE rotate       tok=3475 phase=3 keep=23 ngram=0.434 hit=1.000 breaths=0
0710 14:10:27 ds4-server: chat ctx=3528..3578:50 gen=3500 decoding chunk=2.50 t/s avg=2.46 t/s 1422.498s
ds4: REAP mask applied: 40 layer, 40 device range aggiornati/creati
ds4: PACE rotate       tok=3507 phase=3 keep=23 ngram=0.416 hit=1.000 breaths=0
ds4: REAP mask applied: 40 layer, 40 device range aggiornati/creati
ds4: PACE rotate       tok=3539 phase=3 keep=23 ngram=0.444 hit=1.000 breaths=0
0710 14:10:46 ds4-server: chat ctx=3578..3628:50 gen=3550 decoding chunk=2.56 t/s avg=2.46 t/s 1442.054s
ds4: REAP mask applied: 40 layer, 40 device range aggiornati/creati
ds4: PACE rotate       tok=3571 phase=3 keep=23 ngram=0.416 hit=1.000 breaths=0
0710 14:11:07 ds4-server: chat ctx=3628..3678:50 gen=3600 decoding chunk=2.54 t/s avg=2.46 t/s 1461.716s
ds4: REAP mask applied: 40 layer, 40 device range aggiornati/creati
ds4: PACE rotate       tok=3603 phase=3 keep=23 ngram=0.448 hit=1.000 breaths=0
ds4: REAP mask applied: 40 layer, 40 device range aggiornati/creati
ds4: PACE rotate       tok=3635 phase=3 keep=23 ngram=0.416 hit=1.000 breaths=0
0710 14:11:27 ds4-server: chat ctx=3678..3728:50 gen=3650 decoding chunk=2.48 t/s avg=2.46 t/s 1481.878s
ds4: REAP mask applied: 40 layer, 40 device range aggiornati/creati
ds4: PACE rotate       tok=3667 phase=3 keep=23 ngram=0.448 hit=1.000 breaths=0
ds4: REAP mask applied: 40 layer, 40 device range aggiornati/creati
ds4: PACE rotate       tok=3699 phase=3 keep=23 ngram=0.409 hit=1.000 breaths=0
0710 14:11:46 ds4-server: chat ctx=3728..3778:50 gen=3700 decoding chunk=2.66 t/s avg=2.47 t/s 1500.670s
ds4: REAP mask applied: 40 layer, 40 device range aggiornati/creati
ds4: PACE rotate       tok=3731 phase=3 keep=23 ngram=0.447 hit=1.000 breaths=0
0710 14:12:05 ds4-server: chat ctx=3778..3828:50 gen=3750 decoding chunk=2.57 t/s avg=2.47 t/s 1520.154s
ds4: REAP mask applied: 40 layer, 40 device range aggiornati/creati
ds4: PACE rotate       tok=3763 phase=3 keep=23 ngram=0.417 hit=1.000 breaths=0
ds4: REAP mask applied: 40 layer, 40 device range aggiornati/creati
ds4: PACE rotate       tok=3795 phase=3 keep=23 ngram=0.448 hit=1.000 breaths=0
0710 14:12:25 ds4-server: chat ctx=3828..3878:50 gen=3800 decoding chunk=2.58 t/s avg=2.47 t/s 1539.515s
ds4: REAP mask applied: 40 layer, 40 device range aggiornati/creati
ds4: PACE rotate       tok=3827 phase=3 keep=23 ngram=0.410 hit=1.000 breaths=0
0710 14:12:46 ds4-server: chat ctx=3878..3928:50 gen=3850 decoding chunk=2.43 t/s avg=2.47 t/s 1560.085s
ds4: REAP mask applied: 40 layer, 40 device range aggiornati/creati
ds4: PACE rotate       tok=3859 phase=3 keep=23 ngram=0.440 hit=1.000 breaths=0
ds4: REAP mask applied: 40 layer, 40 device range aggiornati/creati
ds4: PACE rotate       tok=3891 phase=3 keep=23 ngram=0.402 hit=1.000 breaths=0
0710 14:13:06 ds4-server: chat ctx=3928..3978:50 gen=3900 decoding chunk=2.56 t/s avg=2.47 t/s 1579.584s
ds4: REAP mask applied: 40 layer, 40 device range aggiornati/creati
ds4: PACE rotate       tok=3923 phase=3 keep=23 ngram=0.435 hit=1.000 breaths=0
0710 14:13:25 ds4-server: chat ctx=3978..4028:50 gen=3950 decoding chunk=2.69 t/s avg=2.47 t/s 1598.159s
ds4: REAP mask applied: 40 layer, 40 device range aggiornati/creati
ds4: PACE rotate       tok=3955 phase=3 keep=23 ngram=0.395 hit=1.000 breaths=0
ds4: REAP mask applied: 40 layer, 40 device range aggiornati/creati
ds4: PACE rotate       tok=3987 phase=3 keep=23 ngram=0.420 hit=1.000 breaths=0
0710 14:13:45 ds4-server: chat ctx=4028..4078:50 gen=4000 decoding chunk=2.63 t/s avg=2.47 t/s 1617.178s
0710 14:13:45 ds4-server: chat ctx=0..78:78 gen=4000 finish=length 1767.961s
