ds4: Linux cuda backend set oom_score_adj=1000
ds4: CUDA backend initialized on NVIDIA GeForce RTX 3060 (sm_86)
ds4: SSD streaming initial cuda model map restricted to token embedding (1 spans, 0.99 GiB tensor span)
ds4: CUDA preparing model tensor mappings
ds4: CUDA loading model tensors into device cache
ds4: CUDA startup model preparation covered 0.99 GiB of tensor spans in 0.791s
ds4: cuda backend initialized for graph diagnostics
0712 20:45:12 ds4-server: context buffers 151.57 MiB (ctx=6144, backend=cuda, prefill_chunk=512, raw_kv_rows=768, compressed_kv_rows=1538)
0712 20:45:12 ds4-server: listening on http://127.0.0.1:8073
0712 20:45:15 ds4-server: chat ctx=0..78:78 prompt start
ds4: PACE LIVEMASK on - bootstrap=16 window=10 K=23 observe_top=16 X=11 max_swaps=1 cooldown=16 hyst=999.000 weighted=0 pin=0
ds4: PACE LIVEMASK rating levers: blocked_weight=1.000 demote_horizon=10 promo_rate_cap=0 (unlimited)
ds4: PACE LIVEMASK pin-by-mass ON (DS4_REAP_PIN_BY_MASS=1) - seed+candidate ordered by MASS (lm_wshare, wcount stays knock gate); g_reap_pin_mass published per token (S7 seam)
ds4: expert tiering observe enabled (DS4_EXPERT_TIERING=observe; log=)
ds4: CUDA loading model tensors 0.15 GiB cached
ds4: CUDA loading model tensors 0.00 GiB cached
ds4: CUDA loading model tensors 0.15 GiB cached
ds4: CUDA loading model tensors 0.13 GiB cached
ds4: CUDA loading model tensors 0.14 GiB cached
ds4: CUDA loading model tensors 0.13 GiB cached
0712 20:46:18 ds4-server: chat ctx=0..78:78 prompt done 60.829s
ds4: CUDA loading model tensors 2.08 GiB cached
ds4: REAP mask bias = SOFT finite (-2.0000)
ds4: CUDA loading model tensors 7.01 GiB cached
ds4: REAP mask applied: 40 layer, 40 device range aggiornati/creati
ds4: PACE LIVEMASK seeded at tok=16 K=23 window=10
0712 20:47:21 ds4-server: chat ctx=78..118:40 gen=40 decoding chunk=0.66 t/s avg=0.66 t/s 60.340s
0712 20:47:21 ds4-server: chat ctx=0..78:78 gen=40 finish=length 121.174s
0712 20:47:22 ds4-server: live kv cache miss live=118 prompt=78 common=78 reason=token-mismatch
0712 20:47:22 ds4-server: chat ctx=0..78:78 prompt start
ds4: REAP mask applied: 40 layer, 40 device range aggiornati/creati
ds4: CUDA loading model tensors 0.00 GiB cached
ds4: CUDA loading model tensors 0.13 GiB cached
ds4: CUDA loading model tensors 0.14 GiB cached
ds4: CUDA loading model tensors 0.13 GiB cached
0712 20:48:05 ds4-server: chat ctx=0..78:78 prompt done 41.635s
ds4: CUDA loading model tensors 7.01 GiB cached
ds4: REAP mask applied: 40 layer, 40 device range aggiornati/creati
ds4: PACE LIVEMASK seeded at tok=16 K=23 window=10
ds4: CUDA loading model tensors 7.86 GiB cached
0712 20:48:32 ds4-server: chat ctx=78..128:50 gen=50 decoding chunk=1.91 t/s avg=1.91 t/s 26.149s
0712 20:48:53 ds4-server: chat ctx=128..178:50 gen=100 decoding chunk=2.56 t/s avg=2.19 t/s 45.697s
0712 20:49:07 ds4-server: shutdown requested, draining requests
0712 20:49:07 ds4-server: chat ctx=178..220:42 gen=142 decoding chunk=2.94 t/s avg=2.37 t/s 59.963s
0712 20:49:07 ds4-server: chat ctx=0..78:78 final stream failed
0712 20:49:07 ds4-server: chat ctx=0..78:78 gen=142 finish=error error="client stream write failed" 101.601s
ds4: expert tiering observe summary batches=7912 slots=87204 compact=55428 hit_rate=0.6085 hits=28573 misses=18383 direct=8472 evictions=17583 direct=57186.00 MiB compact=374139.00 MiB
ds4: expert tiering observe layer=2 batches=184 slots=2028 compact=1498 hit_rate=0.0092 misses=1082 direct=406 evictions=1060 cap=400 top=65:34,128:29,9:27,14:27,253:27,75:26
ds4: expert tiering observe layer=0 batches=184 slots=2028 compact=1492 hit_rate=0.0018 misses=1090 direct=400 evictions=1054 cap=400 top=11:35,174:31,58:29,74:27,48:25,192:25
ds4: expert tiering observe layer=1 batches=184 slots=2028 compact=1504 hit_rate=0.0092 misses=1082 direct=412 evictions=1050 cap=400 top=35:38,27:26,82:24,12:23,60:23,204:23
ds4: expert tiering observe layer=9 batches=184 slots=2028 compact=1308 hit_rate=0.5293 misses=514 direct=216 evictions=498 cap=400 top=47:167,26:154,185:143,63:136,242:73,232:69
ds4: expert tiering observe layer=10 batches=184 slots=2028 compact=1288 hit_rate=0.5595 misses=481 direct=196 evictions=461 cap=400 top=40:150,153:147,86:131,11:125,145:108,150:93
