ds4: Linux cuda backend set oom_score_adj=1000
ds4: CUDA backend initialized on NVIDIA GeForce RTX 3060 (sm_86)
ds4: SSD streaming initial cuda model map restricted to token embedding (1 spans, 0.99 GiB tensor span)
ds4: CUDA preparing model tensor mappings
ds4: CUDA loading model tensors into device cache
ds4: CUDA startup model preparation covered 0.99 GiB of tensor spans in 1.201s
ds4: cuda backend initialized for graph diagnostics
0709 22:40:45 ds4-server: context buffers 93.82 MiB (ctx=2048, backend=cuda, prefill_chunk=512, raw_kv_rows=768, compressed_kv_rows=514)
0709 22:40:45 ds4-server: listening on http://127.0.0.1:8014
0709 22:40:46 ds4-server: chat ctx=0..78:78 prompt start
ds4: PACE on - warmup=50 keep=64[23..96] step=8 ngram(n=3,win=120) drift=1.00 rel=0.15 hyst=200 breath(every=999999,len=80,keep=96,relearn=0) prebreath(on=0,drift=0.18,target=0.18,every=64,max=96,adapt=0,gain=8.00,pow=1.00,step_max=0,relearn=0,rdecay=0.30) anneal_warm=50 wrap=1 cache_flush=0 prefill_apply=0 prefill_wait_wrap=0 s1=0 exchange=0 weighted(warmup=0,relearn=0) rotate(on=0,every=32,decay=0.980)
ds4: PACE prefill_reset tok=0 phase=1 keep=0 ngram=0.000 hit=1.000 breaths=0
ds4: expert tiering observe enabled (DS4_EXPERT_TIERING=observe; log=)
ds4: CUDA loading model tensors 0.17 GiB cached
ds4: CUDA loading model tensors 0.13 GiB cached
ds4: CUDA loading model tensors 0.00 GiB cached
0709 22:41:18 ds4-server: chat ctx=0..78:78 prompt done 31.720s
ds4: PACE learned      tok=50 phase=2 keep=0 ngram=0.000 hit=1.000 breaths=0
ds4: CUDA loading model tensors 7.86 GiB cached
0709 22:41:44 ds4-server: chat ctx=78..128:50 gen=50 decoding chunk=1.98 t/s avg=1.98 t/s 25.260s
ds4: REAP mask applied: 40 layer, 40 device range aggiornati/creati
ds4: PACE descent      tok=51 phase=3 keep=64 ngram=0.000 hit=1.000 breaths=0
ds4: REAP prefetch (fattorino): 40 layer, 2560 expert, 5724 range, 16.90 GiB touched in 1174 ms (16 thread, mlock)
ds4: REAP mask applied: 40 layer, 40 device range aggiornati/creati
ds4: PACE tighten      tok=67 phase=3 keep=56 ngram=0.009 hit=1.000 breaths=0
ds4: REAP prefetch (fattorino): 40 layer, 2240 expert, 5229 range, 14.79 GiB touched in 454 ms (16 thread, mlock)
ds4: REAP mask applied: 40 layer, 40 device range aggiornati/creati
ds4: PACE tighten      tok=83 phase=3 keep=48 ngram=0.019 hit=1.000 breaths=0
ds4: REAP prefetch (fattorino): 40 layer, 1920 expert, 4662 range, 12.67 GiB touched in 379 ms (16 thread, mlock)
ds4: REAP mask applied: 40 layer, 40 device range aggiornati/creati
ds4: PACE tighten      tok=99 phase=3 keep=40 ngram=0.028 hit=1.000 breaths=0
ds4: REAP prefetch (fattorino): 40 layer, 1600 expert, 4038 range, 10.56 GiB touched in 328 ms (16 thread, mlock)
0709 22:42:03 ds4-server: chat ctx=128..178:50 gen=100 decoding chunk=2.66 t/s avg=2.27 t/s 44.074s
ds4: REAP mask applied: 40 layer, 40 device range aggiornati/creati
ds4: PACE tighten      tok=115 phase=3 keep=32 ngram=0.028 hit=1.000 breaths=0
ds4: REAP prefetch (fattorino): 40 layer, 1280 expert, 3342 range, 8.45 GiB touched in 256 ms (16 thread, mlock)
ds4: REAP mask applied: 40 layer, 40 device range aggiornati/creati
ds4: PACE tighten      tok=131 phase=3 keep=24 ngram=0.038 hit=1.000 breaths=0
ds4: REAP prefetch (fattorino): 40 layer, 960 expert, 2604 range, 6.34 GiB touched in 218 ms (16 thread, mlock)
ds4: REAP mask applied: 40 layer, 40 device range aggiornati/creati
ds4: PACE tighten      tok=147 phase=3 keep=23 ngram=0.051 hit=1.000 breaths=0
ds4: REAP prefetch (fattorino): 40 layer, 920 expert, 2511 range, 6.07 GiB touched in 184 ms (16 thread, mlock)
0709 22:42:22 ds4-server: chat ctx=178..228:50 gen=150 decoding chunk=2.67 t/s avg=2.39 t/s 62.830s
0709 22:42:41 ds4-server: chat ctx=228..278:50 gen=200 decoding chunk=2.73 t/s avg=2.46 t/s 81.150s
0709 22:43:00 ds4-server: chat ctx=278..328:50 gen=250 decoding chunk=2.65 t/s avg=2.50 t/s 100.009s
0709 22:43:20 ds4-server: chat ctx=328..378:50 gen=300 decoding chunk=2.64 t/s avg=2.52 t/s 118.939s
0709 22:43:38 ds4-server: chat ctx=378..428:50 gen=350 decoding chunk=2.71 t/s avg=2.55 t/s 137.371s
0709 22:43:57 ds4-server: chat ctx=428..478:50 gen=400 decoding chunk=2.70 t/s avg=2.57 t/s 155.891s
0709 22:43:57 ds4-server: chat ctx=0..78:78 gen=400 finish=length 187.612s
