ds4: Linux cuda backend set oom_score_adj=1000
ds4: CUDA backend initialized on NVIDIA GeForce RTX 3060 (sm_86)
ds4: SSD streaming initial cuda model map restricted to token embedding (1 spans, 0.99 GiB tensor span)
ds4: CUDA preparing model tensor mappings
ds4: CUDA loading model tensors into device cache
ds4: CUDA startup model preparation covered 0.99 GiB of tensor spans in 0.319s
ds4: cuda backend initialized for graph diagnostics
0710 05:10:29 ds4-server: context buffers 93.82 MiB (ctx=2048, backend=cuda, prefill_chunk=512, raw_kv_rows=768, compressed_kv_rows=514)
0710 05:10:29 ds4-server: listening on http://127.0.0.1:8014
0710 05:10:29 ds4-server: chat ctx=0..78:78 prompt start
ds4: PACE on - warmup=50 keep=64[23..96] step=8 ngram(n=3,win=120) drift=1.00 rel=0.15 hyst=200 breath(every=999999,len=80,keep=96,relearn=0) prebreath(on=0,drift=0.18,target=0.18,every=64,max=96,adapt=0,gain=8.00,pow=1.00,step_max=0,relearn=0,rdecay=0.30) anneal_warm=50 wrap=1 cache_flush=0 prefill_apply=0 prefill_wait_wrap=0 s1=0 exchange=0 relearn_on_tighten=1 weighted(warmup=0,relearn=0) rotate(on=1,every=999999,decay=0.980,preserve_stable=1)
ds4: PACE prefill_reset tok=0 phase=1 keep=0 ngram=0.000 hit=1.000 breaths=0
ds4: expert tiering observe enabled (DS4_EXPERT_TIERING=observe; log=)
ds4: CUDA loading model tensors 0.15 GiB cached
0710 05:10:43 ds4-server: chat ctx=0..78:78 prompt done 13.548s
ds4: PACE learned      tok=50 phase=2 keep=0 ngram=0.000 hit=1.000 breaths=0
ds4: CUDA loading model tensors 7.86 GiB cached
0710 05:11:05 ds4-server: chat ctx=78..128:50 gen=50 decoding chunk=2.30 t/s avg=2.30 t/s 21.693s
ds4: REAP mask applied: 40 layer, 40 device range aggiornati/creati
ds4: PACE descent      tok=51 phase=3 keep=64 ngram=0.000 hit=1.000 breaths=0
ds4: REAP prefetch (fattorino): 40 layer, 2560 expert, 5736 range, 16.90 GiB touched in 1196 ms (16 thread, mlock)
ds4: REAP mask applied: 40 layer, 40 device range aggiornati/creati
ds4: PACE tighten_relearn tok=67 phase=3 keep=56 ngram=0.009 hit=1.000 breaths=0
ds4: REAP prefetch (fattorino): 40 layer, 2240 expert, 5238 range, 14.79 GiB touched in 6122 ms (16 thread, mlock)
ds4: REAP mask applied: 40 layer, 40 device range aggiornati/creati
ds4: PACE tighten_relearn tok=83 phase=3 keep=48 ngram=0.018 hit=1.000 breaths=0
ds4: REAP prefetch (fattorino): 40 layer, 1920 expert, 4641 range, 12.67 GiB touched in 1143 ms (16 thread, mlock)
ds4: REAP mask applied: 40 layer, 40 device range aggiornati/creati
ds4: PACE tighten_relearn tok=99 phase=3 keep=40 ngram=0.021 hit=1.000 breaths=0
ds4: REAP prefetch (fattorino): 40 layer, 1600 expert, 4017 range, 10.56 GiB touched in 876 ms (16 thread, mlock)
0710 05:11:32 ds4-server: chat ctx=128..178:50 gen=100 decoding chunk=1.90 t/s avg=2.08 t/s 47.976s
ds4: REAP mask applied: 40 layer, 40 device range aggiornati/creati
ds4: PACE tighten_relearn tok=115 phase=3 keep=32 ngram=0.019 hit=1.000 breaths=0
ds4: REAP prefetch (fattorino): 40 layer, 1280 expert, 3372 range, 8.45 GiB touched in 539 ms (16 thread, mlock)
ds4: REAP mask applied: 40 layer, 40 device range aggiornati/creati
ds4: PACE tighten_relearn tok=131 phase=3 keep=24 ngram=0.017 hit=1.000 breaths=0
ds4: REAP prefetch (fattorino): 40 layer, 960 expert, 2598 range, 6.34 GiB touched in 503 ms (16 thread, mlock)
ds4: REAP mask applied: 40 layer, 40 device range aggiornati/creati
ds4: PACE tighten_relearn tok=147 phase=3 keep=23 ngram=0.017 hit=1.000 breaths=0
ds4: REAP prefetch (fattorino): 40 layer, 920 expert, 2562 range, 6.07 GiB touched in 464 ms (16 thread, mlock)
0710 05:11:53 ds4-server: chat ctx=178..228:50 gen=150 decoding chunk=2.57 t/s avg=2.22 t/s 67.416s
0710 05:12:10 ds4-server: chat ctx=228..278:50 gen=200 decoding chunk=2.89 t/s avg=2.36 t/s 84.734s
0710 05:12:28 ds4-server: chat ctx=278..328:50 gen=250 decoding chunk=2.87 t/s avg=2.45 t/s 102.181s
0710 05:12:45 ds4-server: chat ctx=328..378:50 gen=300 decoding chunk=2.97 t/s avg=2.52 t/s 119.026s
0710 05:13:04 ds4-server: chat ctx=378..428:50 gen=350 decoding chunk=2.85 t/s avg=2.56 t/s 136.565s
0710 05:13:21 ds4-server: chat ctx=428..478:50 gen=400 decoding chunk=2.96 t/s avg=2.61 t/s 153.482s
0710 05:13:39 ds4-server: chat ctx=478..528:50 gen=450 decoding chunk=2.93 t/s avg=2.64 t/s 170.537s
0710 05:13:56 ds4-server: chat ctx=528..578:50 gen=500 decoding chunk=2.95 t/s avg=2.67 t/s 187.503s
0710 05:14:14 ds4-server: chat ctx=578..628:50 gen=550 decoding chunk=2.95 t/s avg=2.69 t/s 204.437s
0710 05:14:31 ds4-server: chat ctx=628..678:50 gen=600 decoding chunk=2.93 t/s avg=2.71 t/s 221.482s
0710 05:14:49 ds4-server: chat ctx=678..728:50 gen=650 decoding chunk=2.96 t/s avg=2.73 t/s 238.370s
0710 05:15:06 ds4-server: chat ctx=728..778:50 gen=700 decoding chunk=2.93 t/s avg=2.74 t/s 255.448s
0710 05:15:23 ds4-server: chat ctx=778..828:50 gen=750 decoding chunk=2.96 t/s avg=2.75 t/s 272.330s
0710 05:15:42 ds4-server: chat ctx=828..878:50 gen=800 decoding chunk=2.92 t/s avg=2.76 t/s 289.466s
0710 05:15:42 ds4-server: chat ctx=0..78:78 gen=800 finish=length 303.016s
