ds4: Linux cuda backend set oom_score_adj=1000
ds4: CUDA backend initialized on NVIDIA GeForce RTX 3060 (sm_86)
ds4: SSD streaming initial cuda model map restricted to token embedding (1 spans, 0.99 GiB tensor span)
ds4: CUDA preparing model tensor mappings
ds4: CUDA loading model tensors into device cache
ds4: CUDA startup model preparation covered 0.99 GiB of tensor spans in 9.511s
ds4: cuda backend initialized for graph diagnostics
0712 05:43:09 ds4-server: context buffers 122.69 MiB (ctx=4096, backend=cuda, prefill_chunk=512, raw_kv_rows=768, compressed_kv_rows=1026)
0712 05:43:09 ds4-server: listening on http://127.0.0.1:8022
0712 05:43:11 ds4-server: chat ctx=0..64:64 prompt start
ds4: CUDA loading model tensors 0.00 GiB cached
ds4: CUDA loading model tensors 0.12 GiB cached
ds4: CUDA loading model tensors 0.15 GiB cached
ds4: CUDA loading model tensors 0.13 GiB cached
ds4: CUDA loading model tensors 0.00 GiB cached
ds4: CUDA loading model tensors 0.15 GiB cached
ds4: CUDA loading model tensors 0.13 GiB cached
ds4: CUDA loading model tensors 0.15 GiB cached
ds4: CUDA loading model tensors 0.13 GiB cached
ds4: CUDA loading model tensors 0.14 GiB cached
ds4: DBGCAP final_cap=10 requested=400
ds4: DBGCAP final_cap=12 requested=400
ds4: DBGCAP final_cap=16 requested=400
ds4: CUDA loading model tensors 0.00 GiB cached
0712 05:45:16 ds4-server: chat ctx=0..64:64 prompt done 122.711s
ds4: REAP mask reload da /mnt/c/Users/imanu/source/repos/reap-loop/runs/ds4/20260712_oracle50/mask_k23.txt: 9320 entry potate
ds4: REAP mask applied: 40 layer, 40 device range aggiornati/creati
ds4: DBGCAP final_cap=400 requested=400
ds4: CUDA loading model tensors 7.86 GiB cached
ds4: REAP mask applied: 40 layer, 40 device range aggiornati/creati
0712 05:45:46 ds4-server: chat ctx=64..114:50 gen=50 decoding chunk=1.76 t/s avg=1.76 t/s 28.468s
ds4: REAP mask applied: 40 layer, 40 device range aggiornati/creati
ds4: REAP mask applied: 40 layer, 40 device range aggiornati/creati
0712 05:46:04 ds4-server: chat ctx=114..164:50 gen=100 decoding chunk=2.76 t/s avg=2.15 t/s 46.572s
ds4: REAP mask applied: 40 layer, 40 device range aggiornati/creati
0712 05:46:22 ds4-server: chat ctx=164..214:50 gen=150 decoding chunk=2.89 t/s avg=2.35 t/s 63.859s
ds4: REAP mask applied: 40 layer, 40 device range aggiornati/creati
ds4: REAP mask applied: 40 layer, 40 device range aggiornati/creati
0712 05:46:40 ds4-server: chat ctx=214..264:50 gen=200 decoding chunk=2.88 t/s avg=2.46 t/s 81.195s
ds4: REAP mask applied: 40 layer, 40 device range aggiornati/creati
0712 05:46:56 ds4-server: chat ctx=264..314:50 gen=250 decoding chunk=3.05 t/s avg=2.56 t/s 97.577s
ds4: REAP mask applied: 40 layer, 40 device range aggiornati/creati
ds4: REAP mask applied: 40 layer, 40 device range aggiornati/creati
0712 05:47:12 ds4-server: chat ctx=314..364:50 gen=300 decoding chunk=3.04 t/s avg=2.63 t/s 114.020s
ds4: REAP mask applied: 40 layer, 40 device range aggiornati/creati
0712 05:47:22 ds4-server: chat ctx=364..393:29 gen=329 decoding chunk=3.06 t/s avg=2.66 t/s 123.509s
0712 05:47:22 ds4-server: chat ctx=0..64:64 gen=329 finish=stop 246.223s
0712 05:47:22 ds4-server: shutdown requested, draining requests
