ds4: Linux cuda backend set oom_score_adj=1000
ds4: CUDA backend initialized on NVIDIA GeForce RTX 3090 (sm_86)
ds4: SSD streaming initial cuda model map restricted to token embedding (1 spans, 0.99 GiB tensor span)
ds4: CUDA preparing model tensor mappings
ds4: CUDA loading model tensors into device cache
ds4: CUDA startup model preparation covered 0.99 GiB of tensor spans in 2.485s
ds4: cuda backend initialized for graph diagnostics
0713 16:04:50 ds4-server: context buffers 93.82 MiB (ctx=2048, backend=cuda, prefill_chunk=512, raw_kv_rows=768, compressed_kv_rows=514)
0713 16:04:50 ds4-server: listening on http://127.0.0.1:8096
0713 16:04:51 ds4-server: chat ctx=0..64:64 prompt start
ds4: CUDA loading model tensors 0.12 GiB cached
ds4: CUDA loading model tensors 0.13 GiB cached
ds4: CUDA loading model tensors 0.16 GiB cached
ds4: CUDA loading model tensors 0.13 GiB cached
ds4: CUDA loading model tensors 0.14 GiB cached
ds4: CUDA loading model tensors 0.15 GiB cached
ds4: CUDA loading model tensors 0.16 GiB cached
ds4: CUDA loading model tensors 0.13 GiB cached
ds4: CUDA loading model tensors 0.15 GiB cached
ds4: CUDA loading model tensors 0.16 GiB cached
ds4: CUDA loading model tensors 0.15 GiB cached
ds4: CUDA loading model tensors 0.16 GiB cached
ds4: CUDA loading model tensors 0.15 GiB cached
ds4: CUDA loading model tensors 0.13 GiB cached
ds4: CUDA loading model tensors 0.14 GiB cached
ds4: CUDA loading model tensors 0.15 GiB cached
ds4: CUDA loading model tensors 0.16 GiB cached
ds4: CUDA loading model tensors 0.13 GiB cached
ds4: CUDA loading model tensors 0.14 GiB cached
ds4: CUDA loading model tensors 0.00 GiB cached
0713 16:09:14 ds4-server: chat ctx=0..64:64 prompt done 263.147s
ds4: REAP mask reload da /workspace/reap-loop/runs/ds4/20260712_virtual_bake/masks/mask60_self.txt: 4080 entry potate
ds4: REAP mask applied: 40 layer, 40 device range aggiornati/creati
ds4: CUDA loading model tensors 7.86 GiB cached
0713 16:09:42 ds4-server: chat ctx=64..80:16 gen=16 decoding chunk=0.56 t/s avg=0.56 t/s 28.651s
0713 16:09:42 ds4-server: chat ctx=0..64:64 gen=16 finish=length 291.800s
0713 16:09:42 ds4-server: live kv cache miss live=80 prompt=64 common=64 reason=token-mismatch
0713 16:09:42 ds4-server: chat ctx=0..64:64 prompt start
ds4: CUDA loading model tensors 0.00 GiB cached
0713 16:09:49 ds4-server: chat ctx=0..64:64 prompt done 7.012s
ds4: CUDA loading model tensors 7.86 GiB cached
ds4: REAP mask applied: 40 layer, 40 device range aggiornati/creati
ds4: REAP mask applied: 40 layer, 40 device range aggiornati/creati
0713 16:11:16 ds4-server: chat ctx=64..114:50 gen=50 decoding chunk=0.57 t/s avg=0.57 t/s 87.073s
0713 16:11:33 ds4-server: chat ctx=114..124:10 gen=60 decoding chunk=0.59 t/s avg=0.58 t/s 104.075s
0713 16:11:33 ds4-server: chat ctx=0..64:64 gen=60 finish=length 111.089s
0713 16:11:34 ds4-server: live kv cache miss live=124 prompt=64 common=64 reason=token-mismatch
0713 16:11:34 ds4-server: chat ctx=0..64:64 prompt start
ds4: CUDA loading model tensors 0.00 GiB cached
0713 16:11:40 ds4-server: chat ctx=0..64:64 prompt done 6.832s
ds4: REAP mask applied: 40 layer, 40 device range aggiornati/creati
0713 16:11:59 ds4-server: chat ctx=64..114:50 gen=50 decoding chunk=2.70 t/s avg=2.70 t/s 18.517s
ds4: REAP mask applied: 40 layer, 40 device range aggiornati/creati
0713 16:12:03 ds4-server: chat ctx=114..124:10 gen=60 decoding chunk=2.21 t/s avg=2.60 t/s 23.045s
0713 16:12:03 ds4-server: chat ctx=0..64:64 gen=60 finish=length 29.879s
0713 16:12:03 ds4-server: live kv cache miss live=124 prompt=64 common=64 reason=token-mismatch
0713 16:12:03 ds4-server: chat ctx=0..64:64 prompt start
ds4: CUDA loading model tensors 0.01 GiB cached
0713 16:12:11 ds4-server: chat ctx=0..64:64 prompt done 7.301s
ds4: REAP mask applied: 40 layer, 40 device range aggiornati/creati
0713 16:12:28 ds4-server: chat ctx=64..114:50 gen=50 decoding chunk=2.83 t/s avg=2.83 t/s 17.663s
ds4: REAP mask applied: 40 layer, 40 device range aggiornati/creati
0713 16:12:33 ds4-server: chat ctx=114..124:10 gen=60 decoding chunk=2.25 t/s avg=2.71 t/s 22.104s
0713 16:12:33 ds4-server: chat ctx=0..64:64 gen=60 finish=length 29.407s
0713 16:12:33 ds4-server: shutdown requested, draining requests
ds4: SPEX stats: selected_batches=8600 selected_experts=65768 cache_hits=18759 cache_misses=33409 hit_rate=0.3596 miss_per_expert=0.5080 direct_loads=15200 copy_calls=145827 copied=328110.75 MiB copy_ms=436024.970 copy_ms_per_batch=50.701 sync_calls=100227 sync_ms=11050.359 sync_ms_per_batch=1.285
