ds4: Linux cuda backend set oom_score_adj=1000
ds4: CUDA backend initialized on NVIDIA GeForce RTX 3060 (sm_86)
ds4: SSD streaming initial cuda model map restricted to token embedding (1 spans, 0.99 GiB tensor span)
ds4: CUDA preparing model tensor mappings
ds4: CUDA loading model tensors into device cache
ds4: CUDA startup model preparation covered 0.99 GiB of tensor spans in 0.291s
ds4: cuda backend initialized for graph diagnostics
0709 21:36:17 ds4-server: context buffers 93.82 MiB (ctx=2048, backend=cuda, prefill_chunk=512, raw_kv_rows=768, compressed_kv_rows=514)
0709 21:36:17 ds4-server: listening on http://127.0.0.1:8014
0709 21:36:17 ds4-server: chat ctx=0..78:78 prompt start
ds4: PACE on - warmup=50 keep=23[23..96] step=0 ngram(n=3,win=120) drift=1.00 rel=0.15 hyst=200 breath(every=999999,len=80,keep=96,relearn=0) prebreath(on=0,drift=0.18,target=0.18,every=64,max=96,adapt=0,gain=8.00,pow=1.00,step_max=0,relearn=0,rdecay=0.30) anneal_warm=300 wrap=1 cache_flush=0 prefill_apply=0 prefill_wait_wrap=0 s1=0 exchange=0 weighted(warmup=0,relearn=0) rotate(on=0,every=32,decay=0.980)
ds4: PACE prefill_reset tok=0 phase=1 keep=0 ngram=0.000 hit=1.000 breaths=0
ds4: expert tiering observe enabled (DS4_EXPERT_TIERING=observe; log=)
ds4: CUDA loading model tensors 0.14 GiB cached
0709 21:36:29 ds4-server: chat ctx=0..78:78 prompt done 12.209s
ds4: PACE learned      tok=50 phase=2 keep=0 ngram=0.000 hit=1.000 breaths=0
ds4: CUDA loading model tensors 7.86 GiB cached
0709 21:36:51 ds4-server: chat ctx=78..128:50 gen=50 decoding chunk=2.40 t/s avg=2.40 t/s 20.801s
ds4: REAP mask applied: 40 layer, 40 device range aggiornati/creati
ds4: PACE descent      tok=51 phase=3 keep=23 ngram=0.000 hit=1.000 breaths=0
ds4: REAP prefetch (fattorino): 40 layer, 920 expert, 2511 range, 6.07 GiB touched in 429 ms (16 thread, mlock)
0709 21:37:08 ds4-server: chat ctx=128..178:50 gen=100 decoding chunk=2.94 t/s avg=2.64 t/s 37.835s
0709 21:37:25 ds4-server: chat ctx=178..228:50 gen=150 decoding chunk=2.98 t/s avg=2.75 t/s 54.642s
0709 21:37:42 ds4-server: chat ctx=228..278:50 gen=200 decoding chunk=3.03 t/s avg=2.81 t/s 71.131s
0709 21:37:59 ds4-server: chat ctx=278..328:50 gen=250 decoding chunk=3.00 t/s avg=2.85 t/s 87.813s
0709 21:38:15 ds4-server: chat ctx=328..378:50 gen=300 decoding chunk=3.08 t/s avg=2.88 t/s 104.036s
0709 21:38:32 ds4-server: chat ctx=378..428:50 gen=350 decoding chunk=3.05 t/s avg=2.91 t/s 120.439s
0709 21:38:49 ds4-server: chat ctx=428..478:50 gen=400 decoding chunk=3.04 t/s avg=2.92 t/s 136.884s
0709 21:39:06 ds4-server: chat ctx=478..528:50 gen=450 decoding chunk=3.04 t/s avg=2.93 t/s 153.325s
0709 21:39:22 ds4-server: chat ctx=528..578:50 gen=500 decoding chunk=3.10 t/s avg=2.95 t/s 169.450s
0709 21:39:39 ds4-server: chat ctx=578..628:50 gen=550 decoding chunk=3.06 t/s avg=2.96 t/s 185.816s
0709 21:39:55 ds4-server: chat ctx=628..678:50 gen=600 decoding chunk=3.06 t/s avg=2.97 t/s 202.164s
0709 21:40:13 ds4-server: chat ctx=678..728:50 gen=650 decoding chunk=3.02 t/s avg=2.97 t/s 218.703s
0709 21:40:29 ds4-server: chat ctx=728..778:50 gen=700 decoding chunk=3.02 t/s avg=2.98 t/s 235.255s
0709 21:40:46 ds4-server: chat ctx=778..828:50 gen=750 decoding chunk=3.03 t/s avg=2.98 t/s 251.755s
0709 21:41:03 ds4-server: chat ctx=828..878:50 gen=800 decoding chunk=3.01 t/s avg=2.98 t/s 268.368s
0709 21:41:03 ds4-server: chat ctx=0..78:78 gen=800 finish=length 280.578s
