ds4: Linux cuda backend set oom_score_adj=1000
ds4: CUDA backend initialized on NVIDIA GeForce RTX 3060 (sm_86)
ds4: SSD streaming initial cuda model map restricted to token embedding (1 spans, 0.99 GiB tensor span)
ds4: CUDA preparing model tensor mappings
ds4: CUDA loading model tensors into device cache
ds4: CUDA startup model preparation covered 0.99 GiB of tensor spans in 0.876s
ds4: cuda backend initialized for graph diagnostics
0709 11:56:21 ds4-server: context buffers 151.57 MiB (ctx=6144, backend=cuda, prefill_chunk=512, raw_kv_rows=768, compressed_kv_rows=1538)
0709 11:56:21 ds4-server: listening on http://127.0.0.1:8014
0709 11:56:22 ds4-server: chat ctx=0..78:78 prompt start
ds4: PACE on - warmup=50 keep=23[23..96] step=8 ngram(n=3,win=120) drift=0.25 rel=0.15 hyst=200 breath(every=999999,len=80,keep=0,relearn=0) prebreath(on=0,drift=0.18,every=64,max=96) anneal_warm=300 wrap=1 cache_flush=0 prefill_apply=0 prefill_wait_wrap=0 s1=0 exchange=0
ds4: PACE prefill_reset tok=0 phase=1 keep=0 ngram=0.000 hit=1.000 breaths=0
ds4: expert tiering observe enabled (DS4_EXPERT_TIERING=observe; log=)
ds4: CUDA loading model tensors 0.15 GiB cached
0709 11:56:36 ds4-server: chat ctx=0..78:78 prompt done 14.591s
ds4: PACE learned      tok=50 phase=2 keep=0 ngram=0.000 hit=1.000 breaths=0
ds4: CUDA loading model tensors 7.86 GiB cached
0709 11:56:57 ds4-server: chat ctx=78..128:50 gen=50 decoding chunk=2.43 t/s avg=2.43 t/s 20.592s
ds4: REAP mask applied: 40 layer, 40 device range aggiornati/creati
ds4: PACE descent      tok=51 phase=3 keep=23 ngram=0.000 hit=1.000 breaths=0
ds4: REAP prefetch (fattorino): 40 layer, 920 expert, 2511 range, 6.07 GiB touched in 432 ms (16 thread, mlock)
0709 11:57:01 ds4-server: chat ctx=128..142:14 gen=64 decoding chunk=2.99 t/s avg=2.53 t/s 25.278s
0709 11:57:01 ds4-server: chat ctx=0..78:78 gen=64 finish=length 39.870s
0709 11:57:01 ds4-server: live kv cache miss live=142 prompt=78 common=78 reason=token-mismatch
0709 11:57:01 ds4-server: chat ctx=0..78:78 prompt start
ds4: REAP mask applied: 40 layer, 40 device range aggiornati/creati
ds4: PACE prefill_reset tok=0 phase=1 keep=0 ngram=0.000 hit=1.000 breaths=0
ds4: CUDA loading model tensors 0.00 GiB cached
0709 11:57:12 ds4-server: chat ctx=0..78:78 prompt done 10.531s
ds4: PACE learned      tok=50 phase=2 keep=0 ngram=0.000 hit=1.000 breaths=0
ds4: CUDA loading model tensors 7.86 GiB cached
0709 11:57:32 ds4-server: chat ctx=78..128:50 gen=50 decoding chunk=2.54 t/s avg=2.54 t/s 19.701s
ds4: REAP mask applied: 40 layer, 40 device range aggiornati/creati
ds4: PACE descent      tok=51 phase=3 keep=23 ngram=0.000 hit=1.000 breaths=0
ds4: REAP prefetch (fattorino): 40 layer, 920 expert, 2508 range, 6.07 GiB touched in 208 ms (16 thread, mlock)
0709 11:57:48 ds4-server: chat ctx=128..178:50 gen=100 decoding chunk=3.11 t/s avg=2.80 t/s 35.764s
0709 11:58:04 ds4-server: chat ctx=178..228:50 gen=150 decoding chunk=3.07 t/s avg=2.88 t/s 52.064s
ds4: REAP mask applied: 40 layer, 40 device range aggiornati/creati
ds4: PACE breath(ngram) tok=176 phase=4 keep=0 ngram=0.255 hit=1.000 breaths=1
0709 11:59:09 ds4-server: chat ctx=228..278:50 gen=200 decoding chunk=0.77 t/s avg=1.71 t/s 117.065s
0709 12:00:03 ds4-server: chat ctx=278..328:50 gen=250 decoding chunk=0.92 t/s avg=1.46 t/s 171.226s
ds4: REAP mask applied: 40 layer, 40 device range aggiornati/creati
ds4: PACE breath_end   tok=256 phase=3 keep=31 ngram=0.789 hit=1.000 breaths=1
ds4: REAP prefetch (fattorino): 40 layer, 1240 expert, 3249 range, 8.19 GiB touched in 4404 ms (16 thread, mlock)
0709 12:00:30 ds4-server: chat ctx=328..378:50 gen=300 decoding chunk=1.85 t/s avg=1.51 t/s 198.193s
0709 12:00:47 ds4-server: chat ctx=378..428:50 gen=350 decoding chunk=3.05 t/s avg=1.63 t/s 214.586s
0709 12:01:03 ds4-server: chat ctx=428..478:50 gen=400 decoding chunk=3.10 t/s avg=1.73 t/s 230.738s
0709 12:01:19 ds4-server: chat ctx=478..528:50 gen=450 decoding chunk=3.15 t/s avg=1.82 t/s 246.626s
0709 12:01:34 ds4-server: chat ctx=528..578:50 gen=500 decoding chunk=3.15 t/s avg=1.90 t/s 262.475s
0709 12:01:50 ds4-server: chat ctx=578..628:50 gen=550 decoding chunk=3.16 t/s avg=1.98 t/s 278.305s
0709 12:02:06 ds4-server: chat ctx=628..678:50 gen=600 decoding chunk=3.14 t/s avg=2.04 t/s 294.233s
0709 12:02:22 ds4-server: chat ctx=678..728:50 gen=650 decoding chunk=3.15 t/s avg=2.10 t/s 310.107s
0709 12:02:38 ds4-server: chat ctx=728..778:50 gen=700 decoding chunk=3.14 t/s avg=2.15 t/s 326.007s
0709 12:02:54 ds4-server: chat ctx=778..828:50 gen=750 decoding chunk=3.14 t/s avg=2.19 t/s 341.952s
0709 12:03:10 ds4-server: chat ctx=828..878:50 gen=800 decoding chunk=3.12 t/s avg=2.23 t/s 357.962s
0709 12:03:10 ds4-server: chat ctx=0..78:78 gen=800 finish=length 368.496s
