ds4: Linux cuda backend set oom_score_adj=1000
ds4: CUDA backend initialized on NVIDIA GeForce RTX 3060 (sm_86)
ds4: SSD streaming initial cuda model map restricted to token embedding (1 spans, 0.99 GiB tensor span)
ds4: CUDA preparing model tensor mappings
ds4: CUDA loading model tensors into device cache
ds4: CUDA startup model preparation covered 0.99 GiB of tensor spans in 0.449s
ds4: cuda backend initialized for graph diagnostics
0709 17:56:26 ds4-server: context buffers 151.57 MiB (ctx=6144, backend=cuda, prefill_chunk=512, raw_kv_rows=768, compressed_kv_rows=1538)
0709 17:56:26 ds4-server: listening on http://127.0.0.1:8022
0709 17:56:27 ds4-server: chat ctx=0..78:78 prompt start
ds4: PACE on - warmup=50 keep=23[23..96] step=0 ngram(n=3,win=120) drift=1.00 rel=0.15 hyst=200 breath(every=999999,len=80,keep=96,relearn=0) prebreath(on=0,drift=0.18,every=64,max=96) anneal_warm=300 wrap=1 cache_flush=0 prefill_apply=0 prefill_wait_wrap=0 s1=0 exchange=0 rotate(on=0,every=32,decay=0.980)
ds4: PACE prefill_reset tok=0 phase=1 keep=0 ngram=0.000 hit=1.000 breaths=0
ds4: expert tiering observe enabled (DS4_EXPERT_TIERING=observe; log=)
ds4: CUDA loading model tensors 0.13 GiB cached
0709 17:56:39 ds4-server: chat ctx=0..78:78 prompt done 12.768s
ds4: PACE learned      tok=50 phase=2 keep=0 ngram=0.000 hit=1.000 breaths=0
ds4: CUDA loading model tensors 7.86 GiB cached
0709 17:56:57 ds4-server: chat ctx=78..128:50 gen=50 decoding chunk=2.77 t/s avg=2.77 t/s 18.037s
ds4: REAP mask applied: 40 layer, 40 device range aggiornati/creati
ds4: PACE descent      tok=51 phase=3 keep=23 ngram=0.000 hit=1.000 breaths=0
ds4: REAP prefetch (fattorino): 40 layer, 920 expert, 2511 range, 6.07 GiB touched in 435 ms (16 thread, mlock)
0709 17:57:02 ds4-server: chat ctx=128..142:14 gen=64 decoding chunk=3.27 t/s avg=2.87 t/s 22.324s
0709 17:57:02 ds4-server: chat ctx=0..78:78 gen=64 finish=length 35.095s
0709 17:57:02 ds4-server: live kv cache miss live=142 prompt=78 common=78 reason=token-mismatch
0709 17:57:02 ds4-server: chat ctx=0..78:78 prompt start
ds4: REAP mask applied: 40 layer, 40 device range aggiornati/creati
ds4: PACE prefill_reset tok=0 phase=1 keep=0 ngram=0.000 hit=1.000 breaths=0
ds4: CUDA loading model tensors 0.00 GiB cached
0709 17:57:12 ds4-server: chat ctx=0..78:78 prompt done 10.072s
ds4: PACE learned      tok=50 phase=2 keep=0 ngram=0.000 hit=1.000 breaths=0
ds4: CUDA loading model tensors 7.86 GiB cached
0709 17:57:28 ds4-server: chat ctx=78..128:50 gen=50 decoding chunk=3.04 t/s avg=3.04 t/s 16.458s
ds4: REAP mask applied: 40 layer, 40 device range aggiornati/creati
ds4: PACE descent      tok=51 phase=3 keep=23 ngram=0.000 hit=1.000 breaths=0
0709 17:57:43 ds4-server: chat ctx=128..178:50 gen=100 decoding chunk=3.45 t/s avg=3.23 t/s 30.963s
0709 17:57:57 ds4-server: chat ctx=178..228:50 gen=150 decoding chunk=3.38 t/s avg=3.28 t/s 45.764s
0709 17:58:12 ds4-server: chat ctx=228..278:50 gen=200 decoding chunk=3.46 t/s avg=3.32 t/s 60.207s
0709 17:58:27 ds4-server: chat ctx=278..328:50 gen=250 decoding chunk=3.40 t/s avg=3.34 t/s 74.921s
0709 17:58:41 ds4-server: chat ctx=328..378:50 gen=300 decoding chunk=3.45 t/s avg=3.35 t/s 89.422s
0709 17:58:56 ds4-server: chat ctx=378..428:50 gen=350 decoding chunk=3.40 t/s avg=3.36 t/s 104.145s
0709 17:59:10 ds4-server: chat ctx=428..478:50 gen=400 decoding chunk=3.44 t/s avg=3.37 t/s 118.684s
0709 17:59:25 ds4-server: chat ctx=478..528:50 gen=450 decoding chunk=3.42 t/s avg=3.38 t/s 133.321s
0709 17:59:40 ds4-server: chat ctx=528..578:50 gen=500 decoding chunk=3.42 t/s avg=3.38 t/s 147.921s
0709 17:59:54 ds4-server: chat ctx=578..628:50 gen=550 decoding chunk=3.42 t/s avg=3.38 t/s 162.535s
0709 18:00:09 ds4-server: chat ctx=628..678:50 gen=600 decoding chunk=3.41 t/s avg=3.39 t/s 177.186s
0709 18:00:23 ds4-server: chat ctx=678..728:50 gen=650 decoding chunk=3.45 t/s avg=3.39 t/s 191.697s
0709 18:00:38 ds4-server: chat ctx=728..778:50 gen=700 decoding chunk=3.39 t/s avg=3.39 t/s 206.463s
0709 18:00:53 ds4-server: chat ctx=778..828:50 gen=750 decoding chunk=3.41 t/s avg=3.39 t/s 221.128s
0709 18:01:08 ds4-server: chat ctx=828..878:50 gen=800 decoding chunk=3.40 t/s avg=3.39 t/s 235.844s
0709 18:01:08 ds4-server: chat ctx=0..78:78 gen=800 finish=length 245.919s
0709 18:01:08 ds4-server: shutdown requested, draining requests
ds4: SPEX stats: selected_batches=37238 selected_experts=231384 cache_hits=0 cache_misses=223168 hit_rate=0.0000 miss_per_expert=0.9645 direct_loads=8472 copy_calls=694920 copied=1563570.00 MiB copy_ms=188927.253 copy_ms_per_batch=5.074 sync_calls=694920 sync_ms=78643.067 sync_ms_per_batch=2.112
ds4: expert tiering observe summary batches=37238 slots=263160 compact=231384 hit_rate=0.0000 hits=0 misses=222912 direct=8472 evictions=222656 direct=57186.00 MiB compact=1561842.00 MiB
ds4: expert tiering observe layer=1 batches=866 slots=6120 compact=5596 hit_rate=0.0000 misses=5184 direct=412 evictions=5172 cap=128 top=46:210,252:195,42:174,183:170,133:169,230:164
ds4: expert tiering observe layer=2 batches=866 slots=6120 compact=5590 hit_rate=0.0000 misses=5184 direct=406 evictions=5172 cap=128 top=162:221,164:195,29:176,7:172,130:169,179:164
ds4: expert tiering observe layer=0 batches=866 slots=6120 compact=5584 hit_rate=0.0000 misses=5184 direct=400 evictions=5172 cap=128 top=109:225,152:193,156:179,163:172,191:170,99:169
ds4: expert tiering observe layer=19 batches=866 slots=6120 compact=5420 hit_rate=0.0000 misses=5184 direct=236 evictions=5172 cap=128 top=10:698,213:688,111:581,116:512,136:476,173:395
ds4: expert tiering observe layer=3 batches=866 slots=6120 compact=5404 hit_rate=0.0000 misses=5184 direct=220 evictions=5172 cap=128 top=74:781,60:777,138:634,226:598,45:547,150:526
