ds4: Linux cuda backend set oom_score_adj=1000
ds4: CUDA backend initialized on NVIDIA GeForce RTX 3060 (sm_86)
ds4: SSD streaming initial cuda model map restricted to token embedding (1 spans, 0.99 GiB tensor span)
ds4: CUDA preparing model tensor mappings
ds4: CUDA loading model tensors into device cache
ds4: CUDA startup model preparation covered 0.99 GiB of tensor spans in 2.910s
ds4: cuda backend initialized for graph diagnostics
0711 19:33:46 ds4-server: context buffers 122.69 MiB (ctx=4096, backend=cuda, prefill_chunk=512, raw_kv_rows=768, compressed_kv_rows=1026)
0711 19:33:47 ds4-server: listening on http://127.0.0.1:8014
0711 19:33:48 ds4-server: chat ctx=0..231:231 prompt start
ds4: CUDA loading model tensors 0.00 GiB cached
ds4: CUDA loading model tensors 0.13 GiB cached
ds4: CUDA loading model tensors 0.14 GiB cached
ds4: CUDA loading model tensors 0.15 GiB cached
ds4: CUDA loading model tensors 0.16 GiB cached
ds4: CUDA loading model tensors 0.15 GiB cached
ds4: CUDA loading model tensors 0.13 GiB cached
ds4: CUDA loading model tensors 0.05 GiB cached
ds4: CUDA loading model tensors 0.15 GiB cached
ds4: CUDA loading model tensors 0.13 GiB cached
ds4: CUDA loading model tensors 0.15 GiB cached
ds4: CUDA loading model tensors 0.16 GiB cached
ds4: CUDA loading model tensors 0.00 GiB cached
ds4: CUDA loading model tensors 0.15 GiB cached
ds4: CUDA loading model tensors 0.13 GiB cached
ds4: CUDA loading model tensors 0.00 GiB cached
0711 19:37:15 ds4-server: chat ctx=0..231:231 prompt done 207.060s
ds4: REAP mask reload da /mnt/c/Users/imanu/source/repos/reap-loop/runs/ds4/20260711_keep8_fit_repro/masks/sessK9_coffee.txt: 9880 entry potate
ds4: REAP mask applied: 40 layer, 40 device range aggiornati/creati
ds4: CUDA loading model tensors 1.51 GiB cached
ds4: SPEX routing trace enabled: /dev/shm/route_k9_coffee.csv (weights: off)
ds4: CUDA loading model tensors 2.72 GiB cached
ds4: CUDA loading model tensors 3.91 GiB cached
ds4: CUDA loading model tensors 5.20 GiB cached
ds4: CUDA loading model tensors 6.36 GiB cached
ds4: CUDA loading model tensors 7.86 GiB cached
ds4: REAP mask applied: 40 layer, 40 device range aggiornati/creati
0711 19:38:47 ds4-server: chat ctx=231..281:50 gen=50 decoding chunk=0.54 t/s avg=0.54 t/s 91.846s
ds4: REAP mask applied: 40 layer, 40 device range aggiornati/creati
ds4: REAP mask applied: 40 layer, 40 device range aggiornati/creati
0711 19:39:10 ds4-server: chat ctx=281..331:50 gen=100 decoding chunk=2.13 t/s avg=0.87 t/s 115.359s
ds4: REAP mask applied: 40 layer, 40 device range aggiornati/creati
0711 19:39:27 ds4-server: chat ctx=331..381:50 gen=150 decoding chunk=2.96 t/s avg=1.13 t/s 132.242s
ds4: REAP mask applied: 40 layer, 40 device range aggiornati/creati
ds4: REAP mask applied: 40 layer, 40 device range aggiornati/creati
0711 19:39:43 ds4-server: chat ctx=381..431:50 gen=200 decoding chunk=3.06 t/s avg=1.35 t/s 148.607s
ds4: REAP mask applied: 40 layer, 40 device range aggiornati/creati
0711 19:39:58 ds4-server: chat ctx=431..481:50 gen=250 decoding chunk=3.32 t/s avg=1.53 t/s 163.677s
ds4: REAP mask applied: 40 layer, 40 device range aggiornati/creati
ds4: REAP mask applied: 40 layer, 40 device range aggiornati/creati
0711 19:40:14 ds4-server: chat ctx=481..531:50 gen=300 decoding chunk=3.25 t/s avg=1.68 t/s 179.063s
ds4: REAP mask applied: 40 layer, 40 device range aggiornati/creati
0711 19:40:29 ds4-server: chat ctx=531..581:50 gen=350 decoding chunk=3.27 t/s avg=1.80 t/s 194.366s
ds4: REAP mask applied: 40 layer, 40 device range aggiornati/creati
ds4: REAP mask applied: 40 layer, 40 device range aggiornati/creati
0711 19:40:44 ds4-server: chat ctx=581..631:50 gen=400 decoding chunk=3.24 t/s avg=1.91 t/s 209.793s
ds4: REAP mask applied: 40 layer, 40 device range aggiornati/creati
ds4: REAP mask applied: 40 layer, 40 device range aggiornati/creati
0711 19:41:00 ds4-server: chat ctx=631..681:50 gen=450 decoding chunk=3.32 t/s avg=2.00 t/s 224.836s
ds4: REAP mask applied: 40 layer, 40 device range aggiornati/creati
0711 19:41:14 ds4-server: chat ctx=681..731:50 gen=500 decoding chunk=3.37 t/s avg=2.09 t/s 239.658s
0711 19:41:18 ds4-server: chat ctx=731..743:12 gen=512 decoding chunk=3.39 t/s avg=2.11 t/s 243.197s
0711 19:41:18 ds4-server: chat ctx=0..231:231 gen=512 finish=length 450.268s
0711 19:41:18 ds4-server: shutdown requested, draining requests
ds4: SPEX stats: selected_batches=22059 selected_experts=138797 cache_hits=119680 cache_misses=12816 hit_rate=0.9033 miss_per_expert=0.0923 direct_loads=6701 copy_calls=58551 copied=131739.75 MiB copy_ms=232739.938 copy_ms_per_batch=10.551 sync_calls=58551 sync_ms=10182.904 sync_ms_per_batch=0.462
