ds4: Linux cuda backend set oom_score_adj=1000
ds4: CUDA backend initialized on NVIDIA GeForce RTX 4070 Ti (sm_89)
ds4: SSD streaming initial cuda model map restricted to token embedding (1 spans, 0.99 GiB tensor span)
ds4: CUDA preparing model tensor mappings
ds4: CUDA loading model tensors into device cache
ds4: CUDA startup model preparation covered 0.99 GiB of tensor spans in 0.615s
ds4: cuda backend initialized for graph diagnostics
0709 12:30:12 ds4-server: context buffers 122.69 MiB (ctx=4096, backend=cuda, prefill_chunk=512, raw_kv_rows=768, compressed_kv_rows=1026)
0709 12:30:12 ds4-server: listening on http://127.0.0.1:8016
0709 12:30:13 ds4-server: chat ctx=0..61:61 prompt start
ds4: PACE on - warmup=50 keep=23[23..96] step=0 ngram(n=3,win=120) drift=1.00 rel=0.15 hyst=200 breath(every=999999,len=80,keep=96,relearn=0) prebreath(on=0,drift=0.18,every=64,max=96) anneal_warm=300 wrap=1 cache_flush=0 prefill_apply=0 prefill_wait_wrap=0 s1=0 exchange=0 rotate(on=1,every=32,decay=0.980)
ds4: PACE prefill_reset tok=0 phase=1 keep=0 ngram=0.000 hit=1.000 breaths=0
ds4: expert tiering observe enabled (DS4_EXPERT_TIERING=observe; log=)
ds4: CUDA loading model tensors 0.13 GiB cached
ds4: CUDA loading model tensors 0.14 GiB cached
0709 12:30:33 ds4-server: chat ctx=0..61:61 prompt done 20.020s
ds4: PACE learned      tok=50 phase=2 keep=0 ngram=0.000 hit=1.000 breaths=0
0709 12:31:18 ds4-server: chat ctx=61..111:50 gen=50 decoding chunk=1.11 t/s avg=1.11 t/s 44.972s
ds4: REAP mask applied: 40 layer, 40 device range aggiornati/creati
ds4: PACE descent      tok=51 phase=3 keep=23 ngram=0.000 hit=1.000 breaths=0
ds4: REAP prefetch (fattorino): 40 layer, 920 expert, 2538 range, 6.07 GiB touched in 549 ms (16 thread, mlock)
0709 12:31:23 ds4-server: chat ctx=111..125:14 gen=64 decoding chunk=2.56 t/s avg=1.27 t/s 50.432s
0709 12:31:23 ds4-server: chat ctx=0..61:61 gen=64 finish=length 70.452s
0709 12:31:23 ds4-server: live kv cache miss live=125 prompt=61 common=61 reason=token-mismatch
0709 12:31:23 ds4-server: chat ctx=0..61:61 prompt start
ds4: REAP mask applied: 40 layer, 40 device range aggiornati/creati
ds4: PACE prefill_reset tok=0 phase=1 keep=0 ngram=0.000 hit=1.000 breaths=0
ds4: CUDA loading model tensors 0.00 GiB cached
ds4: CUDA loading model tensors 0.11 GiB cached
0709 12:31:42 ds4-server: chat ctx=0..61:61 prompt done 18.885s
ds4: CUDA loading model tensors 2.57 GiB cached
ds4: PACE learned      tok=50 phase=2 keep=0 ngram=0.000 hit=1.000 breaths=0
0709 12:32:18 ds4-server: chat ctx=61..111:50 gen=50 decoding chunk=1.38 t/s avg=1.38 t/s 36.104s
ds4: REAP mask applied: 40 layer, 40 device range aggiornati/creati
ds4: PACE descent      tok=51 phase=3 keep=23 ngram=0.000 hit=1.000 breaths=0
ds4: CUDA loading model tensors 7.86 GiB cached
ds4: REAP mask applied: 40 layer, 40 device range aggiornati/creati
ds4: PACE rotate       tok=83 phase=3 keep=23 ngram=0.000 hit=1.000 breaths=0
ds4: REAP prefetch (fattorino): 40 layer, 920 expert, 2517 range, 6.07 GiB touched in 678 ms (16 thread)
0709 12:32:37 ds4-server: chat ctx=111..161:50 gen=100 decoding chunk=2.70 t/s avg=1.83 t/s 54.628s
ds4: REAP mask applied: 40 layer, 40 device range aggiornati/creati
ds4: PACE rotate       tok=115 phase=3 keep=23 ngram=0.009 hit=1.000 breaths=0
ds4: REAP prefetch (fattorino): 40 layer, 920 expert, 2508 range, 6.07 GiB touched in 283 ms (16 thread)
ds4: REAP mask applied: 40 layer, 40 device range aggiornati/creati
ds4: PACE rotate       tok=147 phase=3 keep=23 ngram=0.055 hit=1.000 breaths=0
ds4: REAP prefetch (fattorino): 40 layer, 920 expert, 2544 range, 6.07 GiB touched in 191 ms (16 thread)
0709 12:32:55 ds4-server: chat ctx=161..211:50 gen=150 decoding chunk=2.82 t/s avg=2.07 t/s 72.359s
ds4: REAP mask applied: 40 layer, 40 device range aggiornati/creati
ds4: PACE rotate       tok=179 phase=3 keep=23 ngram=0.044 hit=1.000 breaths=0
ds4: REAP prefetch (fattorino): 40 layer, 920 expert, 2529 range, 6.07 GiB touched in 89 ms (16 thread)
0709 12:33:11 ds4-server: chat ctx=211..261:50 gen=200 decoding chunk=3.07 t/s avg=2.26 t/s 88.644s
ds4: REAP mask applied: 40 layer, 40 device range aggiornati/creati
ds4: PACE rotate       tok=211 phase=3 keep=23 ngram=0.018 hit=1.000 breaths=0
ds4: REAP prefetch (fattorino): 40 layer, 920 expert, 2523 range, 6.07 GiB touched in 112 ms (16 thread)
ds4: REAP mask applied: 40 layer, 40 device range aggiornati/creati
ds4: PACE rotate       tok=243 phase=3 keep=23 ngram=0.008 hit=1.000 breaths=0
ds4: REAP prefetch (fattorino): 40 layer, 920 expert, 2511 range, 6.07 GiB touched in 90 ms (16 thread)
0709 12:33:27 ds4-server: chat ctx=261..311:50 gen=250 decoding chunk=3.16 t/s avg=2.39 t/s 104.451s
ds4: REAP mask applied: 40 layer, 40 device range aggiornati/creati
ds4: PACE rotate       tok=275 phase=3 keep=23 ngram=0.019 hit=1.000 breaths=0
ds4: REAP prefetch (fattorino): 40 layer, 920 expert, 2532 range, 6.07 GiB touched in 123 ms (16 thread)
0709 12:33:42 ds4-server: chat ctx=311..361:50 gen=300 decoding chunk=3.24 t/s avg=2.50 t/s 119.875s
ds4: REAP mask applied: 40 layer, 40 device range aggiornati/creati
ds4: PACE rotate       tok=307 phase=3 keep=23 ngram=0.025 hit=1.000 breaths=0
ds4: REAP prefetch (fattorino): 40 layer, 920 expert, 2532 range, 6.07 GiB touched in 97 ms (16 thread)
ds4: REAP mask applied: 40 layer, 40 device range aggiornati/creati
ds4: PACE rotate       tok=339 phase=3 keep=23 ngram=0.033 hit=1.000 breaths=0
ds4: REAP prefetch (fattorino): 40 layer, 920 expert, 2511 range, 6.07 GiB touched in 82 ms (16 thread)
0709 12:33:57 ds4-server: chat ctx=361..411:50 gen=350 decoding chunk=3.30 t/s avg=2.59 t/s 135.011s
ds4: REAP mask applied: 40 layer, 40 device range aggiornati/creati
ds4: PACE rotate       tok=371 phase=3 keep=23 ngram=0.037 hit=1.000 breaths=0
ds4: REAP prefetch (fattorino): 40 layer, 920 expert, 2526 range, 6.07 GiB touched in 89 ms (16 thread)
0709 12:34:12 ds4-server: chat ctx=411..461:50 gen=400 decoding chunk=3.28 t/s avg=2.66 t/s 150.253s
ds4: REAP mask applied: 40 layer, 40 device range aggiornati/creati
ds4: PACE rotate       tok=403 phase=3 keep=23 ngram=0.040 hit=1.000 breaths=0
ds4: REAP prefetch (fattorino): 40 layer, 920 expert, 2526 range, 6.07 GiB touched in 142 ms (16 thread)
ds4: REAP mask applied: 40 layer, 40 device range aggiornati/creati
ds4: PACE rotate       tok=435 phase=3 keep=23 ngram=0.030 hit=1.000 breaths=0
ds4: REAP prefetch (fattorino): 40 layer, 920 expert, 2514 range, 6.07 GiB touched in 96 ms (16 thread)
0709 12:34:28 ds4-server: chat ctx=461..511:50 gen=450 decoding chunk=3.27 t/s avg=2.72 t/s 165.535s
ds4: REAP mask applied: 40 layer, 40 device range aggiornati/creati
ds4: PACE rotate       tok=467 phase=3 keep=23 ngram=0.040 hit=1.000 breaths=0
ds4: REAP prefetch (fattorino): 40 layer, 920 expert, 2517 range, 6.07 GiB touched in 128 ms (16 thread)
ds4: REAP mask applied: 40 layer, 40 device range aggiornati/creati
ds4: PACE rotate       tok=499 phase=3 keep=23 ngram=0.078 hit=1.000 breaths=0
ds4: REAP prefetch (fattorino): 40 layer, 920 expert, 2520 range, 6.07 GiB touched in 100 ms (16 thread)
0709 12:34:43 ds4-server: chat ctx=511..561:50 gen=500 decoding chunk=3.26 t/s avg=2.76 t/s 180.880s
0709 12:34:47 ds4-server: chat ctx=561..573:12 gen=512 decoding chunk=3.25 t/s avg=2.77 t/s 184.575s
0709 12:34:47 ds4-server: chat ctx=0..61:61 gen=512 finish=length 203.460s
0709 12:34:47 ds4-server: shutdown requested, draining requests
ds4: SPEX stats: selected_batches=24854 selected_experts=157786 cache_hits=0 cache_misses=148736 hit_rate=0.0000 miss_per_expert=0.9426 direct_loads=9178 copy_calls=473742 copied=1065919.50 MiB copy_ms=237344.772 copy_ms_per_batch=9.550 sync_calls=473742 sync_ms=84237.831 sync_ms_per_batch=3.389
ds4: expert tiering observe summary batches=24854 slots=180084 compact=157786 hit_rate=0.0000 hits=0 misses=148608 direct=9178 evictions=148480 direct=61951.50 MiB compact=1065055.50 MiB
ds4: expert tiering observe layer=2 batches=578 slots=4188 compact=3844 hit_rate=0.0000 misses=3456 direct=388 evictions=3444 cap=64 top=146:78,68:61,20:58,128:51,231:51,39:49
ds4: expert tiering observe layer=0 batches=578 slots=4188 compact=3828 hit_rate=0.0000 misses=3456 direct=372 evictions=3444 cap=64 top=27:54,30:52,51:52,195:50,91:47,106:47
ds4: expert tiering observe layer=1 batches=578 slots=4188 compact=3822 hit_rate=0.0000 misses=3456 direct=366 evictions=3444 cap=64 top=107:53,2:51,0:50,111:49,157:47,36:45
ds4: expert tiering observe layer=19 batches=578 slots=4188 compact=3716 hit_rate=0.0000 misses=3456 direct=260 evictions=3456 cap=64 top=31:273,181:270,44:254,57:222,152:174,254:171
ds4: expert tiering observe layer=10 batches=578 slots=4188 compact=3696 hit_rate=0.0000 misses=3456 direct=240 evictions=3448 cap=64 top=30:318,150:261,15:239,122:188,241:187,24:156
