ds4: Linux cuda backend set oom_score_adj=1000
ds4: CUDA backend initialized on NVIDIA GeForce RTX 3090 (sm_86)
ds4: SSD streaming initial cuda model map restricted to token embedding (1 spans, 0.99 GiB tensor span)
ds4: CUDA preparing model tensor mappings
ds4: CUDA loading model tensors into device cache
ds4: CUDA startup model preparation covered 0.99 GiB of tensor spans in 0.249s
ds4: cuda backend initialized for graph diagnostics
0715 15:11:58 ds4-server: context buffers 122.69 MiB (ctx=4096, backend=cuda, prefill_chunk=512, raw_kv_rows=768, compressed_kv_rows=1026)
0715 15:11:58 ds4-server: listening on http://127.0.0.1:18083
0715 15:11:59 ds4-server: chat ctx=0..135:135 prompt start
ds4: CUDA loading model tensors 0.00 GiB cached
0715 15:12:10 ds4-server: chat ctx=0..135:135 prompt done 10.419s
0715 15:12:20 ds4-server: chat ctx=135..185:50 gen=50 decoding chunk=4.71 t/s avg=4.71 t/s 10.605s
0715 15:12:27 ds4-server: chat ctx=185..235:50 gen=100 decoding chunk=7.40 t/s avg=5.76 t/s 17.361s
ds4: CUDA loading model tensors 7.86 GiB cached
0715 15:12:33 ds4-server: chat ctx=235..285:50 gen=150 decoding chunk=8.23 t/s avg=6.40 t/s 23.438s
0715 15:12:39 ds4-server: chat ctx=285..335:50 gen=200 decoding chunk=8.26 t/s avg=6.78 t/s 29.492s
0715 15:12:45 ds4-server: chat ctx=335..385:50 gen=250 decoding chunk=8.57 t/s avg=7.08 t/s 35.328s
0715 15:12:51 ds4-server: chat ctx=385..435:50 gen=300 decoding chunk=8.27 t/s avg=7.25 t/s 41.371s
0715 15:12:57 ds4-server: chat ctx=435..485:50 gen=350 decoding chunk=7.71 t/s avg=7.31 t/s 47.854s
0715 15:13:04 ds4-server: chat ctx=485..535:50 gen=400 decoding chunk=8.02 t/s avg=7.40 t/s 54.087s
0715 15:13:10 ds4-server: chat ctx=535..585:50 gen=450 decoding chunk=7.87 t/s avg=7.45 t/s 60.443s
0715 15:13:16 ds4-server: chat ctx=585..635:50 gen=500 decoding chunk=8.10 t/s avg=7.51 t/s 66.613s
0715 15:13:22 ds4-server: chat ctx=635..685:50 gen=550 decoding chunk=8.28 t/s avg=7.57 t/s 72.655s
0715 15:13:29 ds4-server: chat ctx=685..735:50 gen=600 decoding chunk=7.57 t/s avg=7.57 t/s 79.263s
0715 15:13:35 ds4-server: chat ctx=735..785:50 gen=650 decoding chunk=7.84 t/s avg=7.59 t/s 85.644s
0715 15:13:42 ds4-server: chat ctx=785..835:50 gen=700 decoding chunk=7.60 t/s avg=7.59 t/s 92.227s
0715 15:13:49 ds4-server: chat ctx=835..885:50 gen=750 decoding chunk=7.45 t/s avg=7.58 t/s 98.935s
0715 15:13:55 ds4-server: chat ctx=885..935:50 gen=800 decoding chunk=7.44 t/s avg=7.57 t/s 105.657s
0715 15:14:01 ds4-server: chat ctx=935..985:50 gen=850 decoding chunk=8.12 t/s avg=7.60 t/s 111.812s
0715 15:14:07 ds4-server: chat ctx=985..1035:50 gen=900 decoding chunk=8.37 t/s avg=7.64 t/s 117.785s
0715 15:14:14 ds4-server: chat ctx=1035..1085:50 gen=950 decoding chunk=7.96 t/s avg=7.66 t/s 124.063s
0715 15:14:20 ds4-server: chat ctx=1085..1135:50 gen=1000 decoding chunk=8.23 t/s avg=7.68 t/s 130.142s
0715 15:14:26 ds4-server: chat ctx=1135..1185:50 gen=1050 decoding chunk=8.17 t/s avg=7.71 t/s 136.264s
0715 15:14:33 ds4-server: chat ctx=1185..1235:50 gen=1100 decoding chunk=7.30 t/s avg=7.69 t/s 143.112s
0715 15:14:39 ds4-server: chat ctx=1235..1285:50 gen=1150 decoding chunk=8.06 t/s avg=7.70 t/s 149.313s
0715 15:14:45 ds4-server: chat ctx=1285..1335:50 gen=1200 decoding chunk=7.99 t/s avg=7.71 t/s 155.572s
0715 15:14:51 ds4-server: chat ctx=1335..1385:50 gen=1250 decoding chunk=7.96 t/s avg=7.72 t/s 161.853s
0715 15:14:57 ds4-server: chat ctx=1385..1435:50 gen=1300 decoding chunk=8.84 t/s avg=7.76 t/s 167.509s
0715 15:15:03 ds4-server: chat ctx=1435..1485:50 gen=1350 decoding chunk=8.12 t/s avg=7.77 t/s 173.669s
0715 15:15:10 ds4-server: chat ctx=1485..1535:50 gen=1400 decoding chunk=7.71 t/s avg=7.77 t/s 180.153s
0715 15:15:16 ds4-server: chat ctx=1535..1585:50 gen=1450 decoding chunk=7.46 t/s avg=7.76 t/s 186.856s
0715 15:15:24 ds4-server: chat ctx=1585..1635:50 gen=1500 decoding chunk=7.01 t/s avg=7.73 t/s 193.989s
0715 15:15:31 ds4-server: chat ctx=1635..1685:50 gen=1550 decoding chunk=7.10 t/s avg=7.71 t/s 201.033s
0715 15:15:38 ds4-server: chat ctx=1685..1735:50 gen=1600 decoding chunk=7.03 t/s avg=7.69 t/s 208.147s
0715 15:15:45 ds4-server: chat ctx=1735..1785:50 gen=1650 decoding chunk=7.33 t/s avg=7.68 t/s 214.966s
0715 15:15:51 ds4-server: chat ctx=1785..1835:50 gen=1700 decoding chunk=7.31 t/s avg=7.66 t/s 221.810s
0715 15:15:58 ds4-server: chat ctx=1835..1885:50 gen=1750 decoding chunk=7.44 t/s avg=7.66 t/s 228.530s
0715 15:16:05 ds4-server: chat ctx=1885..1935:50 gen=1800 decoding chunk=7.68 t/s avg=7.66 t/s 235.041s
0715 15:16:11 ds4-server: chat ctx=1935..1985:50 gen=1850 decoding chunk=8.02 t/s avg=7.67 t/s 241.272s
0715 15:16:17 ds4-server: chat ctx=1985..2035:50 gen=1900 decoding chunk=7.87 t/s avg=7.67 t/s 247.624s
0715 15:16:24 ds4-server: chat ctx=2035..2085:50 gen=1950 decoding chunk=7.09 t/s avg=7.66 t/s 254.676s
0715 15:16:32 ds4-server: chat ctx=2085..2135:50 gen=2000 decoding chunk=6.90 t/s avg=7.64 t/s 261.927s
0715 15:16:38 ds4-server: chat ctx=2135..2185:50 gen=2050 decoding chunk=7.71 t/s avg=7.64 t/s 268.415s
0715 15:16:45 ds4-server: chat ctx=2185..2235:50 gen=2100 decoding chunk=6.82 t/s avg=7.62 t/s 275.742s
0715 15:16:52 ds4-server: chat ctx=2235..2285:50 gen=2150 decoding chunk=7.33 t/s avg=7.61 t/s 282.563s
0715 15:16:59 ds4-server: chat ctx=2285..2335:50 gen=2200 decoding chunk=7.37 t/s avg=7.60 t/s 289.343s
0715 15:17:06 ds4-server: chat ctx=2335..2385:50 gen=2250 decoding chunk=7.22 t/s avg=7.59 t/s 296.268s
0715 15:17:12 ds4-server: chat ctx=2385..2435:50 gen=2300 decoding chunk=7.96 t/s avg=7.60 t/s 302.547s
0715 15:17:19 ds4-server: chat ctx=2435..2485:50 gen=2350 decoding chunk=7.13 t/s avg=7.59 t/s 309.557s
0715 15:17:26 ds4-server: chat ctx=2485..2535:50 gen=2400 decoding chunk=7.26 t/s avg=7.58 t/s 316.444s
0715 15:17:33 ds4-server: chat ctx=2535..2585:50 gen=2450 decoding chunk=6.93 t/s avg=7.57 t/s 323.663s
0715 15:17:40 ds4-server: chat ctx=2585..2635:50 gen=2500 decoding chunk=7.28 t/s avg=7.56 t/s 330.534s
0715 15:17:47 ds4-server: chat ctx=2635..2685:50 gen=2550 decoding chunk=7.09 t/s avg=7.55 t/s 337.589s
0715 15:17:54 ds4-server: chat ctx=2685..2735:50 gen=2600 decoding chunk=7.08 t/s avg=7.54 t/s 344.652s
0715 15:18:01 ds4-server: chat ctx=2735..2785:50 gen=2650 decoding chunk=7.00 t/s avg=7.53 t/s 351.791s
0715 15:18:08 ds4-server: chat ctx=2785..2835:50 gen=2700 decoding chunk=7.51 t/s avg=7.53 t/s 358.450s
0715 15:18:15 ds4-server: chat ctx=2835..2885:50 gen=2750 decoding chunk=6.94 t/s avg=7.52 t/s 365.660s
0715 15:18:22 ds4-server: chat ctx=2885..2935:50 gen=2800 decoding chunk=7.23 t/s avg=7.52 t/s 372.580s
0715 15:18:29 ds4-server: chat ctx=2935..2985:50 gen=2850 decoding chunk=7.43 t/s avg=7.51 t/s 379.313s
0715 15:18:36 ds4-server: chat ctx=2985..3035:50 gen=2900 decoding chunk=7.14 t/s avg=7.51 t/s 386.320s
0715 15:18:43 ds4-server: chat ctx=3035..3085:50 gen=2950 decoding chunk=7.21 t/s avg=7.50 t/s 393.257s
0715 15:18:50 ds4-server: chat ctx=3085..3135:50 gen=3000 decoding chunk=7.26 t/s avg=7.50 t/s 400.142s
0715 15:18:57 ds4-server: chat ctx=3135..3185:50 gen=3050 decoding chunk=7.08 t/s avg=7.49 t/s 407.201s
0715 15:19:03 ds4-server: chat ctx=3185..3235:50 gen=3100 decoding chunk=7.56 t/s avg=7.49 t/s 413.816s
0715 15:19:09 ds4-server: chat ctx=3235..3272:37 gen=3137 decoding chunk=7.13 t/s avg=7.49 t/s 419.004s
0715 15:19:09 ds4-server: chat ctx=0..135:135 final stream failed
0715 15:19:09 ds4-server: chat ctx=0..135:135 gen=3137 finish=stop 429.423s
0715 15:19:09 ds4-server: live kv cache miss live=3272 prompt=135 common=135 reason=token-mismatch
0715 15:19:09 ds4-server: chat ctx=0..135:135 prompt start
ds4: CUDA loading model tensors 0.00 GiB cached
ds4: CUDA loading model tensors 0.13 GiB cached
0715 15:19:21 ds4-server: chat ctx=0..135:135 prompt done 12.091s
0715 15:19:31 ds4-server: chat ctx=135..185:50 gen=50 decoding chunk=4.68 t/s avg=4.68 t/s 10.688s
0715 15:19:39 ds4-server: chat ctx=185..235:50 gen=100 decoding chunk=6.75 t/s avg=5.53 t/s 18.095s
ds4: CUDA loading model tensors 7.86 GiB cached
0715 15:19:46 ds4-server: chat ctx=235..285:50 gen=150 decoding chunk=7.42 t/s avg=6.04 t/s 24.837s
0715 15:19:52 ds4-server: chat ctx=285..335:50 gen=200 decoding chunk=7.65 t/s avg=6.38 t/s 31.371s
0715 15:19:59 ds4-server: chat ctx=335..385:50 gen=250 decoding chunk=7.32 t/s avg=6.54 t/s 38.205s
0715 15:20:05 ds4-server: chat ctx=385..435:50 gen=300 decoding chunk=7.74 t/s avg=6.72 t/s 44.666s
0715 15:20:12 ds4-server: chat ctx=435..485:50 gen=350 decoding chunk=7.58 t/s avg=6.83 t/s 51.258s
0715 15:20:19 ds4-server: chat ctx=485..535:50 gen=400 decoding chunk=7.59 t/s avg=6.91 t/s 57.847s
0715 15:20:25 ds4-server: chat ctx=535..585:50 gen=450 decoding chunk=7.34 t/s avg=6.96 t/s 64.659s
0715 15:20:32 ds4-server: chat ctx=585..635:50 gen=500 decoding chunk=7.16 t/s avg=6.98 t/s 71.647s
0715 15:20:39 ds4-server: chat ctx=635..685:50 gen=550 decoding chunk=7.44 t/s avg=7.02 t/s 78.370s
0715 15:20:46 ds4-server: chat ctx=685..735:50 gen=600 decoding chunk=7.22 t/s avg=7.03 t/s 85.295s
0715 15:20:53 ds4-server: chat ctx=735..785:50 gen=650 decoding chunk=7.19 t/s avg=7.05 t/s 92.250s
0715 15:21:00 ds4-server: chat ctx=785..835:50 gen=700 decoding chunk=7.49 t/s avg=7.08 t/s 98.929s
0715 15:21:07 ds4-server: chat ctx=835..885:50 gen=750 decoding chunk=7.23 t/s avg=7.09 t/s 105.846s
0715 15:21:13 ds4-server: chat ctx=885..935:50 gen=800 decoding chunk=7.64 t/s avg=7.12 t/s 112.392s
0715 15:21:19 ds4-server: chat ctx=935..985:50 gen=850 decoding chunk=7.97 t/s avg=7.16 t/s 118.667s
0715 15:21:26 ds4-server: chat ctx=985..1035:50 gen=900 decoding chunk=7.93 t/s avg=7.20 t/s 124.975s
0715 15:21:32 ds4-server: chat ctx=1035..1085:50 gen=950 decoding chunk=7.71 t/s avg=7.23 t/s 131.461s
0715 15:21:39 ds4-server: chat ctx=1085..1135:50 gen=1000 decoding chunk=7.35 t/s avg=7.23 t/s 138.264s
0715 15:21:45 ds4-server: chat ctx=1135..1185:50 gen=1050 decoding chunk=7.79 t/s avg=7.26 t/s 144.682s
0715 15:21:52 ds4-server: chat ctx=1185..1235:50 gen=1100 decoding chunk=7.64 t/s avg=7.27 t/s 151.226s
0715 15:21:59 ds4-server: chat ctx=1235..1285:50 gen=1150 decoding chunk=7.45 t/s avg=7.28 t/s 157.933s
0715 15:22:05 ds4-server: chat ctx=1285..1335:50 gen=1200 decoding chunk=7.70 t/s avg=7.30 t/s 164.425s
0715 15:22:11 ds4-server: chat ctx=1335..1385:50 gen=1250 decoding chunk=8.23 t/s avg=7.33 t/s 170.498s
0715 15:22:17 ds4-server: chat ctx=1385..1435:50 gen=1300 decoding chunk=8.19 t/s avg=7.36 t/s 176.603s
0715 15:22:24 ds4-server: chat ctx=1435..1485:50 gen=1350 decoding chunk=7.25 t/s avg=7.36 t/s 183.502s
0715 15:22:31 ds4-server: chat ctx=1485..1535:50 gen=1400 decoding chunk=7.22 t/s avg=7.35 t/s 190.426s
0715 15:22:38 ds4-server: chat ctx=1535..1585:50 gen=1450 decoding chunk=7.03 t/s avg=7.34 t/s 197.542s
0715 15:22:45 ds4-server: chat ctx=1585..1635:50 gen=1500 decoding chunk=7.09 t/s avg=7.33 t/s 204.595s
0715 15:22:52 ds4-server: chat ctx=1635..1685:50 gen=1550 decoding chunk=7.31 t/s avg=7.33 t/s 211.433s
0715 15:22:59 ds4-server: chat ctx=1685..1735:50 gen=1600 decoding chunk=7.70 t/s avg=7.34 t/s 217.924s
0715 15:23:05 ds4-server: chat ctx=1735..1785:50 gen=1650 decoding chunk=7.65 t/s avg=7.35 t/s 224.462s
0715 15:23:12 ds4-server: chat ctx=1785..1835:50 gen=1700 decoding chunk=7.38 t/s avg=7.35 t/s 231.236s
0715 15:23:19 ds4-server: chat ctx=1835..1885:50 gen=1750 decoding chunk=6.86 t/s avg=7.34 t/s 238.519s
0715 15:23:26 ds4-server: chat ctx=1885..1935:50 gen=1800 decoding chunk=7.18 t/s avg=7.33 t/s 245.483s
0715 15:23:33 ds4-server: chat ctx=1935..1985:50 gen=1850 decoding chunk=7.70 t/s avg=7.34 t/s 251.973s
0715 15:23:39 ds4-server: chat ctx=1985..2035:50 gen=1900 decoding chunk=7.51 t/s avg=7.35 t/s 258.634s
0715 15:23:46 ds4-server: chat ctx=2035..2085:50 gen=1950 decoding chunk=7.66 t/s avg=7.35 t/s 265.166s
0715 15:23:53 ds4-server: chat ctx=2085..2135:50 gen=2000 decoding chunk=7.21 t/s avg=7.35 t/s 272.097s
0715 15:24:00 ds4-server: chat ctx=2135..2185:50 gen=2050 decoding chunk=7.15 t/s avg=7.35 t/s 279.091s
0715 15:24:08 ds4-server: chat ctx=2185..2235:50 gen=2100 decoding chunk=6.48 t/s avg=7.32 t/s 286.812s
0715 15:24:15 ds4-server: chat ctx=2235..2285:50 gen=2150 decoding chunk=7.06 t/s avg=7.32 t/s 293.895s
0715 15:24:21 ds4-server: chat ctx=2285..2335:50 gen=2200 decoding chunk=7.26 t/s avg=7.31 t/s 300.783s
0715 15:24:28 ds4-server: chat ctx=2335..2385:50 gen=2250 decoding chunk=7.15 t/s avg=7.31 t/s 307.776s
0715 15:24:35 ds4-server: chat ctx=2385..2435:50 gen=2300 decoding chunk=7.69 t/s avg=7.32 t/s 314.274s
0715 15:24:42 ds4-server: chat ctx=2435..2485:50 gen=2350 decoding chunk=7.17 t/s avg=7.32 t/s 321.250s
0715 15:24:49 ds4-server: chat ctx=2485..2535:50 gen=2400 decoding chunk=7.13 t/s avg=7.31 t/s 328.267s
0715 15:24:56 ds4-server: chat ctx=2535..2585:50 gen=2450 decoding chunk=6.90 t/s avg=7.30 t/s 335.514s
0715 15:25:03 ds4-server: chat ctx=2585..2635:50 gen=2500 decoding chunk=7.06 t/s avg=7.30 t/s 342.592s
0715 15:25:10 ds4-server: chat ctx=2635..2685:50 gen=2550 decoding chunk=7.30 t/s avg=7.30 t/s 349.445s
0715 15:25:17 ds4-server: chat ctx=2685..2735:50 gen=2600 decoding chunk=7.64 t/s avg=7.30 t/s 355.988s
0715 15:25:23 ds4-server: chat ctx=2735..2785:50 gen=2650 decoding chunk=7.59 t/s avg=7.31 t/s 362.578s
0715 15:25:30 ds4-server: chat ctx=2785..2835:50 gen=2700 decoding chunk=7.05 t/s avg=7.30 t/s 369.674s
0715 15:25:37 ds4-server: chat ctx=2835..2885:50 gen=2750 decoding chunk=7.02 t/s avg=7.30 t/s 376.800s
0715 15:25:45 ds4-server: chat ctx=2885..2935:50 gen=2800 decoding chunk=6.87 t/s avg=7.29 t/s 384.080s
0715 15:25:52 ds4-server: chat ctx=2935..2985:50 gen=2850 decoding chunk=7.10 t/s avg=7.29 t/s 391.127s
0715 15:25:53 ds4-server: chat ctx=2985..2996:11 gen=2861 decoding chunk=7.34 t/s avg=7.29 t/s 392.626s
0715 15:25:53 ds4-server: chat ctx=0..135:135 final stream failed
0715 15:25:53 ds4-server: chat ctx=0..135:135 gen=2861 finish=stop 404.718s
0715 15:25:53 ds4-server: live kv cache miss live=2996 prompt=135 common=135 reason=token-mismatch
0715 15:25:53 ds4-server: chat ctx=0..135:135 prompt start
ds4: CUDA loading model tensors 0.00 GiB cached
ds4: CUDA loading model tensors 0.13 GiB cached
0715 15:26:05 ds4-server: chat ctx=0..135:135 prompt done 12.175s
0715 15:26:16 ds4-server: chat ctx=135..185:50 gen=50 decoding chunk=4.57 t/s avg=4.57 t/s 10.947s
0715 15:26:24 ds4-server: chat ctx=185..235:50 gen=100 decoding chunk=6.62 t/s avg=5.40 t/s 18.505s
ds4: CUDA loading model tensors 7.86 GiB cached
0715 15:26:31 ds4-server: chat ctx=235..285:50 gen=150 decoding chunk=7.45 t/s avg=5.95 t/s 25.218s
0715 15:26:38 ds4-server: chat ctx=285..335:50 gen=200 decoding chunk=7.04 t/s avg=6.19 t/s 32.318s
0715 15:26:44 ds4-server: chat ctx=335..385:50 gen=250 decoding chunk=7.76 t/s avg=6.45 t/s 38.758s
0715 15:26:51 ds4-server: chat ctx=385..435:50 gen=300 decoding chunk=7.37 t/s avg=6.59 t/s 45.539s
0715 15:26:58 ds4-server: chat ctx=435..485:50 gen=350 decoding chunk=7.57 t/s avg=6.71 t/s 52.140s
0715 15:27:04 ds4-server: chat ctx=485..535:50 gen=400 decoding chunk=7.38 t/s avg=6.79 t/s 58.913s
0715 15:27:11 ds4-server: chat ctx=535..585:50 gen=450 decoding chunk=7.68 t/s avg=6.88 t/s 65.424s
0715 15:27:18 ds4-server: chat ctx=585..635:50 gen=500 decoding chunk=7.09 t/s avg=6.90 t/s 72.474s
0715 15:27:25 ds4-server: chat ctx=635..685:50 gen=550 decoding chunk=7.43 t/s avg=6.94 t/s 79.206s
0715 15:27:32 ds4-server: chat ctx=685..735:50 gen=600 decoding chunk=7.22 t/s avg=6.97 t/s 86.133s
0715 15:27:38 ds4-server: chat ctx=735..785:50 gen=650 decoding chunk=7.40 t/s avg=7.00 t/s 92.888s
0715 15:27:45 ds4-server: chat ctx=785..835:50 gen=700 decoding chunk=7.43 t/s avg=7.03 t/s 99.622s
0715 15:27:51 ds4-server: chat ctx=835..885:50 gen=750 decoding chunk=8.32 t/s avg=7.10 t/s 105.630s
0715 15:27:58 ds4-server: chat ctx=885..935:50 gen=800 decoding chunk=7.45 t/s avg=7.12 t/s 112.346s
0715 15:28:04 ds4-server: chat ctx=935..985:50 gen=850 decoding chunk=7.54 t/s avg=7.14 t/s 118.977s
0715 15:28:11 ds4-server: chat ctx=985..1035:50 gen=900 decoding chunk=7.58 t/s avg=7.17 t/s 125.574s
0715 15:28:18 ds4-server: chat ctx=1035..1085:50 gen=950 decoding chunk=7.67 t/s avg=7.19 t/s 132.089s
0715 15:28:24 ds4-server: chat ctx=1085..1135:50 gen=1000 decoding chunk=7.72 t/s avg=7.22 t/s 138.563s
0715 15:28:31 ds4-server: chat ctx=1135..1185:50 gen=1050 decoding chunk=7.69 t/s avg=7.24 t/s 145.066s
0715 15:28:37 ds4-server: chat ctx=1185..1235:50 gen=1100 decoding chunk=7.52 t/s avg=7.25 t/s 151.711s
0715 15:28:44 ds4-server: chat ctx=1235..1285:50 gen=1150 decoding chunk=7.30 t/s avg=7.25 t/s 158.562s
0715 15:28:51 ds4-server: chat ctx=1285..1335:50 gen=1200 decoding chunk=7.40 t/s avg=7.26 t/s 165.315s
0715 15:28:57 ds4-server: chat ctx=1335..1385:50 gen=1250 decoding chunk=8.35 t/s avg=7.30 t/s 171.303s
0715 15:29:03 ds4-server: chat ctx=1385..1435:50 gen=1300 decoding chunk=7.68 t/s avg=7.31 t/s 177.816s
0715 15:29:10 ds4-server: chat ctx=1435..1485:50 gen=1350 decoding chunk=7.61 t/s avg=7.32 t/s 184.390s
0715 15:29:16 ds4-server: chat ctx=1485..1535:50 gen=1400 decoding chunk=7.71 t/s avg=7.33 t/s 190.875s
0715 15:29:23 ds4-server: chat ctx=1535..1585:50 gen=1450 decoding chunk=7.58 t/s avg=7.34 t/s 197.469s
0715 15:29:30 ds4-server: chat ctx=1585..1635:50 gen=1500 decoding chunk=7.45 t/s avg=7.35 t/s 204.184s
0715 15:29:37 ds4-server: chat ctx=1635..1685:50 gen=1550 decoding chunk=6.80 t/s avg=7.33 t/s 211.536s
0715 15:29:45 ds4-server: chat ctx=1685..1735:50 gen=1600 decoding chunk=6.26 t/s avg=7.29 t/s 219.525s
0715 15:29:52 ds4-server: chat ctx=1735..1785:50 gen=1650 decoding chunk=7.22 t/s avg=7.29 t/s 226.451s
0715 15:29:59 ds4-server: chat ctx=1785..1835:50 gen=1700 decoding chunk=6.99 t/s avg=7.28 t/s 233.606s
0715 15:30:05 ds4-server: chat ctx=1835..1885:50 gen=1750 decoding chunk=7.84 t/s avg=7.29 t/s 239.986s
0715 15:30:13 ds4-server: chat ctx=1885..1935:50 gen=1800 decoding chunk=6.91 t/s avg=7.28 t/s 247.221s
0715 15:30:19 ds4-server: chat ctx=1935..1985:50 gen=1850 decoding chunk=7.61 t/s avg=7.29 t/s 253.795s
0715 15:30:26 ds4-server: chat ctx=1985..2035:50 gen=1900 decoding chunk=7.50 t/s avg=7.29 t/s 260.462s
0715 15:30:33 ds4-server: chat ctx=2035..2085:50 gen=1950 decoding chunk=7.63 t/s avg=7.30 t/s 267.011s
0715 15:30:39 ds4-server: chat ctx=2085..2135:50 gen=2000 decoding chunk=7.30 t/s avg=7.30 t/s 273.857s
0715 15:30:46 ds4-server: chat ctx=2135..2185:50 gen=2050 decoding chunk=7.36 t/s avg=7.30 t/s 280.653s
0715 15:30:53 ds4-server: chat ctx=2185..2235:50 gen=2100 decoding chunk=7.59 t/s avg=7.31 t/s 287.242s
0715 15:31:00 ds4-server: chat ctx=2235..2285:50 gen=2150 decoding chunk=6.99 t/s avg=7.30 t/s 294.394s
0715 15:31:07 ds4-server: chat ctx=2285..2335:50 gen=2200 decoding chunk=7.40 t/s avg=7.31 t/s 301.148s
0715 15:31:15 ds4-server: chat ctx=2335..2385:50 gen=2250 decoding chunk=6.15 t/s avg=7.28 t/s 309.275s
0715 15:31:22 ds4-server: chat ctx=2385..2435:50 gen=2300 decoding chunk=6.96 t/s avg=7.27 t/s 316.458s
0715 15:31:29 ds4-server: chat ctx=2435..2485:50 gen=2350 decoding chunk=7.29 t/s avg=7.27 t/s 323.314s
0715 15:31:36 ds4-server: chat ctx=2485..2535:50 gen=2400 decoding chunk=6.68 t/s avg=7.26 t/s 330.802s
0715 15:31:44 ds4-server: chat ctx=2535..2585:50 gen=2450 decoding chunk=6.32 t/s avg=7.23 t/s 338.713s
0715 15:31:52 ds4-server: chat ctx=2585..2635:50 gen=2500 decoding chunk=6.29 t/s avg=7.21 t/s 346.669s
0715 15:31:59 ds4-server: chat ctx=2635..2685:50 gen=2550 decoding chunk=7.11 t/s avg=7.21 t/s 353.698s
0715 15:32:07 ds4-server: chat ctx=2685..2735:50 gen=2600 decoding chunk=6.71 t/s avg=7.20 t/s 361.155s
0715 15:32:07 ds4-server: shutdown requested, draining requests
0715 15:32:07 ds4-server: chat ctx=2735..2738:3 gen=2603 decoding chunk=8.36 t/s avg=7.20 t/s 361.513s
0715 15:32:07 ds4-server: chat ctx=0..135:135 final stream failed
0715 15:32:07 ds4-server: chat ctx=0..135:135 gen=2603 finish=error error="client stream write failed" 373.688s
