ds4: Linux cuda backend set oom_score_adj=1000
ds4: CUDA backend initialized on NVIDIA GeForce RTX 3090 (sm_86)
ds4: SSD streaming initial cuda model map restricted to token embedding (1 spans, 0.99 GiB tensor span)
ds4: CUDA preparing model tensor mappings
ds4: CUDA model arena allocated 1024.00 MiB (arenas 1.00 GiB)
ds4: CUDA fd-cached tensor-span:0 1010.00 MiB (total 0.99 GiB)
ds4: CUDA startup model preparation covered 0.99 GiB of tensor spans in 2.523s
ds4: cuda backend initialized for graph diagnostics
0713 17:58:55 ds4-server: context buffers 93.82 MiB (ctx=2048, backend=cuda, prefill_chunk=512, raw_kv_rows=768, compressed_kv_rows=514)
0713 17:58:55 ds4-server: listening on http://127.0.0.1:8097
0713 17:58:56 ds4-server: chat ctx=0..64:64 prompt start
ds4: CUDA model arena allocated 1792.00 MiB (arenas 1.75 GiB)
ds4: CUDA fd-cached f16 0.75 MiB (total 0.00 GiB)
ds4: CUDA fd-cached hc_scale 0.00 MiB (total 0.00 GiB)
ds4: CUDA fd-cached hc_base 0.00 MiB (total 0.00 GiB)
ds4: CUDA fd-cached rms_weight 0.02 MiB (total 0.00 GiB)
ds4: CUDA fd-cached q8_0 4.25 MiB (total 0.00 GiB)
ds4: CUDA fd-cached q8_0 2.12 MiB (total 0.01 GiB)
ds4: CUDA fd-cached q_rms_weight 0.00 MiB (total 0.01 GiB)
ds4: CUDA fd-cached kv_rms_weight 0.00 MiB (total 0.01 GiB)
ds4: CUDA fd-cached q8_0 34.00 MiB (total 0.04 GiB)
ds4: CUDA fd-cached attn_sinks 0.00 MiB (total 0.04 GiB)
ds4: CUDA fd-cached attn_out_a 34.00 MiB (total 0.07 GiB)
ds4: CUDA fd-cached attn_out_b 34.00 MiB (total 0.11 GiB)
ds4: CUDA fd-cached f16 0.75 MiB (total 0.11 GiB)
ds4: CUDA fd-cached hc_scale 0.00 MiB (total 0.11 GiB)
ds4: CUDA fd-cached hc_base 0.00 MiB (total 0.11 GiB)
ds4: CUDA fd-cached rms_weight 0.02 MiB (total 0.11 GiB)
ds4: CUDA fd-cached f16 2.00 MiB (total 0.11 GiB)
ds4: CUDA fd-cached router_hash 2.96 MiB (total 0.11 GiB)
ds4: CUDA transport fault injected: stage_event_create
ds4: CUDA streaming selected staging event creation failed: injected fault
ds4: CUDA transport safe synchronous staging mode latched (staging event creation failure)
ds4: CUDA streaming selected stage ring depth=1
ds4: CUDA fd-cached q8_0 8.50 MiB (total 0.12 GiB)
ds4: CUDA fd-cached q8_0 8.50 MiB (total 0.13 GiB)
ds4: CUDA fd-cached q8_0 8.50 MiB (total 0.14 GiB)
ds4: CUDA model arena allocated 1792.00 MiB (arenas 1.75 GiB)
ds4: CUDA fd-cached f16 0.75 MiB (total 0.00 GiB)
ds4: CUDA fd-cached hc_scale 0.00 MiB (total 0.00 GiB)
ds4: CUDA fd-cached hc_base 0.00 MiB (total 0.00 GiB)
ds4: CUDA fd-cached rms_weight 0.02 MiB (total 0.00 GiB)
ds4: CUDA fd-cached q8_0 4.25 MiB (total 0.00 GiB)
ds4: CUDA fd-cached q8_0 2.12 MiB (total 0.01 GiB)
ds4: CUDA fd-cached q_rms_weight 0.00 MiB (total 0.01 GiB)
ds4: CUDA fd-cached kv_rms_weight 0.00 MiB (total 0.01 GiB)
ds4: CUDA fd-cached q8_0 34.00 MiB (total 0.04 GiB)
ds4: CUDA fd-cached attn_sinks 0.00 MiB (total 0.04 GiB)
ds4: CUDA fd-cached attn_out_a 34.00 MiB (total 0.07 GiB)
ds4: CUDA fd-cached attn_out_b 34.00 MiB (total 0.11 GiB)
ds4: CUDA fd-cached f16 0.75 MiB (total 0.11 GiB)
ds4: CUDA fd-cached hc_scale 0.00 MiB (total 0.11 GiB)
ds4: CUDA fd-cached hc_base 0.00 MiB (total 0.11 GiB)
ds4: CUDA fd-cached rms_weight 0.02 MiB (total 0.11 GiB)
ds4: CUDA fd-cached f16 2.00 MiB (total 0.11 GiB)
ds4: CUDA fd-cached router_hash 2.96 MiB (total 0.11 GiB)
ds4: CUDA fd-cached q8_0 8.50 MiB (total 0.12 GiB)
ds4: CUDA fd-cached q8_0 8.50 MiB (total 0.13 GiB)
ds4: CUDA fd-cached q8_0 8.50 MiB (total 0.14 GiB)
ds4: CUDA model arena allocated 1792.00 MiB (arenas 1.75 GiB)
ds4: CUDA fd-cached f16 0.75 MiB (total 0.00 GiB)
ds4: CUDA fd-cached hc_scale 0.00 MiB (total 0.00 GiB)
ds4: CUDA fd-cached hc_base 0.00 MiB (total 0.00 GiB)
ds4: CUDA fd-cached rms_weight 0.02 MiB (total 0.00 GiB)
ds4: CUDA fd-cached q8_0 4.25 MiB (total 0.00 GiB)
ds4: CUDA fd-cached q8_0 2.12 MiB (total 0.01 GiB)
ds4: CUDA fd-cached q_rms_weight 0.00 MiB (total 0.01 GiB)
ds4: CUDA fd-cached kv_rms_weight 0.00 MiB (total 0.01 GiB)
ds4: CUDA fd-cached q8_0 34.00 MiB (total 0.04 GiB)
ds4: CUDA fd-cached f16 8.00 MiB (total 0.05 GiB)
ds4: CUDA fd-cached f16 8.00 MiB (total 0.06 GiB)
ds4: CUDA fd-cached compressor_ape 0.01 MiB (total 0.06 GiB)
ds4: CUDA fd-cached rms_weight 0.00 MiB (total 0.06 GiB)
ds4: CUDA fd-cached f16 2.00 MiB (total 0.06 GiB)
ds4: CUDA fd-cached f16 2.00 MiB (total 0.06 GiB)
ds4: CUDA fd-cached f16 16.00 MiB (total 0.08 GiB)
ds4: CUDA fd-cached f16 0.50 MiB (total 0.08 GiB)
ds4: CUDA fd-cached compressor_ape 0.00 MiB (total 0.08 GiB)
ds4: CUDA fd-cached rms_weight 0.00 MiB (total 0.08 GiB)
ds4: CUDA fd-cached attn_sinks 0.00 MiB (total 0.08 GiB)
ds4: CUDA fd-cached attn_out_a 34.00 MiB (total 0.11 GiB)
ds4: CUDA fd-cached attn_out_b 34.00 MiB (total 0.14 GiB)
ds4: CUDA fd-cached f16 0.75 MiB (total 0.14 GiB)
ds4: CUDA fd-cached hc_scale 0.00 MiB (total 0.14 GiB)
ds4: CUDA fd-cached hc_base 0.00 MiB (total 0.14 GiB)
ds4: CUDA fd-cached rms_weight 0.02 MiB (total 0.14 GiB)
ds4: CUDA fd-cached f16 2.00 MiB (total 0.14 GiB)
ds4: CUDA fd-cached router_hash 2.96 MiB (total 0.15 GiB)
ds4: CUDA fd-cached q8_0 8.50 MiB (total 0.16 GiB)
ds4: CUDA fd-cached q8_0 8.50 MiB (total 0.16 GiB)
ds4: CUDA fd-cached q8_0 8.50 MiB (total 0.17 GiB)
ds4: CUDA model arena allocated 1792.00 MiB (arenas 1.75 GiB)
ds4: CUDA fd-cached f16 0.75 MiB (total 0.00 GiB)
ds4: CUDA fd-cached hc_scale 0.00 MiB (total 0.00 GiB)
ds4: CUDA fd-cached hc_base 0.00 MiB (total 0.00 GiB)
ds4: CUDA fd-cached rms_weight 0.02 MiB (total 0.00 GiB)
ds4: CUDA fd-cached q8_0 4.25 MiB (total 0.00 GiB)
ds4: CUDA fd-cached q8_0 2.12 MiB (total 0.01 GiB)
ds4: CUDA fd-cached q_rms_weight 0.00 MiB (total 0.01 GiB)
ds4: CUDA fd-cached kv_rms_weight 0.00 MiB (total 0.01 GiB)
ds4: CUDA fd-cached q8_0 34.00 MiB (total 0.04 GiB)
ds4: CUDA fd-cached f16 4.00 MiB (total 0.04 GiB)
ds4: CUDA fd-cached f16 4.00 MiB (total 0.05 GiB)
ds4: CUDA fd-cached compressor_ape 0.12 MiB (total 0.05 GiB)
ds4: CUDA fd-cached attn_sinks 0.00 MiB (total 0.05 GiB)
ds4: CUDA fd-cached attn_out_a 34.00 MiB (total 0.08 GiB)
ds4: CUDA fd-cached attn_out_b 34.00 MiB (total 0.11 GiB)
ds4: CUDA fd-cached f16 0.75 MiB (total 0.12 GiB)
ds4: CUDA fd-cached hc_scale 0.00 MiB (total 0.12 GiB)
ds4: CUDA fd-cached hc_base 0.00 MiB (total 0.12 GiB)
ds4: CUDA fd-cached rms_weight 0.02 MiB (total 0.12 GiB)
ds4: CUDA fd-cached f16 2.00 MiB (total 0.12 GiB)
ds4: CUDA fd-cached router_bias 0.00 MiB (total 0.12 GiB)
ds4: CUDA fd-cached q8_0 8.50 MiB (total 0.13 GiB)
ds4: CUDA fd-cached q8_0 8.50 MiB (total 0.13 GiB)
ds4: CUDA fd-cached q8_0 8.50 MiB (total 0.14 GiB)
ds4: CUDA model arena allocated 1792.00 MiB (arenas 1.75 GiB)
ds4: CUDA fd-cached f16 0.75 MiB (total 0.00 GiB)
ds4: CUDA fd-cached hc_scale 0.00 MiB (total 0.00 GiB)
ds4: CUDA fd-cached hc_base 0.00 MiB (total 0.00 GiB)
ds4: CUDA fd-cached rms_weight 0.02 MiB (total 0.00 GiB)
ds4: CUDA fd-cached q8_0 4.25 MiB (total 0.00 GiB)
ds4: CUDA fd-cached q8_0 2.12 MiB (total 0.01 GiB)
ds4: CUDA fd-cached q_rms_weight 0.00 MiB (total 0.01 GiB)
ds4: CUDA fd-cached kv_rms_weight 0.00 MiB (total 0.01 GiB)
ds4: CUDA fd-cached q8_0 34.00 MiB (total 0.04 GiB)
ds4: CUDA fd-cached f16 8.00 MiB (total 0.05 GiB)
ds4: CUDA fd-cached f16 8.00 MiB (total 0.06 GiB)
ds4: CUDA fd-cached compressor_ape 0.01 MiB (total 0.06 GiB)
ds4: CUDA fd-cached rms_weight 0.00 MiB (total 0.06 GiB)
ds4: CUDA fd-cached f16 2.00 MiB (total 0.06 GiB)
ds4: CUDA fd-cached f16 2.00 MiB (total 0.06 GiB)
ds4: CUDA fd-cached f16 16.00 MiB (total 0.08 GiB)
ds4: CUDA fd-cached f16 0.50 MiB (total 0.08 GiB)
ds4: CUDA fd-cached compressor_ape 0.00 MiB (total 0.08 GiB)
ds4: CUDA fd-cached rms_weight 0.00 MiB (total 0.08 GiB)
ds4: CUDA fd-cached attn_sinks 0.00 MiB (total 0.08 GiB)
ds4: CUDA fd-cached attn_out_a 34.00 MiB (total 0.11 GiB)
ds4: CUDA fd-cached attn_out_b 34.00 MiB (total 0.14 GiB)
ds4: CUDA fd-cached f16 0.75 MiB (total 0.14 GiB)
ds4: CUDA fd-cached hc_scale 0.00 MiB (total 0.14 GiB)
ds4: CUDA fd-cached hc_base 0.00 MiB (total 0.14 GiB)
ds4: CUDA fd-cached rms_weight 0.02 MiB (total 0.14 GiB)
ds4: CUDA fd-cached f16 2.00 MiB (total 0.14 GiB)
ds4: CUDA fd-cached router_bias 0.00 MiB (total 0.14 GiB)
ds4: CUDA fd-cached q8_0 8.50 MiB (total 0.15 GiB)
ds4: CUDA fd-cached q8_0 8.50 MiB (total 0.16 GiB)
ds4: CUDA fd-cached q8_0 8.50 MiB (total 0.17 GiB)
ds4: CUDA model arena allocated 1792.00 MiB (arenas 1.75 GiB)
ds4: CUDA fd-cached f16 0.75 MiB (total 0.00 GiB)
ds4: CUDA fd-cached hc_scale 0.00 MiB (total 0.00 GiB)
ds4: CUDA fd-cached hc_base 0.00 MiB (total 0.00 GiB)
ds4: CUDA fd-cached rms_weight 0.02 MiB (total 0.00 GiB)
ds4: CUDA fd-cached q8_0 4.25 MiB (total 0.00 GiB)
ds4: CUDA fd-cached q8_0 2.12 MiB (total 0.01 GiB)
ds4: CUDA fd-cached q_rms_weight 0.00 MiB (total 0.01 GiB)
ds4: CUDA fd-cached kv_rms_weight 0.00 MiB (total 0.01 GiB)
ds4: CUDA fd-cached q8_0 34.00 MiB (total 0.04 GiB)
ds4: CUDA fd-cached f16 4.00 MiB (total 0.04 GiB)
ds4: CUDA fd-cached f16 4.00 MiB (total 0.05 GiB)
ds4: CUDA fd-cached compressor_ape 0.12 MiB (total 0.05 GiB)
ds4: CUDA fd-cached attn_sinks 0.00 MiB (total 0.05 GiB)
ds4: CUDA fd-cached attn_out_a 34.00 MiB (total 0.08 GiB)
ds4: CUDA fd-cached attn_out_b 34.00 MiB (total 0.11 GiB)
ds4: CUDA fd-cached f16 0.75 MiB (total 0.12 GiB)
ds4: CUDA fd-cached hc_scale 0.00 MiB (total 0.12 GiB)
ds4: CUDA fd-cached hc_base 0.00 MiB (total 0.12 GiB)
ds4: CUDA fd-cached rms_weight 0.02 MiB (total 0.12 GiB)
ds4: CUDA fd-cached f16 2.00 MiB (total 0.12 GiB)
ds4: CUDA fd-cached router_bias 0.00 MiB (total 0.12 GiB)
ds4: CUDA fd-cached q8_0 8.50 MiB (total 0.13 GiB)
ds4: CUDA fd-cached q8_0 8.50 MiB (total 0.13 GiB)
ds4: CUDA fd-cached q8_0 8.50 MiB (total 0.14 GiB)
ds4: CUDA model arena allocated 1792.00 MiB (arenas 1.75 GiB)
ds4: CUDA fd-cached f16 0.75 MiB (total 0.00 GiB)
ds4: CUDA fd-cached hc_scale 0.00 MiB (total 0.00 GiB)
ds4: CUDA fd-cached hc_base 0.00 MiB (total 0.00 GiB)
ds4: CUDA fd-cached rms_weight 0.02 MiB (total 0.00 GiB)
ds4: CUDA fd-cached q8_0 4.25 MiB (total 0.00 GiB)
ds4: CUDA fd-cached q8_0 2.12 MiB (total 0.01 GiB)
ds4: CUDA fd-cached q_rms_weight 0.00 MiB (total 0.01 GiB)
ds4: CUDA fd-cached kv_rms_weight 0.00 MiB (total 0.01 GiB)
ds4: CUDA fd-cached q8_0 34.00 MiB (total 0.04 GiB)
ds4: CUDA fd-cached f16 8.00 MiB (total 0.05 GiB)
ds4: CUDA fd-cached f16 8.00 MiB (total 0.06 GiB)
ds4: CUDA fd-cached compressor_ape 0.01 MiB (total 0.06 GiB)
ds4: CUDA fd-cached rms_weight 0.00 MiB (total 0.06 GiB)
ds4: CUDA fd-cached f16 2.00 MiB (total 0.06 GiB)
ds4: CUDA fd-cached f16 2.00 MiB (total 0.06 GiB)
ds4: CUDA fd-cached f16 16.00 MiB (total 0.08 GiB)
ds4: CUDA fd-cached f16 0.50 MiB (total 0.08 GiB)
ds4: CUDA fd-cached compressor_ape 0.00 MiB (total 0.08 GiB)
ds4: CUDA fd-cached rms_weight 0.00 MiB (total 0.08 GiB)
ds4: CUDA fd-cached attn_sinks 0.00 MiB (total 0.08 GiB)
ds4: CUDA fd-cached attn_out_a 34.00 MiB (total 0.11 GiB)
ds4: CUDA fd-cached attn_out_b 34.00 MiB (total 0.14 GiB)
ds4: CUDA fd-cached f16 0.75 MiB (total 0.14 GiB)
ds4: CUDA fd-cached hc_scale 0.00 MiB (total 0.14 GiB)
ds4: CUDA fd-cached hc_base 0.00 MiB (total 0.14 GiB)
ds4: CUDA fd-cached rms_weight 0.02 MiB (total 0.14 GiB)
ds4: CUDA fd-cached f16 2.00 MiB (total 0.14 GiB)
ds4: CUDA fd-cached router_bias 0.00 MiB (total 0.14 GiB)
ds4: CUDA fd-cached q8_0 8.50 MiB (total 0.15 GiB)
ds4: CUDA fd-cached q8_0 8.50 MiB (total 0.16 GiB)
ds4: CUDA fd-cached q8_0 8.50 MiB (total 0.17 GiB)
ds4: CUDA model arena allocated 1792.00 MiB (arenas 1.75 GiB)
ds4: CUDA fd-cached f16 0.75 MiB (total 0.00 GiB)
ds4: CUDA fd-cached hc_scale 0.00 MiB (total 0.00 GiB)
ds4: CUDA fd-cached hc_base 0.00 MiB (total 0.00 GiB)
ds4: CUDA fd-cached rms_weight 0.02 MiB (total 0.00 GiB)
ds4: CUDA fd-cached q8_0 4.25 MiB (total 0.00 GiB)
ds4: CUDA fd-cached q8_0 2.12 MiB (total 0.01 GiB)
ds4: CUDA fd-cached q_rms_weight 0.00 MiB (total 0.01 GiB)
ds4: CUDA fd-cached kv_rms_weight 0.00 MiB (total 0.01 GiB)
ds4: CUDA fd-cached q8_0 34.00 MiB (total 0.04 GiB)
ds4: CUDA fd-cached f16 4.00 MiB (total 0.04 GiB)
ds4: CUDA fd-cached f16 4.00 MiB (total 0.05 GiB)
ds4: CUDA fd-cached compressor_ape 0.12 MiB (total 0.05 GiB)
ds4: CUDA fd-cached attn_sinks 0.00 MiB (total 0.05 GiB)
ds4: CUDA fd-cached attn_out_a 34.00 MiB (total 0.08 GiB)
ds4: CUDA fd-cached attn_out_b 34.00 MiB (total 0.11 GiB)
ds4: CUDA fd-cached f16 0.75 MiB (total 0.12 GiB)
ds4: CUDA fd-cached hc_scale 0.00 MiB (total 0.12 GiB)
ds4: CUDA fd-cached hc_base 0.00 MiB (total 0.12 GiB)
ds4: CUDA fd-cached rms_weight 0.02 MiB (total 0.12 GiB)
ds4: CUDA fd-cached f16 2.00 MiB (total 0.12 GiB)
ds4: CUDA fd-cached router_bias 0.00 MiB (total 0.12 GiB)
ds4: CUDA fd-cached q8_0 8.50 MiB (total 0.13 GiB)
ds4: CUDA fd-cached q8_0 8.50 MiB (total 0.13 GiB)
ds4: CUDA fd-cached q8_0 8.50 MiB (total 0.14 GiB)
ds4: CUDA model arena allocated 1792.00 MiB (arenas 1.75 GiB)
ds4: CUDA fd-cached f16 0.75 MiB (total 0.00 GiB)
ds4: CUDA fd-cached hc_scale 0.00 MiB (total 0.00 GiB)
ds4: CUDA fd-cached hc_base 0.00 MiB (total 0.00 GiB)
ds4: CUDA fd-cached rms_weight 0.02 MiB (total 0.00 GiB)
ds4: CUDA fd-cached q8_0 4.25 MiB (total 0.00 GiB)
ds4: CUDA fd-cached q8_0 2.12 MiB (total 0.01 GiB)
ds4: CUDA fd-cached q_rms_weight 0.00 MiB (total 0.01 GiB)
ds4: CUDA fd-cached kv_rms_weight 0.00 MiB (total 0.01 GiB)
ds4: CUDA fd-cached q8_0 34.00 MiB (total 0.04 GiB)
ds4: CUDA fd-cached f16 8.00 MiB (total 0.05 GiB)
ds4: CUDA fd-cached f16 8.00 MiB (total 0.06 GiB)
ds4: CUDA fd-cached compressor_ape 0.01 MiB (total 0.06 GiB)
ds4: CUDA fd-cached rms_weight 0.00 MiB (total 0.06 GiB)
ds4: CUDA fd-cached f16 2.00 MiB (total 0.06 GiB)
ds4: CUDA fd-cached f16 2.00 MiB (total 0.06 GiB)
ds4: CUDA fd-cached f16 16.00 MiB (total 0.08 GiB)
ds4: CUDA fd-cached f16 0.50 MiB (total 0.08 GiB)
ds4: CUDA fd-cached compressor_ape 0.00 MiB (total 0.08 GiB)
ds4: CUDA fd-cached rms_weight 0.00 MiB (total 0.08 GiB)
ds4: CUDA fd-cached attn_sinks 0.00 MiB (total 0.08 GiB)
ds4: CUDA fd-cached attn_out_a 34.00 MiB (total 0.11 GiB)
ds4: CUDA fd-cached attn_out_b 34.00 MiB (total 0.14 GiB)
ds4: CUDA fd-cached f16 0.75 MiB (total 0.14 GiB)
ds4: CUDA fd-cached hc_scale 0.00 MiB (total 0.14 GiB)
ds4: CUDA fd-cached hc_base 0.00 MiB (total 0.14 GiB)
ds4: CUDA fd-cached rms_weight 0.02 MiB (total 0.14 GiB)
ds4: CUDA fd-cached f16 2.00 MiB (total 0.14 GiB)
ds4: CUDA fd-cached router_bias 0.00 MiB (total 0.14 GiB)
ds4: CUDA fd-cached q8_0 8.50 MiB (total 0.15 GiB)
ds4: CUDA fd-cached q8_0 8.50 MiB (total 0.16 GiB)
ds4: CUDA fd-cached q8_0 8.50 MiB (total 0.17 GiB)
ds4: CUDA model arena allocated 1792.00 MiB (arenas 1.75 GiB)
ds4: CUDA fd-cached f16 0.75 MiB (total 0.00 GiB)
ds4: CUDA fd-cached hc_scale 0.00 MiB (total 0.00 GiB)
ds4: CUDA fd-cached hc_base 0.00 MiB (total 0.00 GiB)
ds4: CUDA fd-cached rms_weight 0.02 MiB (total 0.00 GiB)
ds4: CUDA fd-cached q8_0 4.25 MiB (total 0.00 GiB)
ds4: CUDA fd-cached q8_0 2.12 MiB (total 0.01 GiB)
ds4: CUDA fd-cached q_rms_weight 0.00 MiB (total 0.01 GiB)
ds4: CUDA fd-cached kv_rms_weight 0.00 MiB (total 0.01 GiB)
ds4: CUDA fd-cached q8_0 34.00 MiB (total 0.04 GiB)
ds4: CUDA fd-cached f16 4.00 MiB (total 0.04 GiB)
ds4: CUDA fd-cached f16 4.00 MiB (total 0.05 GiB)
ds4: CUDA fd-cached compressor_ape 0.12 MiB (total 0.05 GiB)
ds4: CUDA fd-cached attn_sinks 0.00 MiB (total 0.05 GiB)
ds4: CUDA fd-cached attn_out_a 34.00 MiB (total 0.08 GiB)
ds4: CUDA fd-cached attn_out_b 34.00 MiB (total 0.11 GiB)
ds4: CUDA fd-cached f16 0.75 MiB (total 0.12 GiB)
ds4: CUDA fd-cached hc_scale 0.00 MiB (total 0.12 GiB)
ds4: CUDA fd-cached hc_base 0.00 MiB (total 0.12 GiB)
ds4: CUDA fd-cached rms_weight 0.02 MiB (total 0.12 GiB)
ds4: CUDA fd-cached f16 2.00 MiB (total 0.12 GiB)
ds4: CUDA fd-cached router_bias 0.00 MiB (total 0.12 GiB)
ds4: CUDA fd-cached q8_0 8.50 MiB (total 0.13 GiB)
ds4: CUDA fd-cached q8_0 8.50 MiB (total 0.13 GiB)
ds4: CUDA fd-cached q8_0 8.50 MiB (total 0.14 GiB)
ds4: CUDA model arena allocated 1792.00 MiB (arenas 1.75 GiB)
ds4: CUDA fd-cached f16 0.75 MiB (total 0.00 GiB)
ds4: CUDA fd-cached hc_scale 0.00 MiB (total 0.00 GiB)
ds4: CUDA fd-cached hc_base 0.00 MiB (total 0.00 GiB)
ds4: CUDA fd-cached rms_weight 0.02 MiB (total 0.00 GiB)
ds4: CUDA fd-cached q8_0 4.25 MiB (total 0.00 GiB)
ds4: CUDA fd-cached q8_0 2.12 MiB (total 0.01 GiB)
ds4: CUDA fd-cached q_rms_weight 0.00 MiB (total 0.01 GiB)
ds4: CUDA fd-cached kv_rms_weight 0.00 MiB (total 0.01 GiB)
ds4: CUDA fd-cached q8_0 34.00 MiB (total 0.04 GiB)
ds4: CUDA fd-cached f16 8.00 MiB (total 0.05 GiB)
ds4: CUDA fd-cached f16 8.00 MiB (total 0.06 GiB)
ds4: CUDA fd-cached compressor_ape 0.01 MiB (total 0.06 GiB)
ds4: CUDA fd-cached rms_weight 0.00 MiB (total 0.06 GiB)
ds4: CUDA fd-cached f16 2.00 MiB (total 0.06 GiB)
ds4: CUDA fd-cached f16 2.00 MiB (total 0.06 GiB)
ds4: CUDA fd-cached f16 16.00 MiB (total 0.08 GiB)
ds4: CUDA fd-cached f16 0.50 MiB (total 0.08 GiB)
ds4: CUDA fd-cached compressor_ape 0.00 MiB (total 0.08 GiB)
ds4: CUDA fd-cached rms_weight 0.00 MiB (total 0.08 GiB)
ds4: CUDA fd-cached attn_sinks 0.00 MiB (total 0.08 GiB)
ds4: CUDA fd-cached attn_out_a 34.00 MiB (total 0.11 GiB)
ds4: CUDA fd-cached attn_out_b 34.00 MiB (total 0.14 GiB)
ds4: CUDA fd-cached f16 0.75 MiB (total 0.14 GiB)
ds4: CUDA fd-cached hc_scale 0.00 MiB (total 0.14 GiB)
ds4: CUDA fd-cached hc_base 0.00 MiB (total 0.14 GiB)
ds4: CUDA fd-cached rms_weight 0.02 MiB (total 0.14 GiB)
ds4: CUDA fd-cached f16 2.00 MiB (total 0.14 GiB)
ds4: CUDA fd-cached router_bias 0.00 MiB (total 0.14 GiB)
ds4: CUDA fd-cached q8_0 8.50 MiB (total 0.15 GiB)
ds4: CUDA fd-cached q8_0 8.50 MiB (total 0.16 GiB)
ds4: CUDA fd-cached q8_0 8.50 MiB (total 0.17 GiB)
ds4: CUDA model arena allocated 1792.00 MiB (arenas 1.75 GiB)
ds4: CUDA fd-cached f16 0.75 MiB (total 0.00 GiB)
ds4: CUDA fd-cached hc_scale 0.00 MiB (total 0.00 GiB)
ds4: CUDA fd-cached hc_base 0.00 MiB (total 0.00 GiB)
ds4: CUDA fd-cached rms_weight 0.02 MiB (total 0.00 GiB)
ds4: CUDA fd-cached q8_0 4.25 MiB (total 0.00 GiB)
ds4: CUDA fd-cached q8_0 2.12 MiB (total 0.01 GiB)
ds4: CUDA fd-cached q_rms_weight 0.00 MiB (total 0.01 GiB)
ds4: CUDA fd-cached kv_rms_weight 0.00 MiB (total 0.01 GiB)
ds4: CUDA fd-cached q8_0 34.00 MiB (total 0.04 GiB)
ds4: CUDA fd-cached f16 4.00 MiB (total 0.04 GiB)
ds4: CUDA fd-cached f16 4.00 MiB (total 0.05 GiB)
ds4: CUDA fd-cached compressor_ape 0.12 MiB (total 0.05 GiB)
ds4: CUDA fd-cached attn_sinks 0.00 MiB (total 0.05 GiB)
ds4: CUDA fd-cached attn_out_a 34.00 MiB (total 0.08 GiB)
ds4: CUDA fd-cached attn_out_b 34.00 MiB (total 0.11 GiB)
ds4: CUDA fd-cached f16 0.75 MiB (total 0.12 GiB)
ds4: CUDA fd-cached hc_scale 0.00 MiB (total 0.12 GiB)
ds4: CUDA fd-cached hc_base 0.00 MiB (total 0.12 GiB)
ds4: CUDA fd-cached rms_weight 0.02 MiB (total 0.12 GiB)
ds4: CUDA fd-cached f16 2.00 MiB (total 0.12 GiB)
ds4: CUDA fd-cached router_bias 0.00 MiB (total 0.12 GiB)
ds4: CUDA fd-cached q8_0 8.50 MiB (total 0.13 GiB)
ds4: CUDA fd-cached q8_0 8.50 MiB (total 0.13 GiB)
ds4: CUDA fd-cached q8_0 8.50 MiB (total 0.14 GiB)
ds4: CUDA model arena allocated 1792.00 MiB (arenas 1.75 GiB)
ds4: CUDA fd-cached f16 0.75 MiB (total 0.00 GiB)
ds4: CUDA fd-cached hc_scale 0.00 MiB (total 0.00 GiB)
ds4: CUDA fd-cached hc_base 0.00 MiB (total 0.00 GiB)
ds4: CUDA fd-cached rms_weight 0.02 MiB (total 0.00 GiB)
ds4: CUDA fd-cached q8_0 4.25 MiB (total 0.00 GiB)
ds4: CUDA fd-cached q8_0 2.12 MiB (total 0.01 GiB)
ds4: CUDA fd-cached q_rms_weight 0.00 MiB (total 0.01 GiB)
ds4: CUDA fd-cached kv_rms_weight 0.00 MiB (total 0.01 GiB)
ds4: CUDA fd-cached q8_0 34.00 MiB (total 0.04 GiB)
ds4: CUDA fd-cached f16 8.00 MiB (total 0.05 GiB)
ds4: CUDA fd-cached f16 8.00 MiB (total 0.06 GiB)
ds4: CUDA fd-cached compressor_ape 0.01 MiB (total 0.06 GiB)
ds4: CUDA fd-cached rms_weight 0.00 MiB (total 0.06 GiB)
ds4: CUDA fd-cached f16 2.00 MiB (total 0.06 GiB)
ds4: CUDA fd-cached f16 2.00 MiB (total 0.06 GiB)
ds4: CUDA fd-cached f16 16.00 MiB (total 0.08 GiB)
ds4: CUDA fd-cached f16 0.50 MiB (total 0.08 GiB)
ds4: CUDA fd-cached compressor_ape 0.00 MiB (total 0.08 GiB)
ds4: CUDA fd-cached rms_weight 0.00 MiB (total 0.08 GiB)
ds4: CUDA fd-cached attn_sinks 0.00 MiB (total 0.08 GiB)
ds4: CUDA fd-cached attn_out_a 34.00 MiB (total 0.11 GiB)
ds4: CUDA fd-cached attn_out_b 34.00 MiB (total 0.14 GiB)
ds4: CUDA fd-cached f16 0.75 MiB (total 0.14 GiB)
ds4: CUDA fd-cached hc_scale 0.00 MiB (total 0.14 GiB)
ds4: CUDA fd-cached hc_base 0.00 MiB (total 0.14 GiB)
ds4: CUDA fd-cached rms_weight 0.02 MiB (total 0.14 GiB)
ds4: CUDA fd-cached f16 2.00 MiB (total 0.14 GiB)
ds4: CUDA fd-cached router_bias 0.00 MiB (total 0.14 GiB)
ds4: CUDA fd-cached q8_0 8.50 MiB (total 0.15 GiB)
ds4: CUDA fd-cached q8_0 8.50 MiB (total 0.16 GiB)
ds4: CUDA fd-cached q8_0 8.50 MiB (total 0.17 GiB)
ds4: CUDA model arena allocated 1792.00 MiB (arenas 1.75 GiB)
ds4: CUDA fd-cached f16 0.75 MiB (total 0.00 GiB)
ds4: CUDA fd-cached hc_scale 0.00 MiB (total 0.00 GiB)
ds4: CUDA fd-cached hc_base 0.00 MiB (total 0.00 GiB)
ds4: CUDA fd-cached rms_weight 0.02 MiB (total 0.00 GiB)
ds4: CUDA fd-cached q8_0 4.25 MiB (total 0.00 GiB)
ds4: CUDA fd-cached q8_0 2.12 MiB (total 0.01 GiB)
ds4: CUDA fd-cached q_rms_weight 0.00 MiB (total 0.01 GiB)
ds4: CUDA fd-cached kv_rms_weight 0.00 MiB (total 0.01 GiB)
ds4: CUDA fd-cached q8_0 34.00 MiB (total 0.04 GiB)
ds4: CUDA fd-cached f16 4.00 MiB (total 0.04 GiB)
ds4: CUDA fd-cached f16 4.00 MiB (total 0.05 GiB)
ds4: CUDA fd-cached compressor_ape 0.12 MiB (total 0.05 GiB)
ds4: CUDA fd-cached attn_sinks 0.00 MiB (total 0.05 GiB)
ds4: CUDA fd-cached attn_out_a 34.00 MiB (total 0.08 GiB)
ds4: CUDA fd-cached attn_out_b 34.00 MiB (total 0.11 GiB)
ds4: CUDA fd-cached f16 0.75 MiB (total 0.12 GiB)
ds4: CUDA fd-cached hc_scale 0.00 MiB (total 0.12 GiB)
ds4: CUDA fd-cached hc_base 0.00 MiB (total 0.12 GiB)
ds4: CUDA fd-cached rms_weight 0.02 MiB (total 0.12 GiB)
ds4: CUDA fd-cached f16 2.00 MiB (total 0.12 GiB)
ds4: CUDA fd-cached router_bias 0.00 MiB (total 0.12 GiB)
ds4: CUDA fd-cached q8_0 8.50 MiB (total 0.13 GiB)
ds4: CUDA fd-cached q8_0 8.50 MiB (total 0.13 GiB)
ds4: CUDA fd-cached q8_0 8.50 MiB (total 0.14 GiB)
ds4: CUDA model arena allocated 1792.00 MiB (arenas 1.75 GiB)
ds4: CUDA fd-cached f16 0.75 MiB (total 0.00 GiB)
ds4: CUDA fd-cached hc_scale 0.00 MiB (total 0.00 GiB)
ds4: CUDA fd-cached hc_base 0.00 MiB (total 0.00 GiB)
ds4: CUDA fd-cached rms_weight 0.02 MiB (total 0.00 GiB)
ds4: CUDA fd-cached q8_0 4.25 MiB (total 0.00 GiB)
ds4: CUDA fd-cached q8_0 2.12 MiB (total 0.01 GiB)
ds4: CUDA fd-cached q_rms_weight 0.00 MiB (total 0.01 GiB)
ds4: CUDA fd-cached kv_rms_weight 0.00 MiB (total 0.01 GiB)
ds4: CUDA fd-cached q8_0 34.00 MiB (total 0.04 GiB)
ds4: CUDA fd-cached f16 8.00 MiB (total 0.05 GiB)
ds4: CUDA fd-cached f16 8.00 MiB (total 0.06 GiB)
ds4: CUDA fd-cached compressor_ape 0.01 MiB (total 0.06 GiB)
ds4: CUDA fd-cached rms_weight 0.00 MiB (total 0.06 GiB)
ds4: CUDA fd-cached f16 2.00 MiB (total 0.06 GiB)
ds4: CUDA fd-cached f16 2.00 MiB (total 0.06 GiB)
ds4: CUDA fd-cached f16 16.00 MiB (total 0.08 GiB)
ds4: CUDA fd-cached f16 0.50 MiB (total 0.08 GiB)
ds4: CUDA fd-cached compressor_ape 0.00 MiB (total 0.08 GiB)
ds4: CUDA fd-cached rms_weight 0.00 MiB (total 0.08 GiB)
ds4: CUDA fd-cached attn_sinks 0.00 MiB (total 0.08 GiB)
ds4: CUDA fd-cached attn_out_a 34.00 MiB (total 0.11 GiB)
ds4: CUDA fd-cached attn_out_b 34.00 MiB (total 0.14 GiB)
ds4: CUDA fd-cached f16 0.75 MiB (total 0.14 GiB)
ds4: CUDA fd-cached hc_scale 0.00 MiB (total 0.14 GiB)
ds4: CUDA fd-cached hc_base 0.00 MiB (total 0.14 GiB)
ds4: CUDA fd-cached rms_weight 0.02 MiB (total 0.14 GiB)
ds4: CUDA fd-cached f16 2.00 MiB (total 0.14 GiB)
ds4: CUDA fd-cached router_bias 0.00 MiB (total 0.14 GiB)
ds4: CUDA fd-cached q8_0 8.50 MiB (total 0.15 GiB)
ds4: CUDA fd-cached q8_0 8.50 MiB (total 0.16 GiB)
ds4: CUDA fd-cached q8_0 8.50 MiB (total 0.17 GiB)
ds4: CUDA model arena allocated 1792.00 MiB (arenas 1.75 GiB)
ds4: CUDA fd-cached f16 0.75 MiB (total 0.00 GiB)
ds4: CUDA fd-cached hc_scale 0.00 MiB (total 0.00 GiB)
ds4: CUDA fd-cached hc_base 0.00 MiB (total 0.00 GiB)
ds4: CUDA fd-cached rms_weight 0.02 MiB (total 0.00 GiB)
ds4: CUDA fd-cached q8_0 4.25 MiB (total 0.00 GiB)
ds4: CUDA fd-cached q8_0 2.12 MiB (total 0.01 GiB)
ds4: CUDA fd-cached q_rms_weight 0.00 MiB (total 0.01 GiB)
ds4: CUDA fd-cached kv_rms_weight 0.00 MiB (total 0.01 GiB)
ds4: CUDA fd-cached q8_0 34.00 MiB (total 0.04 GiB)
ds4: CUDA fd-cached f16 4.00 MiB (total 0.04 GiB)
ds4: CUDA fd-cached f16 4.00 MiB (total 0.05 GiB)
ds4: CUDA fd-cached compressor_ape 0.12 MiB (total 0.05 GiB)
ds4: CUDA fd-cached attn_sinks 0.00 MiB (total 0.05 GiB)
ds4: CUDA fd-cached attn_out_a 34.00 MiB (total 0.08 GiB)
ds4: CUDA fd-cached attn_out_b 34.00 MiB (total 0.11 GiB)
ds4: CUDA fd-cached f16 0.75 MiB (total 0.12 GiB)
ds4: CUDA fd-cached hc_scale 0.00 MiB (total 0.12 GiB)
ds4: CUDA fd-cached hc_base 0.00 MiB (total 0.12 GiB)
ds4: CUDA fd-cached rms_weight 0.02 MiB (total 0.12 GiB)
ds4: CUDA fd-cached f16 2.00 MiB (total 0.12 GiB)
ds4: CUDA fd-cached router_bias 0.00 MiB (total 0.12 GiB)
ds4: CUDA fd-cached q8_0 8.50 MiB (total 0.13 GiB)
ds4: CUDA fd-cached q8_0 8.50 MiB (total 0.13 GiB)
ds4: CUDA fd-cached q8_0 8.50 MiB (total 0.14 GiB)
ds4: CUDA model arena allocated 1792.00 MiB (arenas 1.75 GiB)
ds4: CUDA fd-cached f16 0.75 MiB (total 0.00 GiB)
ds4: CUDA fd-cached hc_scale 0.00 MiB (total 0.00 GiB)
ds4: CUDA fd-cached hc_base 0.00 MiB (total 0.00 GiB)
ds4: CUDA fd-cached rms_weight 0.02 MiB (total 0.00 GiB)
ds4: CUDA fd-cached q8_0 4.25 MiB (total 0.00 GiB)
ds4: CUDA fd-cached q8_0 2.12 MiB (total 0.01 GiB)
ds4: CUDA fd-cached q_rms_weight 0.00 MiB (total 0.01 GiB)
ds4: CUDA fd-cached kv_rms_weight 0.00 MiB (total 0.01 GiB)
ds4: CUDA fd-cached q8_0 34.00 MiB (total 0.04 GiB)
ds4: CUDA fd-cached f16 8.00 MiB (total 0.05 GiB)
ds4: CUDA fd-cached f16 8.00 MiB (total 0.06 GiB)
ds4: CUDA fd-cached compressor_ape 0.01 MiB (total 0.06 GiB)
ds4: CUDA fd-cached rms_weight 0.00 MiB (total 0.06 GiB)
ds4: CUDA fd-cached f16 2.00 MiB (total 0.06 GiB)
ds4: CUDA fd-cached f16 2.00 MiB (total 0.06 GiB)
ds4: CUDA fd-cached f16 16.00 MiB (total 0.08 GiB)
ds4: CUDA fd-cached f16 0.50 MiB (total 0.08 GiB)
ds4: CUDA fd-cached compressor_ape 0.00 MiB (total 0.08 GiB)
ds4: CUDA fd-cached rms_weight 0.00 MiB (total 0.08 GiB)
ds4: CUDA fd-cached attn_sinks 0.00 MiB (total 0.08 GiB)
ds4: CUDA fd-cached attn_out_a 34.00 MiB (total 0.11 GiB)
ds4: CUDA fd-cached attn_out_b 34.00 MiB (total 0.14 GiB)
ds4: CUDA fd-cached f16 0.75 MiB (total 0.14 GiB)
ds4: CUDA fd-cached hc_scale 0.00 MiB (total 0.14 GiB)
ds4: CUDA fd-cached hc_base 0.00 MiB (total 0.14 GiB)
ds4: CUDA fd-cached rms_weight 0.02 MiB (total 0.14 GiB)
ds4: CUDA fd-cached f16 2.00 MiB (total 0.14 GiB)
ds4: CUDA fd-cached router_bias 0.00 MiB (total 0.14 GiB)
0713 18:00:14 ds4-server: shutdown requested, draining requests
ds4: CUDA fd-cached q8_0 8.50 MiB (total 0.15 GiB)
ds4: CUDA fd-cached q8_0 8.50 MiB (total 0.16 GiB)
ds4: CUDA fd-cached q8_0 8.50 MiB (total 0.17 GiB)
ds4: CUDA model arena allocated 1792.00 MiB (arenas 1.75 GiB)
ds4: CUDA fd-cached f16 0.75 MiB (total 0.00 GiB)
ds4: CUDA fd-cached hc_scale 0.00 MiB (total 0.00 GiB)
ds4: CUDA fd-cached hc_base 0.00 MiB (total 0.00 GiB)
ds4: CUDA fd-cached rms_weight 0.02 MiB (total 0.00 GiB)
ds4: CUDA fd-cached q8_0 4.25 MiB (total 0.00 GiB)
ds4: CUDA fd-cached q8_0 2.12 MiB (total 0.01 GiB)
ds4: CUDA fd-cached q_rms_weight 0.00 MiB (total 0.01 GiB)
ds4: CUDA fd-cached kv_rms_weight 0.00 MiB (total 0.01 GiB)
ds4: CUDA fd-cached q8_0 34.00 MiB (total 0.04 GiB)
ds4: CUDA fd-cached f16 4.00 MiB (total 0.04 GiB)
ds4: CUDA fd-cached f16 4.00 MiB (total 0.05 GiB)
ds4: CUDA fd-cached compressor_ape 0.12 MiB (total 0.05 GiB)
ds4: CUDA fd-cached attn_sinks 0.00 MiB (total 0.05 GiB)
ds4: CUDA fd-cached attn_out_a 34.00 MiB (total 0.08 GiB)
ds4: CUDA fd-cached attn_out_b 34.00 MiB (total 0.11 GiB)
ds4: CUDA fd-cached f16 0.75 MiB (total 0.12 GiB)
ds4: CUDA fd-cached hc_scale 0.00 MiB (total 0.12 GiB)
ds4: CUDA fd-cached hc_base 0.00 MiB (total 0.12 GiB)
ds4: CUDA fd-cached rms_weight 0.02 MiB (total 0.12 GiB)
ds4: CUDA fd-cached f16 2.00 MiB (total 0.12 GiB)
ds4: CUDA fd-cached router_bias 0.00 MiB (total 0.12 GiB)
ds4: CUDA fd-cached q8_0 8.50 MiB (total 0.13 GiB)
ds4: CUDA fd-cached q8_0 8.50 MiB (total 0.13 GiB)
ds4: CUDA fd-cached q8_0 8.50 MiB (total 0.14 GiB)
ds4: CUDA model arena allocated 1792.00 MiB (arenas 1.75 GiB)
ds4: CUDA fd-cached f16 0.75 MiB (total 0.00 GiB)
ds4: CUDA fd-cached hc_scale 0.00 MiB (total 0.00 GiB)
ds4: CUDA fd-cached hc_base 0.00 MiB (total 0.00 GiB)
ds4: CUDA fd-cached rms_weight 0.02 MiB (total 0.00 GiB)
ds4: CUDA fd-cached q8_0 4.25 MiB (total 0.00 GiB)
ds4: CUDA fd-cached q8_0 2.12 MiB (total 0.01 GiB)
ds4: CUDA fd-cached q_rms_weight 0.00 MiB (total 0.01 GiB)
ds4: CUDA fd-cached kv_rms_weight 0.00 MiB (total 0.01 GiB)
ds4: CUDA fd-cached q8_0 34.00 MiB (total 0.04 GiB)
ds4: CUDA fd-cached f16 8.00 MiB (total 0.05 GiB)
ds4: CUDA fd-cached f16 8.00 MiB (total 0.06 GiB)
ds4: CUDA fd-cached compressor_ape 0.01 MiB (total 0.06 GiB)
ds4: CUDA fd-cached rms_weight 0.00 MiB (total 0.06 GiB)
ds4: CUDA fd-cached f16 2.00 MiB (total 0.06 GiB)
ds4: CUDA fd-cached f16 2.00 MiB (total 0.06 GiB)
ds4: CUDA fd-cached f16 16.00 MiB (total 0.08 GiB)
ds4: CUDA fd-cached f16 0.50 MiB (total 0.08 GiB)
ds4: CUDA fd-cached compressor_ape 0.00 MiB (total 0.08 GiB)
ds4: CUDA fd-cached rms_weight 0.00 MiB (total 0.08 GiB)
ds4: CUDA fd-cached attn_sinks 0.00 MiB (total 0.08 GiB)
ds4: CUDA fd-cached attn_out_a 34.00 MiB (total 0.11 GiB)
ds4: CUDA fd-cached attn_out_b 34.00 MiB (total 0.14 GiB)
ds4: CUDA fd-cached f16 0.75 MiB (total 0.14 GiB)
ds4: CUDA fd-cached hc_scale 0.00 MiB (total 0.14 GiB)
ds4: CUDA fd-cached hc_base 0.00 MiB (total 0.14 GiB)
ds4: CUDA fd-cached rms_weight 0.02 MiB (total 0.14 GiB)
ds4: CUDA fd-cached f16 2.00 MiB (total 0.14 GiB)
ds4: CUDA fd-cached router_bias 0.00 MiB (total 0.14 GiB)
ds4: CUDA fd-cached q8_0 8.50 MiB (total 0.15 GiB)
ds4: CUDA fd-cached q8_0 8.50 MiB (total 0.16 GiB)
ds4: CUDA fd-cached q8_0 8.50 MiB (total 0.17 GiB)
ds4: CUDA model arena allocated 1792.00 MiB (arenas 1.75 GiB)
ds4: CUDA fd-cached f16 0.75 MiB (total 0.00 GiB)
ds4: CUDA fd-cached hc_scale 0.00 MiB (total 0.00 GiB)
ds4: CUDA fd-cached hc_base 0.00 MiB (total 0.00 GiB)
ds4: CUDA fd-cached rms_weight 0.02 MiB (total 0.00 GiB)
ds4: CUDA fd-cached q8_0 4.25 MiB (total 0.00 GiB)
ds4: CUDA fd-cached q8_0 2.12 MiB (total 0.01 GiB)
ds4: CUDA fd-cached q_rms_weight 0.00 MiB (total 0.01 GiB)
ds4: CUDA fd-cached kv_rms_weight 0.00 MiB (total 0.01 GiB)
ds4: CUDA fd-cached q8_0 34.00 MiB (total 0.04 GiB)
ds4: CUDA fd-cached f16 4.00 MiB (total 0.04 GiB)
ds4: CUDA fd-cached f16 4.00 MiB (total 0.05 GiB)
ds4: CUDA fd-cached compressor_ape 0.12 MiB (total 0.05 GiB)
ds4: CUDA fd-cached attn_sinks 0.00 MiB (total 0.05 GiB)
ds4: CUDA fd-cached attn_out_a 34.00 MiB (total 0.08 GiB)
ds4: CUDA fd-cached attn_out_b 34.00 MiB (total 0.11 GiB)
ds4: CUDA fd-cached f16 0.75 MiB (total 0.12 GiB)
ds4: CUDA fd-cached hc_scale 0.00 MiB (total 0.12 GiB)
ds4: CUDA fd-cached hc_base 0.00 MiB (total 0.12 GiB)
ds4: CUDA fd-cached rms_weight 0.02 MiB (total 0.12 GiB)
ds4: CUDA fd-cached f16 2.00 MiB (total 0.12 GiB)
ds4: CUDA fd-cached router_bias 0.00 MiB (total 0.12 GiB)
ds4: CUDA fd-cached q8_0 8.50 MiB (total 0.13 GiB)
ds4: CUDA fd-cached q8_0 8.50 MiB (total 0.13 GiB)
ds4: CUDA fd-cached q8_0 8.50 MiB (total 0.14 GiB)
ds4: CUDA model arena allocated 1792.00 MiB (arenas 1.75 GiB)
ds4: CUDA fd-cached f16 0.75 MiB (total 0.00 GiB)
ds4: CUDA fd-cached hc_scale 0.00 MiB (total 0.00 GiB)
ds4: CUDA fd-cached hc_base 0.00 MiB (total 0.00 GiB)
ds4: CUDA fd-cached rms_weight 0.02 MiB (total 0.00 GiB)
ds4: CUDA fd-cached q8_0 4.25 MiB (total 0.00 GiB)
ds4: CUDA fd-cached q8_0 2.12 MiB (total 0.01 GiB)
ds4: CUDA fd-cached q_rms_weight 0.00 MiB (total 0.01 GiB)
ds4: CUDA fd-cached kv_rms_weight 0.00 MiB (total 0.01 GiB)
ds4: CUDA fd-cached q8_0 34.00 MiB (total 0.04 GiB)
ds4: CUDA fd-cached f16 8.00 MiB (total 0.05 GiB)
ds4: CUDA fd-cached f16 8.00 MiB (total 0.06 GiB)
ds4: CUDA fd-cached compressor_ape 0.01 MiB (total 0.06 GiB)
ds4: CUDA fd-cached rms_weight 0.00 MiB (total 0.06 GiB)
ds4: CUDA fd-cached f16 2.00 MiB (total 0.06 GiB)
ds4: CUDA fd-cached f16 2.00 MiB (total 0.06 GiB)
ds4: CUDA fd-cached f16 16.00 MiB (total 0.08 GiB)
ds4: CUDA fd-cached f16 0.50 MiB (total 0.08 GiB)
ds4: CUDA fd-cached compressor_ape 0.00 MiB (total 0.08 GiB)
ds4: CUDA fd-cached rms_weight 0.00 MiB (total 0.08 GiB)
ds4: CUDA fd-cached attn_sinks 0.00 MiB (total 0.08 GiB)
ds4: CUDA fd-cached attn_out_a 34.00 MiB (total 0.11 GiB)
ds4: CUDA fd-cached attn_out_b 34.00 MiB (total 0.14 GiB)
ds4: CUDA fd-cached f16 0.75 MiB (total 0.14 GiB)
ds4: CUDA fd-cached hc_scale 0.00 MiB (total 0.14 GiB)
ds4: CUDA fd-cached hc_base 0.00 MiB (total 0.14 GiB)
ds4: CUDA fd-cached rms_weight 0.02 MiB (total 0.14 GiB)
ds4: CUDA fd-cached f16 2.00 MiB (total 0.14 GiB)
ds4: CUDA fd-cached router_bias 0.00 MiB (total 0.14 GiB)
ds4: CUDA fd-cached q8_0 8.50 MiB (total 0.15 GiB)
ds4: CUDA fd-cached q8_0 8.50 MiB (total 0.16 GiB)
ds4: CUDA fd-cached q8_0 8.50 MiB (total 0.17 GiB)
ds4: CUDA model arena allocated 1792.00 MiB (arenas 1.75 GiB)
ds4: CUDA fd-cached f16 0.75 MiB (total 0.00 GiB)
ds4: CUDA fd-cached hc_scale 0.00 MiB (total 0.00 GiB)
ds4: CUDA fd-cached hc_base 0.00 MiB (total 0.00 GiB)
ds4: CUDA fd-cached rms_weight 0.02 MiB (total 0.00 GiB)
ds4: CUDA fd-cached q8_0 4.25 MiB (total 0.00 GiB)
ds4: CUDA fd-cached q8_0 2.12 MiB (total 0.01 GiB)
ds4: CUDA fd-cached q_rms_weight 0.00 MiB (total 0.01 GiB)
ds4: CUDA fd-cached kv_rms_weight 0.00 MiB (total 0.01 GiB)
ds4: CUDA fd-cached q8_0 34.00 MiB (total 0.04 GiB)
ds4: CUDA fd-cached f16 4.00 MiB (total 0.04 GiB)
ds4: CUDA fd-cached f16 4.00 MiB (total 0.05 GiB)
ds4: CUDA fd-cached compressor_ape 0.12 MiB (total 0.05 GiB)
ds4: CUDA fd-cached attn_sinks 0.00 MiB (total 0.05 GiB)
ds4: CUDA fd-cached attn_out_a 34.00 MiB (total 0.08 GiB)
ds4: CUDA fd-cached attn_out_b 34.00 MiB (total 0.11 GiB)
ds4: CUDA fd-cached f16 0.75 MiB (total 0.12 GiB)
ds4: CUDA fd-cached hc_scale 0.00 MiB (total 0.12 GiB)
ds4: CUDA fd-cached hc_base 0.00 MiB (total 0.12 GiB)
ds4: CUDA fd-cached rms_weight 0.02 MiB (total 0.12 GiB)
ds4: CUDA fd-cached f16 2.00 MiB (total 0.12 GiB)
ds4: CUDA fd-cached router_bias 0.00 MiB (total 0.12 GiB)
ds4: CUDA fd-cached q8_0 8.50 MiB (total 0.13 GiB)
ds4: CUDA fd-cached q8_0 8.50 MiB (total 0.13 GiB)
ds4: CUDA fd-cached q8_0 8.50 MiB (total 0.14 GiB)
ds4: CUDA model arena allocated 1792.00 MiB (arenas 1.75 GiB)
ds4: CUDA fd-cached f16 0.75 MiB (total 0.00 GiB)
ds4: CUDA fd-cached hc_scale 0.00 MiB (total 0.00 GiB)
ds4: CUDA fd-cached hc_base 0.00 MiB (total 0.00 GiB)
ds4: CUDA fd-cached rms_weight 0.02 MiB (total 0.00 GiB)
ds4: CUDA fd-cached q8_0 4.25 MiB (total 0.00 GiB)
ds4: CUDA fd-cached q8_0 2.12 MiB (total 0.01 GiB)
ds4: CUDA fd-cached q_rms_weight 0.00 MiB (total 0.01 GiB)
ds4: CUDA fd-cached kv_rms_weight 0.00 MiB (total 0.01 GiB)
ds4: CUDA fd-cached q8_0 34.00 MiB (total 0.04 GiB)
ds4: CUDA fd-cached f16 8.00 MiB (total 0.05 GiB)
ds4: CUDA fd-cached f16 8.00 MiB (total 0.06 GiB)
ds4: CUDA fd-cached compressor_ape 0.01 MiB (total 0.06 GiB)
ds4: CUDA fd-cached rms_weight 0.00 MiB (total 0.06 GiB)
ds4: CUDA fd-cached f16 2.00 MiB (total 0.06 GiB)
ds4: CUDA fd-cached f16 2.00 MiB (total 0.06 GiB)
ds4: CUDA fd-cached f16 16.00 MiB (total 0.08 GiB)
ds4: CUDA fd-cached f16 0.50 MiB (total 0.08 GiB)
ds4: CUDA fd-cached compressor_ape 0.00 MiB (total 0.08 GiB)
ds4: CUDA fd-cached rms_weight 0.00 MiB (total 0.08 GiB)
ds4: CUDA fd-cached attn_sinks 0.00 MiB (total 0.08 GiB)
ds4: CUDA fd-cached attn_out_a 34.00 MiB (total 0.11 GiB)
ds4: CUDA fd-cached attn_out_b 34.00 MiB (total 0.14 GiB)
ds4: CUDA fd-cached f16 0.75 MiB (total 0.14 GiB)
ds4: CUDA fd-cached hc_scale 0.00 MiB (total 0.14 GiB)
ds4: CUDA fd-cached hc_base 0.00 MiB (total 0.14 GiB)
ds4: CUDA fd-cached rms_weight 0.02 MiB (total 0.14 GiB)
ds4: CUDA fd-cached f16 2.00 MiB (total 0.14 GiB)
ds4: CUDA fd-cached router_bias 0.00 MiB (total 0.14 GiB)
ds4: CUDA fd-cached q8_0 8.50 MiB (total 0.15 GiB)
ds4: CUDA fd-cached q8_0 8.50 MiB (total 0.16 GiB)
ds4: CUDA fd-cached q8_0 8.50 MiB (total 0.17 GiB)
ds4: CUDA model arena allocated 1792.00 MiB (arenas 1.75 GiB)
ds4: CUDA fd-cached f16 0.75 MiB (total 0.00 GiB)
ds4: CUDA fd-cached hc_scale 0.00 MiB (total 0.00 GiB)
ds4: CUDA fd-cached hc_base 0.00 MiB (total 0.00 GiB)
ds4: CUDA fd-cached rms_weight 0.02 MiB (total 0.00 GiB)
ds4: CUDA fd-cached q8_0 4.25 MiB (total 0.00 GiB)
ds4: CUDA fd-cached q8_0 2.12 MiB (total 0.01 GiB)
ds4: CUDA fd-cached q_rms_weight 0.00 MiB (total 0.01 GiB)
ds4: CUDA fd-cached kv_rms_weight 0.00 MiB (total 0.01 GiB)
ds4: CUDA fd-cached q8_0 34.00 MiB (total 0.04 GiB)
ds4: CUDA fd-cached f16 4.00 MiB (total 0.04 GiB)
ds4: CUDA fd-cached f16 4.00 MiB (total 0.05 GiB)
ds4: CUDA fd-cached compressor_ape 0.12 MiB (total 0.05 GiB)
ds4: CUDA fd-cached attn_sinks 0.00 MiB (total 0.05 GiB)
ds4: CUDA fd-cached attn_out_a 34.00 MiB (total 0.08 GiB)
ds4: CUDA fd-cached attn_out_b 34.00 MiB (total 0.11 GiB)
ds4: CUDA fd-cached f16 0.75 MiB (total 0.12 GiB)
ds4: CUDA fd-cached hc_scale 0.00 MiB (total 0.12 GiB)
ds4: CUDA fd-cached hc_base 0.00 MiB (total 0.12 GiB)
ds4: CUDA fd-cached rms_weight 0.02 MiB (total 0.12 GiB)
ds4: CUDA fd-cached f16 2.00 MiB (total 0.12 GiB)
ds4: CUDA fd-cached router_bias 0.00 MiB (total 0.12 GiB)
ds4: CUDA fd-cached q8_0 8.50 MiB (total 0.13 GiB)
ds4: CUDA fd-cached q8_0 8.50 MiB (total 0.13 GiB)
ds4: CUDA fd-cached q8_0 8.50 MiB (total 0.14 GiB)
ds4: CUDA model arena allocated 1792.00 MiB (arenas 1.75 GiB)
ds4: CUDA fd-cached f16 0.75 MiB (total 0.00 GiB)
ds4: CUDA fd-cached hc_scale 0.00 MiB (total 0.00 GiB)
ds4: CUDA fd-cached hc_base 0.00 MiB (total 0.00 GiB)
ds4: CUDA fd-cached rms_weight 0.02 MiB (total 0.00 GiB)
ds4: CUDA fd-cached q8_0 4.25 MiB (total 0.00 GiB)
ds4: CUDA fd-cached q8_0 2.12 MiB (total 0.01 GiB)
ds4: CUDA fd-cached q_rms_weight 0.00 MiB (total 0.01 GiB)
ds4: CUDA fd-cached kv_rms_weight 0.00 MiB (total 0.01 GiB)
ds4: CUDA fd-cached q8_0 34.00 MiB (total 0.04 GiB)
ds4: CUDA fd-cached f16 8.00 MiB (total 0.05 GiB)
ds4: CUDA fd-cached f16 8.00 MiB (total 0.06 GiB)
ds4: CUDA fd-cached compressor_ape 0.01 MiB (total 0.06 GiB)
ds4: CUDA fd-cached rms_weight 0.00 MiB (total 0.06 GiB)
ds4: CUDA fd-cached f16 2.00 MiB (total 0.06 GiB)
ds4: CUDA fd-cached f16 2.00 MiB (total 0.06 GiB)
ds4: CUDA fd-cached f16 16.00 MiB (total 0.08 GiB)
ds4: CUDA fd-cached f16 0.50 MiB (total 0.08 GiB)
ds4: CUDA fd-cached compressor_ape 0.00 MiB (total 0.08 GiB)
ds4: CUDA fd-cached rms_weight 0.00 MiB (total 0.08 GiB)
ds4: CUDA fd-cached attn_sinks 0.00 MiB (total 0.08 GiB)
ds4: CUDA fd-cached attn_out_a 34.00 MiB (total 0.11 GiB)
ds4: CUDA fd-cached attn_out_b 34.00 MiB (total 0.14 GiB)
ds4: CUDA fd-cached f16 0.75 MiB (total 0.14 GiB)
ds4: CUDA fd-cached hc_scale 0.00 MiB (total 0.14 GiB)
ds4: CUDA fd-cached hc_base 0.00 MiB (total 0.14 GiB)
ds4: CUDA fd-cached rms_weight 0.02 MiB (total 0.14 GiB)
ds4: CUDA fd-cached f16 2.00 MiB (total 0.14 GiB)
ds4: CUDA fd-cached router_bias 0.00 MiB (total 0.14 GiB)
ds4: CUDA fd-cached q8_0 8.50 MiB (total 0.15 GiB)
ds4: CUDA fd-cached q8_0 8.50 MiB (total 0.16 GiB)
ds4: CUDA fd-cached q8_0 8.50 MiB (total 0.17 GiB)
ds4: CUDA model arena allocated 1792.00 MiB (arenas 1.75 GiB)
ds4: CUDA fd-cached f16 0.75 MiB (total 0.00 GiB)
ds4: CUDA fd-cached hc_scale 0.00 MiB (total 0.00 GiB)
ds4: CUDA fd-cached hc_base 0.00 MiB (total 0.00 GiB)
ds4: CUDA fd-cached rms_weight 0.02 MiB (total 0.00 GiB)
ds4: CUDA fd-cached q8_0 4.25 MiB (total 0.00 GiB)
ds4: CUDA fd-cached q8_0 2.12 MiB (total 0.01 GiB)
ds4: CUDA fd-cached q_rms_weight 0.00 MiB (total 0.01 GiB)
ds4: CUDA fd-cached kv_rms_weight 0.00 MiB (total 0.01 GiB)
ds4: CUDA fd-cached q8_0 34.00 MiB (total 0.04 GiB)
ds4: CUDA fd-cached f16 4.00 MiB (total 0.04 GiB)
ds4: CUDA fd-cached f16 4.00 MiB (total 0.05 GiB)
ds4: CUDA fd-cached compressor_ape 0.12 MiB (total 0.05 GiB)
ds4: CUDA fd-cached attn_sinks 0.00 MiB (total 0.05 GiB)
ds4: CUDA fd-cached attn_out_a 34.00 MiB (total 0.08 GiB)
ds4: CUDA fd-cached attn_out_b 34.00 MiB (total 0.11 GiB)
ds4: CUDA fd-cached f16 0.75 MiB (total 0.12 GiB)
ds4: CUDA fd-cached hc_scale 0.00 MiB (total 0.12 GiB)
ds4: CUDA fd-cached hc_base 0.00 MiB (total 0.12 GiB)
ds4: CUDA fd-cached rms_weight 0.02 MiB (total 0.12 GiB)
ds4: CUDA fd-cached f16 2.00 MiB (total 0.12 GiB)
ds4: CUDA fd-cached router_bias 0.00 MiB (total 0.12 GiB)
ds4: CUDA fd-cached q8_0 8.50 MiB (total 0.13 GiB)
ds4: CUDA fd-cached q8_0 8.50 MiB (total 0.13 GiB)
ds4: CUDA fd-cached q8_0 8.50 MiB (total 0.14 GiB)
ds4: CUDA model arena allocated 1792.00 MiB (arenas 1.75 GiB)
ds4: CUDA fd-cached f16 0.75 MiB (total 0.00 GiB)
ds4: CUDA fd-cached hc_scale 0.00 MiB (total 0.00 GiB)
ds4: CUDA fd-cached hc_base 0.00 MiB (total 0.00 GiB)
ds4: CUDA fd-cached rms_weight 0.02 MiB (total 0.00 GiB)
ds4: CUDA fd-cached q8_0 4.25 MiB (total 0.00 GiB)
ds4: CUDA fd-cached q8_0 2.12 MiB (total 0.01 GiB)
ds4: CUDA fd-cached q_rms_weight 0.00 MiB (total 0.01 GiB)
ds4: CUDA fd-cached kv_rms_weight 0.00 MiB (total 0.01 GiB)
ds4: CUDA fd-cached q8_0 34.00 MiB (total 0.04 GiB)
ds4: CUDA fd-cached f16 8.00 MiB (total 0.05 GiB)
ds4: CUDA fd-cached f16 8.00 MiB (total 0.06 GiB)
ds4: CUDA fd-cached compressor_ape 0.01 MiB (total 0.06 GiB)
ds4: CUDA fd-cached rms_weight 0.00 MiB (total 0.06 GiB)
ds4: CUDA fd-cached f16 2.00 MiB (total 0.06 GiB)
ds4: CUDA fd-cached f16 2.00 MiB (total 0.06 GiB)
ds4: CUDA fd-cached f16 16.00 MiB (total 0.08 GiB)
ds4: CUDA fd-cached f16 0.50 MiB (total 0.08 GiB)
ds4: CUDA fd-cached compressor_ape 0.00 MiB (total 0.08 GiB)
ds4: CUDA fd-cached rms_weight 0.00 MiB (total 0.08 GiB)
ds4: CUDA fd-cached attn_sinks 0.00 MiB (total 0.08 GiB)
ds4: CUDA fd-cached attn_out_a 34.00 MiB (total 0.11 GiB)
ds4: CUDA fd-cached attn_out_b 34.00 MiB (total 0.14 GiB)
ds4: CUDA fd-cached f16 0.75 MiB (total 0.14 GiB)
ds4: CUDA fd-cached hc_scale 0.00 MiB (total 0.14 GiB)
ds4: CUDA fd-cached hc_base 0.00 MiB (total 0.14 GiB)
ds4: CUDA fd-cached rms_weight 0.02 MiB (total 0.14 GiB)
ds4: CUDA fd-cached f16 2.00 MiB (total 0.14 GiB)
ds4: CUDA fd-cached router_bias 0.00 MiB (total 0.14 GiB)
ds4: CUDA fd-cached q8_0 8.50 MiB (total 0.15 GiB)
ds4: CUDA fd-cached q8_0 8.50 MiB (total 0.16 GiB)
ds4: CUDA fd-cached q8_0 8.50 MiB (total 0.17 GiB)
ds4: CUDA model arena allocated 1792.00 MiB (arenas 1.75 GiB)
ds4: CUDA fd-cached f16 0.75 MiB (total 0.00 GiB)
ds4: CUDA fd-cached hc_scale 0.00 MiB (total 0.00 GiB)
ds4: CUDA fd-cached hc_base 0.00 MiB (total 0.00 GiB)
ds4: CUDA fd-cached rms_weight 0.02 MiB (total 0.00 GiB)
ds4: CUDA fd-cached q8_0 4.25 MiB (total 0.00 GiB)
ds4: CUDA fd-cached q8_0 2.12 MiB (total 0.01 GiB)
ds4: CUDA fd-cached q_rms_weight 0.00 MiB (total 0.01 GiB)
ds4: CUDA fd-cached kv_rms_weight 0.00 MiB (total 0.01 GiB)
ds4: CUDA fd-cached q8_0 34.00 MiB (total 0.04 GiB)
ds4: CUDA fd-cached f16 4.00 MiB (total 0.04 GiB)
ds4: CUDA fd-cached f16 4.00 MiB (total 0.05 GiB)
ds4: CUDA fd-cached compressor_ape 0.12 MiB (total 0.05 GiB)
ds4: CUDA fd-cached attn_sinks 0.00 MiB (total 0.05 GiB)
ds4: CUDA fd-cached attn_out_a 34.00 MiB (total 0.08 GiB)
ds4: CUDA fd-cached attn_out_b 34.00 MiB (total 0.11 GiB)
ds4: CUDA fd-cached f16 0.75 MiB (total 0.12 GiB)
ds4: CUDA fd-cached hc_scale 0.00 MiB (total 0.12 GiB)
ds4: CUDA fd-cached hc_base 0.00 MiB (total 0.12 GiB)
ds4: CUDA fd-cached rms_weight 0.02 MiB (total 0.12 GiB)
ds4: CUDA fd-cached f16 2.00 MiB (total 0.12 GiB)
ds4: CUDA fd-cached router_bias 0.00 MiB (total 0.12 GiB)
ds4: CUDA fd-cached q8_0 8.50 MiB (total 0.13 GiB)
ds4: CUDA fd-cached q8_0 8.50 MiB (total 0.13 GiB)
ds4: CUDA fd-cached q8_0 8.50 MiB (total 0.14 GiB)
ds4: CUDA model arena allocated 1792.00 MiB (arenas 1.75 GiB)
ds4: CUDA fd-cached f16 0.75 MiB (total 0.00 GiB)
ds4: CUDA fd-cached hc_scale 0.00 MiB (total 0.00 GiB)
ds4: CUDA fd-cached hc_base 0.00 MiB (total 0.00 GiB)
ds4: CUDA fd-cached rms_weight 0.02 MiB (total 0.00 GiB)
ds4: CUDA fd-cached q8_0 4.25 MiB (total 0.00 GiB)
ds4: CUDA fd-cached q8_0 2.12 MiB (total 0.01 GiB)
ds4: CUDA fd-cached q_rms_weight 0.00 MiB (total 0.01 GiB)
ds4: CUDA fd-cached kv_rms_weight 0.00 MiB (total 0.01 GiB)
ds4: CUDA fd-cached q8_0 34.00 MiB (total 0.04 GiB)
ds4: CUDA fd-cached f16 8.00 MiB (total 0.05 GiB)
ds4: CUDA fd-cached f16 8.00 MiB (total 0.06 GiB)
ds4: CUDA fd-cached compressor_ape 0.01 MiB (total 0.06 GiB)
ds4: CUDA fd-cached rms_weight 0.00 MiB (total 0.06 GiB)
ds4: CUDA fd-cached f16 2.00 MiB (total 0.06 GiB)
ds4: CUDA fd-cached f16 2.00 MiB (total 0.06 GiB)
ds4: CUDA fd-cached f16 16.00 MiB (total 0.08 GiB)
ds4: CUDA fd-cached f16 0.50 MiB (total 0.08 GiB)
ds4: CUDA fd-cached compressor_ape 0.00 MiB (total 0.08 GiB)
ds4: CUDA fd-cached rms_weight 0.00 MiB (total 0.08 GiB)
ds4: CUDA fd-cached attn_sinks 0.00 MiB (total 0.08 GiB)
ds4: CUDA fd-cached attn_out_a 34.00 MiB (total 0.11 GiB)
ds4: CUDA fd-cached attn_out_b 34.00 MiB (total 0.14 GiB)
ds4: CUDA fd-cached f16 0.75 MiB (total 0.14 GiB)
ds4: CUDA fd-cached hc_scale 0.00 MiB (total 0.14 GiB)
ds4: CUDA fd-cached hc_base 0.00 MiB (total 0.14 GiB)
ds4: CUDA fd-cached rms_weight 0.02 MiB (total 0.14 GiB)
ds4: CUDA fd-cached f16 2.00 MiB (total 0.14 GiB)
ds4: CUDA fd-cached router_bias 0.00 MiB (total 0.14 GiB)
ds4: CUDA fd-cached q8_0 8.50 MiB (total 0.15 GiB)
ds4: CUDA fd-cached q8_0 8.50 MiB (total 0.16 GiB)
ds4: CUDA fd-cached q8_0 8.50 MiB (total 0.17 GiB)
ds4: CUDA model arena allocated 1792.00 MiB (arenas 1.75 GiB)
ds4: CUDA fd-cached f16 0.75 MiB (total 0.00 GiB)
ds4: CUDA fd-cached hc_scale 0.00 MiB (total 0.00 GiB)
ds4: CUDA fd-cached hc_base 0.00 MiB (total 0.00 GiB)
ds4: CUDA fd-cached rms_weight 0.02 MiB (total 0.00 GiB)
ds4: CUDA fd-cached q8_0 4.25 MiB (total 0.00 GiB)
ds4: CUDA fd-cached q8_0 2.12 MiB (total 0.01 GiB)
ds4: CUDA fd-cached q_rms_weight 0.00 MiB (total 0.01 GiB)
ds4: CUDA fd-cached kv_rms_weight 0.00 MiB (total 0.01 GiB)
ds4: CUDA fd-cached q8_0 34.00 MiB (total 0.04 GiB)
ds4: CUDA fd-cached f16 4.00 MiB (total 0.04 GiB)
ds4: CUDA fd-cached f16 4.00 MiB (total 0.05 GiB)
ds4: CUDA fd-cached compressor_ape 0.12 MiB (total 0.05 GiB)
ds4: CUDA fd-cached attn_sinks 0.00 MiB (total 0.05 GiB)
ds4: CUDA fd-cached attn_out_a 34.00 MiB (total 0.08 GiB)
ds4: CUDA fd-cached attn_out_b 34.00 MiB (total 0.11 GiB)
ds4: CUDA fd-cached f16 0.75 MiB (total 0.12 GiB)
ds4: CUDA fd-cached hc_scale 0.00 MiB (total 0.12 GiB)
ds4: CUDA fd-cached hc_base 0.00 MiB (total 0.12 GiB)
ds4: CUDA fd-cached rms_weight 0.02 MiB (total 0.12 GiB)
ds4: CUDA fd-cached f16 2.00 MiB (total 0.12 GiB)
ds4: CUDA fd-cached router_bias 0.00 MiB (total 0.12 GiB)
ds4: CUDA fd-cached q8_0 8.50 MiB (total 0.13 GiB)
ds4: CUDA fd-cached q8_0 8.50 MiB (total 0.13 GiB)
ds4: CUDA fd-cached q8_0 8.50 MiB (total 0.14 GiB)
ds4: CUDA model arena allocated 1792.00 MiB (arenas 1.75 GiB)
ds4: CUDA fd-cached f16 0.75 MiB (total 0.00 GiB)
ds4: CUDA fd-cached hc_scale 0.00 MiB (total 0.00 GiB)
ds4: CUDA fd-cached hc_base 0.00 MiB (total 0.00 GiB)
ds4: CUDA fd-cached rms_weight 0.02 MiB (total 0.00 GiB)
ds4: CUDA fd-cached q8_0 4.25 MiB (total 0.00 GiB)
ds4: CUDA fd-cached q8_0 2.12 MiB (total 0.01 GiB)
ds4: CUDA fd-cached q_rms_weight 0.00 MiB (total 0.01 GiB)
ds4: CUDA fd-cached kv_rms_weight 0.00 MiB (total 0.01 GiB)
ds4: CUDA fd-cached q8_0 34.00 MiB (total 0.04 GiB)
ds4: CUDA fd-cached f16 8.00 MiB (total 0.05 GiB)
ds4: CUDA fd-cached f16 8.00 MiB (total 0.06 GiB)
ds4: CUDA fd-cached compressor_ape 0.01 MiB (total 0.06 GiB)
ds4: CUDA fd-cached rms_weight 0.00 MiB (total 0.06 GiB)
ds4: CUDA fd-cached f16 2.00 MiB (total 0.06 GiB)
ds4: CUDA fd-cached f16 2.00 MiB (total 0.06 GiB)
ds4: CUDA fd-cached f16 16.00 MiB (total 0.08 GiB)
ds4: CUDA fd-cached f16 0.50 MiB (total 0.08 GiB)
ds4: CUDA fd-cached compressor_ape 0.00 MiB (total 0.08 GiB)
ds4: CUDA fd-cached rms_weight 0.00 MiB (total 0.08 GiB)
ds4: CUDA fd-cached attn_sinks 0.00 MiB (total 0.08 GiB)
ds4: CUDA fd-cached attn_out_a 34.00 MiB (total 0.11 GiB)
ds4: CUDA fd-cached attn_out_b 34.00 MiB (total 0.14 GiB)
ds4: CUDA fd-cached f16 0.75 MiB (total 0.14 GiB)
ds4: CUDA fd-cached hc_scale 0.00 MiB (total 0.14 GiB)
ds4: CUDA fd-cached hc_base 0.00 MiB (total 0.14 GiB)
ds4: CUDA fd-cached rms_weight 0.02 MiB (total 0.14 GiB)
ds4: CUDA fd-cached f16 2.00 MiB (total 0.14 GiB)
ds4: CUDA fd-cached router_bias 0.00 MiB (total 0.14 GiB)
ds4: CUDA fd-cached q8_0 8.50 MiB (total 0.15 GiB)
ds4: CUDA fd-cached q8_0 8.50 MiB (total 0.16 GiB)
ds4: CUDA fd-cached q8_0 8.50 MiB (total 0.17 GiB)
ds4: CUDA model arena allocated 1792.00 MiB (arenas 1.75 GiB)
ds4: CUDA fd-cached f16 0.75 MiB (total 0.00 GiB)
ds4: CUDA fd-cached hc_scale 0.00 MiB (total 0.00 GiB)
ds4: CUDA fd-cached hc_base 0.00 MiB (total 0.00 GiB)
ds4: CUDA fd-cached rms_weight 0.02 MiB (total 0.00 GiB)
ds4: CUDA fd-cached q8_0 4.25 MiB (total 0.00 GiB)
ds4: CUDA fd-cached q8_0 2.12 MiB (total 0.01 GiB)
ds4: CUDA fd-cached q_rms_weight 0.00 MiB (total 0.01 GiB)
ds4: CUDA fd-cached kv_rms_weight 0.00 MiB (total 0.01 GiB)
ds4: CUDA fd-cached q8_0 34.00 MiB (total 0.04 GiB)
ds4: CUDA fd-cached f16 4.00 MiB (total 0.04 GiB)
ds4: CUDA fd-cached f16 4.00 MiB (total 0.05 GiB)
ds4: CUDA fd-cached compressor_ape 0.12 MiB (total 0.05 GiB)
ds4: CUDA fd-cached attn_sinks 0.00 MiB (total 0.05 GiB)
ds4: CUDA fd-cached attn_out_a 34.00 MiB (total 0.08 GiB)
ds4: CUDA fd-cached attn_out_b 34.00 MiB (total 0.11 GiB)
ds4: CUDA fd-cached f16 0.75 MiB (total 0.12 GiB)
ds4: CUDA fd-cached hc_scale 0.00 MiB (total 0.12 GiB)
ds4: CUDA fd-cached hc_base 0.00 MiB (total 0.12 GiB)
ds4: CUDA fd-cached rms_weight 0.02 MiB (total 0.12 GiB)
ds4: CUDA fd-cached f16 2.00 MiB (total 0.12 GiB)
ds4: CUDA fd-cached router_bias 0.00 MiB (total 0.12 GiB)
ds4: CUDA fd-cached q8_0 8.50 MiB (total 0.13 GiB)
ds4: CUDA fd-cached q8_0 8.50 MiB (total 0.13 GiB)
ds4: CUDA fd-cached q8_0 8.50 MiB (total 0.14 GiB)
ds4: CUDA model arena allocated 1792.00 MiB (arenas 1.75 GiB)
ds4: CUDA fd-cached f16 0.75 MiB (total 0.00 GiB)
ds4: CUDA fd-cached hc_scale 0.00 MiB (total 0.00 GiB)
ds4: CUDA fd-cached hc_base 0.00 MiB (total 0.00 GiB)
ds4: CUDA fd-cached rms_weight 0.02 MiB (total 0.00 GiB)
ds4: CUDA fd-cached q8_0 4.25 MiB (total 0.00 GiB)
ds4: CUDA fd-cached q8_0 2.12 MiB (total 0.01 GiB)
ds4: CUDA fd-cached q_rms_weight 0.00 MiB (total 0.01 GiB)
ds4: CUDA fd-cached kv_rms_weight 0.00 MiB (total 0.01 GiB)
ds4: CUDA fd-cached q8_0 34.00 MiB (total 0.04 GiB)
ds4: CUDA fd-cached f16 8.00 MiB (total 0.05 GiB)
ds4: CUDA fd-cached f16 8.00 MiB (total 0.06 GiB)
ds4: CUDA fd-cached compressor_ape 0.01 MiB (total 0.06 GiB)
ds4: CUDA fd-cached rms_weight 0.00 MiB (total 0.06 GiB)
ds4: CUDA fd-cached f16 2.00 MiB (total 0.06 GiB)
ds4: CUDA fd-cached f16 2.00 MiB (total 0.06 GiB)
ds4: CUDA fd-cached f16 16.00 MiB (total 0.08 GiB)
ds4: CUDA fd-cached f16 0.50 MiB (total 0.08 GiB)
ds4: CUDA fd-cached compressor_ape 0.00 MiB (total 0.08 GiB)
ds4: CUDA fd-cached rms_weight 0.00 MiB (total 0.08 GiB)
ds4: CUDA fd-cached attn_sinks 0.00 MiB (total 0.08 GiB)
ds4: CUDA fd-cached attn_out_a 34.00 MiB (total 0.11 GiB)
ds4: CUDA fd-cached attn_out_b 34.00 MiB (total 0.14 GiB)
ds4: CUDA fd-cached f16 0.75 MiB (total 0.14 GiB)
ds4: CUDA fd-cached hc_scale 0.00 MiB (total 0.14 GiB)
ds4: CUDA fd-cached hc_base 0.00 MiB (total 0.14 GiB)
ds4: CUDA fd-cached rms_weight 0.02 MiB (total 0.14 GiB)
ds4: CUDA fd-cached f16 2.00 MiB (total 0.14 GiB)
ds4: CUDA fd-cached router_bias 0.00 MiB (total 0.14 GiB)
ds4: CUDA fd-cached q8_0 8.50 MiB (total 0.15 GiB)
ds4: CUDA fd-cached q8_0 8.50 MiB (total 0.16 GiB)
ds4: CUDA fd-cached q8_0 8.50 MiB (total 0.17 GiB)
ds4: CUDA model arena allocated 1792.00 MiB (arenas 1.75 GiB)
ds4: CUDA fd-cached f16 0.75 MiB (total 0.00 GiB)
ds4: CUDA fd-cached hc_scale 0.00 MiB (total 0.00 GiB)
ds4: CUDA fd-cached hc_base 0.00 MiB (total 0.00 GiB)
ds4: CUDA fd-cached rms_weight 0.02 MiB (total 0.00 GiB)
ds4: CUDA fd-cached q8_0 4.25 MiB (total 0.00 GiB)
ds4: CUDA fd-cached q8_0 2.12 MiB (total 0.01 GiB)
ds4: CUDA fd-cached q_rms_weight 0.00 MiB (total 0.01 GiB)
ds4: CUDA fd-cached kv_rms_weight 0.00 MiB (total 0.01 GiB)
ds4: CUDA fd-cached q8_0 34.00 MiB (total 0.04 GiB)
ds4: CUDA fd-cached f16 4.00 MiB (total 0.04 GiB)
ds4: CUDA fd-cached f16 4.00 MiB (total 0.05 GiB)
ds4: CUDA fd-cached compressor_ape 0.12 MiB (total 0.05 GiB)
ds4: CUDA fd-cached attn_sinks 0.00 MiB (total 0.05 GiB)
ds4: CUDA fd-cached attn_out_a 34.00 MiB (total 0.08 GiB)
ds4: CUDA fd-cached attn_out_b 34.00 MiB (total 0.11 GiB)
ds4: CUDA fd-cached f16 0.75 MiB (total 0.12 GiB)
ds4: CUDA fd-cached hc_scale 0.00 MiB (total 0.12 GiB)
ds4: CUDA fd-cached hc_base 0.00 MiB (total 0.12 GiB)
ds4: CUDA fd-cached rms_weight 0.02 MiB (total 0.12 GiB)
ds4: CUDA fd-cached f16 2.00 MiB (total 0.12 GiB)
ds4: CUDA fd-cached router_bias 0.00 MiB (total 0.12 GiB)
ds4: CUDA fd-cached q8_0 8.50 MiB (total 0.13 GiB)
ds4: CUDA fd-cached q8_0 8.50 MiB (total 0.13 GiB)
ds4: CUDA fd-cached q8_0 8.50 MiB (total 0.14 GiB)
ds4: CUDA model arena allocated 1792.00 MiB (arenas 1.75 GiB)
ds4: CUDA fd-cached f16 0.75 MiB (total 0.00 GiB)
ds4: CUDA fd-cached hc_scale 0.00 MiB (total 0.00 GiB)
ds4: CUDA fd-cached hc_base 0.00 MiB (total 0.00 GiB)
ds4: CUDA fd-cached rms_weight 0.02 MiB (total 0.00 GiB)
ds4: CUDA fd-cached q8_0 4.25 MiB (total 0.00 GiB)
ds4: CUDA fd-cached q8_0 2.12 MiB (total 0.01 GiB)
ds4: CUDA fd-cached q_rms_weight 0.00 MiB (total 0.01 GiB)
ds4: CUDA fd-cached kv_rms_weight 0.00 MiB (total 0.01 GiB)
ds4: CUDA fd-cached q8_0 34.00 MiB (total 0.04 GiB)
ds4: CUDA fd-cached f16 8.00 MiB (total 0.05 GiB)
ds4: CUDA fd-cached f16 8.00 MiB (total 0.06 GiB)
ds4: CUDA fd-cached compressor_ape 0.01 MiB (total 0.06 GiB)
ds4: CUDA fd-cached rms_weight 0.00 MiB (total 0.06 GiB)
ds4: CUDA fd-cached f16 2.00 MiB (total 0.06 GiB)
ds4: CUDA fd-cached f16 2.00 MiB (total 0.06 GiB)
ds4: CUDA fd-cached f16 16.00 MiB (total 0.08 GiB)
ds4: CUDA fd-cached f16 0.50 MiB (total 0.08 GiB)
ds4: CUDA fd-cached compressor_ape 0.00 MiB (total 0.08 GiB)
ds4: CUDA fd-cached rms_weight 0.00 MiB (total 0.08 GiB)
ds4: CUDA fd-cached attn_sinks 0.00 MiB (total 0.08 GiB)
ds4: CUDA fd-cached attn_out_a 34.00 MiB (total 0.11 GiB)
ds4: CUDA fd-cached attn_out_b 34.00 MiB (total 0.14 GiB)
ds4: CUDA fd-cached f16 0.75 MiB (total 0.14 GiB)
ds4: CUDA fd-cached hc_scale 0.00 MiB (total 0.14 GiB)
ds4: CUDA fd-cached hc_base 0.00 MiB (total 0.14 GiB)
ds4: CUDA fd-cached rms_weight 0.02 MiB (total 0.14 GiB)
ds4: CUDA fd-cached f16 2.00 MiB (total 0.14 GiB)
ds4: CUDA fd-cached router_bias 0.00 MiB (total 0.14 GiB)
ds4: CUDA fd-cached q8_0 8.50 MiB (total 0.15 GiB)
ds4: CUDA fd-cached q8_0 8.50 MiB (total 0.16 GiB)
ds4: CUDA fd-cached q8_0 8.50 MiB (total 0.17 GiB)
ds4: CUDA model arena allocated 1792.00 MiB (arenas 1.75 GiB)
ds4: CUDA fd-cached f16 0.75 MiB (total 0.00 GiB)
ds4: CUDA fd-cached hc_scale 0.00 MiB (total 0.00 GiB)
ds4: CUDA fd-cached hc_base 0.00 MiB (total 0.00 GiB)
ds4: CUDA fd-cached rms_weight 0.02 MiB (total 0.00 GiB)
ds4: CUDA fd-cached q8_0 4.25 MiB (total 0.00 GiB)
ds4: CUDA fd-cached q8_0 2.12 MiB (total 0.01 GiB)
ds4: CUDA fd-cached q_rms_weight 0.00 MiB (total 0.01 GiB)
ds4: CUDA fd-cached kv_rms_weight 0.00 MiB (total 0.01 GiB)
ds4: CUDA fd-cached q8_0 34.00 MiB (total 0.04 GiB)
ds4: CUDA fd-cached f16 4.00 MiB (total 0.04 GiB)
ds4: CUDA fd-cached f16 4.00 MiB (total 0.05 GiB)
ds4: CUDA fd-cached compressor_ape 0.12 MiB (total 0.05 GiB)
ds4: CUDA fd-cached attn_sinks 0.00 MiB (total 0.05 GiB)
ds4: CUDA fd-cached attn_out_a 34.00 MiB (total 0.08 GiB)
ds4: CUDA fd-cached attn_out_b 34.00 MiB (total 0.11 GiB)
ds4: CUDA fd-cached f16 0.75 MiB (total 0.12 GiB)
ds4: CUDA fd-cached hc_scale 0.00 MiB (total 0.12 GiB)
ds4: CUDA fd-cached hc_base 0.00 MiB (total 0.12 GiB)
ds4: CUDA fd-cached rms_weight 0.02 MiB (total 0.12 GiB)
ds4: CUDA fd-cached f16 2.00 MiB (total 0.12 GiB)
ds4: CUDA fd-cached router_bias 0.00 MiB (total 0.12 GiB)
ds4: CUDA fd-cached q8_0 8.50 MiB (total 0.13 GiB)
ds4: CUDA fd-cached q8_0 8.50 MiB (total 0.13 GiB)
ds4: CUDA fd-cached q8_0 8.50 MiB (total 0.14 GiB)
ds4: CUDA model arena allocated 1792.00 MiB (arenas 1.75 GiB)
ds4: CUDA fd-cached f16 0.75 MiB (total 0.00 GiB)
ds4: CUDA fd-cached hc_scale 0.00 MiB (total 0.00 GiB)
ds4: CUDA fd-cached hc_base 0.00 MiB (total 0.00 GiB)
ds4: CUDA fd-cached rms_weight 0.02 MiB (total 0.00 GiB)
ds4: CUDA fd-cached q8_0 4.25 MiB (total 0.00 GiB)
ds4: CUDA fd-cached q8_0 2.12 MiB (total 0.01 GiB)
ds4: CUDA fd-cached q_rms_weight 0.00 MiB (total 0.01 GiB)
ds4: CUDA fd-cached kv_rms_weight 0.00 MiB (total 0.01 GiB)
ds4: CUDA fd-cached q8_0 34.00 MiB (total 0.04 GiB)
ds4: CUDA fd-cached f16 8.00 MiB (total 0.05 GiB)
ds4: CUDA fd-cached f16 8.00 MiB (total 0.06 GiB)
ds4: CUDA fd-cached compressor_ape 0.01 MiB (total 0.06 GiB)
ds4: CUDA fd-cached rms_weight 0.00 MiB (total 0.06 GiB)
ds4: CUDA fd-cached f16 2.00 MiB (total 0.06 GiB)
ds4: CUDA fd-cached f16 2.00 MiB (total 0.06 GiB)
ds4: CUDA fd-cached f16 16.00 MiB (total 0.08 GiB)
ds4: CUDA fd-cached f16 0.50 MiB (total 0.08 GiB)
ds4: CUDA fd-cached compressor_ape 0.00 MiB (total 0.08 GiB)
ds4: CUDA fd-cached rms_weight 0.00 MiB (total 0.08 GiB)
ds4: CUDA fd-cached attn_sinks 0.00 MiB (total 0.08 GiB)
ds4: CUDA fd-cached attn_out_a 34.00 MiB (total 0.11 GiB)
ds4: CUDA fd-cached attn_out_b 34.00 MiB (total 0.14 GiB)
ds4: CUDA fd-cached f16 0.75 MiB (total 0.14 GiB)
ds4: CUDA fd-cached hc_scale 0.00 MiB (total 0.14 GiB)
ds4: CUDA fd-cached hc_base 0.00 MiB (total 0.14 GiB)
ds4: CUDA fd-cached rms_weight 0.02 MiB (total 0.14 GiB)
ds4: CUDA fd-cached f16 2.00 MiB (total 0.14 GiB)
ds4: CUDA fd-cached router_bias 0.00 MiB (total 0.14 GiB)
