ds4: Linux cuda backend set oom_score_adj=1000
ds4: CUDA backend initialized on NVIDIA GeForce RTX 3060 (sm_86)
ds4: SSD streaming initial cuda model map restricted to token embedding (1 spans, 0.99 GiB tensor span)
ds4: CUDA preparing model tensor mappings
ds4: CUDA loading model tensors into device cache
ds4: CUDA startup model preparation covered 0.99 GiB of tensor spans in 0.382s
ds4: cuda backend initialized for graph diagnostics
0709 20:09:31 ds4-server: context buffers 151.57 MiB (ctx=6144, backend=cuda, prefill_chunk=512, raw_kv_rows=768, compressed_kv_rows=1538)
0709 20:09:31 ds4-server: listening on http://127.0.0.1:8014
0709 20:09:31 ds4-server: chat ctx=0..78:78 prompt start
ds4: PACE on - warmup=50 keep=23[23..96] step=4 ngram(n=3,win=120) drift=1.00 rel=0.15 hyst=200 breath(every=999999,len=80,keep=96,relearn=0) prebreath(on=1,drift=0.07,target=0.10,every=4,max=96,adapt=1,gain=23.00,pow=2.00,step_max=40,relearn=1,rdecay=0.30) anneal_warm=300 wrap=1 cache_flush=0 prefill_apply=0 prefill_wait_wrap=0 s1=0 exchange=0 rotate(on=0,every=32,decay=0.980)
ds4: PACE prefill_reset tok=0 phase=1 keep=0 ngram=0.000 hit=1.000 breaths=0
ds4: expert tiering observe enabled (DS4_EXPERT_TIERING=observe; log=)
ds4: CUDA loading model tensors 0.15 GiB cached
ds4: CUDA loading model tensors 0.16 GiB cached
0709 20:09:59 ds4-server: chat ctx=0..78:78 prompt done 26.900s
ds4: CUDA loading model tensors 7.86 GiB cached
ds4: PACE learned      tok=50 phase=2 keep=0 ngram=0.000 hit=1.000 breaths=0
0709 20:10:33 ds4-server: chat ctx=78..128:50 gen=50 decoding chunk=1.46 t/s avg=1.46 t/s 34.175s
ds4: REAP mask applied: 40 layer, 40 device range aggiornati/creati
ds4: PACE descent      tok=51 phase=3 keep=23 ngram=0.000 hit=1.000 breaths=0
ds4: REAP prefetch (fattorino): 40 layer, 920 expert, 2502 range, 6.07 GiB touched in 484 ms (16 thread, mlock)
0709 20:11:03 ds4-server: chat ctx=128..178:50 gen=100 decoding chunk=1.70 t/s avg=1.57 t/s 63.628s
0709 20:11:33 ds4-server: chat ctx=178..228:50 gen=150 decoding chunk=1.67 t/s avg=1.60 t/s 93.480s
ds4: PACE prebreath_relearn tok=152 phase=3 keep=23 ngram=0.071 hit=1.000 breaths=0
ds4: REAP mask applied: 40 layer, 40 device range aggiornati/creati
ds4: PACE prebreath    tok=152 phase=3 keep=27 ngram=0.071 hit=1.000 breaths=0
ds4: REAP prefetch (fattorino): 40 layer, 1080 expert, 2883 range, 7.13 GiB touched in 302 ms (16 thread, mlock)
ds4: PACE prebreath_relearn tok=156 phase=3 keep=27 ngram=0.087 hit=1.000 breaths=0
ds4: REAP mask applied: 40 layer, 40 device range aggiornati/creati
ds4: PACE prebreath    tok=156 phase=3 keep=31 ngram=0.087 hit=1.000 breaths=0
ds4: REAP prefetch (fattorino): 40 layer, 1240 expert, 3243 range, 8.19 GiB touched in 349 ms (16 thread, mlock)
ds4: PACE prebreath_relearn tok=160 phase=3 keep=31 ngram=0.107 hit=1.000 breaths=0
ds4: REAP mask applied: 40 layer, 40 device range aggiornati/creati
ds4: PACE prebreath    tok=160 phase=3 keep=36 ngram=0.107 hit=1.000 breaths=0
ds4: REAP prefetch (fattorino): 40 layer, 1440 expert, 3699 range, 9.51 GiB touched in 391 ms (16 thread, mlock)
ds4: PACE prebreath_relearn tok=164 phase=3 keep=36 ngram=0.131 hit=1.000 breaths=0
ds4: REAP mask applied: 40 layer, 40 device range aggiornati/creati
ds4: PACE prebreath    tok=164 phase=3 keep=43 ngram=0.131 hit=1.000 breaths=0
ds4: REAP prefetch (fattorino): 40 layer, 1720 expert, 4269 range, 11.35 GiB touched in 489 ms (16 thread, mlock)
ds4: PACE prebreath_relearn tok=168 phase=3 keep=43 ngram=0.157 hit=1.000 breaths=0
ds4: REAP mask applied: 40 layer, 40 device range aggiornati/creati
ds4: PACE prebreath    tok=168 phase=3 keep=55 ngram=0.157 hit=1.000 breaths=0
ds4: REAP prefetch (fattorino): 40 layer, 2200 expert, 5184 range, 14.52 GiB touched in 659 ms (16 thread, mlock)
ds4: PACE prebreath_relearn tok=172 phase=3 keep=55 ngram=0.180 hit=1.000 breaths=0
ds4: REAP mask applied: 40 layer, 40 device range aggiornati/creati
ds4: PACE prebreath    tok=172 phase=3 keep=74 ngram=0.180 hit=1.000 breaths=0
ds4: REAP prefetch (fattorino): 40 layer, 2960 expert, 6270 range, 19.54 GiB touched in 999 ms (16 thread, mlock)
ds4: PACE prebreath_relearn tok=176 phase=3 keep=74 ngram=0.208 hit=1.000 breaths=0
ds4: REAP mask applied: 40 layer, 40 device range aggiornati/creati
ds4: PACE prebreath    tok=176 phase=3 keep=96 ngram=0.208 hit=1.000 breaths=0
ds4: REAP prefetch (fattorino): 40 layer, 3840 expert, 7053 range, 25.34 GiB touched in 1180 ms (16 thread, mlock)
0709 20:12:01 ds4-server: chat ctx=228..278:50 gen=200 decoding chunk=1.81 t/s avg=1.65 t/s 121.096s
0709 20:12:29 ds4-server: chat ctx=278..328:50 gen=250 decoding chunk=1.74 t/s avg=1.67 t/s 149.914s
0709 20:13:01 ds4-server: chat ctx=328..378:50 gen=300 decoding chunk=1.59 t/s avg=1.65 t/s 181.301s
0709 20:13:33 ds4-server: chat ctx=378..428:50 gen=350 decoding chunk=1.58 t/s avg=1.64 t/s 213.014s
0709 20:14:04 ds4-server: chat ctx=428..478:50 gen=400 decoding chunk=1.60 t/s avg=1.64 t/s 244.198s
0709 20:14:34 ds4-server: chat ctx=478..528:50 gen=450 decoding chunk=1.70 t/s avg=1.64 t/s 273.695s
0709 20:15:00 ds4-server: chat ctx=528..578:50 gen=500 decoding chunk=1.90 t/s avg=1.67 t/s 299.986s
0709 20:15:27 ds4-server: chat ctx=578..628:50 gen=550 decoding chunk=1.88 t/s avg=1.68 t/s 326.646s
0709 20:15:56 ds4-server: chat ctx=628..678:50 gen=600 decoding chunk=1.71 t/s avg=1.69 t/s 355.920s
0709 20:16:26 ds4-server: chat ctx=678..728:50 gen=650 decoding chunk=1.70 t/s avg=1.69 t/s 385.332s
0709 20:16:53 ds4-server: chat ctx=728..778:50 gen=700 decoding chunk=1.83 t/s avg=1.70 t/s 412.642s
0709 20:17:24 ds4-server: chat ctx=778..828:50 gen=750 decoding chunk=1.68 t/s avg=1.70 t/s 442.375s
0709 20:17:53 ds4-server: chat ctx=828..878:50 gen=800 decoding chunk=1.70 t/s avg=1.70 t/s 471.756s
0709 20:17:53 ds4-server: chat ctx=0..78:78 gen=800 finish=length 498.656s
