ds4: Linux cuda backend set oom_score_adj=1000
ds4: CUDA backend initialized on NVIDIA GeForce RTX 3060 (sm_86)
ds4: SSD streaming initial cuda model map restricted to token embedding (1 spans, 0.99 GiB tensor span)
ds4: CUDA preparing model tensor mappings
ds4: CUDA loading model tensors into device cache
ds4: CUDA startup model preparation covered 0.99 GiB of tensor spans in 0.618s
ds4: cuda backend initialized for graph diagnostics
0709 18:23:38 ds4-server: context buffers 151.57 MiB (ctx=6144, backend=cuda, prefill_chunk=512, raw_kv_rows=768, compressed_kv_rows=1538)
0709 18:23:38 ds4-server: listening on http://127.0.0.1:8022
0709 18:23:38 ds4-server: chat ctx=0..78:78 prompt start
ds4: PACE on - warmup=50 keep=23[23..96] step=0 ngram(n=3,win=120) drift=1.00 rel=0.15 hyst=200 breath(every=999999,len=80,keep=96,relearn=0) prebreath(on=0,drift=0.18,every=64,max=96) anneal_warm=300 wrap=1 cache_flush=0 prefill_apply=0 prefill_wait_wrap=0 s1=0 exchange=0 rotate(on=0,every=32,decay=0.980)
ds4: PACE prefill_reset tok=0 phase=1 keep=0 ngram=0.000 hit=1.000 breaths=0
ds4: expert tiering observe enabled (DS4_EXPERT_TIERING=observe; log=)
ds4: CUDA loading model tensors 0.15 GiB cached
0709 18:23:51 ds4-server: chat ctx=0..78:78 prompt done 12.716s
ds4: PACE learned      tok=50 phase=2 keep=0 ngram=0.000 hit=1.000 breaths=0
ds4: CUDA loading model tensors 7.86 GiB cached
0709 18:24:10 ds4-server: chat ctx=78..128:50 gen=50 decoding chunk=2.65 t/s avg=2.65 t/s 18.872s
ds4: REAP mask applied: 40 layer, 40 device range aggiornati/creati
ds4: PACE descent      tok=51 phase=3 keep=23 ngram=0.000 hit=1.000 breaths=0
ds4: REAP prefetch (fattorino): 40 layer, 920 expert, 2511 range, 6.07 GiB touched in 420 ms (16 thread, mlock)
0709 18:24:14 ds4-server: chat ctx=128..142:14 gen=64 decoding chunk=3.07 t/s avg=2.73 t/s 23.436s
0709 18:24:14 ds4-server: chat ctx=0..78:78 gen=64 finish=length 36.155s
0709 18:24:14 ds4-server: live kv cache miss live=142 prompt=78 common=78 reason=token-mismatch
0709 18:24:14 ds4-server: chat ctx=0..78:78 prompt start
ds4: REAP mask applied: 40 layer, 40 device range aggiornati/creati
ds4: PACE prefill_reset tok=0 phase=1 keep=0 ngram=0.000 hit=1.000 breaths=0
ds4: CUDA loading model tensors 0.04 GiB cached
0709 18:24:25 ds4-server: chat ctx=0..78:78 prompt done 10.170s
ds4: PACE learned      tok=50 phase=2 keep=0 ngram=0.000 hit=1.000 breaths=0
ds4: CUDA loading model tensors 7.86 GiB cached
0709 18:24:42 ds4-server: chat ctx=78..128:50 gen=50 decoding chunk=2.85 t/s avg=2.85 t/s 17.528s
ds4: REAP mask applied: 40 layer, 40 device range aggiornati/creati
ds4: PACE descent      tok=51 phase=3 keep=23 ngram=0.000 hit=1.000 breaths=0
0709 18:24:58 ds4-server: chat ctx=128..178:50 gen=100 decoding chunk=3.25 t/s avg=3.04 t/s 32.912s
0709 18:25:13 ds4-server: chat ctx=178..228:50 gen=150 decoding chunk=3.18 t/s avg=3.08 t/s 48.653s
0709 18:25:29 ds4-server: chat ctx=228..278:50 gen=200 decoding chunk=3.26 t/s avg=3.13 t/s 63.971s
0709 18:25:44 ds4-server: chat ctx=278..328:50 gen=250 decoding chunk=3.22 t/s avg=3.15 t/s 79.477s
0709 18:25:59 ds4-server: chat ctx=328..378:50 gen=300 decoding chunk=3.27 t/s avg=3.17 t/s 94.761s
0709 18:26:17 ds4-server: chat ctx=378..428:50 gen=350 decoding chunk=2.86 t/s avg=3.12 t/s 112.249s
0709 18:26:33 ds4-server: chat ctx=428..478:50 gen=400 decoding chunk=3.04 t/s avg=3.11 t/s 128.710s
0709 18:26:50 ds4-server: chat ctx=478..528:50 gen=450 decoding chunk=3.06 t/s avg=3.10 t/s 145.059s
0709 18:27:06 ds4-server: chat ctx=528..578:50 gen=500 decoding chunk=3.07 t/s avg=3.10 t/s 161.359s
0709 18:27:23 ds4-server: chat ctx=578..628:50 gen=550 decoding chunk=2.97 t/s avg=3.09 t/s 178.181s
0709 18:27:39 ds4-server: chat ctx=628..678:50 gen=600 decoding chunk=3.02 t/s avg=3.08 t/s 194.756s
0709 18:27:56 ds4-server: chat ctx=678..728:50 gen=650 decoding chunk=2.95 t/s avg=3.07 t/s 211.703s
0709 18:28:13 ds4-server: chat ctx=728..778:50 gen=700 decoding chunk=2.98 t/s avg=3.06 t/s 228.485s
0709 18:28:30 ds4-server: chat ctx=778..828:50 gen=750 decoding chunk=3.00 t/s avg=3.06 t/s 245.136s
0709 18:28:47 ds4-server: chat ctx=828..878:50 gen=800 decoding chunk=3.04 t/s avg=3.06 t/s 261.583s
0709 18:28:47 ds4-server: chat ctx=0..78:78 gen=800 finish=length 271.756s
0709 18:28:47 ds4-server: shutdown requested, draining requests
ds4: SPEX stats: selected_batches=37238 selected_experts=231384 cache_hits=0 cache_misses=524 hit_rate=0.0000 miss_per_expert=0.0023 direct_loads=231372 copy_calls=695688 copied=1565298.00 MiB copy_ms=193212.682 copy_ms_per_batch=5.189 sync_calls=695688 sync_ms=78546.264 sync_ms_per_batch=2.109
ds4: expert tiering observe summary batches=37238 slots=263160 compact=231384 hit_rate=0.0000 hits=0 misses=12 direct=231372 evictions=0 direct=1561761.00 MiB compact=1561842.00 MiB
ds4: expert tiering observe layer=1 batches=866 slots=6120 compact=5596 hit_rate=0.0000 misses=0 direct=5596 evictions=0 cap=0 top=46:210,252:195,42:174,183:170,133:169,230:164
ds4: expert tiering observe layer=2 batches=866 slots=6120 compact=5590 hit_rate=0.0000 misses=0 direct=5590 evictions=0 cap=0 top=162:221,164:195,29:176,7:172,130:169,179:164
ds4: expert tiering observe layer=0 batches=866 slots=6120 compact=5584 hit_rate=0.0000 misses=12 direct=5572 evictions=0 cap=171 top=109:225,152:193,156:179,163:172,191:170,99:169
ds4: expert tiering observe layer=19 batches=866 slots=6120 compact=5420 hit_rate=0.0000 misses=0 direct=5420 evictions=0 cap=0 top=10:698,213:688,111:581,116:512,136:476,173:395
ds4: expert tiering observe layer=3 batches=866 slots=6120 compact=5404 hit_rate=0.0000 misses=0 direct=5404 evictions=0 cap=0 top=74:781,60:777,138:634,226:598,45:547,150:526
