ds4: Linux cuda backend set oom_score_adj=1000
ds4: CUDA backend initialized on NVIDIA GeForce RTX 3060 (sm_86)
ds4: SSD streaming initial cuda model map restricted to token embedding (1 spans, 0.99 GiB tensor span)
ds4: CUDA preparing model tensor mappings
ds4: CUDA loading model tensors into device cache
ds4: CUDA startup model preparation covered 0.99 GiB of tensor spans in 0.771s
ds4: cuda backend initialized for graph diagnostics
0712 18:01:27 ds4-server: context buffers 122.69 MiB (ctx=4096, backend=cuda, prefill_chunk=512, raw_kv_rows=768, compressed_kv_rows=1026)
0712 18:01:27 ds4-server: listening on http://127.0.0.1:8072
0712 18:01:27 ds4-server: chat ctx=0..7:7 prompt start
ds4: CUDA loading model tensors 6.59 GiB cached
ds4: CUDA loading model tensors 7.33 GiB cached
0712 18:01:51 ds4-server: chat ctx=0..7:7 prompt done 22.407s
0712 18:01:58 ds4-server: chat ctx=7..12:5 gen=5 decoding chunk=0.80 t/s avg=0.80 t/s 6.252s
0712 18:01:58 ds4-server: chat ctx=0..7:7 gen=5 finish=length 28.661s
0712 18:01:58 ds4-server: live kv cache miss live=12 prompt=18 common=2 reason=token-mismatch
0712 18:01:58 ds4-server: chat ctx=0..18:18 prompt start
0712 18:02:16 ds4-server: chat ctx=0..18:18 prompt done 18.630s
0712 18:02:54 ds4-server: chat ctx=18..68:50 gen=50 decoding chunk=1.38 t/s avg=1.38 t/s 36.310s
0712 18:03:00 ds4-server: chat ctx=68..78:10 gen=60 decoding chunk=2.00 t/s avg=1.45 t/s 41.313s
0712 18:03:00 ds4-server: chat ctx=0..18:18 gen=60 finish=length 59.946s
0712 18:03:27 ds4-server: shutdown requested, draining requests
