ds4: Linux cuda backend set oom_score_adj=1000
ds4: CUDA backend initialized on NVIDIA GeForce RTX 3060 (sm_86)
ds4: SSD streaming initial cuda model map restricted to token embedding (1 spans, 0.99 GiB tensor span)
ds4: CUDA preparing model tensor mappings
ds4: CUDA loading model tensors into device cache
ds4: CUDA startup model preparation covered 0.99 GiB of tensor spans in 0.732s
ds4: cuda backend initialized for graph diagnostics
0712 18:19:50 ds4-server: context buffers 122.69 MiB (ctx=4096, backend=cuda, prefill_chunk=512, raw_kv_rows=768, compressed_kv_rows=1026)
0712 18:19:50 ds4-server: listening on http://127.0.0.1:8072
0712 18:19:51 ds4-server: chat ctx=0..7:7 prompt start
ds4: CUDA loading model tensors 7.33 GiB cached
0712 18:20:03 ds4-server: chat ctx=0..7:7 prompt done 12.907s
0712 18:20:13 ds4-server: chat ctx=7..12:5 gen=5 decoding chunk=0.54 t/s avg=0.54 t/s 9.336s
0712 18:20:13 ds4-server: chat ctx=0..7:7 gen=5 finish=length 22.246s
0712 18:20:13 ds4-server: live kv cache miss live=12 prompt=18 common=2 reason=token-mismatch
0712 18:20:13 ds4-server: chat ctx=0..18:18 prompt start
0712 18:20:49 ds4-server: chat ctx=0..18:18 prompt done 34.602s
0712 18:22:13 ds4-server: chat ctx=18..68:50 gen=50 decoding chunk=0.63 t/s avg=0.63 t/s 79.487s
0712 18:22:22 ds4-server: chat ctx=68..78:10 gen=60 decoding chunk=1.06 t/s avg=0.68 t/s 88.879s
0712 18:22:22 ds4-server: chat ctx=0..18:18 gen=60 finish=length 123.484s
0712 18:22:23 ds4-server: shutdown requested, draining requests
