1783945648 584, 11532 
1783945651 1726, 10390 
1783945654 1729, 10387 
1783945657 1720, 10396 
1783945660 1725, 10391 
1783945663 1725, 10391 
1783945666 1722, 10394 
1783945669 1725, 10391 
1783945672 1723, 10393 
1783945675 1723, 10393 
1783945678 1723, 10393 
1783945681 1729, 10387 
1783945684 1726, 10390 
1783945687 1725, 10391 
1783945691 1752, 10364 
1783945694 1732, 10384 
1783945697 1722, 10394 
1783945700 1720, 10396 
1783945703 1721, 10395 
1783945706 1721, 10395 
1783945709 2381, 9735 
1783945712 2857, 9259 
1783945715 2911, 9205 
1783945718 2913, 9203 
1783945721 2911, 9205 
1783945724 2905, 9211 
1783945727 2910, 9206 
1783945730 2914, 9202 
1783945733 2911, 9205 
1783945736 2926, 9190 
1783945739 2924, 9192 
1783945743 3002, 9114 
1783945746 3603, 8513 
1783945749 11935, 181 
1783945752 11966, 150 
1783945755 11958, 158 
1783945758 11921, 195 
1783945761 11926, 190 
1783945764 11925, 191 
1783945767 11929, 187 
1783945770 11924, 192 
1783945773 11924, 192 
1783945777 11919, 197 
1783945780 2815, 9301 
1783945783 2815, 9301 
1783945786 2815, 9301 
1783945789 2810, 9306 
1783945792 2810, 9306 
1783945795 2810, 9306 
1783945798 2820, 9296 
1783945801 2820, 9296 
1783945804 2819, 9297 
1783945807 2836, 9280 
1783945810 2962, 9154 
1783945813 7665, 4451 
1783945816 11941, 175 
1783945819 11939, 177 
1783945822 11991, 125 
1783945825 11982, 134 
1783945828 11980, 136 
1783945831 11943, 173 
1783945834 11890, 226 
1783945837 11913, 203 
1783945841 11905, 211 
1783945844 11896, 220 
1783945847 11868, 248 
1783945850 11866, 250 
1783945853 11860, 256 
1783945856 11871, 245 
1783945859 11866, 250 
1783945862 11856, 260 
1783945865 11856, 260 
1783945868 11872, 244 
1783945871 11871, 245 
