ds4: Linux cuda backend set oom_score_adj=1000
[SPEX_STATS] enabled: send SIGUSR1 to dump, also dumped at exit
ds4: CUDA backend initialized on NVIDIA GeForce RTX 3060 (sm_86)
ds4: SSD streaming initial cuda model map restricted to token embedding (1 spans, 0.99 GiB tensor span)
ds4: CUDA preparing model tensor mappings
ds4: CUDA loading model tensors into device cache
ds4: CUDA startup model preparation covered 0.99 GiB of tensor spans in 4.129s
ds4: cuda backend initialized for graph diagnostics
ds4: context buffers 208.09 MiB (ctx=2048, backend=cuda, prefill_chunk=2048, raw_kv_rows=2048, compressed_kv_rows=514)
ds4: CUDA loading model tensors 0.04 GiB cached
ds4: CUDA loading model tensors 0.16 GiB cached
ds4: CUDA loading model tensors 0.13 GiB cached
ds4: CUDA loading model tensors 0.15 GiB cached
ds4: CUDA loading model tensors 0.13 GiB cached
ds4: CUDA loading model tensors 0.04 GiB cached
ds4: CUDA loading model tensors 0.15 GiB cached
ds4: CUDA loading model tensors 0.13 GiB cached
ds4: CUDA loading model tensors 0.15 GiB cached
ds4: CUDA loading model tensors 0.16 GiB cached
ds4: CUDA loading model tensors 0.08 GiB cached
ds4: CUDA loading model tensors 0.01 GiB cached
ds4: CUDA loading model tensors 0.13 GiB cached
ds4: CUDA loading model tensors 0.15 GiB cached
ds4: CUDA loading model tensors 0.00 GiB cached
ds4: CUDA loading model tensors 1.51 GiB cached
ds4: CUDA loading model tensors 2.72 GiB cached
ds4: CUDA loading model tensors 3.90 GiB cached
ds4: CUDA loading model tensors 5.19 GiB cached
ds4: CUDA loading model tensors 6.23 GiB cached
ds4: CUDA loading model tensors 7.27 GiB cached
The quick brown fox jumps over the lazy dog while the sun sets slowly behind the hills.
ds4: prefill: 0.11 t/s, generation: 0.10 t/s
[SPEX_STATS] hit=1826 miss=2818 direct=2639 total=7283 hit_rate=0.2507 miss+direct=5457 streamed_loads=22515 stall_sec=321.882211 stall_ms_per_streamed_load=14.2963
