ds4: Linux cuda backend set oom_score_adj=1000
[SPEX_STATS] enabled: send SIGUSR1 to dump, also dumped at exit
ds4: CUDA backend initialized on NVIDIA GeForce RTX 3060 (sm_86)
ds4: SSD streaming initial cuda model map restricted to token embedding (1 spans, 0.99 GiB tensor span)
ds4: CUDA preparing model tensor mappings
ds4: CUDA loading model tensors into device cache
ds4: CUDA startup model preparation covered 0.99 GiB of tensor spans in 6.923s
ds4: cuda backend initialized for graph diagnostics
ds4: context buffers 208.09 MiB (ctx=2048, backend=cuda, prefill_chunk=2048, raw_kv_rows=2048, compressed_kv_rows=514)
ds4: CUDA loading model tensors 0.12 GiB cached
ds4: CUDA loading model tensors 0.16 GiB cached
ds4: CUDA loading model tensors 0.13 GiB cached
ds4: CUDA loading model tensors 0.15 GiB cached
ds4: CUDA loading model tensors 0.16 GiB cached
ds4: CUDA loading model tensors 0.15 GiB cached
ds4: CUDA loading model tensors 0.16 GiB cached
ds4: CUDA loading model tensors 0.13 GiB cached
ds4: CUDA loading model tensors 0.11 GiB cached
ds4: CUDA loading model tensors 0.14 GiB cached
ds4: CUDA loading model tensors 0.13 GiB cached
ds4: CUDA loading model tensors 0.15 GiB cached
ds4: CUDA loading model tensors 0.13 GiB cached
ds4: CUDA loading model tensors 0.15 GiB cached
ds4: CUDA loading model tensors 0.00 GiB cached
ds4: CUDA loading model tensors 1.51 GiB cached
ds4: CUDA loading model tensors 2.65 GiB cached
ds4: CUDA loading model tensors 3.72 GiB cached
ds4: CUDA loading model tensors 5.01 GiB cached
ds4: CUDA loading model tensors 6.08 GiB cached
ds4: CUDA loading model tensors 7.10 GiB cached
Here is a short Python code snippet that counts the number of words in that sentence:

```python
sentence = "
ds4: prefill: 0.11 t/s, generation: 0.11 t/s
[SPEX_STATS] hit=3348 miss=2844 direct=2639 total=8831 hit_rate=0.3791 miss+direct=5483 streamed_loads=22593 stall_sec=339.435675 stall_ms_per_streamed_load=15.0239
