ds4: Linux cuda backend set oom_score_adj=1000
[SPEX_STATS] enabled: send SIGUSR1 to dump, also dumped at exit
ds4: CUDA backend initialized on NVIDIA GeForce RTX 3060 (sm_86)
ds4: SSD streaming initial cuda model map restricted to token embedding (1 spans, 0.99 GiB tensor span)
ds4: CUDA preparing model tensor mappings
ds4: CUDA loading model tensors into device cache
ds4: CUDA startup model preparation covered 0.99 GiB of tensor spans in 3.535s
ds4: cuda backend initialized for graph diagnostics
ds4: context buffers 208.09 MiB (ctx=2048, backend=cuda, prefill_chunk=2048, raw_kv_rows=2048, compressed_kv_rows=514)
ds4: CUDA loading model tensors 0.12 GiB cached
ds4: CUDA loading model tensors 0.15 GiB cached
ds4: CUDA loading model tensors 0.13 GiB cached
ds4: CUDA loading model tensors 0.17 GiB cached
ds4: CUDA loading model tensors 0.08 GiB cached
ds4: CUDA loading model tensors 0.11 GiB cached
ds4: CUDA loading model tensors 0.15 GiB cached
ds4: CUDA loading model tensors 0.13 GiB cached
ds4: CUDA loading model tensors 0.14 GiB cached
ds4: CUDA loading model tensors 0.08 GiB cached
ds4: CUDA loading model tensors 0.14 GiB cached
ds4: CUDA loading model tensors 0.04 GiB cached
ds4: CUDA loading model tensors 0.13 GiB cached
ds4: CUDA loading model tensors 0.15 GiB cached
ds4: CUDA loading model tensors 0.00 GiB cached
ds4: CUDA loading model tensors 1.51 GiB cached
ds4: CUDA loading model tensors 2.58 GiB cached
ds4: CUDA loading model tensors 3.83 GiB cached
ds4: CUDA loading model tensors 5.08 GiB cached
ds4: CUDA loading model tensors 5.97 GiB cached
ds4: CUDA loading model tensors 7.01 GiB cached
The quick brown fox jumps over the lazy dog while the sun sets slowly behind the hills.
ds4: prefill: 0.11 t/s, generation: 0.06 t/s
[SPEX_STATS] hit=0 miss=6 direct=7277 total=7283 hit_rate=0.0000 miss+direct=7283 streamed_loads=27993 stall_sec=420.747456 stall_ms_per_streamed_load=15.0305
