1783946161 628, 11488 
1783946164 1762, 10354 
1783946167 1752, 10364 
1783946170 1752, 10364 
1783946173 1748, 10368 
1783946176 1763, 10353 
1783946179 1762, 10354 
1783946182 1755, 10361 
1783946186 1747, 10369 
1783946189 1762, 10354 
1783946192 1754, 10362 
1783946195 1747, 10369 
1783946198 1770, 10346 
1783946201 1772, 10344 
1783946204 1776, 10340 
1783946207 1755, 10361 
1783946210 1758, 10358 
1783946213 1759, 10357 
1783946217 1740, 10376 
1783946220 2396, 9720 
1783946223 2870, 9246 
1783946226 2938, 9178 
1783946229 2950, 9166 
1783946232 2952, 9164 
1783946235 2946, 9170 
1783946238 2941, 9175 
1783946241 2948, 9168 
1783946244 2942, 9174 
1783946247 2950, 9166 
1783946251 2944, 9172 
1783946254 2939, 9177 
1783946257 2944, 9172 
1783946260 3054, 9062 
1783946263 7757, 4359 
1783946266 12017, 99 
1783946269 12017, 99 
1783946272 12012, 104 
1783946275 12017, 99 
1783946278 12018, 98 
1783946282 12011, 105 
1783946285 12004, 112 
1783946288 12012, 104 
1783946291 12016, 100 
1783946294 2728, 9388 
1783946297 2727, 9389 
1783946300 2766, 9350 
1783946303 2773, 9343 
1783946306 2854, 9262 
1783946309 2881, 9235 
1783946312 2878, 9238 
1783946316 2777, 9339 
1783946319 2777, 9339 
