ds4: Linux cuda backend set oom_score_adj=1000
ds4: CUDA backend initialized on NVIDIA GeForce RTX 3060 (sm_86)
ds4: SSD streaming initial cuda model map restricted to token embedding (1 spans, 0.99 GiB tensor span)
ds4: CUDA preparing model tensor mappings
ds4: CUDA loading model tensors into device cache
ds4: CUDA startup model preparation covered 0.99 GiB of tensor spans in 1.101s
ds4: cuda backend initialized for graph diagnostics
0710 05:04:43 ds4-server: context buffers 93.82 MiB (ctx=2048, backend=cuda, prefill_chunk=512, raw_kv_rows=768, compressed_kv_rows=514)
0710 05:04:43 ds4-server: listening on http://127.0.0.1:8014
0710 05:04:43 ds4-server: chat ctx=0..78:78 prompt start
ds4: PACE on - warmup=50 keep=64[23..96] step=8 ngram(n=3,win=120) drift=1.00 rel=0.15 hyst=200 breath(every=999999,len=80,keep=96,relearn=0) prebreath(on=0,drift=0.18,target=0.18,every=64,max=96,adapt=0,gain=8.00,pow=1.00,step_max=0,relearn=0,rdecay=0.30) anneal_warm=50 wrap=1 cache_flush=0 prefill_apply=0 prefill_wait_wrap=0 s1=0 exchange=0 relearn_on_tighten=0 weighted(warmup=0,relearn=0) rotate(on=0,every=32,decay=0.980,preserve_stable=1)
ds4: PACE prefill_reset tok=0 phase=1 keep=0 ngram=0.000 hit=1.000 breaths=0
ds4: expert tiering observe enabled (DS4_EXPERT_TIERING=observe; log=)
ds4: CUDA loading model tensors 0.13 GiB cached
ds4: CUDA loading model tensors 0.00 GiB cached
0710 05:05:13 ds4-server: chat ctx=0..78:78 prompt done 28.496s
ds4: CUDA loading model tensors 1.75 GiB cached
ds4: CUDA loading model tensors 7.86 GiB cached
ds4: PACE learned      tok=50 phase=2 keep=0 ngram=0.000 hit=1.000 breaths=0
0710 05:06:06 ds4-server: chat ctx=78..128:50 gen=50 decoding chunk=0.94 t/s avg=0.94 t/s 53.036s
ds4: REAP mask applied: 40 layer, 40 device range aggiornati/creati
ds4: PACE descent      tok=51 phase=3 keep=64 ngram=0.000 hit=1.000 breaths=0
ds4: REAP prefetch (fattorino): 40 layer, 2560 expert, 5736 range, 16.90 GiB touched in 1476 ms (16 thread, mlock)
ds4: REAP mask applied: 40 layer, 40 device range aggiornati/creati
ds4: PACE tighten      tok=67 phase=3 keep=56 ngram=0.009 hit=1.000 breaths=0
ds4: REAP prefetch (fattorino): 40 layer, 2240 expert, 5247 range, 14.79 GiB touched in 498 ms (16 thread, mlock)
ds4: REAP mask applied: 40 layer, 40 device range aggiornati/creati
ds4: PACE tighten      tok=83 phase=3 keep=48 ngram=0.019 hit=1.000 breaths=0
ds4: REAP prefetch (fattorino): 40 layer, 1920 expert, 4680 range, 12.67 GiB touched in 394 ms (16 thread, mlock)
ds4: REAP mask applied: 40 layer, 40 device range aggiornati/creati
ds4: PACE tighten      tok=99 phase=3 keep=40 ngram=0.028 hit=1.000 breaths=0
ds4: REAP prefetch (fattorino): 40 layer, 1600 expert, 4041 range, 10.56 GiB touched in 328 ms (16 thread, mlock)
0710 05:06:25 ds4-server: chat ctx=128..178:50 gen=100 decoding chunk=2.75 t/s avg=1.40 t/s 71.231s
ds4: REAP mask applied: 40 layer, 40 device range aggiornati/creati
ds4: PACE tighten      tok=115 phase=3 keep=32 ngram=0.035 hit=1.000 breaths=0
ds4: REAP prefetch (fattorino): 40 layer, 1280 expert, 3345 range, 8.45 GiB touched in 248 ms (16 thread, mlock)
ds4: REAP mask applied: 40 layer, 40 device range aggiornati/creati
ds4: PACE tighten      tok=131 phase=3 keep=24 ngram=0.048 hit=1.000 breaths=0
ds4: REAP prefetch (fattorino): 40 layer, 960 expert, 2610 range, 6.34 GiB touched in 207 ms (16 thread, mlock)
ds4: REAP mask applied: 40 layer, 40 device range aggiornati/creati
ds4: PACE tighten      tok=147 phase=3 keep=23 ngram=0.050 hit=1.000 breaths=0
ds4: REAP prefetch (fattorino): 40 layer, 920 expert, 2511 range, 6.07 GiB touched in 194 ms (16 thread, mlock)
0710 05:06:42 ds4-server: chat ctx=178..228:50 gen=150 decoding chunk=2.93 t/s avg=1.70 t/s 88.324s
0710 05:07:00 ds4-server: chat ctx=228..278:50 gen=200 decoding chunk=2.90 t/s avg=1.89 t/s 105.548s
0710 05:07:17 ds4-server: chat ctx=278..328:50 gen=250 decoding chunk=2.97 t/s avg=2.04 t/s 122.356s
0710 05:07:35 ds4-server: chat ctx=328..378:50 gen=300 decoding chunk=2.95 t/s avg=2.15 t/s 139.279s
0710 05:07:52 ds4-server: chat ctx=378..428:50 gen=350 decoding chunk=2.97 t/s avg=2.24 t/s 156.131s
0710 05:08:09 ds4-server: chat ctx=428..478:50 gen=400 decoding chunk=2.98 t/s avg=2.31 t/s 172.893s
0710 05:08:26 ds4-server: chat ctx=478..528:50 gen=450 decoding chunk=2.99 t/s avg=2.37 t/s 189.612s
0710 05:08:43 ds4-server: chat ctx=528..578:50 gen=500 decoding chunk=3.03 t/s avg=2.43 t/s 206.108s
0710 05:09:00 ds4-server: chat ctx=578..628:50 gen=550 decoding chunk=2.97 t/s avg=2.47 t/s 222.920s
0710 05:09:18 ds4-server: chat ctx=628..678:50 gen=600 decoding chunk=2.98 t/s avg=2.50 t/s 239.689s
0710 05:09:35 ds4-server: chat ctx=678..728:50 gen=650 decoding chunk=2.99 t/s avg=2.54 t/s 256.392s
0710 05:09:52 ds4-server: chat ctx=728..778:50 gen=700 decoding chunk=3.00 t/s avg=2.56 t/s 273.058s
0710 05:10:10 ds4-server: chat ctx=778..828:50 gen=750 decoding chunk=2.97 t/s avg=2.59 t/s 289.871s
0710 05:10:27 ds4-server: chat ctx=828..878:50 gen=800 decoding chunk=3.00 t/s avg=2.61 t/s 306.543s
0710 05:10:27 ds4-server: chat ctx=0..78:78 gen=800 finish=length 335.039s
