ds4: Linux cuda backend set oom_score_adj=1000
ds4: CUDA backend initialized on NVIDIA GeForce RTX 3060 (sm_86)
ds4: SSD streaming initial cuda model map restricted to token embedding (1 spans, 0.99 GiB tensor span)
ds4: CUDA preparing model tensor mappings
ds4: CUDA loading model tensors into device cache
ds4: CUDA startup model preparation covered 0.99 GiB of tensor spans in 1.638s
ds4: cuda backend initialized for graph diagnostics
0709 13:10:54 ds4-server: context buffers 151.57 MiB (ctx=6144, backend=cuda, prefill_chunk=512, raw_kv_rows=768, compressed_kv_rows=1538)
0709 13:10:54 ds4-server: listening on http://127.0.0.1:8014
0709 13:10:56 ds4-server: chat ctx=0..78:78 prompt start
ds4: PACE on - warmup=50 keep=23[23..96] step=8 ngram(n=3,win=120) drift=0.25 rel=0.15 hyst=200 breath(every=999999,len=80,keep=96,relearn=0) prebreath(on=0,drift=0.18,every=64,max=96) anneal_warm=300 wrap=1 cache_flush=0 prefill_apply=0 prefill_wait_wrap=0 s1=0 exchange=0
ds4: PACE prefill_reset tok=0 phase=1 keep=0 ngram=0.000 hit=1.000 breaths=0
ds4: expert tiering observe enabled (DS4_EXPERT_TIERING=observe; log=)
ds4: CUDA loading model tensors 0.12 GiB cached
ds4: CUDA loading model tensors 0.16 GiB cached
ds4: CUDA loading model tensors 0.13 GiB cached
ds4: CUDA loading model tensors 0.15 GiB cached
ds4: CUDA loading model tensors 0.13 GiB cached
ds4: CUDA loading model tensors 0.14 GiB cached
ds4: CUDA loading model tensors 0.13 GiB cached
ds4: CUDA loading model tensors 0.14 GiB cached
ds4: CUDA loading model tensors 0.13 GiB cached
ds4: CUDA loading model tensors 0.14 GiB cached
ds4: CUDA loading model tensors 0.13 GiB cached
ds4: CUDA loading model tensors 0.14 GiB cached
ds4: CUDA loading model tensors 0.00 GiB cached
0709 13:13:35 ds4-server: chat ctx=0..78:78 prompt done 159.005s
ds4: CUDA loading model tensors 7.86 GiB cached
ds4: PACE learned      tok=50 phase=2 keep=0 ngram=0.000 hit=1.000 breaths=0
0709 13:14:53 ds4-server: chat ctx=78..128:50 gen=50 decoding chunk=0.64 t/s avg=0.64 t/s 77.968s
ds4: REAP mask applied: 40 layer, 40 device range aggiornati/creati
ds4: PACE descent      tok=51 phase=3 keep=23 ngram=0.000 hit=1.000 breaths=0
ds4: REAP prefetch (fattorino): 40 layer, 920 expert, 2511 range, 6.07 GiB touched in 438 ms (16 thread, mlock)
0709 13:14:53 ds4-server: shutdown requested, draining requests
0709 13:14:53 ds4-server: chat ctx=128..129:1 gen=51 decoding chunk=1.70 t/s avg=0.65 t/s 78.554s
0709 13:14:53 ds4-server: chat ctx=0..78:78 gen=51 finish=error error="shutdown requested" 237.562s
ds4: SPEX stats: selected_batches=2236 selected_experts=17394 cache_hits=0 cache_misses=264 hit_rate=0.0000 miss_per_expert=0.0152 direct_loads=17388 copy_calls=52956 copied=119151.00 MiB copy_ms=202458.501 copy_ms_per_batch=90.545 sync_calls=52956 sync_ms=7613.847 sync_ms_per_batch=3.405
ds4: expert tiering observe summary batches=2236 slots=33282 compact=17394 hit_rate=0.0000 hits=0 misses=6 direct=17388 evictions=0 direct=117369.00 MiB compact=117409.50 MiB
ds4: expert tiering observe layer=1 batches=52 slots=774 compact=512 hit_rate=0.0000 misses=0 direct=512 evictions=0 cap=0 top=82:10,204:10,26:9,35:9,114:9,12:8
ds4: expert tiering observe layer=2 batches=52 slots=774 compact=509 hit_rate=0.0000 misses=0 direct=509 evictions=0 cap=0 top=65:13,128:13,182:11,89:9,125:9,174:9
ds4: expert tiering observe layer=0 batches=52 slots=774 compact=506 hit_rate=0.0000 misses=6 direct=500 evictions=0 cap=171 top=11:11,74:11,174:11,177:11,192:10,52:9
ds4: expert tiering observe layer=19 batches=52 slots=774 compact=424 hit_rate=0.0000 misses=0 direct=424 evictions=0 cap=0 top=136:64,116:40,81:39,226:31,140:24,181:24
ds4: expert tiering observe layer=3 batches=52 slots=774 compact=416 hit_rate=0.0000 misses=0 direct=416 evictions=0 cap=0 top=60:114,74:66,150:44,237:40,241:38,138:30
