ds4: Linux cuda backend set oom_score_adj=1000
ds4: CUDA backend initialized on NVIDIA GeForce RTX 3060 (sm_86)
ds4: SSD streaming initial cuda model map restricted to token embedding (1 spans, 0.99 GiB tensor span)
ds4: CUDA preparing model tensor mappings
ds4: CUDA loading model tensors into device cache
ds4: CUDA startup model preparation covered 0.99 GiB of tensor spans in 1.906s
ds4: cuda backend initialized for graph diagnostics
0709 23:07:10 ds4-server: context buffers 93.82 MiB (ctx=2048, backend=cuda, prefill_chunk=512, raw_kv_rows=768, compressed_kv_rows=514)
0709 23:07:11 ds4-server: listening on http://127.0.0.1:8014
0709 23:07:11 ds4-server: chat ctx=0..78:78 prompt start
ds4: PACE on - warmup=50 keep=64[23..96] step=8 ngram(n=3,win=120) drift=1.00 rel=0.15 hyst=200 breath(every=999999,len=80,keep=96,relearn=0) prebreath(on=0,drift=0.18,target=0.18,every=64,max=96,adapt=0,gain=8.00,pow=1.00,step_max=0,relearn=0,rdecay=0.30) anneal_warm=50 wrap=1 cache_flush=0 prefill_apply=0 prefill_wait_wrap=0 s1=0 exchange=0 weighted(warmup=0,relearn=0) rotate(on=1,every=999999,decay=0.980)
ds4: PACE prefill_reset tok=0 phase=1 keep=0 ngram=0.000 hit=1.000 breaths=0
ds4: expert tiering observe enabled (DS4_EXPERT_TIERING=observe; log=)
ds4: CUDA loading model tensors 0.13 GiB cached
ds4: CUDA loading model tensors 0.15 GiB cached
ds4: CUDA loading model tensors 0.13 GiB cached
ds4: CUDA loading model tensors 0.14 GiB cached
ds4: CUDA loading model tensors 0.15 GiB cached
ds4: CUDA loading model tensors 0.16 GiB cached
ds4: CUDA loading model tensors 0.15 GiB cached
ds4: CUDA loading model tensors 0.00 GiB cached
0709 23:08:51 ds4-server: chat ctx=0..78:78 prompt done 98.728s
ds4: PACE learned      tok=50 phase=2 keep=0 ngram=0.000 hit=1.000 breaths=0
ds4: CUDA loading model tensors 7.86 GiB cached
0709 23:10:00 ds4-server: chat ctx=78..128:50 gen=50 decoding chunk=0.74 t/s avg=0.74 t/s 67.891s
ds4: REAP mask applied: 40 layer, 40 device range aggiornati/creati
ds4: PACE descent      tok=51 phase=3 keep=64 ngram=0.000 hit=1.000 breaths=0
ds4: REAP prefetch (fattorino): 40 layer, 2560 expert, 5739 range, 16.90 GiB touched in 1455 ms (16 thread, mlock)
ds4: REAP mask applied: 40 layer, 40 device range aggiornati/creati
ds4: PACE tighten      tok=67 phase=3 keep=56 ngram=0.009 hit=1.000 breaths=0
ds4: REAP prefetch (fattorino): 40 layer, 2240 expert, 5223 range, 14.79 GiB touched in 469 ms (16 thread, mlock)
ds4: REAP mask applied: 40 layer, 40 device range aggiornati/creati
ds4: PACE tighten      tok=83 phase=3 keep=48 ngram=0.019 hit=1.000 breaths=0
ds4: REAP prefetch (fattorino): 40 layer, 1920 expert, 4665 range, 12.67 GiB touched in 423 ms (16 thread, mlock)
ds4: REAP mask applied: 40 layer, 40 device range aggiornati/creati
ds4: PACE tighten      tok=99 phase=3 keep=40 ngram=0.021 hit=1.000 breaths=0
ds4: REAP prefetch (fattorino): 40 layer, 1600 expert, 4041 range, 10.56 GiB touched in 327 ms (16 thread, mlock)
0709 23:10:37 ds4-server: chat ctx=128..178:50 gen=100 decoding chunk=1.36 t/s avg=0.96 t/s 104.683s
ds4: REAP mask applied: 40 layer, 40 device range aggiornati/creati
ds4: PACE tighten      tok=115 phase=3 keep=32 ngram=0.019 hit=1.000 breaths=0
ds4: REAP prefetch (fattorino): 40 layer, 1280 expert, 3339 range, 8.45 GiB touched in 271 ms (16 thread, mlock)
ds4: REAP mask applied: 40 layer, 40 device range aggiornati/creati
ds4: PACE tighten      tok=131 phase=3 keep=24 ngram=0.071 hit=1.000 breaths=0
ds4: REAP prefetch (fattorino): 40 layer, 960 expert, 2622 range, 6.34 GiB touched in 203 ms (16 thread, mlock)
ds4: REAP mask applied: 40 layer, 40 device range aggiornati/creati
ds4: PACE tighten      tok=147 phase=3 keep=23 ngram=0.190 hit=1.000 breaths=0
ds4: REAP prefetch (fattorino): 40 layer, 920 expert, 2523 range, 6.07 GiB touched in 203 ms (16 thread, mlock)
0709 23:11:05 ds4-server: chat ctx=178..228:50 gen=150 decoding chunk=1.87 t/s avg=1.14 t/s 131.424s
0709 23:12:01 ds4-server: chat ctx=228..278:50 gen=200 decoding chunk=0.91 t/s avg=1.07 t/s 186.533s
0709 23:12:46 ds4-server: chat ctx=278..328:50 gen=250 decoding chunk=1.12 t/s avg=1.08 t/s 231.067s
0709 23:13:16 ds4-server: chat ctx=328..378:50 gen=300 decoding chunk=1.73 t/s avg=1.15 t/s 259.904s
0709 23:13:16 ds4-server: chat ctx=0..78:78 gen=300 finish=length 358.632s
