ds4: Linux cuda backend set oom_score_adj=1000
ds4: CUDA backend initialized on NVIDIA GeForce RTX 3060 (sm_86)
ds4: SSD streaming initial cuda model map restricted to token embedding (1 spans, 0.99 GiB tensor span)
ds4: CUDA preparing model tensor mappings
ds4: CUDA loading model tensors into device cache
ds4: CUDA startup model preparation covered 0.99 GiB of tensor spans in 0.316s
ds4: cuda backend initialized for graph diagnostics
0709 08:27:05 ds4-server: context buffers 93.82 MiB (ctx=2048, backend=cuda, prefill_chunk=512, raw_kv_rows=768, compressed_kv_rows=514)
0709 08:27:05 ds4-server: listening on http://127.0.0.1:8014
0709 08:27:05 ds4-server: chat ctx=0..78:78 prompt start
ds4: PACE on - warmup=50 keep=64[64..96] step=8 ngram(n=3,win=120) drift=0.25 rel=0.15 hyst=200 breath(every=999999,len=80,keep=96,relearn=0) prebreath(on=0,drift=0.03,every=64,max=96) anneal_warm=300 wrap=1 cache_flush=0 prefill_apply=0 prefill_wait_wrap=0 s1=0 exchange=1
ds4: PACE prefill_reset tok=0 phase=1 keep=0 ngram=0.000 hit=1.000 breaths=0
ds4: expert tiering observe enabled (DS4_EXPERT_TIERING=observe; log=)
0709 08:27:17 ds4-server: chat ctx=0..78:78 prompt done 9.137s
ds4: CUDA loading model tensors 2.58 GiB cached
ds4: PACE learned      tok=50 phase=2 keep=0 ngram=0.000 hit=1.000 breaths=0
ds4: CUDA loading model tensors 7.86 GiB cached
0709 08:27:36 ds4-server: chat ctx=78..128:50 gen=50 decoding chunk=2.67 t/s avg=2.67 t/s 18.753s
ds4: PACE exchange descent tok=51 keep=0->64 promote=0 demote=8256 kept=2752 cold=0 total_promote=0 total_demote=8256
ds4: REAP mask applied: 40 layer, 40 device range aggiornati/creati
ds4: PACE descent      tok=51 phase=3 keep=64 ngram=0.000 hit=1.000 breaths=0
ds4: REAP prefetch (fattorino): 40 layer, 2560 expert, 5709 range, 16.90 GiB touched in 213 ms (8 thread)
0709 08:27:55 ds4-server: chat ctx=128..178:50 gen=100 decoding chunk=3.08 t/s avg=2.86 t/s 34.976s
0709 08:28:11 ds4-server: chat ctx=178..228:50 gen=150 decoding chunk=3.14 t/s avg=2.95 t/s 50.925s
ds4: PACE exchange breath(ngram) tok=160 keep=64->96 promote=1376 demote=0 kept=2752 cold=6880 total_promote=1376 total_demote=8256
ds4: REAP mask applied: 40 layer, 40 device range aggiornati/creati
ds4: PACE breath(ngram) tok=160 phase=4 keep=96 ngram=0.255 hit=1.000 breaths=1
ds4: REAP prefetch (fattorino): 40 layer, 3840 expert, 7026 range, 25.34 GiB touched in 158 ms (8 thread)
0709 08:28:30 ds4-server: chat ctx=228..278:50 gen=200 decoding chunk=3.12 t/s avg=2.99 t/s 66.967s
ds4: PACE exchange breath_end tok=240 keep=96->72 promote=0 demote=1032 kept=3096 cold=6880 total_promote=1376 total_demote=9288
ds4: REAP mask applied: 40 layer, 40 device range aggiornati/creati
ds4: PACE breath_end   tok=240 phase=3 keep=72 ngram=0.134 hit=1.000 breaths=1
ds4: REAP prefetch (fattorino): 40 layer, 2880 expert, 6168 range, 19.01 GiB touched in 51 ms (8 thread)
0709 08:28:46 ds4-server: chat ctx=278..328:50 gen=250 decoding chunk=3.12 t/s avg=3.01 t/s 82.985s
0709 08:29:05 ds4-server: chat ctx=328..378:50 gen=300 decoding chunk=3.10 t/s avg=3.03 t/s 99.128s
0709 08:29:12 ds4-server: chat ctx=378..398:20 gen=320 decoding chunk=3.08 t/s avg=3.03 t/s 105.628s
0709 08:29:12 ds4-server: chat ctx=0..78:78 gen=320 finish=length 114.766s
