ds4: Linux cuda backend set oom_score_adj=1000
ds4: CUDA backend initialized on NVIDIA GeForce RTX 3060 (sm_86)
ds4: SSD streaming initial cuda model map restricted to token embedding (1 spans, 0.99 GiB tensor span)
ds4: CUDA preparing model tensor mappings
ds4: CUDA loading model tensors into device cache
ds4: CUDA startup model preparation covered 0.99 GiB of tensor spans in 0.326s
ds4: cuda backend initialized for graph diagnostics
0710 05:53:15 ds4-server: context buffers 93.82 MiB (ctx=2048, backend=cuda, prefill_chunk=512, raw_kv_rows=768, compressed_kv_rows=514)
0710 05:53:15 ds4-server: listening on http://127.0.0.1:8014
0710 05:53:16 ds4-server: chat ctx=0..78:78 prompt start
ds4: PACE on - warmup=50 keep=23[23..96] step=0 ngram(n=3,win=120) drift=1.00 rel=0.15 hyst=200 breath(every=999999,len=80,keep=96,relearn=0) prebreath(on=0,drift=0.18,target=0.18,every=64,max=96,adapt=0,gain=8.00,pow=1.00,step_max=0,relearn=0,rdecay=0.30) anneal_warm=300 wrap=1 wrap_rotate=0 cache_flush=0 prefill_apply=0 prefill_wait_wrap=0 s1=0 exchange=0 relearn_on_tighten=0 weighted(warmup=0,relearn=0) rotate(on=0,every=32,decay=0.980,preserve_stable=1)
ds4: PACE prefill_reset tok=0 phase=1 keep=0 ngram=0.000 hit=1.000 breaths=0
ds4: expert tiering observe enabled (DS4_EXPERT_TIERING=observe; log=)
ds4: CUDA loading model tensors 0.15 GiB cached
ds4: CUDA loading model tensors 0.13 GiB cached
ds4: CUDA loading model tensors 0.15 GiB cached
ds4: CUDA loading model tensors 0.13 GiB cached
ds4: CUDA loading model tensors 0.00 GiB cached
ds4: CUDA loading model tensors 0.06 GiB cached
0710 05:54:21 ds4-server: chat ctx=0..78:78 prompt done 63.119s
ds4: PACE learned      tok=50 phase=2 keep=0 ngram=0.000 hit=1.000 breaths=0
ds4: CUDA loading model tensors 7.86 GiB cached
0710 05:55:09 ds4-server: chat ctx=78..128:50 gen=50 decoding chunk=1.06 t/s avg=1.06 t/s 47.285s
ds4: REAP mask applied: 40 layer, 40 device range aggiornati/creati
ds4: PACE descent      tok=51 phase=3 keep=23 ngram=0.000 hit=1.000 breaths=0
ds4: REAP prefetch (fattorino): 40 layer, 920 expert, 2517 range, 6.07 GiB touched in 448 ms (16 thread, mlock)
0710 05:55:26 ds4-server: chat ctx=128..178:50 gen=100 decoding chunk=3.10 t/s avg=1.58 t/s 63.432s
0710 05:55:42 ds4-server: chat ctx=178..228:50 gen=150 decoding chunk=3.23 t/s avg=1.90 t/s 78.900s
0710 05:55:58 ds4-server: chat ctx=228..278:50 gen=200 decoding chunk=3.24 t/s avg=2.12 t/s 94.343s
0710 05:56:14 ds4-server: chat ctx=278..328:50 gen=250 decoding chunk=3.23 t/s avg=2.28 t/s 109.808s
0710 05:56:29 ds4-server: chat ctx=328..378:50 gen=300 decoding chunk=3.23 t/s avg=2.39 t/s 125.301s
0710 05:56:46 ds4-server: chat ctx=378..428:50 gen=350 decoding chunk=3.23 t/s avg=2.49 t/s 140.779s
0710 05:57:01 ds4-server: chat ctx=428..478:50 gen=400 decoding chunk=3.24 t/s avg=2.56 t/s 156.222s
0710 05:57:18 ds4-server: chat ctx=478..528:50 gen=450 decoding chunk=3.23 t/s avg=2.62 t/s 171.710s
0710 05:57:33 ds4-server: chat ctx=528..578:50 gen=500 decoding chunk=3.24 t/s avg=2.67 t/s 187.151s
0710 05:57:50 ds4-server: chat ctx=578..628:50 gen=550 decoding chunk=3.23 t/s avg=2.71 t/s 202.631s
0710 05:58:05 ds4-server: chat ctx=628..678:50 gen=600 decoding chunk=3.23 t/s avg=2.75 t/s 218.134s
0710 05:58:22 ds4-server: chat ctx=678..728:50 gen=650 decoding chunk=3.08 t/s avg=2.77 t/s 234.388s
0710 05:58:38 ds4-server: chat ctx=728..778:50 gen=700 decoding chunk=3.23 t/s avg=2.80 t/s 249.887s
0710 05:58:54 ds4-server: chat ctx=778..828:50 gen=750 decoding chunk=3.22 t/s avg=2.83 t/s 265.434s
0710 05:59:10 ds4-server: chat ctx=828..878:50 gen=800 decoding chunk=3.22 t/s avg=2.85 t/s 280.975s
0710 05:59:10 ds4-server: chat ctx=0..78:78 gen=800 finish=length 344.096s
