ds4: Linux cuda backend set oom_score_adj=1000
ds4: CUDA backend initialized on NVIDIA GeForce RTX 3060 (sm_86)
ds4: SSD streaming initial cuda model map restricted to token embedding (1 spans, 0.99 GiB tensor span)
ds4: CUDA preparing model tensor mappings
ds4: CUDA loading model tensors into device cache
ds4: CUDA startup model preparation covered 0.99 GiB of tensor spans in 0.542s
ds4: cuda backend initialized for graph diagnostics
0709 20:52:07 ds4-server: context buffers 93.82 MiB (ctx=2048, backend=cuda, prefill_chunk=512, raw_kv_rows=768, compressed_kv_rows=514)
0709 20:52:07 ds4-server: listening on http://127.0.0.1:8014
0709 20:52:07 ds4-server: chat ctx=0..78:78 prompt start
ds4: PACE on - warmup=50 keep=23[23..96] step=4 ngram(n=3,win=120) drift=1.00 rel=0.15 hyst=200 breath(every=999999,len=80,keep=96,relearn=0) prebreath(on=1,drift=0.07,target=0.10,every=4,max=96,adapt=1,gain=23.00,pow=2.00,step_max=40,relearn=1,rdecay=0.30) anneal_warm=300 wrap=1 cache_flush=0 prefill_apply=0 prefill_wait_wrap=0 s1=0 exchange=0 weighted(warmup=1,relearn=1) rotate(on=0,every=32,decay=0.980)
ds4: PACE prefill_reset tok=0 phase=1 keep=0 ngram=0.000 hit=1.000 breaths=0
ds4: expert tiering observe enabled (DS4_EXPERT_TIERING=observe; log=)
ds4: CUDA loading model tensors 0.08 GiB cached
ds4: CUDA loading model tensors 0.00 GiB cached
0709 20:52:28 ds4-server: chat ctx=0..78:78 prompt done 20.947s
ds4: PACE learned      tok=50 phase=2 keep=0 ngram=0.000 hit=1.000 breaths=0
ds4: CUDA loading model tensors 7.86 GiB cached
0709 20:52:51 ds4-server: chat ctx=78..128:50 gen=50 decoding chunk=2.20 t/s avg=2.20 t/s 22.745s
ds4: REAP mask applied: 40 layer, 40 device range aggiornati/creati
ds4: PACE descent      tok=51 phase=3 keep=23 ngram=0.000 hit=1.000 breaths=0
ds4: REAP prefetch (fattorino): 40 layer, 920 expert, 2496 range, 6.07 GiB touched in 450 ms (16 thread, mlock)
0709 20:53:08 ds4-server: chat ctx=128..178:50 gen=100 decoding chunk=3.06 t/s avg=2.56 t/s 39.075s
0709 20:53:25 ds4-server: chat ctx=178..228:50 gen=150 decoding chunk=3.04 t/s avg=2.70 t/s 55.540s
ds4: PACE prebreath_relearn tok=151 phase=3 keep=23 ngram=0.071 hit=1.000 breaths=0
ds4: REAP mask applied: 40 layer, 40 device range aggiornati/creati
ds4: PACE prebreath    tok=151 phase=3 keep=27 ngram=0.071 hit=1.000 breaths=0
ds4: REAP prefetch (fattorino): 40 layer, 1080 expert, 2892 range, 7.13 GiB touched in 270 ms (16 thread, mlock)
ds4: PACE prebreath_relearn tok=155 phase=3 keep=27 ngram=0.095 hit=1.000 breaths=0
ds4: REAP mask applied: 40 layer, 40 device range aggiornati/creati
ds4: PACE prebreath    tok=155 phase=3 keep=31 ngram=0.095 hit=1.000 breaths=0
ds4: REAP prefetch (fattorino): 40 layer, 1240 expert, 3273 range, 8.19 GiB touched in 300 ms (16 thread, mlock)
ds4: PACE prebreath_relearn tok=159 phase=3 keep=31 ngram=0.122 hit=1.000 breaths=0
ds4: REAP mask applied: 40 layer, 40 device range aggiornati/creati
ds4: PACE prebreath    tok=159 phase=3 keep=37 ngram=0.122 hit=1.000 breaths=0
ds4: REAP prefetch (fattorino): 40 layer, 1480 expert, 3798 range, 9.77 GiB touched in 375 ms (16 thread, mlock)
ds4: PACE prebreath_relearn tok=163 phase=3 keep=37 ngram=0.152 hit=1.000 breaths=0
ds4: REAP mask applied: 40 layer, 40 device range aggiornati/creati
ds4: PACE prebreath    tok=163 phase=3 keep=48 ngram=0.152 hit=1.000 breaths=0
ds4: REAP prefetch (fattorino): 40 layer, 1920 expert, 4668 range, 12.67 GiB touched in 512 ms (16 thread, mlock)
ds4: PACE prebreath_relearn tok=167 phase=3 keep=48 ngram=0.183 hit=1.000 breaths=0
ds4: REAP mask applied: 40 layer, 40 device range aggiornati/creati
ds4: PACE prebreath    tok=167 phase=3 keep=68 ngram=0.183 hit=1.000 breaths=0
ds4: REAP prefetch (fattorino): 40 layer, 2720 expert, 6036 range, 17.95 GiB touched in 814 ms (16 thread, mlock)
ds4: PACE prebreath_relearn tok=171 phase=3 keep=68 ngram=0.210 hit=1.000 breaths=0
ds4: REAP mask applied: 40 layer, 40 device range aggiornati/creati
ds4: PACE prebreath    tok=171 phase=3 keep=96 ngram=0.210 hit=1.000 breaths=0
ds4: REAP prefetch (fattorino): 40 layer, 3840 expert, 7122 range, 25.34 GiB touched in 1121 ms (16 thread, mlock)
0709 20:53:42 ds4-server: chat ctx=228..278:50 gen=200 decoding chunk=2.99 t/s avg=2.77 t/s 72.275s
0709 20:53:48 ds4-server: chat ctx=278..298:20 gen=220 decoding chunk=2.91 t/s avg=2.78 t/s 79.155s
0709 20:53:48 ds4-server: chat ctx=0..78:78 gen=220 finish=length 100.102s
