ds4: Linux cuda backend set oom_score_adj=1000
ds4: cuda SSD streaming cache budget 6.00 GiB / 6.75 MiB per expert = 910 experts
ds4: MTP+SSD-streaming enabled (experimental, DS4_MTP_STREAMING)
ds4: MTP support model loaded: /root/models/ds4-mtp.gguf (draft=2)
ds4: CUDA backend initialized on NVIDIA GeForce RTX 3060 (sm_86)
ds4: SSD streaming initial cuda model map restricted to token embedding (1 spans, 0.99 GiB tensor span)
ds4: CUDA registered 3.55 GiB model mapping for device access
ds4: CUDA preparing model tensor mappings
ds4: CUDA startup model preparation covered 0.99 GiB of tensor spans in 0.000s
ds4: CUDA preparing model tensor mappings
ds4: CUDA startup model preparation covered 3.55 GiB of tensor spans in 0.117s
ds4: CUDA registered 3.55 GiB support (MTP) model mapping for device access
ds4: cuda backend initialized for graph diagnostics
ds4: context buffers 208.09 MiB (ctx=2048, backend=cuda, prefill_chunk=2048, raw_kv_rows=2048, compressed_kv_rows=514)
ds4: CUDA loading model tensors into device cache
ds4: CUDA loading model tensors 0.12 GiB cached
ds4: CUDA loading model tensors 0.00 GiB cached
ds4: CUDA streaming expert cache disabled: available 5.73 GiB <= reserve 6.00 GiB
ds4: CUDA streaming expert cache disabled: available 5.73 GiB <= reserve 6.00 GiB
ds4: CUDA streaming expert cache disabled: available 5.73 GiB <= reserve 6.00 GiB
ds4: CUDA streaming expert cache disabled: available 5.73 GiB <= reserve 6.00 GiB
ds4: CUDA streaming expert cache disabled: available 5.73 GiB <= reserve 6.00 GiB
ds4: CUDA streaming expert cache disabled: available 5.73 GiB <= reserve 6.00 GiB
ds4: CUDA streaming expert cache disabled: available 5.73 GiB <= reserve 6.00 GiB
ds4: CUDA streaming expert cache disabled: available 5.73 GiB <= reserve 6.00 GiB
ds4: CUDA streaming expert cache disabled: available 5.73 GiB <= reserve 6.00 GiB
ds4: CUDA streaming expert cache disabled: available 5.73 GiB <= reserve 6.00 GiB
ds4: CUDA streaming expert cache disabled: available 5.73 GiB <= reserve 6.00 GiB
ds4: CUDA streaming expert cache disabled: available 5.73 GiB <= reserve 6.00 GiB
ds4: CUDA streaming expert cache disabled: available 5.73 GiB <= reserve 6.00 GiB
ds4: CUDA streaming expert cache disabled: available 5.73 GiB <= reserve 6.00 GiB
ds4: CUDA streaming expert cache disabled: available 5.73 GiB <= reserve 6.00 GiB
ds4: CUDA streaming expert cache disabled: available 5.73 GiB <= reserve 6.00 GiB
ds4: CUDA streaming expert cache disabled: available 5.73 GiB <= reserve 6.00 GiB
ds4: CUDA streaming expert cache disabled: available 5.73 GiB <= reserve 6.00 GiB
ds4: CUDA streaming expert cache disabled: available 5.73 GiB <= reserve 6.00 GiB
ds4: CUDA streaming expert cache disabled: available 5.73 GiB <= reserve 6.00 GiB
ds4: CUDA streaming expert cache disabled: available 5.73 GiB <= reserve 6.00 GiB
ds4: CUDA streaming expert cache disabled: available 5.73 GiB <= reserve 6.00 GiB
ds4: CUDA streaming expert cache disabled: available 5.73 GiB <= reserve 6.00 GiB
ds4: CUDA streaming expert cache disabled: available 5.73 GiB <= reserve 6.00 GiB
ds4: CUDA streaming expert cache disabled: available 5.73 GiB <= reserve 6.00 GiB
ds4: CUDA streaming expert cache disabled: available 5.73 GiB <= reserve 6.00 GiB
ds4: CUDA streaming expert cache disabled: available 5.73 GiB <= reserve 6.00 GiB
ds4: CUDA streaming expert cache disabled: available 5.73 GiB <= reserve 6.00 GiB
ds4: CUDA streaming expert cache disabled: available 5.73 GiB <= reserve 6.00 GiB
ds4: CUDA streaming expert cache disabled: available 5.73 GiB <= reserve 6.00 GiB
ds4: CUDA streaming expert cache disabled: available 5.73 GiB <= reserve 6.00 GiB
ds4: CUDA streaming expert cache disabled: available 5.73 GiB <= reserve 6.00 GiB
ds4: CUDA streaming expert cache disabled: available 5.73 GiB <= reserve 6.00 GiB
ds4: CUDA streaming expert cache disabled: available 5.73 GiB <= reserve 6.00 GiB
ds4: CUDA streaming expert cache disabled: available 5.73 GiB <= reserve 6.00 GiB
ds4: CUDA streaming expert cache disabled: available 5.73 GiB <= reserve 6.00 GiB
ds4: CUDA streaming expert cache disabled: available 5.73 GiB <= reserve 6.00 GiB
ds4: CUDA streaming expert cache disabled: available 5.73 GiB <= reserve 6.00 GiB
ds4: CUDA streaming expert cache disabled: available 5.73 GiB <= reserve 6.00 GiB
ds4: CUDA streaming expert cache disabled: available 5.73 GiB <= reserve 6.00 GiB
ds4: CUDA streaming expert cache disabled: available 5.73 GiB <= reserve 6.00 GiB
ds4: CUDA streaming expert cache disabled: available 5.97 GiB <= reserve 6.00 GiB
ds4: CUDA streaming expert cache disabled: available 0.00 GiB <= reserve 6.00 GiB
ds4: CUDA q8 fp16 cache budget exhausted; using q8 kernels (request=8.00 MiB cached=0.00 GiB limit=8.00 GiB free=0.00 GiB reserve=4.00 GiB total=12.00 GiB)
ds4: mtp conf drafted=2 committed=2 mtp_top=260 runner=411 margin=5.464600 target_next=260 draft_next=260
ds4: mtp timing micro drafted=2 committed=2 draft=20.809 ms snapshot=0.000 ms verify=2179.057 ms total=2200.608 ms
Here's ads4: CUDA streaming expert cache disabled: available 0.00 GiB <= reserve 6.00 GiB
ds4: CUDA streaming expert cache disabled: available 0.00 GiB <= reserve 6.00 GiB
ds4: mtp conf drafted=2 committed=2 mtp_top=396 runner=3608 margin=3.091002 target_next=396 draft_next=396
ds4: mtp timing micro drafted=2 committed=2 draft=27.116 ms snapshot=0.000 ms verify=2317.293 ms total=2345.079 ms
 Python function thatds4: CUDA streaming expert cache disabled: available 0.00 GiB <= reserve 6.00 GiB
ds4: CUDA streaming expert cache disabled: available 0.00 GiB <= reserve 6.00 GiB
ds4: mtp conf drafted=2 committed=2 mtp_top=260 runner=270 margin=3.806396 target_next=260 draft_next=260
ds4: mtp timing micro drafted=2 committed=2 draft=33.220 ms snapshot=0.000 ms verify=2685.651 ms total=2719.076 ms
 parses ads4: CUDA streaming expert cache disabled: available 0.00 GiB <= reserve 6.00 GiB
ds4: CUDA streaming expert cache disabled: available 0.00 GiB <= reserve 6.00 GiB
ds4: mtp conf drafted=2 committed=1 mtp_top=14 runner=305 margin=0.728188 target_next=305 draft_next=14
ds4: mtp timing micro drafted=2 committed=1 draft=32.529 ms snapshot=0.000 ms verify=2449.232 ms prefix=1.266 ms total=2483.206 ms noreplay=1
 CSV fileds4: CUDA streaming expert cache disabled: available 0.00 GiB <= reserve 6.00 GiB
ds4: CUDA streaming expert cache disabled: available 0.00 GiB <= reserve 6.00 GiB
ds4: mtp conf drafted=2 committed=2 mtp_top=270 runner=260 margin=8.908787 target_next=270 draft_next=270
ds4: mtp timing micro drafted=2 committed=2 draft=28.337 ms snapshot=0.000 ms verify=2568.520 ms total=2597.032 ms
 and returns theds4: CUDA streaming expert cache disabled: available 0.00 GiB <= reserve 6.00 GiB
ds4: CUDA streaming expert cache disabled: available 0.00 GiB <= reserve 6.00 GiB
ds4: mtp conf drafted=2 committed=2 mtp_top=270 runner=3785 margin=4.672527 target_next=270 draft_next=270
ds4: mtp timing micro drafted=2 committed=2 draft=28.802 ms snapshot=0.000 ms verify=2825.389 ms total=2854.393 ms
 sum of theds4: CUDA streaming expert cache disabled: available 0.00 GiB <= reserve 6.00 GiB
ds4: CUDA streaming expert cache disabled: available 0.00 GiB <= reserve 6.00 GiB
ds4: mtp conf drafted=2 committed=1 mtp_top=979 runner=14 margin=2.088795 target_next=14 draft_next=979
ds4: mtp timing micro drafted=2 committed=1 draft=26.119 ms snapshot=0.000 ms verify=2835.720 ms prefix=1.358 ms total=2863.390 ms noreplay=1
 second columnds4: CUDA streaming expert cache disabled: available 0.00 GiB <= reserve 6.00 GiB
ds4: CUDA streaming expert cache disabled: available 0.00 GiB <= reserve 6.00 GiB
ds4: mtp spec miss first draft=2622
,ds4: CUDA streaming expert cache disabled: available 0.00 GiB <= reserve 6.00 GiB
ds4: CUDA streaming expert cache disabled: available 0.00 GiB <= reserve 6.00 GiB
ds4: mtp conf drafted=2 committed=2 mtp_top=17363 runner=21085 margin=13.241474 target_next=17363 draft_next=17363
ds4: mtp timing micro drafted=2 committed=2 draft=26.111 ms snapshot=0.000 ms verify=2411.073 ms total=2437.356 ms
 with error handlingds4: CUDA streaming expert cache disabled: available 0.00 GiB <= reserve 6.00 GiB
ds4: CUDA streaming expert cache disabled: available 0.00 GiB <= reserve 6.00 GiB
ds4: mtp conf drafted=2 committed=2 mtp_top=3696 runner=3107 margin=7.208633 target_next=3696 draft_next=3696
ds4: mtp timing micro drafted=2 committed=2 draft=27.808 ms snapshot=0.000 ms verify=2527.259 ms total=2555.228 ms
 and a docds4: CUDA streaming expert cache disabled: available 0.00 GiB <= reserve 6.00 GiB
ds4: CUDA streaming expert cache disabled: available 0.00 GiB <= reserve 6.00 GiB
ds4: mtp conf drafted=2 committed=2 mtp_top=9854 runner=3465 margin=11.045425 target_next=9854 draft_next=9854
ds4: mtp timing micro drafted=2 committed=2 draft=27.999 ms snapshot=0.000 ms verify=2231.359 ms total=2259.530 ms
string:

```ds4: CUDA streaming expert cache disabled: available 0.00 GiB <= reserve 6.00 GiB
ds4: CUDA streaming expert cache disabled: available 0.00 GiB <= reserve 6.00 GiB
ds4: mtp conf drafted=2 committed=2 mtp_top=1897 runner=3465 margin=4.728794 target_next=1897 draft_next=1897
ds4: mtp timing micro drafted=2 committed=2 draft=31.397 ms snapshot=0.000 ms verify=2363.336 ms total=2394.900 ms
python
importds4: CUDA streaming expert cache disabled: available 0.00 GiB <= reserve 6.00 GiB
ds4: CUDA streaming expert cache disabled: available 0.00 GiB <= reserve 6.00 GiB
ds4: mtp conf drafted=2 committed=2 mtp_top=3465 runner=1897 margin=3.055695 target_next=3465 draft_next=3465
ds4: mtp timing micro drafted=2 committed=2 draft=28.425 ms snapshot=0.000 ms verify=2305.028 ms total=2333.650 ms
 csv

defds4: CUDA streaming expert cache disabled: available 0.00 GiB <= reserve 6.00 GiB
ds4: CUDA streaming expert cache disabled: available 0.00 GiB <= reserve 6.00 GiB
ds4: mtp conf drafted=2 committed=2 mtp_top=10930 runner=20 margin=8.585052 target_next=10930 draft_next=10930
ds4: mtp timing micro drafted=2 committed=2 draft=24.544 ms snapshot=0.000 ms verify=2259.517 ms total=2284.239 ms
 sum_secondds4: CUDA streaming expert cache disabled: available 0.00 GiB <= reserve 6.00 GiB
ds4: CUDA streaming expert cache disabled: available 0.00 GiB <= reserve 6.00 GiB
ds4: mtp conf drafted=2 committed=1 mtp_top=9860 runner=17555 margin=1.275234 target_next=17555 draft_next=9860
ds4: mtp timing micro drafted=2 committed=1 draft=31.250 ms snapshot=0.000 ms verify=2231.227 ms prefix=1.238 ms total=2263.891 ms noreplay=1
_column(fileds4: CUDA streaming expert cache disabled: available 0.00 GiB <= reserve 6.00 GiB
ds4: CUDA streaming expert cache disabled: available 0.00 GiB <= reserve 6.00 GiB
ds4: mtp conf drafted=2 committed=2 mtp_top=361 runner=26712 margin=7.030556 target_next=361 draft_next=361
ds4: mtp timing micro drafted=2 committed=2 draft=24.025 ms snapshot=0.000 ms verify=2484.409 ms total=2508.608 ms
_path):
   ds4: CUDA streaming expert cache disabled: available 0.00 GiB <= reserve 6.00 GiB
ds4: CUDA streaming expert cache disabled: available 0.00 GiB <= reserve 6.00 GiB
ds4: mtp conf drafted=2 committed=1 mtp_top=50924 runner=82630 margin=0.054993 target_next=82630 draft_next=50924
ds4: mtp timing micro drafted=2 committed=1 draft=28.473 ms snapshot=0.000 ms verify=2505.597 ms prefix=1.294 ms total=2535.577 ms noreplay=1
 """
   ds4: CUDA streaming expert cache disabled: available 0.00 GiB <= reserve 6.00 GiB
ds4: CUDA streaming expert cache disabled: available 0.00 GiB <= reserve 6.00 GiB
ds4: mtp spec miss first draft=74134
 Parseds4: CUDA streaming expert cache disabled: available 0.00 GiB <= reserve 6.00 GiB
ds4: CUDA streaming expert cache disabled: available 0.00 GiB <= reserve 6.00 GiB
ds4: mtp conf drafted=2 committed=2 mtp_top=4245 runner=343 margin=7.498363 target_next=4245 draft_next=4245
ds4: mtp timing micro drafted=2 committed=2 draft=27.553 ms snapshot=0.000 ms verify=2274.480 ms total=2302.198 ms
 a CSV fileds4: CUDA streaming expert cache disabled: available 0.00 GiB <= reserve 6.00 GiB
ds4: CUDA streaming expert cache disabled: available 0.00 GiB <= reserve 6.00 GiB
ds4: mtp conf drafted=2 committed=2 mtp_top=270 runner=2595 margin=5.351164 target_next=270 draft_next=270
ds4: mtp timing micro drafted=2 committed=2 draft=29.941 ms snapshot=0.000 ms verify=2437.634 ms total=2467.752 ms
 and return theds4: CUDA streaming expert cache disabled: available 0.00 GiB <= reserve 6.00 GiB
ds4: CUDA streaming expert cache disabled: available 0.00 GiB <= reserve 6.00 GiB
ds4: mtp conf drafted=2 committed=1 mtp_top=270 runner=3785 margin=1.391670 target_next=710 draft_next=270
ds4: mtp timing micro drafted=2 committed=1 draft=31.952 ms snapshot=0.000 ms verify=2639.745 ms prefix=1.324 ms total=2673.187 ms noreplay=1
 sum ofds4: CUDA streaming expert cache disabled: available 0.00 GiB <= reserve 6.00 GiB
ds4: CUDA streaming expert cache disabled: available 0.00 GiB <= reserve 6.00 GiB
ds4: mtp conf drafted=2 committed=2 mtp_top=295 runner=538 margin=9.663445 target_next=295 draft_next=295
ds4: mtp timing micro drafted=2 committed=2 draft=26.343 ms snapshot=0.000 ms verify=2398.050 ms total=2424.584 ms
 all values inds4: CUDA streaming expert cache disabled: available 0.00 GiB <= reserve 6.00 GiB
ds4: CUDA streaming expert cache disabled: available 0.00 GiB <= reserve 6.00 GiB
ds4: mtp conf drafted=2 committed=2 mtp_top=7133 runner=201 margin=11.688210 target_next=7133 draft_next=7133
ds4: mtp timing micro drafted=2 committed=2 draft=27.182 ms snapshot=0.000 ms verify=2419.597 ms total=2446.955 ms
 the second columnds4: CUDA streaming expert cache disabled: available 0.00 GiB <= reserve 6.00 GiB
ds4: CUDA streaming expert cache disabled: available 0.00 GiB <= reserve 6.00 GiB
ds4: mtp spec miss first draft=361
.
ds4: CUDA streaming expert cache disabled: available 0.00 GiB <= reserve 6.00 GiB
ds4: CUDA streaming expert cache disabled: available 0.00 GiB <= reserve 6.00 GiB
ds4: mtp conf drafted=2 committed=2 mtp_top=93634 runner=39996 margin=0.362751 target_next=93634 draft_next=93634
ds4: mtp timing micro drafted=2 committed=2 draft=28.258 ms snapshot=0.000 ms verify=2606.816 ms total=2635.282 ms
    
    Argsds4: CUDA streaming expert cache disabled: available 0.00 GiB <= reserve 6.00 GiB
ds4: CUDA streaming expert cache disabled: available 0.00 GiB <= reserve 6.00 GiB
ds4: mtp conf drafted=2 committed=2 mtp_top=4245 runner=9405 margin=11.583103 target_next=4245 draft_next=4245
ds4: mtp timing micro drafted=2 committed=2 draft=29.861 ms snapshot=0.000 ms verify=2534.914 ms total=2564.964 ms
:
        fileds4: CUDA streaming expert cache disabled: available 0.00 GiB <= reserve 6.00 GiB
ds4: CUDA streaming expert cache disabled: available 0.00 GiB <= reserve 6.00 GiB
ds4: mtp conf drafted=2 committed=2 mtp_top=2533 runner=1691 margin=11.125595 target_next=2533 draft_next=2533
ds4: mtp timing micro drafted=2 committed=2 draft=31.734 ms snapshot=0.000 ms verify=2417.143 ms total=2449.061 ms
_path (strds4: CUDA streaming expert cache disabled: available 0.00 GiB <= reserve 6.00 GiB
ds4: CUDA streaming expert cache disabled: available 0.00 GiB <= reserve 6.00 GiB
ds4: mtp conf drafted=2 committed=2 mtp_top=304 runner=294 margin=3.517391 target_next=304 draft_next=304
ds4: mtp timing micro drafted=2 committed=2 draft=27.243 ms snapshot=0.000 ms verify=2276.968 ms total=2304.374 ms
): Path tods4: CUDA streaming expert cache disabled: available 0.00 GiB <= reserve 6.00 GiB
ds4: CUDA streaming expert cache disabled: available 0.00 GiB <= reserve 6.00 GiB
ds4: mtp conf drafted=2 committed=2 mtp_top=4245 runner=5791 margin=10.018066 target_next=4245 draft_next=4245
ds4: mtp timing micro drafted=2 committed=2 draft=28.482 ms snapshot=0.000 ms verify=2284.875 ms total=2313.536 ms
 the CSV fileds4: CUDA streaming expert cache disabled: available 0.00 GiB <= reserve 6.00 GiB
ds4: CUDA streaming expert cache disabled: available 0.00 GiB <= reserve 6.00 GiB
ds4: mtp conf drafted=2 committed=2 mtp_top=603 runner=42130 margin=3.910946 target_next=603 draft_next=603
ds4: mtp timing micro drafted=2 committed=2 draft=29.518 ms snapshot=0.000 ms verify=2647.500 ms total=2677.210 ms
 to parse.
ds4: CUDA streaming expert cache disabled: available 0.00 GiB <= reserve 6.00 GiB
ds4: CUDA streaming expert cache disabled: available 0.00 GiB <= reserve 6.00 GiB
ds4: mtp conf drafted=2 committed=2 mtp_top=27669 runner=10340 margin=11.533737 target_next=27669 draft_next=27669
ds4: mtp timing micro drafted=2 committed=2 draft=28.647 ms snapshot=0.000 ms verify=2551.580 ms total=2580.408 ms
    
    Returnsds4: CUDA streaming expert cache disabled: available 0.00 GiB <= reserve 6.00 GiB
ds4: CUDA streaming expert cache disabled: available 0.00 GiB <= reserve 6.00 GiB
ds4: mtp conf drafted=2 committed=2 mtp_top=12249 runner=688 margin=9.001244 target_next=12249 draft_next=12249
ds4: mtp timing micro drafted=2 committed=2 draft=31.016 ms snapshot=0.000 ms verify=2502.601 ms total=2533.816 ms
:
        floatds4: CUDA streaming expert cache disabled: available 0.00 GiB <= reserve 6.00 GiB
ds4: CUDA streaming expert cache disabled: available 0.00 GiB <= reserve 6.00 GiB
ds4: mtp conf drafted=2 committed=2 mtp_top=2595 runner=3452 margin=4.709246 target_next=2595 draft_next=2595
ds4: mtp timing micro drafted=2 committed=2 draft=31.569 ms snapshot=0.000 ms verify=2463.832 ms total=2495.577 ms
: The sumds4: CUDA streaming expert cache disabled: available 0.00 GiB <= reserve 6.00 GiB
ds4: CUDA streaming expert cache disabled: available 0.00 GiB <= reserve 6.00 GiB
ds4: mtp spec miss first draft=3785
 ofds4: CUDA streaming expert cache disabled: available 0.00 GiB <= reserve 6.00 GiB
ds4: CUDA streaming expert cache disabled: available 0.00 GiB <= reserve 6.00 GiB
ds4: mtp spec miss first draft=3785
 allds4: CUDA streaming expert cache disabled: available 0.00 GiB <= reserve 6.00 GiB
ds4: CUDA loading model tensors 8.20 GiB cached
ds4: CUDA streaming expert cache disabled: available 0.00 GiB <= reserve 6.00 GiB
ds4: mtp conf drafted=2 committed=2 mtp_top=295 runner=2006 margin=4.804279 target_next=295 draft_next=295
ds4: mtp timing micro drafted=2 committed=2 draft=23.393 ms snapshot=0.000 ms verify=2433.305 ms total=2456.908 ms
 numeric values inds4: CUDA streaming expert cache disabled: available 0.00 GiB <= reserve 6.00 GiB
ds4: CUDA streaming expert cache disabled: available 0.00 GiB <= reserve 6.00 GiB
ds4: mtp conf drafted=2 committed=2 mtp_top=7133 runner=201 margin=13.796804 target_next=7133 draft_next=7133
ds4: mtp timing micro drafted=2 committed=2 draft=29.370 ms snapshot=0.000 ms verify=2423.336 ms total=2452.884 ms
 the second columnds4: CUDA streaming expert cache disabled: available 0.00 GiB <= reserve 6.00 GiB
ds4: CUDA streaming expert cache disabled: available 0.00 GiB <= reserve 6.00 GiB
ds4: mtp spec miss first draft=361
.
ds4: CUDA streaming expert cache disabled: available 0.00 GiB <= reserve 6.00 GiB
ds4: CUDA streaming expert cache disabled: available 0.00 GiB <= reserve 6.00 GiB
ds4: mtp conf drafted=2 committed=2 mtp_top=62984 runner=28988 margin=13.007120 target_next=62984 draft_next=62984
ds4: mtp timing micro drafted=2 committed=2 draft=28.379 ms snapshot=0.000 ms verify=2562.597 ms total=2591.148 ms
    
    Rais
ds4: prefill: 1.66 t/s, generation: 0.70 t/s
ds4: SPEX stats: selected_batches=3211 selected_experts=27848 cache_hits=0 cache_misses=0 hit_rate=0.0000 miss_per_expert=0.0000 direct_loads=27848 copy_calls=83544 copied=190890.00 MiB copy_ms=121904.338 copy_ms_per_batch=37.965 sync_calls=82248 sync_ms=11389.777 sync_ms_per_batch=3.547
