ds4: Linux cuda backend set oom_score_adj=1000
ds4: CUDA backend initialized on NVIDIA GeForce RTX 3060 (sm_86)
ds4: SSD streaming initial cuda model map restricted to token embedding (1 spans, 0.99 GiB tensor span)
ds4: CUDA preparing model tensor mappings
ds4: CUDA loading model tensors into device cache
ds4: CUDA startup model preparation covered 0.99 GiB of tensor spans in 0.825s
ds4: cuda backend initialized for graph diagnostics
0712 10:15:45 ds4-server: context buffers 122.69 MiB (ctx=4096, backend=cuda, prefill_chunk=512, raw_kv_rows=768, compressed_kv_rows=1026)
0712 10:15:46 ds4-server: listening on http://127.0.0.1:8061
0712 10:15:46 ds4-server: chat ctx=0..60:60 prompt start
ds4: PACE LIVEMASK on - bootstrap=10 window=30 K=23 observe_top=16 X=3 max_swaps=2 cooldown=16 hyst=1.000 weighted=0 pin=0
ds4: PACE LIVEMASK rating levers: blocked_weight=1.000 demote_horizon=30 promo_rate_cap=0 (unlimited)
ds4: PACE LIVEMASK pin-by-mass ON (DS4_REAP_PIN_BY_MASS=1) - seed+candidate ordered by MASS (lm_wshare, wcount stays knock gate); g_reap_pin_mass published per token (S7 seam)
ds4: CUDA loading model tensors 0.13 GiB cached
ds4: CUDA loading model tensors 0.14 GiB cached
ds4: CUDA loading model tensors 0.13 GiB cached
ds4: CUDA loading model tensors 0.14 GiB cached
ds4: CUDA loading model tensors 0.00 GiB cached
0712 10:16:40 ds4-server: chat ctx=0..60:60 prompt done 52.647s
ds4: REAP mask applied: 40 layer, 40 device range aggiornati/creati
ds4: PACE LIVEMASK seeded at tok=10 K=23 window=30
0712 10:17:00 ds4-server: chat ctx=60..100:40 gen=40 decoding chunk=2.09 t/s avg=2.09 t/s 19.169s
0712 10:17:00 ds4-server: chat ctx=0..60:60 gen=40 finish=length 71.819s
0712 10:17:00 ds4-server: live kv cache miss live=100 prompt=60 common=60 reason=token-mismatch
0712 10:17:00 ds4-server: chat ctx=0..60:60 prompt start
ds4: REAP mask applied: 40 layer, 40 device range aggiornati/creati
ds4: CUDA loading model tensors 0.01 GiB cached
0712 10:17:10 ds4-server: chat ctx=0..60:60 prompt done 9.612s
ds4: CUDA loading model tensors 3.95 GiB cached
ds4: REAP mask applied: 40 layer, 40 device range aggiornati/creati
ds4: PACE LIVEMASK seeded at tok=10 K=23 window=30
ds4: REAP mask applied: 40 layer, 40 device range aggiornati/creati
ds4: REAP mask applied: 40 layer, 40 device range aggiornati/creati
ds4: REAP mask applied: 40 layer, 40 device range aggiornati/creati
ds4: REAP mask applied: 40 layer, 40 device range aggiornati/creati
0712 10:17:28 ds4-server: chat ctx=60..110:50 gen=50 decoding chunk=2.74 t/s avg=2.74 t/s 18.221s
ds4: REAP mask applied: 40 layer, 40 device range aggiornati/creati
ds4: REAP mask applied: 40 layer, 40 device range aggiornati/creati
ds4: REAP mask applied: 40 layer, 40 device range aggiornati/creati
ds4: REAP mask applied: 40 layer, 40 device range aggiornati/creati
ds4: CUDA loading model tensors 7.86 GiB cached
0712 10:17:45 ds4-server: chat ctx=110..160:50 gen=100 decoding chunk=3.08 t/s avg=2.90 t/s 34.479s
ds4: REAP mask applied: 40 layer, 40 device range aggiornati/creati
ds4: REAP mask applied: 40 layer, 40 device range aggiornati/creati
ds4: REAP mask applied: 40 layer, 40 device range aggiornati/creati
ds4: REAP mask applied: 40 layer, 40 device range aggiornati/creati
ds4: REAP mask applied: 40 layer, 40 device range aggiornati/creati
ds4: REAP mask applied: 40 layer, 40 device range aggiornati/creati
ds4: REAP mask applied: 40 layer, 40 device range aggiornati/creati
ds4: REAP mask applied: 40 layer, 40 device range aggiornati/creati
ds4: REAP mask applied: 40 layer, 40 device range aggiornati/creati
ds4: REAP mask applied: 40 layer, 40 device range aggiornati/creati
ds4: REAP mask applied: 40 layer, 40 device range aggiornati/creati
ds4: REAP mask applied: 40 layer, 40 device range aggiornati/creati
ds4: REAP mask applied: 40 layer, 40 device range aggiornati/creati
ds4: REAP mask applied: 40 layer, 40 device range aggiornati/creati
0712 10:18:01 ds4-server: chat ctx=160..210:50 gen=150 decoding chunk=3.12 t/s avg=2.97 t/s 50.526s
0712 10:18:18 ds4-server: chat ctx=210..260:50 gen=200 decoding chunk=3.21 t/s avg=3.03 t/s 66.085s
0712 10:18:33 ds4-server: chat ctx=260..310:50 gen=250 decoding chunk=3.23 t/s avg=3.07 t/s 81.563s
ds4: REAP mask applied: 40 layer, 40 device range aggiornati/creati
0712 10:18:50 ds4-server: chat ctx=310..360:50 gen=300 decoding chunk=3.20 t/s avg=3.09 t/s 97.184s
0712 10:19:05 ds4-server: chat ctx=360..410:50 gen=350 decoding chunk=3.23 t/s avg=3.11 t/s 112.687s
0712 10:19:22 ds4-server: chat ctx=410..460:50 gen=400 decoding chunk=3.21 t/s avg=3.12 t/s 128.252s
0712 10:19:37 ds4-server: chat ctx=460..510:50 gen=450 decoding chunk=3.21 t/s avg=3.13 t/s 143.808s
0712 10:19:54 ds4-server: chat ctx=510..560:50 gen=500 decoding chunk=3.17 t/s avg=3.13 t/s 159.560s
0712 10:20:09 ds4-server: chat ctx=560..610:50 gen=550 decoding chunk=3.23 t/s avg=3.14 t/s 175.020s
0712 10:20:26 ds4-server: chat ctx=610..660:50 gen=600 decoding chunk=3.19 t/s avg=3.15 t/s 190.693s
0712 10:20:42 ds4-server: chat ctx=660..710:50 gen=650 decoding chunk=3.21 t/s avg=3.15 t/s 206.247s
0712 10:20:58 ds4-server: chat ctx=710..760:50 gen=700 decoding chunk=3.18 t/s avg=3.15 t/s 221.961s
0712 10:21:14 ds4-server: chat ctx=760..810:50 gen=750 decoding chunk=3.19 t/s avg=3.16 t/s 237.621s
0712 10:21:29 ds4-server: chat ctx=810..860:50 gen=800 decoding chunk=3.22 t/s avg=3.16 t/s 253.138s
0712 10:21:46 ds4-server: chat ctx=860..910:50 gen=850 decoding chunk=3.21 t/s avg=3.16 t/s 268.704s
0712 10:22:02 ds4-server: chat ctx=910..960:50 gen=900 decoding chunk=3.17 t/s avg=3.16 t/s 284.498s
0712 10:22:02 ds4-server: chat ctx=0..60:60 gen=900 finish=length 294.112s
0712 10:22:02 ds4-server: shutdown requested, draining requests
