ds4: Linux cuda backend set oom_score_adj=1000
ds4: CUDA backend initialized on NVIDIA GeForce RTX 3060 (sm_86)
ds4: SSD streaming initial cuda model map restricted to token embedding (1 spans, 0.99 GiB tensor span)
ds4: CUDA preparing model tensor mappings
ds4: CUDA loading model tensors into device cache
ds4: CUDA startup model preparation covered 0.99 GiB of tensor spans in 0.849s
ds4: cuda backend initialized for graph diagnostics
0712 14:32:38 ds4-server: context buffers 93.82 MiB (ctx=2048, backend=cuda, prefill_chunk=512, raw_kv_rows=768, compressed_kv_rows=514)
0712 14:32:38 ds4-server: listening on http://127.0.0.1:8052
0712 14:32:41 ds4-server: chat ctx=0..78:78 prompt start
ds4: PACE on - warmup=16 keep=23[23..96] step=0 ngram(n=3,win=120) drift=1.00 rel=0.15 hyst=200 breath(every=999999,len=80,keep=96,relearn=0) prebreath(on=0,drift=0.70,target=0.70,every=64,max=96,adapt=0,gain=8.00,pow=1.00,step_max=0,relearn=0,rdecay=0.30) anneal_warm=300 wrap=1 wrap_rotate=0 cache_flush=0 prefill_apply=0 prefill_wait_wrap=0 s1=0 exchange=0 relearn_on_tighten=0 weighted(warmup=1,relearn=0) rotate(on=0,every=32,decay=0.980,preserve_stable=1)
ds4: PACE prefill_reset tok=0 phase=1 keep=0 ngram=0.000 hit=1.000 breaths=0
ds4: expert tiering observe enabled (DS4_EXPERT_TIERING=observe; log=)
ds4: CUDA loading model tensors 0.15 GiB cached
ds4: CUDA loading model tensors 0.16 GiB cached
ds4: CUDA loading model tensors 0.15 GiB cached
ds4: CUDA loading model tensors 0.00 GiB cached
ds4: CUDA loading model tensors 0.01 GiB cached
0712 14:33:41 ds4-server: chat ctx=0..78:78 prompt done 58.632s
ds4: SPEX hidden GPU weights uploaded 86.00 MiB
ds4: SPEX hidden SPX1 loaded '/mnt/c/Users/imanu/source/repos/moe-aggressive-commit/runs/spex/spex_model/ds4flash_d2_nextlayer.spex' L=43 D=4096 E=256 weights=90177536 bytes; hidden-readback prefetch=off gpu-prefetch=on
ds4: CUDA loading model tensors 2.22 GiB cached
ds4: CUDA loading model tensors 7.86 GiB cached
ds4: PACE learned      tok=16 phase=2 keep=0 ngram=0.000 hit=1.000 breaths=0
ds4: REAP mask applied: 40 layer, 40 device range aggiornati/creati
ds4: PACE descent      tok=17 phase=3 keep=23 ngram=0.000 hit=1.000 breaths=0
ds4: SPEX hidden GPU scoring active cap=27 (hidden-prefetch=off gpu-prefetch=on)
ds4: REAP prefetch (fattorino): 40 layer, 920 expert, 2496 range, 6.07 GiB touched in 2079 ms (16 thread, mlock)
ds4: SPEX hidden GPU topK async readback not scheduled (reported once)
ds4: SPEX hidden-gpu prefetch stats periodic scheduled=711 schedule_failed=9 ready=657 not_ready=18 zero=667 dry=0 seed_calls=349 seed_ok=349 seed_failed=0 skipped_all_resident=308 candidate_experts=2628 seed_experts=987 resident_before=1641 seed_ms=1433.767
ds4: SPEX hidden-gpu prefetch stats periodic scheduled=897 schedule_failed=11 ready=831 not_ready=22 zero=673 dry=0 seed_calls=427 seed_ok=427 seed_failed=0 skipped_all_resident=404 candidate_experts=3324 seed_experts=1213 resident_before=2111 seed_ms=1906.312
0712 14:35:59 ds4-server: chat ctx=78..128:50 gen=50 decoding chunk=0.38 t/s avg=0.38 t/s 133.243s
ds4: SPEX hidden-gpu prefetch stats periodic scheduled=1437 schedule_failed=16 ready=1332 not_ready=35 zero=691 dry=0 seed_calls=681 seed_ok=681 seed_failed=0 skipped_all_resident=651 candidate_experts=5328 seed_experts=1870 resident_before=3458 seed_ms=3019.527
ds4: SPEX hidden-gpu prefetch stats periodic scheduled=1613 schedule_failed=18 ready=1496 not_ready=39 zero=697 dry=0 seed_calls=769 seed_ok=769 seed_failed=0 skipped_all_resident=727 candidate_experts=5984 seed_experts=2134 resident_before=3850 seed_ms=3462.687
ds4: SPEX hidden-gpu prefetch stats periodic scheduled=1794 schedule_failed=21 ready=1662 not_ready=44 zero=705 dry=0 seed_calls=854 seed_ok=854 seed_failed=0 skipped_all_resident=808 candidate_experts=6648 seed_experts=2366 resident_before=4282 seed_ms=3775.292
ds4: SPEX hidden-gpu prefetch stats periodic scheduled=1980 schedule_failed=23 ready=1836 not_ready=48 zero=711 dry=0 seed_calls=932 seed_ok=932 seed_failed=0 skipped_all_resident=904 candidate_experts=7344 seed_experts=2591 resident_before=4753 seed_ms=4103.632
ds4: SPEX hidden-gpu prefetch stats periodic scheduled=2165 schedule_failed=25 ready=2006 not_ready=53 zero=718 dry=0 seed_calls=1013 seed_ok=1013 seed_failed=0 skipped_all_resident=993 candidate_experts=8024 seed_experts=2824 resident_before=5200 seed_ms=4422.180
ds4: SPEX hidden-gpu prefetch stats periodic scheduled=2878 schedule_failed=34 ready=2668 not_ready=70 zero=744 dry=0 seed_calls=1358 seed_ok=1358 seed_failed=0 skipped_all_resident=1310 candidate_experts=10672 seed_experts=3801 resident_before=6871 seed_ms=6327.381
ds4: SPEX hidden-gpu prefetch stats periodic scheduled=3064 schedule_failed=36 ready=2842 not_ready=74 zero=750 dry=0 seed_calls=1436 seed_ok=1436 seed_failed=0 skipped_all_resident=1406 candidate_experts=11368 seed_experts=4023 resident_before=7345 seed_ms=6592.261
ds4: SPEX hidden-gpu prefetch stats periodic scheduled=3247 schedule_failed=38 ready=3010 not_ready=79 zero=757 dry=0 seed_calls=1519 seed_ok=1519 seed_failed=0 skipped_all_resident=1491 candidate_experts=12040 seed_experts=4235 resident_before=7805 seed_ms=6931.675
ds4: SPEX hidden-gpu prefetch stats periodic scheduled=3424 schedule_failed=40 ready=3175 not_ready=83 zero=763 dry=0 seed_calls=1606 seed_ok=1606 seed_failed=0 skipped_all_resident=1569 candidate_experts=12700 seed_experts=4455 resident_before=8245 seed_ms=7323.029
0712 14:37:53 ds4-server: chat ctx=128..178:50 gen=100 decoding chunk=0.45 t/s avg=0.41 t/s 243.816s
ds4: SPEX hidden-gpu prefetch stats periodic scheduled=3965 schedule_failed=47 ready=3677 not_ready=96 zero=783 dry=0 seed_calls=1859 seed_ok=1859 seed_failed=0 skipped_all_resident=1818 candidate_experts=14708 seed_experts=5102 resident_before=9606 seed_ms=8304.691
ds4: SPEX hidden-gpu prefetch stats periodic scheduled=4507 schedule_failed=53 ready=4180 not_ready=109 zero=802 dry=0 seed_calls=2111 seed_ok=2111 seed_failed=0 skipped_all_resident=2069 candidate_experts=16720 seed_experts=5749 resident_before=10971 seed_ms=9108.134
ds4: SPEX hidden-gpu prefetch stats periodic scheduled=4683 schedule_failed=55 ready=4344 not_ready=113 zero=808 dry=0 seed_calls=2199 seed_ok=2199 seed_failed=0 skipped_all_resident=2145 candidate_experts=17376 seed_experts=6004 resident_before=11372 seed_ms=9426.650
ds4: SPEX hidden-gpu prefetch stats periodic scheduled=4865 schedule_failed=58 ready=4511 not_ready=118 zero=816 dry=0 seed_calls=2283 seed_ok=2283 seed_failed=0 skipped_all_resident=2228 candidate_experts=18044 seed_experts=6222 resident_before=11822 seed_ms=9684.201
ds4: SPEX hidden-gpu prefetch stats periodic scheduled=5051 schedule_failed=60 ready=4685 not_ready=122 zero=822 dry=0 seed_calls=2361 seed_ok=2361 seed_failed=0 skipped_all_resident=2324 candidate_experts=18740 seed_experts=6431 resident_before=12309 seed_ms=9937.423
ds4: SPEX hidden-gpu prefetch stats periodic scheduled=5236 schedule_failed=62 ready=4855 not_ready=127 zero=829 dry=0 seed_calls=2442 seed_ok=2442 seed_failed=0 skipped_all_resident=2413 candidate_experts=19420 seed_experts=6677 resident_before=12743 seed_ms=10231.257
ds4: SPEX hidden-gpu prefetch stats periodic scheduled=5412 schedule_failed=64 ready=5019 not_ready=131 zero=835 dry=0 seed_calls=2530 seed_ok=2530 seed_failed=0 skipped_all_resident=2489 candidate_experts=20076 seed_experts=6952 resident_before=13124 seed_ms=10565.566
0712 14:38:38 ds4-server: chat ctx=178..228:50 gen=150 decoding chunk=1.15 t/s avg=0.52 t/s 287.162s
ds4: SPEX hidden-gpu prefetch stats periodic scheduled=5588 schedule_failed=66 ready=5183 not_ready=135 zero=841 dry=0 seed_calls=2618 seed_ok=2618 seed_failed=0 skipped_all_resident=2565 candidate_experts=20732 seed_experts=7200 resident_before=13532 seed_ms=10853.803
ds4: SPEX hidden-gpu prefetch stats periodic scheduled=5948 schedule_failed=71 ready=5516 not_ready=144 zero=855 dry=0 seed_calls=2788 seed_ok=2788 seed_failed=0 skipped_all_resident=2728 candidate_experts=22064 seed_experts=7671 resident_before=14393 seed_ms=11397.540
ds4: SPEX hidden-gpu prefetch stats periodic scheduled=6136 schedule_failed=73 ready=5692 not_ready=148 zero=861 dry=0 seed_calls=2864 seed_ok=2864 seed_failed=0 skipped_all_resident=2828 candidate_experts=22768 seed_experts=7853 resident_before=14915 seed_ms=11615.620
ds4: SPEX hidden-gpu prefetch stats periodic scheduled=6319 schedule_failed=75 ready=5860 not_ready=153 zero=868 dry=0 seed_calls=2947 seed_ok=2947 seed_failed=0 skipped_all_resident=2913 candidate_experts=23440 seed_experts=8075 resident_before=15365 seed_ms=11888.944
ds4: SPEX hidden-gpu prefetch stats periodic scheduled=6495 schedule_failed=77 ready=6024 not_ready=157 zero=874 dry=0 seed_calls=3035 seed_ok=3035 seed_failed=0 skipped_all_resident=2989 candidate_experts=24096 seed_experts=8324 resident_before=15772 seed_ms=12197.602
ds4: SPEX hidden-gpu prefetch stats periodic scheduled=7034 schedule_failed=84 ready=6524 not_ready=170 zero=894 dry=0 seed_calls=3290 seed_ok=3290 seed_failed=0 skipped_all_resident=3234 candidate_experts=26096 seed_experts=9061 resident_before=17035 seed_ms=13099.332
ds4: SPEX hidden-gpu prefetch stats periodic scheduled=7220 schedule_failed=86 ready=6698 not_ready=174 zero=900 dry=0 seed_calls=3368 seed_ok=3368 seed_failed=0 skipped_all_resident=3330 candidate_experts=26792 seed_experts=9282 resident_before=17510 seed_ms=13354.824
ds4: SPEX hidden-gpu prefetch stats periodic scheduled=7576 schedule_failed=90 ready=7027 not_ready=183 zero=913 dry=0 seed_calls=3542 seed_ok=3542 seed_failed=0 skipped_all_resident=3485 candidate_experts=28108 seed_experts=9802 resident_before=18306 seed_ms=13963.351
0712 14:39:03 ds4-server: chat ctx=228..278:50 gen=200 decoding chunk=2.05 t/s avg=0.64 t/s 311.509s
ds4: SPEX hidden-gpu prefetch stats periodic scheduled=7752 schedule_failed=92 ready=7191 not_ready=187 zero=919 dry=0 seed_calls=3630 seed_ok=3630 seed_failed=0 skipped_all_resident=3561 candidate_experts=28764 seed_experts=10070 resident_before=18694 seed_ms=14274.365
ds4: SPEX hidden-gpu prefetch stats periodic scheduled=7931 schedule_failed=94 ready=7355 not_ready=192 zero=925 dry=0 seed_calls=3717 seed_ok=3717 seed_failed=0 skipped_all_resident=3638 candidate_experts=29420 seed_experts=10337 resident_before=19083 seed_ms=14582.639
ds4: SPEX hidden-gpu prefetch stats periodic scheduled=7931 schedule_failed=94 ready=7355 not_ready=192 zero=926 dry=0 seed_calls=3717 seed_ok=3717 seed_failed=0 skipped_all_resident=3638 candidate_experts=29420 seed_experts=10337 resident_before=19083 seed_ms=14582.639
ds4: SPEX hidden-gpu prefetch stats periodic scheduled=8117 schedule_failed=96 ready=7529 not_ready=196 zero=932 dry=0 seed_calls=3795 seed_ok=3795 seed_failed=0 skipped_all_resident=3734 candidate_experts=30116 seed_experts=10571 resident_before=19545 seed_ms=14850.106
ds4: SPEX hidden-gpu prefetch stats periodic scheduled=8305 schedule_failed=98 ready=7702 not_ready=201 zero=938 dry=0 seed_calls=3873 seed_ok=3873 seed_failed=0 skipped_all_resident=3829 candidate_experts=30808 seed_experts=10789 resident_before=20019 seed_ms=15095.956
ds4: SPEX hidden-gpu prefetch stats periodic scheduled=8305 schedule_failed=98 ready=7702 not_ready=201 zero=939 dry=0 seed_calls=3873 seed_ok=3873 seed_failed=0 skipped_all_resident=3829 candidate_experts=30808 seed_experts=10789 resident_before=20019 seed_ms=15095.956
ds4: SPEX hidden-gpu prefetch stats periodic scheduled=9013 schedule_failed=107 ready=8359 not_ready=218 zero=965 dry=0 seed_calls=4223 seed_ok=4223 seed_failed=0 skipped_all_resident=4136 candidate_experts=33436 seed_experts=11829 resident_before=21607 seed_ms=16299.175
ds4: SPEX hidden-gpu prefetch stats periodic scheduled=9200 schedule_failed=109 ready=8534 not_ready=222 zero=971 dry=0 seed_calls=4300 seed_ok=4300 seed_failed=0 skipped_all_resident=4234 candidate_experts=34136 seed_experts=12049 resident_before=22087 seed_ms=16576.720
ds4: SPEX hidden-gpu prefetch stats periodic scheduled=9386 schedule_failed=111 ready=8705 not_ready=227 zero=978 dry=0 seed_calls=4380 seed_ok=4380 seed_failed=0 skipped_all_resident=4325 candidate_experts=34820 seed_experts=12276 resident_before=22544 seed_ms=16860.739
ds4: SPEX hidden-gpu prefetch stats periodic scheduled=9562 schedule_failed=113 ready=8869 not_ready=231 zero=984 dry=0 seed_calls=4468 seed_ok=4468 seed_failed=0 skipped_all_resident=4401 candidate_experts=35476 seed_experts=12563 resident_before=22913 seed_ms=17208.594
0712 14:39:29 ds4-server: chat ctx=278..328:50 gen=250 decoding chunk=2.09 t/s avg=0.75 t/s 335.465s
ds4: SPEX hidden-gpu prefetch stats periodic scheduled=9738 schedule_failed=115 ready=9033 not_ready=235 zero=990 dry=0 seed_calls=4556 seed_ok=4556 seed_failed=0 skipped_all_resident=4477 candidate_experts=36132 seed_experts=12810 resident_before=23322 seed_ms=17529.446
ds4: SPEX hidden-gpu prefetch stats periodic scheduled=9914 schedule_failed=117 ready=9197 not_ready=239 zero=996 dry=0 seed_calls=4644 seed_ok=4644 seed_failed=0 skipped_all_resident=4553 candidate_experts=36788 seed_experts=13075 resident_before=23713 seed_ms=17855.340
ds4: SPEX hidden-gpu prefetch stats periodic scheduled=10095 schedule_failed=120 ready=9363 not_ready=244 zero=1004 dry=0 seed_calls=4729 seed_ok=4729 seed_failed=0 skipped_all_resident=4634 candidate_experts=37452 seed_experts=13327 resident_before=24125 seed_ms=18149.922
ds4: SPEX hidden-gpu prefetch stats periodic scheduled=10281 schedule_failed=122 ready=9537 not_ready=248 zero=1010 dry=0 seed_calls=4807 seed_ok=4807 seed_failed=0 skipped_all_resident=4730 candidate_experts=38148 seed_experts=13577 resident_before=24571 seed_ms=18438.392
ds4: SPEX hidden-gpu prefetch stats periodic scheduled=10466 schedule_failed=124 ready=9707 not_ready=253 zero=1017 dry=0 seed_calls=4888 seed_ok=4888 seed_failed=0 skipped_all_resident=4819 candidate_experts=38828 seed_experts=13819 resident_before=25009 seed_ms=18717.113
ds4: SPEX hidden-gpu prefetch stats periodic scheduled=10642 schedule_failed=126 ready=9871 not_ready=257 zero=1023 dry=0 seed_calls=4976 seed_ok=4976 seed_failed=0 skipped_all_resident=4895 candidate_experts=39484 seed_experts=14096 resident_before=25388 seed_ms=19025.851
ds4: SPEX hidden-gpu prefetch stats periodic scheduled=10818 schedule_failed=128 ready=10035 not_ready=261 zero=1029 dry=0 seed_calls=5064 seed_ok=5064 seed_failed=0 skipped_all_resident=4971 candidate_experts=40140 seed_experts=14354 resident_before=25786 seed_ms=19329.703
ds4: SPEX hidden-gpu prefetch stats periodic scheduled=10994 schedule_failed=130 ready=10199 not_ready=265 zero=1035 dry=0 seed_calls=5152 seed_ok=5152 seed_failed=0 skipped_all_resident=5047 candidate_experts=40796 seed_experts=14633 resident_before=26163 seed_ms=19666.125
ds4: SPEX hidden-gpu prefetch stats periodic scheduled=11176 schedule_failed=133 ready=10366 not_ready=270 zero=1043 dry=0 seed_calls=5236 seed_ok=5236 seed_failed=0 skipped_all_resident=5130 candidate_experts=41464 seed_experts=14863 resident_before=26601 seed_ms=19933.189
ds4: SPEX hidden-gpu prefetch stats periodic scheduled=11362 schedule_failed=135 ready=10540 not_ready=274 zero=1049 dry=0 seed_calls=5314 seed_ok=5314 seed_failed=0 skipped_all_resident=5226 candidate_experts=42160 seed_experts=15086 resident_before=27074 seed_ms=20192.137
0712 14:39:53 ds4-server: chat ctx=328..378:50 gen=300 decoding chunk=2.16 t/s avg=0.84 t/s 358.632s
ds4: SPEX hidden-gpu prefetch stats periodic scheduled=12258 schedule_failed=146 ready=11370 not_ready=296 zero=1082 dry=0 seed_calls=5742 seed_ok=5742 seed_failed=0 skipped_all_resident=5628 candidate_experts=45480 seed_experts=16359 resident_before=29121 seed_ms=21636.673
ds4: SPEX hidden-gpu prefetch stats periodic scheduled=12444 schedule_failed=148 ready=11544 not_ready=300 zero=1088 dry=0 seed_calls=5820 seed_ok=5820 seed_failed=0 skipped_all_resident=5724 candidate_experts=46176 seed_experts=16613 resident_before=29563 seed_ms=21925.640
ds4: SPEX hidden-gpu prefetch stats periodic scheduled=12627 schedule_failed=149 ready=11712 not_ready=305 zero=1094 dry=0 seed_calls=5903 seed_ok=5903 seed_failed=0 skipped_all_resident=5809 candidate_experts=46848 seed_experts=16860 resident_before=29988 seed_ms=22204.837
ds4: SPEX hidden-gpu prefetch stats periodic scheduled=12803 schedule_failed=151 ready=11876 not_ready=309 zero=1100 dry=0 seed_calls=5991 seed_ok=5991 seed_failed=0 skipped_all_resident=5885 candidate_experts=47504 seed_experts=17118 resident_before=30386 seed_ms=22502.388
ds4: SPEX hidden-gpu prefetch stats periodic scheduled=12979 schedule_failed=153 ready=12040 not_ready=313 zero=1106 dry=0 seed_calls=6079 seed_ok=6079 seed_failed=0 skipped_all_resident=5961 candidate_experts=48160 seed_experts=17422 resident_before=30738 seed_ms=22846.854
ds4: SPEX hidden-gpu prefetch stats periodic scheduled=13155 schedule_failed=155 ready=12204 not_ready=317 zero=1112 dry=0 seed_calls=6167 seed_ok=6167 seed_failed=0 skipped_all_resident=6037 candidate_experts=48816 seed_experts=17692 resident_before=31124 seed_ms=23154.022
ds4: SPEX hidden-gpu prefetch stats periodic scheduled=13339 schedule_failed=158 ready=12373 not_ready=322 zero=1120 dry=0 seed_calls=6249 seed_ok=6249 seed_failed=0 skipped_all_resident=6124 candidate_experts=49492 seed_experts=17949 resident_before=31543 seed_ms=23443.974
ds4: SPEX hidden-gpu prefetch stats periodic scheduled=13525 schedule_failed=160 ready=12547 not_ready=326 zero=1126 dry=0 seed_calls=6327 seed_ok=6327 seed_failed=0 skipped_all_resident=6220 candidate_experts=50188 seed_experts=18172 resident_before=32016 seed_ms=23697.598
ds4: SPEX hidden-gpu prefetch stats periodic scheduled=13707 schedule_failed=162 ready=12714 not_ready=331 zero=1133 dry=0 seed_calls=6411 seed_ok=6411 seed_failed=0 skipped_all_resident=6303 candidate_experts=50856 seed_experts=18425 resident_before=32431 seed_ms=23992.568
0712 14:40:16 ds4-server: chat ctx=378..428:50 gen=350 decoding chunk=2.16 t/s avg=0.92 t/s 381.754s
ds4: SPEX hidden-gpu prefetch stats periodic scheduled=13883 schedule_failed=164 ready=12878 not_ready=335 zero=1139 dry=0 seed_calls=6499 seed_ok=6499 seed_failed=0 skipped_all_resident=6379 candidate_experts=51512 seed_experts=18689 resident_before=32823 seed_ms=24306.321
ds4: SPEX hidden-gpu prefetch stats periodic scheduled=14059 schedule_failed=166 ready=13042 not_ready=339 zero=1145 dry=0 seed_calls=6587 seed_ok=6587 seed_failed=0 skipped_all_resident=6455 candidate_experts=52168 seed_experts=18947 resident_before=33221 seed_ms=24618.673
ds4: SPEX hidden-gpu prefetch stats periodic scheduled=14421 schedule_failed=171 ready=13377 not_ready=348 zero=1159 dry=0 seed_calls=6755 seed_ok=6755 seed_failed=0 skipped_all_resident=6622 candidate_experts=53508 seed_experts=19456 resident_before=34052 seed_ms=25223.555
ds4: SPEX hidden-gpu prefetch stats periodic scheduled=14607 schedule_failed=173 ready=13551 not_ready=352 zero=1165 dry=0 seed_calls=6833 seed_ok=6833 seed_failed=0 skipped_all_resident=6718 candidate_experts=54204 seed_experts=19684 resident_before=34520 seed_ms=25497.502
ds4: SPEX hidden-gpu prefetch stats periodic scheduled=15502 schedule_failed=184 ready=14380 not_ready=374 zero=1198 dry=0 seed_calls=7262 seed_ok=7262 seed_failed=0 skipped_all_resident=7118 candidate_experts=57520 seed_experts=21003 resident_before=36517 seed_ms=27011.912
ds4: SPEX hidden-gpu prefetch stats periodic scheduled=15688 schedule_failed=186 ready=14554 not_ready=378 zero=1204 dry=0 seed_calls=7340 seed_ok=7340 seed_failed=0 skipped_all_resident=7214 candidate_experts=58216 seed_experts=21224 resident_before=36992 seed_ms=27258.991
0712 14:40:40 ds4-server: chat ctx=428..478:50 gen=400 decoding chunk=2.17 t/s avg=0.99 t/s 404.770s
ds4: SPEX hidden-gpu prefetch stats periodic scheduled=16583 schedule_failed=197 ready=15383 not_ready=400 zero=1237 dry=0 seed_calls=7769 seed_ok=7769 seed_failed=0 skipped_all_resident=7614 candidate_experts=61532 seed_experts=22496 resident_before=39036 seed_ms=28718.944
ds4: SPEX hidden-gpu prefetch stats periodic scheduled=16769 schedule_failed=199 ready=15557 not_ready=404 zero=1243 dry=0 seed_calls=7847 seed_ok=7847 seed_failed=0 skipped_all_resident=7710 candidate_experts=62228 seed_experts=22730 resident_before=39498 seed_ms=28980.474
ds4: SPEX hidden-gpu prefetch stats periodic scheduled=17479 schedule_failed=209 ready=16213 not_ready=422 zero=1271 dry=0 seed_calls=8197 seed_ok=8197 seed_failed=0 skipped_all_resident=8016 candidate_experts=64852 seed_experts=23800 resident_before=41052 seed_ms=30193.607
ds4: SPEX hidden-gpu prefetch stats periodic scheduled=17665 schedule_failed=211 ready=16387 not_ready=426 zero=1277 dry=0 seed_calls=8275 seed_ok=8275 seed_failed=0 skipped_all_resident=8112 candidate_experts=65548 seed_experts=24049 resident_before=41499 seed_ms=30479.785
0712 14:41:04 ds4-server: chat ctx=478..528:50 gen=450 decoding chunk=2.23 t/s avg=1.05 t/s 427.189s
ds4: SPEX hidden-gpu prefetch stats periodic scheduled=18380 schedule_failed=219 ready=17051 not_ready=443 zero=1302 dry=0 seed_calls=8618 seed_ok=8618 seed_failed=0 skipped_all_resident=8433 candidate_experts=68204 seed_experts=25118 resident_before=43086 seed_ms=31691.345
ds4: SPEX hidden-gpu prefetch stats periodic scheduled=18561 schedule_failed=222 ready=17217 not_ready=448 zero=1310 dry=0 seed_calls=8703 seed_ok=8703 seed_failed=0 skipped_all_resident=8514 candidate_experts=68868 seed_experts=25380 resident_before=43488 seed_ms=32008.898
ds4: SPEX hidden-gpu prefetch stats periodic scheduled=18747 schedule_failed=224 ready=17391 not_ready=452 zero=1316 dry=0 seed_calls=8781 seed_ok=8781 seed_failed=0 skipped_all_resident=8610 candidate_experts=69564 seed_experts=25640 resident_before=43924 seed_ms=32328.102
ds4: SPEX hidden-gpu prefetch stats periodic scheduled=18932 schedule_failed=226 ready=17561 not_ready=457 zero=1323 dry=0 seed_calls=8862 seed_ok=8862 seed_failed=0 skipped_all_resident=8699 candidate_experts=70244 seed_experts=25873 resident_before=44371 seed_ms=32634.827
ds4: SPEX hidden-gpu prefetch stats periodic scheduled=19108 schedule_failed=228 ready=17725 not_ready=461 zero=1329 dry=0 seed_calls=8950 seed_ok=8950 seed_failed=0 skipped_all_resident=8775 candidate_experts=70900 seed_experts=26131 resident_before=44769 seed_ms=32956.378
ds4: SPEX hidden-gpu prefetch stats periodic scheduled=19284 schedule_failed=230 ready=17889 not_ready=465 zero=1335 dry=0 seed_calls=9038 seed_ok=9038 seed_failed=0 skipped_all_resident=8851 candidate_experts=71556 seed_experts=26403 resident_before=45153 seed_ms=33268.409
ds4: SPEX hidden-gpu prefetch stats periodic scheduled=19460 schedule_failed=232 ready=18053 not_ready=469 zero=1341 dry=0 seed_calls=9126 seed_ok=9126 seed_failed=0 skipped_all_resident=8927 candidate_experts=72212 seed_experts=26684 resident_before=45528 seed_ms=33592.458
ds4: SPEX hidden-gpu prefetch stats periodic scheduled=19642 schedule_failed=235 ready=18220 not_ready=474 zero=1349 dry=0 seed_calls=9210 seed_ok=9210 seed_failed=0 skipped_all_resident=9010 candidate_experts=72880 seed_experts=26926 resident_before=45954 seed_ms=33877.766
ds4: SPEX hidden-gpu prefetch stats periodic scheduled=19828 schedule_failed=237 ready=18394 not_ready=478 zero=1355 dry=0 seed_calls=9288 seed_ok=9288 seed_failed=0 skipped_all_resident=9106 candidate_experts=73576 seed_experts=27159 resident_before=46417 seed_ms=34150.044
ds4: SPEX hidden-gpu prefetch stats periodic scheduled=20012 schedule_failed=239 ready=18563 not_ready=483 zero=1362 dry=0 seed_calls=9370 seed_ok=9370 seed_failed=0 skipped_all_resident=9193 candidate_experts=74252 seed_experts=27414 resident_before=46838 seed_ms=34436.482
0712 14:41:28 ds4-server: chat ctx=528..578:50 gen=500 decoding chunk=2.16 t/s avg=1.11 t/s 450.338s
ds4: SPEX hidden-gpu prefetch stats periodic scheduled=20188 schedule_failed=241 ready=18727 not_ready=487 zero=1368 dry=0 seed_calls=9458 seed_ok=9458 seed_failed=0 skipped_all_resident=9269 candidate_experts=74908 seed_experts=27697 resident_before=47211 seed_ms=34761.308
ds4: SPEX hidden-gpu prefetch stats periodic scheduled=20364 schedule_failed=243 ready=18891 not_ready=491 zero=1374 dry=0 seed_calls=9546 seed_ok=9546 seed_failed=0 skipped_all_resident=9345 candidate_experts=75564 seed_experts=27957 resident_before=47607 seed_ms=35055.728
ds4: SPEX hidden-gpu prefetch stats periodic scheduled=20724 schedule_failed=248 ready=19224 not_ready=500 zero=1388 dry=0 seed_calls=9716 seed_ok=9716 seed_failed=0 skipped_all_resident=9508 candidate_experts=76896 seed_experts=28454 resident_before=48442 seed_ms=35619.864
ds4: SPEX hidden-gpu prefetch stats periodic scheduled=20910 schedule_failed=250 ready=19398 not_ready=504 zero=1394 dry=0 seed_calls=9794 seed_ok=9794 seed_failed=0 skipped_all_resident=9604 candidate_experts=77592 seed_experts=28700 resident_before=48892 seed_ms=35895.401
ds4: SPEX hidden-gpu prefetch stats periodic scheduled=21805 schedule_failed=261 ready=20227 not_ready=526 zero=1427 dry=0 seed_calls=10223 seed_ok=10223 seed_failed=0 skipped_all_resident=10004 candidate_experts=80908 seed_experts=29986 resident_before=50922 seed_ms=37405.732
ds4: SPEX hidden-gpu prefetch stats periodic scheduled=21991 schedule_failed=263 ready=20401 not_ready=530 zero=1433 dry=0 seed_calls=10301 seed_ok=10301 seed_failed=0 skipped_all_resident=10100 candidate_experts=81604 seed_experts=30200 resident_before=51404 seed_ms=37683.363
0712 14:41:51 ds4-server: chat ctx=578..628:50 gen=550 decoding chunk=2.19 t/s avg=1.16 t/s 473.142s
ds4: SPEX hidden-gpu prefetch stats periodic scheduled=22173 schedule_failed=265 ready=20568 not_ready=535 zero=1440 dry=0 seed_calls=10385 seed_ok=10385 seed_failed=0 skipped_all_resident=10183 candidate_experts=82272 seed_experts=30461 resident_before=51811 seed_ms=38012.620
ds4: SPEX hidden-gpu prefetch stats periodic scheduled=22349 schedule_failed=267 ready=20732 not_ready=539 zero=1446 dry=0 seed_calls=10473 seed_ok=10473 seed_failed=0 skipped_all_resident=10259 candidate_experts=82928 seed_experts=30722 resident_before=52206 seed_ms=38338.500
ds4: SPEX hidden-gpu prefetch stats periodic scheduled=22525 schedule_failed=269 ready=20896 not_ready=543 zero=1452 dry=0 seed_calls=10561 seed_ok=10561 seed_failed=0 skipped_all_resident=10335 candidate_experts=83584 seed_experts=30995 resident_before=52589 seed_ms=38675.822
ds4: SPEX hidden-gpu prefetch stats periodic scheduled=22888 schedule_failed=274 ready=21232 not_ready=552 zero=1466 dry=0 seed_calls=10728 seed_ok=10728 seed_failed=0 skipped_all_resident=10504 candidate_experts=84928 seed_experts=31467 resident_before=53461 seed_ms=39223.000
ds4: SPEX hidden-gpu prefetch stats periodic scheduled=23074 schedule_failed=276 ready=21406 not_ready=556 zero=1472 dry=0 seed_calls=10806 seed_ok=10806 seed_failed=0 skipped_all_resident=10600 candidate_experts=85624 seed_experts=31710 resident_before=53914 seed_ms=39505.937
ds4: SPEX hidden-gpu prefetch stats periodic scheduled=23606 schedule_failed=282 ready=21899 not_ready=569 zero=1491 dry=0 seed_calls=11068 seed_ok=11068 seed_failed=0 skipped_all_resident=10831 candidate_experts=87596 seed_experts=32552 resident_before=55044 seed_ms=40540.707
ds4: SPEX hidden-gpu prefetch stats periodic scheduled=23782 schedule_failed=284 ready=22063 not_ready=573 zero=1497 dry=0 seed_calls=11156 seed_ok=11156 seed_failed=0 skipped_all_resident=10907 candidate_experts=88252 seed_experts=32807 resident_before=55445 seed_ms=40830.168
ds4: SPEX hidden-gpu prefetch stats periodic scheduled=23970 schedule_failed=287 ready=22236 not_ready=578 zero=1505 dry=0 seed_calls=11234 seed_ok=11234 seed_failed=0 skipped_all_resident=11002 candidate_experts=88944 seed_experts=33039 resident_before=55905 seed_ms=41092.597
ds4: SPEX hidden-gpu prefetch stats periodic scheduled=24159 schedule_failed=289 ready=22410 not_ready=583 zero=1512 dry=0 seed_calls=11311 seed_ok=11311 seed_failed=0 skipped_all_resident=11099 candidate_experts=89640 seed_experts=33266 resident_before=56374 seed_ms=41351.574
0712 14:42:15 ds4-server: chat ctx=628..678:50 gen=600 decoding chunk=2.16 t/s avg=1.21 t/s 496.277s
ds4: SPEX hidden-gpu prefetch stats periodic scheduled=24335 schedule_failed=291 ready=22574 not_ready=587 zero=1518 dry=0 seed_calls=11399 seed_ok=11399 seed_failed=0 skipped_all_resident=11175 candidate_experts=90296 seed_experts=33537 resident_before=56759 seed_ms=41659.191
ds4: SPEX hidden-gpu prefetch stats periodic scheduled=24511 schedule_failed=293 ready=22738 not_ready=591 zero=1524 dry=0 seed_calls=11487 seed_ok=11487 seed_failed=0 skipped_all_resident=11251 candidate_experts=90952 seed_experts=33786 resident_before=57166 seed_ms=41937.023
ds4: SPEX hidden-gpu prefetch stats periodic scheduled=24687 schedule_failed=295 ready=22902 not_ready=595 zero=1530 dry=0 seed_calls=11575 seed_ok=11575 seed_failed=0 skipped_all_resident=11327 candidate_experts=91608 seed_experts=34056 resident_before=57552 seed_ms=42237.049
ds4: SPEX hidden-gpu prefetch stats periodic scheduled=24867 schedule_failed=298 ready=23067 not_ready=600 zero=1538 dry=0 seed_calls=11661 seed_ok=11661 seed_failed=0 skipped_all_resident=11406 candidate_experts=92268 seed_experts=34305 resident_before=57963 seed_ms=42517.827
ds4: SPEX hidden-gpu prefetch stats periodic scheduled=25054 schedule_failed=301 ready=23242 not_ready=604 zero=1545 dry=0 seed_calls=11738 seed_ok=11738 seed_failed=0 skipped_all_resident=11504 candidate_experts=92968 seed_experts=34567 resident_before=58401 seed_ms=42814.246
ds4: SPEX hidden-gpu prefetch stats periodic scheduled=25239 schedule_failed=303 ready=23412 not_ready=609 zero=1552 dry=0 seed_calls=11819 seed_ok=11819 seed_failed=0 skipped_all_resident=11593 candidate_experts=93648 seed_experts=34808 resident_before=58840 seed_ms=43081.258
ds4: SPEX hidden-gpu prefetch stats periodic scheduled=25415 schedule_failed=305 ready=23576 not_ready=613 zero=1558 dry=0 seed_calls=11907 seed_ok=11907 seed_failed=0 skipped_all_resident=11669 candidate_experts=94304 seed_experts=35061 resident_before=59243 seed_ms=43365.279
ds4: SPEX hidden-gpu prefetch stats periodic scheduled=25591 schedule_failed=307 ready=23740 not_ready=617 zero=1564 dry=0 seed_calls=11995 seed_ok=11995 seed_failed=0 skipped_all_resident=11745 candidate_experts=94960 seed_experts=35326 resident_before=59634 seed_ms=43663.725
ds4: SPEX hidden-gpu prefetch stats periodic scheduled=25767 schedule_failed=309 ready=23904 not_ready=621 zero=1570 dry=0 seed_calls=12083 seed_ok=12083 seed_failed=0 skipped_all_resident=11821 candidate_experts=95616 seed_experts=35615 resident_before=60001 seed_ms=43996.071
ds4: SPEX hidden-gpu prefetch stats periodic scheduled=25949 schedule_failed=312 ready=24071 not_ready=626 zero=1578 dry=0 seed_calls=12167 seed_ok=12167 seed_failed=0 skipped_all_resident=11904 candidate_experts=96284 seed_experts=35881 resident_before=60403 seed_ms=44298.401
ds4: SPEX hidden-gpu prefetch stats periodic scheduled=26135 schedule_failed=314 ready=24245 not_ready=630 zero=1584 dry=0 seed_calls=12245 seed_ok=12245 seed_failed=0 skipped_all_resident=12000 candidate_experts=96980 seed_experts=36122 resident_before=60858 seed_ms=44568.924
0712 14:42:39 ds4-server: chat ctx=678..728:50 gen=650 decoding chunk=2.25 t/s avg=1.25 t/s 518.523s
ds4: SPEX hidden-gpu prefetch stats periodic scheduled=27033 schedule_failed=326 ready=25077 not_ready=652 zero=1618 dry=0 seed_calls=12671 seed_ok=12671 seed_failed=0 skipped_all_resident=12406 candidate_experts=100308 seed_experts=37382 resident_before=62926 seed_ms=46032.609
ds4: SPEX hidden-gpu prefetch stats periodic scheduled=27219 schedule_failed=328 ready=25251 not_ready=656 zero=1624 dry=0 seed_calls=12749 seed_ok=12749 seed_failed=0 skipped_all_resident=12502 candidate_experts=101004 seed_experts=37640 resident_before=63364 seed_ms=46340.667
ds4: SPEX hidden-gpu prefetch stats periodic scheduled=27400 schedule_failed=330 ready=25417 not_ready=661 zero=1631 dry=0 seed_calls=12834 seed_ok=12834 seed_failed=0 skipped_all_resident=12583 candidate_experts=101668 seed_experts=37906 resident_before=63762 seed_ms=46661.629
ds4: SPEX hidden-gpu prefetch stats periodic scheduled=27576 schedule_failed=332 ready=25581 not_ready=665 zero=1637 dry=0 seed_calls=12922 seed_ok=12922 seed_failed=0 skipped_all_resident=12659 candidate_experts=102324 seed_experts=38169 resident_before=64155 seed_ms=46977.261
ds4: SPEX hidden-gpu prefetch stats periodic scheduled=27752 schedule_failed=334 ready=25745 not_ready=669 zero=1643 dry=0 seed_calls=13010 seed_ok=13010 seed_failed=0 skipped_all_resident=12735 candidate_experts=102980 seed_experts=38448 resident_before=64532 seed_ms=47301.019
ds4: SPEX hidden-gpu prefetch stats periodic scheduled=28115 schedule_failed=339 ready=26081 not_ready=678 zero=1657 dry=0 seed_calls=13177 seed_ok=13177 seed_failed=0 skipped_all_resident=12904 candidate_experts=104324 seed_experts=38974 resident_before=65350 seed_ms=47938.820
ds4: SPEX hidden-gpu prefetch stats periodic scheduled=28301 schedule_failed=341 ready=26255 not_ready=682 zero=1663 dry=0 seed_calls=13255 seed_ok=13255 seed_failed=0 skipped_all_resident=13000 candidate_experts=105020 seed_experts=39219 resident_before=65801 seed_ms=48214.384
0712 14:43:02 ds4-server: chat ctx=728..778:50 gen=700 decoding chunk=2.18 t/s avg=1.29 t/s 541.431s
ds4: SPEX hidden-gpu prefetch stats periodic scheduled=29196 schedule_failed=352 ready=27084 not_ready=704 zero=1696 dry=0 seed_calls=13684 seed_ok=13684 seed_failed=0 skipped_all_resident=13400 candidate_experts=108336 seed_experts=40544 resident_before=67792 seed_ms=49730.867
ds4: SPEX hidden-gpu prefetch stats periodic scheduled=29382 schedule_failed=354 ready=27258 not_ready=708 zero=1702 dry=0 seed_calls=13762 seed_ok=13762 seed_failed=0 skipped_all_resident=13496 candidate_experts=109032 seed_experts=40786 resident_before=68246 seed_ms=50005.716
ds4: SPEX hidden-gpu prefetch stats periodic scheduled=30091 schedule_failed=362 ready=27913 not_ready=726 zero=1727 dry=0 seed_calls=14113 seed_ok=14113 seed_failed=0 skipped_all_resident=13800 candidate_experts=111652 seed_experts=41871 resident_before=69781 seed_ms=51235.274
ds4: SPEX hidden-gpu prefetch stats periodic scheduled=30091 schedule_failed=362 ready=27913 not_ready=726 zero=1728 dry=0 seed_calls=14113 seed_ok=14113 seed_failed=0 skipped_all_resident=13800 candidate_experts=111652 seed_experts=41871 resident_before=69781 seed_ms=51235.274
ds4: SPEX hidden-gpu prefetch stats periodic scheduled=30277 schedule_failed=364 ready=28087 not_ready=730 zero=1734 dry=0 seed_calls=14191 seed_ok=14191 seed_failed=0 skipped_all_resident=13896 candidate_experts=112348 seed_experts=42118 resident_before=70230 seed_ms=51523.061
0712 14:43:26 ds4-server: chat ctx=778..828:50 gen=750 decoding chunk=2.22 t/s avg=1.33 t/s 563.969s
ds4: SPEX hidden-gpu prefetch stats periodic scheduled=30465 schedule_failed=366 ready=28260 not_ready=735 zero=1740 dry=0 seed_calls=14269 seed_ok=14269 seed_failed=0 skipped_all_resident=13991 candidate_experts=113040 seed_experts=42341 resident_before=70699 seed_ms=51773.509
ds4: SPEX hidden-gpu prefetch stats periodic scheduled=30465 schedule_failed=366 ready=28260 not_ready=735 zero=1741 dry=0 seed_calls=14269 seed_ok=14269 seed_failed=0 skipped_all_resident=13991 candidate_experts=113040 seed_experts=42341 resident_before=70699 seed_ms=51773.509
ds4: SPEX hidden-gpu prefetch stats periodic scheduled=30641 schedule_failed=368 ready=28424 not_ready=739 zero=1747 dry=0 seed_calls=14357 seed_ok=14357 seed_failed=0 skipped_all_resident=14067 candidate_experts=113696 seed_experts=42602 resident_before=71094 seed_ms=52064.504
ds4: SPEX hidden-gpu prefetch stats periodic scheduled=30817 schedule_failed=370 ready=28588 not_ready=743 zero=1753 dry=0 seed_calls=14445 seed_ok=14445 seed_failed=0 skipped_all_resident=14143 candidate_experts=114352 seed_experts=42864 resident_before=71488 seed_ms=52363.216
ds4: SPEX hidden-gpu prefetch stats periodic scheduled=30993 schedule_failed=372 ready=28752 not_ready=747 zero=1759 dry=0 seed_calls=14533 seed_ok=14533 seed_failed=0 skipped_all_resident=14219 candidate_experts=115008 seed_experts=43130 resident_before=71878 seed_ms=52658.483
ds4: SPEX hidden-gpu prefetch stats periodic scheduled=31172 schedule_failed=375 ready=28916 not_ready=752 zero=1767 dry=0 seed_calls=14620 seed_ok=14620 seed_failed=0 skipped_all_resident=14296 candidate_experts=115664 seed_experts=43357 resident_before=72307 seed_ms=52911.053
ds4: SPEX hidden-gpu prefetch stats periodic scheduled=31358 schedule_failed=377 ready=29090 not_ready=756 zero=1773 dry=0 seed_calls=14698 seed_ok=14698 seed_failed=0 skipped_all_resident=14392 candidate_experts=116360 seed_experts=43600 resident_before=72760 seed_ms=53181.608
ds4: SPEX hidden-gpu prefetch stats periodic scheduled=31545 schedule_failed=379 ready=29262 not_ready=761 zero=1780 dry=0 seed_calls=14777 seed_ok=14777 seed_failed=0 skipped_all_resident=14485 candidate_experts=117048 seed_experts=43830 resident_before=73218 seed_ms=53437.107
ds4: SPEX hidden-gpu prefetch stats periodic scheduled=31721 schedule_failed=381 ready=29426 not_ready=765 zero=1786 dry=0 seed_calls=14865 seed_ok=14865 seed_failed=0 skipped_all_resident=14561 candidate_experts=117704 seed_experts=44105 resident_before=73599 seed_ms=53747.460
ds4: SPEX hidden-gpu prefetch stats periodic scheduled=31897 schedule_failed=383 ready=29590 not_ready=769 zero=1792 dry=0 seed_calls=14953 seed_ok=14953 seed_failed=0 skipped_all_resident=14637 candidate_experts=118360 seed_experts=44372 resident_before=73988 seed_ms=54048.356
ds4: SPEX hidden-gpu prefetch stats periodic scheduled=32073 schedule_failed=385 ready=29754 not_ready=773 zero=1798 dry=0 seed_calls=15041 seed_ok=15041 seed_failed=0 skipped_all_resident=14713 candidate_experts=119016 seed_experts=44658 resident_before=74358 seed_ms=54420.511
ds4: SPEX hidden-gpu prefetch stats periodic scheduled=32253 schedule_failed=388 ready=29919 not_ready=778 zero=1806 dry=0 seed_calls=15127 seed_ok=15127 seed_failed=0 skipped_all_resident=14792 candidate_experts=119676 seed_experts=44918 resident_before=74758 seed_ms=54744.663
ds4: SPEX hidden-gpu prefetch stats periodic scheduled=32439 schedule_failed=390 ready=30093 not_ready=782 zero=1812 dry=0 seed_calls=15205 seed_ok=15205 seed_failed=0 skipped_all_resident=14888 candidate_experts=120372 seed_experts=45154 resident_before=75218 seed_ms=55022.977
0712 14:43:50 ds4-server: chat ctx=828..878:50 gen=800 decoding chunk=2.22 t/s avg=1.36 t/s 586.446s
0712 14:43:50 ds4-server: chat ctx=0..78:78 gen=800 finish=length 645.084s
0712 14:43:50 ds4-server: live kv cache miss live=878 prompt=78 common=78 reason=token-mismatch
0712 14:43:50 ds4-server: chat ctx=0..78:78 prompt start
ds4: REAP mask applied: 40 layer, 40 device range aggiornati/creati
ds4: PACE prefill_reset tok=0 phase=1 keep=0 ngram=0.000 hit=1.000 breaths=0
ds4: CUDA loading model tensors 0.00 GiB cached
ds4: CUDA loading model tensors 0.15 GiB cached
ds4: CUDA loading model tensors 0.13 GiB cached
ds4: CUDA loading model tensors 0.15 GiB cached
ds4: CUDA loading model tensors 0.16 GiB cached
ds4: CUDA loading model tensors 0.15 GiB cached
ds4: CUDA loading model tensors 0.13 GiB cached
ds4: CUDA loading model tensors 0.14 GiB cached
ds4: CUDA loading model tensors 0.13 GiB cached
ds4: CUDA loading model tensors 0.15 GiB cached
ds4: CUDA loading model tensors 0.13 GiB cached
ds4: CUDA loading model tensors 0.00 GiB cached
0712 14:46:08 ds4-server: chat ctx=0..78:78 prompt done 132.862s
ds4: CUDA loading model tensors 1.02 GiB cached
ds4: CUDA loading model tensors 2.38 GiB cached
ds4: PACE learned      tok=16 phase=2 keep=0 ngram=0.000 hit=1.000 breaths=0
ds4: REAP mask applied: 40 layer, 40 device range aggiornati/creati
ds4: PACE descent      tok=17 phase=3 keep=23 ngram=0.000 hit=1.000 breaths=0
ds4: SPEX hidden-gpu prefetch stats periodic scheduled=32625 schedule_failed=393 ready=30264 not_ready=787 zero=2460 dry=0 seed_calls=15285 seed_ok=15285 seed_failed=0 skipped_all_resident=14979 candidate_experts=121056 seed_experts=45439 resident_before=75617 seed_ms=55477.018
ds4: SPEX hidden-gpu prefetch stats periodic scheduled=32801 schedule_failed=395 ready=30428 not_ready=791 zero=2466 dry=0 seed_calls=15373 seed_ok=15373 seed_failed=0 skipped_all_resident=15055 candidate_experts=121712 seed_experts=45691 resident_before=76021 seed_ms=55794.817
ds4: SPEX hidden-gpu prefetch stats periodic scheduled=33336 schedule_failed=402 ready=30924 not_ready=804 zero=2486 dry=0 seed_calls=15632 seed_ok=15632 seed_failed=0 skipped_all_resident=15292 candidate_experts=123696 seed_experts=46399 resident_before=77297 seed_ms=56705.385
ds4: SPEX hidden-gpu prefetch stats periodic scheduled=33522 schedule_failed=404 ready=31098 not_ready=808 zero=2492 dry=0 seed_calls=15710 seed_ok=15710 seed_failed=0 skipped_all_resident=15388 candidate_experts=124392 seed_experts=46586 resident_before=77806 seed_ms=56944.407
ds4: SPEX hidden-gpu prefetch stats periodic scheduled=33882 schedule_failed=408 ready=31431 not_ready=817 zero=2505 dry=0 seed_calls=15880 seed_ok=15880 seed_failed=0 skipped_all_resident=15551 candidate_experts=125724 seed_experts=47031 resident_before=78693 seed_ms=57471.906
ds4: CUDA loading model tensors 7.86 GiB cached
0712 14:47:32 ds4-server: chat ctx=78..128:50 gen=50 decoding chunk=0.61 t/s avg=0.61 t/s 81.631s
ds4: SPEX hidden-gpu prefetch stats periodic scheduled=34418 schedule_failed=414 ready=31928 not_ready=830 zero=2524 dry=0 seed_calls=16138 seed_ok=16138 seed_failed=0 skipped_all_resident=15790 candidate_experts=127712 seed_experts=47762 resident_before=79950 seed_ms=58447.923
ds4: SPEX hidden-gpu prefetch stats periodic scheduled=34604 schedule_failed=416 ready=32102 not_ready=834 zero=2530 dry=0 seed_calls=16216 seed_ok=16216 seed_failed=0 skipped_all_resident=15886 candidate_experts=128408 seed_experts=48000 resident_before=80408 seed_ms=58808.384
ds4: SPEX hidden-gpu prefetch stats periodic scheduled=35500 schedule_failed=427 ready=32932 not_ready=856 zero=2563 dry=0 seed_calls=16644 seed_ok=16644 seed_failed=0 skipped_all_resident=16288 candidate_experts=131728 seed_experts=49220 resident_before=82508 seed_ms=60451.835
ds4: SPEX hidden-gpu prefetch stats periodic scheduled=35687 schedule_failed=429 ready=33107 not_ready=860 zero=2569 dry=0 seed_calls=16721 seed_ok=16721 seed_failed=0 skipped_all_resident=16386 candidate_experts=132428 seed_experts=49406 resident_before=83022 seed_ms=60684.265
ds4: SPEX hidden-gpu prefetch stats periodic scheduled=35868 schedule_failed=431 ready=33273 not_ready=865 zero=2576 dry=0 seed_calls=16806 seed_ok=16806 seed_failed=0 skipped_all_resident=16467 candidate_experts=133092 seed_experts=49670 resident_before=83422 seed_ms=60989.718
0712 14:48:27 ds4-server: chat ctx=128..178:50 gen=100 decoding chunk=0.96 t/s avg=0.75 t/s 133.469s
ds4: SPEX hidden-gpu prefetch stats periodic scheduled=36221 schedule_failed=435 ready=33602 not_ready=873 zero=2588 dry=0 seed_calls=16981 seed_ok=16981 seed_failed=0 skipped_all_resident=16621 candidate_experts=134408 seed_experts=50127 resident_before=84281 seed_ms=61549.800
ds4: SPEX hidden-gpu prefetch stats periodic scheduled=36400 schedule_failed=437 ready=33766 not_ready=878 zero=2594 dry=0 seed_calls=17068 seed_ok=17068 seed_failed=0 skipped_all_resident=16698 candidate_experts=135064 seed_experts=50354 resident_before=84710 seed_ms=61817.163
ds4: SPEX hidden-gpu prefetch stats periodic scheduled=36400 schedule_failed=437 ready=33766 not_ready=878 zero=2595 dry=0 seed_calls=17068 seed_ok=17068 seed_failed=0 skipped_all_resident=16698 candidate_experts=135064 seed_experts=50354 resident_before=84710 seed_ms=61817.163
ds4: SPEX hidden-gpu prefetch stats periodic scheduled=36586 schedule_failed=439 ready=33940 not_ready=882 zero=2601 dry=0 seed_calls=17146 seed_ok=17146 seed_failed=0 skipped_all_resident=16794 candidate_experts=135760 seed_experts=50559 resident_before=85201 seed_ms=62057.900
ds4: SPEX hidden-gpu prefetch stats periodic scheduled=36774 schedule_failed=441 ready=34113 not_ready=887 zero=2607 dry=0 seed_calls=17224 seed_ok=17224 seed_failed=0 skipped_all_resident=16889 candidate_experts=136452 seed_experts=50763 resident_before=85689 seed_ms=62306.179
ds4: SPEX hidden-gpu prefetch stats periodic scheduled=36774 schedule_failed=441 ready=34113 not_ready=887 zero=2608 dry=0 seed_calls=17224 seed_ok=17224 seed_failed=0 skipped_all_resident=16889 candidate_experts=136452 seed_experts=50763 resident_before=85689 seed_ms=62306.179
ds4: SPEX hidden-gpu prefetch stats periodic scheduled=37487 schedule_failed=450 ready=34775 not_ready=904 zero=2634 dry=0 seed_calls=17569 seed_ok=17569 seed_failed=0 skipped_all_resident=17206 candidate_experts=139100 seed_experts=51690 resident_before=87410 seed_ms=63439.823
ds4: SPEX hidden-gpu prefetch stats periodic scheduled=37673 schedule_failed=452 ready=34949 not_ready=908 zero=2640 dry=0 seed_calls=17647 seed_ok=17647 seed_failed=0 skipped_all_resident=17302 candidate_experts=139796 seed_experts=51900 resident_before=87896 seed_ms=63672.268
ds4: SPEX hidden-gpu prefetch stats periodic scheduled=37857 schedule_failed=454 ready=35118 not_ready=913 zero=2647 dry=0 seed_calls=17729 seed_ok=17729 seed_failed=0 skipped_all_resident=17389 candidate_experts=140472 seed_experts=52127 resident_before=88345 seed_ms=63925.436
0712 14:49:03 ds4-server: chat ctx=178..228:50 gen=150 decoding chunk=1.42 t/s avg=0.89 t/s 168.715s
ds4: SPEX hidden-gpu prefetch stats periodic scheduled=38210 schedule_failed=458 ready=35447 not_ready=921 zero=2659 dry=0 seed_calls=17904 seed_ok=17904 seed_failed=0 skipped_all_resident=17543 candidate_experts=141788 seed_experts=52597 resident_before=89191 seed_ms=64496.042
ds4: SPEX hidden-gpu prefetch stats periodic scheduled=38386 schedule_failed=460 ready=35611 not_ready=925 zero=2665 dry=0 seed_calls=17992 seed_ok=17992 seed_failed=0 skipped_all_resident=17619 candidate_experts=142444 seed_experts=52796 resident_before=89648 seed_ms=64748.902
ds4: SPEX hidden-gpu prefetch stats periodic scheduled=38570 schedule_failed=463 ready=35780 not_ready=930 zero=2673 dry=0 seed_calls=18074 seed_ok=18074 seed_failed=0 skipped_all_resident=17706 candidate_experts=143120 seed_experts=53042 resident_before=90078 seed_ms=65060.764
ds4: SPEX hidden-gpu prefetch stats periodic scheduled=38756 schedule_failed=465 ready=35954 not_ready=934 zero=2679 dry=0 seed_calls=18152 seed_ok=18152 seed_failed=0 skipped_all_resident=17802 candidate_experts=143816 seed_experts=53259 resident_before=90557 seed_ms=65357.768
ds4: SPEX hidden-gpu prefetch stats periodic scheduled=38938 schedule_failed=467 ready=36121 not_ready=939 zero=2686 dry=0 seed_calls=18236 seed_ok=18236 seed_failed=0 skipped_all_resident=17885 candidate_experts=144484 seed_experts=53498 resident_before=90986 seed_ms=65651.478
ds4: SPEX hidden-gpu prefetch stats periodic scheduled=39654 schedule_failed=476 ready=36786 not_ready=956 zero=2712 dry=0 seed_calls=18578 seed_ok=18578 seed_failed=0 skipped_all_resident=18208 candidate_experts=147144 seed_experts=54385 resident_before=92759 seed_ms=66708.997
ds4: SPEX hidden-gpu prefetch stats periodic scheduled=39840 schedule_failed=478 ready=36960 not_ready=960 zero=2718 dry=0 seed_calls=18656 seed_ok=18656 seed_failed=0 skipped_all_resident=18304 candidate_experts=147840 seed_experts=54627 resident_before=93213 seed_ms=66978.003
0712 14:49:33 ds4-server: chat ctx=228..278:50 gen=200 decoding chunk=1.76 t/s avg=1.01 t/s 197.108s
ds4: SPEX hidden-gpu prefetch stats periodic scheduled=40196 schedule_failed=482 ready=37289 not_ready=969 zero=2731 dry=0 seed_calls=18830 seed_ok=18830 seed_failed=0 skipped_all_resident=18459 candidate_experts=149156 seed_experts=55045 resident_before=94111 seed_ms=67447.404
ds4: SPEX hidden-gpu prefetch stats periodic scheduled=40372 schedule_failed=484 ready=37453 not_ready=973 zero=2737 dry=0 seed_calls=18918 seed_ok=18918 seed_failed=0 skipped_all_resident=18535 candidate_experts=149812 seed_experts=55313 resident_before=94499 seed_ms=67753.820
ds4: SPEX hidden-gpu prefetch stats periodic scheduled=40551 schedule_failed=486 ready=37617 not_ready=978 zero=2743 dry=0 seed_calls=19005 seed_ok=19005 seed_failed=0 skipped_all_resident=18612 candidate_experts=150468 seed_experts=55538 resident_before=94930 seed_ms=68026.065
ds4: SPEX hidden-gpu prefetch stats periodic scheduled=40551 schedule_failed=486 ready=37617 not_ready=978 zero=2744 dry=0 seed_calls=19005 seed_ok=19005 seed_failed=0 skipped_all_resident=18612 candidate_experts=150468 seed_experts=55538 resident_before=94930 seed_ms=68026.065
ds4: SPEX hidden-gpu prefetch stats periodic scheduled=40737 schedule_failed=488 ready=37791 not_ready=982 zero=2750 dry=0 seed_calls=19083 seed_ok=19083 seed_failed=0 skipped_all_resident=18708 candidate_experts=151164 seed_experts=55757 resident_before=95407 seed_ms=68290.465
ds4: SPEX hidden-gpu prefetch stats periodic scheduled=41456 schedule_failed=496 ready=38459 not_ready=999 zero=2775 dry=0 seed_calls=19422 seed_ok=19422 seed_failed=0 skipped_all_resident=19037 candidate_experts=153836 seed_experts=56609 resident_before=97227 seed_ms=69304.241
ds4: SPEX hidden-gpu prefetch stats periodic scheduled=41638 schedule_failed=499 ready=38626 not_ready=1004 zero=2783 dry=0 seed_calls=19506 seed_ok=19506 seed_failed=0 skipped_all_resident=19120 candidate_experts=154504 seed_experts=56845 resident_before=97659 seed_ms=69583.729
ds4: SPEX hidden-gpu prefetch stats periodic scheduled=41824 schedule_failed=501 ready=38800 not_ready=1008 zero=2789 dry=0 seed_calls=19584 seed_ok=19584 seed_failed=0 skipped_all_resident=19216 candidate_experts=155200 seed_experts=57080 resident_before=98120 seed_ms=69859.498
ds4: SPEX hidden-gpu prefetch stats periodic scheduled=42011 schedule_failed=503 ready=38972 not_ready=1013 zero=2796 dry=0 seed_calls=19663 seed_ok=19663 seed_failed=0 skipped_all_resident=19309 candidate_experts=155888 seed_experts=57253 resident_before=98635 seed_ms=70084.255
0712 14:49:59 ds4-server: chat ctx=278..328:50 gen=250 decoding chunk=2.00 t/s avg=1.13 t/s 222.111s
ds4: SPEX hidden-gpu prefetch stats periodic scheduled=42543 schedule_failed=510 ready=39465 not_ready=1026 zero=2815 dry=0 seed_calls=19925 seed_ok=19925 seed_failed=0 skipped_all_resident=19540 candidate_experts=157860 seed_experts=57977 resident_before=99883 seed_ms=70981.054
ds4: SPEX hidden-gpu prefetch stats periodic scheduled=42543 schedule_failed=510 ready=39465 not_ready=1026 zero=2816 dry=0 seed_calls=19925 seed_ok=19925 seed_failed=0 skipped_all_resident=19540 candidate_experts=157860 seed_experts=57977 resident_before=99883 seed_ms=70981.054
ds4: SPEX hidden-gpu prefetch stats periodic scheduled=42730 schedule_failed=512 ready=39640 not_ready=1030 zero=2822 dry=0 seed_calls=20002 seed_ok=20002 seed_failed=0 skipped_all_resident=19638 candidate_experts=158560 seed_experts=58157 resident_before=100403 seed_ms=71181.244
ds4: SPEX hidden-gpu prefetch stats periodic scheduled=43271 schedule_failed=518 ready=40142 not_ready=1043 zero=2841 dry=0 seed_calls=20255 seed_ok=20255 seed_failed=0 skipped_all_resident=19887 candidate_experts=160568 seed_experts=58878 resident_before=101690 seed_ms=72019.647
ds4: SPEX hidden-gpu prefetch stats periodic scheduled=43447 schedule_failed=520 ready=40306 not_ready=1047 zero=2847 dry=0 seed_calls=20343 seed_ok=20343 seed_failed=0 skipped_all_resident=19963 candidate_experts=161224 seed_experts=59127 resident_before=102097 seed_ms=72396.654
ds4: SPEX hidden-gpu prefetch stats periodic scheduled=43628 schedule_failed=523 ready=40472 not_ready=1052 zero=2855 dry=0 seed_calls=20428 seed_ok=20428 seed_failed=0 skipped_all_resident=20044 candidate_experts=161888 seed_experts=59344 resident_before=102544 seed_ms=72645.018
ds4: SPEX hidden-gpu prefetch stats periodic scheduled=43814 schedule_failed=525 ready=40646 not_ready=1056 zero=2861 dry=0 seed_calls=20506 seed_ok=20506 seed_failed=0 skipped_all_resident=20140 candidate_experts=162584 seed_experts=59574 resident_before=103010 seed_ms=72910.662
ds4: SPEX hidden-gpu prefetch stats periodic scheduled=43999 schedule_failed=527 ready=40816 not_ready=1061 zero=2868 dry=0 seed_calls=20587 seed_ok=20587 seed_failed=0 skipped_all_resident=20229 candidate_experts=163264 seed_experts=59822 resident_before=103442 seed_ms=73186.588
ds4: SPEX hidden-gpu prefetch stats periodic scheduled=44175 schedule_failed=529 ready=40980 not_ready=1065 zero=2874 dry=0 seed_calls=20675 seed_ok=20675 seed_failed=0 skipped_all_resident=20305 candidate_experts=163920 seed_experts=60065 resident_before=103855 seed_ms=73470.313
0712 14:50:23 ds4-server: chat ctx=328..378:50 gen=300 decoding chunk=2.16 t/s avg=1.22 t/s 245.253s
ds4: SPEX hidden-gpu prefetch stats periodic scheduled=44528 schedule_failed=533 ready=41309 not_ready=1073 zero=2886 dry=0 seed_calls=20850 seed_ok=20850 seed_failed=0 skipped_all_resident=20459 candidate_experts=165236 seed_experts=60530 resident_before=104706 seed_ms=74011.157
ds4: SPEX hidden-gpu prefetch stats periodic scheduled=44713 schedule_failed=536 ready=41479 not_ready=1078 zero=2894 dry=0 seed_calls=20931 seed_ok=20931 seed_failed=0 skipped_all_resident=20548 candidate_experts=165916 seed_experts=60776 resident_before=105140 seed_ms=74295.257
ds4: SPEX hidden-gpu prefetch stats periodic scheduled=44899 schedule_failed=538 ready=41653 not_ready=1082 zero=2900 dry=0 seed_calls=21009 seed_ok=21009 seed_failed=0 skipped_all_resident=20644 candidate_experts=166612 seed_experts=60983 resident_before=105629 seed_ms=74538.295
ds4: SPEX hidden-gpu prefetch stats periodic scheduled=45258 schedule_failed=542 ready=41985 not_ready=1091 zero=2913 dry=0 seed_calls=21180 seed_ok=21180 seed_failed=0 skipped_all_resident=20805 candidate_experts=167940 seed_experts=61486 resident_before=106454 seed_ms=75114.041
ds4: SPEX hidden-gpu prefetch stats periodic scheduled=45434 schedule_failed=544 ready=42149 not_ready=1095 zero=2919 dry=0 seed_calls=21268 seed_ok=21268 seed_failed=0 skipped_all_resident=20881 candidate_experts=168596 seed_experts=61767 resident_before=106829 seed_ms=75413.990
ds4: SPEX hidden-gpu prefetch stats periodic scheduled=45610 schedule_failed=546 ready=42313 not_ready=1099 zero=2925 dry=0 seed_calls=21356 seed_ok=21356 seed_failed=0 skipped_all_resident=20957 candidate_experts=169252 seed_experts=62019 resident_before=107233 seed_ms=75681.483
ds4: SPEX hidden-gpu prefetch stats periodic scheduled=45796 schedule_failed=549 ready=42484 not_ready=1104 zero=2933 dry=0 seed_calls=21436 seed_ok=21436 seed_failed=0 skipped_all_resident=21048 candidate_experts=169936 seed_experts=62275 resident_before=107661 seed_ms=75951.176
ds4: SPEX hidden-gpu prefetch stats periodic scheduled=45982 schedule_failed=551 ready=42658 not_ready=1108 zero=2939 dry=0 seed_calls=21514 seed_ok=21514 seed_failed=0 skipped_all_resident=21144 candidate_experts=170632 seed_experts=62500 resident_before=108132 seed_ms=76206.648
ds4: SPEX hidden-gpu prefetch stats periodic scheduled=46339 schedule_failed=555 ready=42988 not_ready=1117 zero=2952 dry=0 seed_calls=21687 seed_ok=21687 seed_failed=0 skipped_all_resident=21301 candidate_experts=171952 seed_experts=62976 resident_before=108976 seed_ms=76755.739
0712 14:50:47 ds4-server: chat ctx=378..428:50 gen=350 decoding chunk=2.22 t/s avg=1.31 t/s 267.807s
ds4: SPEX hidden-gpu prefetch stats periodic scheduled=46515 schedule_failed=557 ready=43152 not_ready=1121 zero=2958 dry=0 seed_calls=21775 seed_ok=21775 seed_failed=0 skipped_all_resident=21377 candidate_experts=172608 seed_experts=63255 resident_before=109353 seed_ms=77095.272
ds4: SPEX hidden-gpu prefetch stats periodic scheduled=46694 schedule_failed=559 ready=43316 not_ready=1126 zero=2964 dry=0 seed_calls=21862 seed_ok=21862 seed_failed=0 skipped_all_resident=21454 candidate_experts=173264 seed_experts=63493 resident_before=109771 seed_ms=77378.612
ds4: SPEX hidden-gpu prefetch stats periodic scheduled=46694 schedule_failed=559 ready=43316 not_ready=1126 zero=2965 dry=0 seed_calls=21862 seed_ok=21862 seed_failed=0 skipped_all_resident=21454 candidate_experts=173264 seed_experts=63493 resident_before=109771 seed_ms=77378.612
ds4: SPEX hidden-gpu prefetch stats periodic scheduled=46880 schedule_failed=561 ready=43490 not_ready=1130 zero=2971 dry=0 seed_calls=21940 seed_ok=21940 seed_failed=0 skipped_all_resident=21550 candidate_experts=173960 seed_experts=63698 resident_before=110262 seed_ms=77639.262
ds4: SPEX hidden-gpu prefetch stats periodic scheduled=47068 schedule_failed=563 ready=43663 not_ready=1135 zero=2977 dry=0 seed_calls=22018 seed_ok=22018 seed_failed=0 skipped_all_resident=21645 candidate_experts=174652 seed_experts=63915 resident_before=110737 seed_ms=77911.561
ds4: SPEX hidden-gpu prefetch stats periodic scheduled=47068 schedule_failed=563 ready=43663 not_ready=1135 zero=2978 dry=0 seed_calls=22018 seed_ok=22018 seed_failed=0 skipped_all_resident=21645 candidate_experts=174652 seed_experts=63915 resident_before=110737 seed_ms=77911.561
ds4: SPEX hidden-gpu prefetch stats periodic scheduled=47244 schedule_failed=565 ready=43827 not_ready=1139 zero=2984 dry=0 seed_calls=22106 seed_ok=22106 seed_failed=0 skipped_all_resident=21721 candidate_experts=175308 seed_experts=64146 resident_before=111162 seed_ms=78200.721
ds4: SPEX hidden-gpu prefetch stats periodic scheduled=47420 schedule_failed=567 ready=43991 not_ready=1143 zero=2990 dry=0 seed_calls=22194 seed_ok=22194 seed_failed=0 skipped_all_resident=21797 candidate_experts=175964 seed_experts=64420 resident_before=111544 seed_ms=78538.533
ds4: SPEX hidden-gpu prefetch stats periodic scheduled=47596 schedule_failed=569 ready=44155 not_ready=1147 zero=2996 dry=0 seed_calls=22282 seed_ok=22282 seed_failed=0 skipped_all_resident=21873 candidate_experts=176620 seed_experts=64674 resident_before=111946 seed_ms=78858.075
ds4: SPEX hidden-gpu prefetch stats periodic scheduled=47775 schedule_failed=572 ready=44319 not_ready=1152 zero=3004 dry=0 seed_calls=22369 seed_ok=22369 seed_failed=0 skipped_all_resident=21950 candidate_experts=177276 seed_experts=64959 resident_before=112317 seed_ms=79208.249
ds4: SPEX hidden-gpu prefetch stats periodic scheduled=47961 schedule_failed=574 ready=44493 not_ready=1156 zero=3010 dry=0 seed_calls=22447 seed_ok=22447 seed_failed=0 skipped_all_resident=22046 candidate_experts=177972 seed_experts=65187 resident_before=112785 seed_ms=79487.301
ds4: SPEX hidden-gpu prefetch stats periodic scheduled=48148 schedule_failed=576 ready=44665 not_ready=1161 zero=3017 dry=0 seed_calls=22526 seed_ok=22526 seed_failed=0 skipped_all_resident=22139 candidate_experts=178660 seed_experts=65408 resident_before=113252 seed_ms=79748.008
ds4: SPEX hidden-gpu prefetch stats periodic scheduled=48324 schedule_failed=578 ready=44829 not_ready=1165 zero=3023 dry=0 seed_calls=22614 seed_ok=22614 seed_failed=0 skipped_all_resident=22215 candidate_experts=179316 seed_experts=65697 resident_before=113619 seed_ms=80058.893
0712 14:51:12 ds4-server: chat ctx=428..478:50 gen=400 decoding chunk=2.11 t/s avg=1.37 t/s 291.509s
ds4: SPEX hidden-gpu prefetch stats periodic scheduled=48500 schedule_failed=580 ready=44993 not_ready=1169 zero=3029 dry=0 seed_calls=22702 seed_ok=22702 seed_failed=0 skipped_all_resident=22291 candidate_experts=179972 seed_experts=65942 resident_before=114030 seed_ms=80319.865
ds4: SPEX hidden-gpu prefetch stats periodic scheduled=48676 schedule_failed=582 ready=45157 not_ready=1173 zero=3035 dry=0 seed_calls=22790 seed_ok=22790 seed_failed=0 skipped_all_resident=22367 candidate_experts=180628 seed_experts=66205 resident_before=114423 seed_ms=80614.308
ds4: SPEX hidden-gpu prefetch stats periodic scheduled=48856 schedule_failed=585 ready=45322 not_ready=1178 zero=3043 dry=0 seed_calls=22876 seed_ok=22876 seed_failed=0 skipped_all_resident=22446 candidate_experts=181288 seed_experts=66478 resident_before=114810 seed_ms=80925.950
ds4: SPEX hidden-gpu prefetch stats periodic scheduled=49042 schedule_failed=587 ready=45496 not_ready=1182 zero=3049 dry=0 seed_calls=22954 seed_ok=22954 seed_failed=0 skipped_all_resident=22542 candidate_experts=181984 seed_experts=66693 resident_before=115291 seed_ms=81188.754
ds4: SPEX hidden-gpu prefetch stats periodic scheduled=49581 schedule_failed=593 ready=45996 not_ready=1195 zero=3068 dry=0 seed_calls=23209 seed_ok=23209 seed_failed=0 skipped_all_resident=22787 candidate_experts=183984 seed_experts=67420 resident_before=116564 seed_ms=82043.001
ds4: SPEX hidden-gpu prefetch stats periodic scheduled=49757 schedule_failed=595 ready=46160 not_ready=1199 zero=3074 dry=0 seed_calls=23297 seed_ok=23297 seed_failed=0 skipped_all_resident=22863 candidate_experts=184640 seed_experts=67662 resident_before=116978 seed_ms=82329.749
ds4: SPEX hidden-gpu prefetch stats periodic scheduled=49939 schedule_failed=598 ready=46327 not_ready=1204 zero=3082 dry=0 seed_calls=23381 seed_ok=23381 seed_failed=0 skipped_all_resident=22946 candidate_experts=185308 seed_experts=67885 resident_before=117423 seed_ms=82586.497
ds4: SPEX hidden-gpu prefetch stats periodic scheduled=50125 schedule_failed=600 ready=46501 not_ready=1208 zero=3088 dry=0 seed_calls=23459 seed_ok=23459 seed_failed=0 skipped_all_resident=23042 candidate_experts=186004 seed_experts=68149 resident_before=117855 seed_ms=82890.656
ds4: SPEX hidden-gpu prefetch stats periodic scheduled=50309 schedule_failed=602 ready=46670 not_ready=1213 zero=3095 dry=0 seed_calls=23541 seed_ok=23541 seed_failed=0 skipped_all_resident=23129 candidate_experts=186680 seed_experts=68394 resident_before=118286 seed_ms=83181.096
ds4: SPEX hidden-gpu prefetch stats periodic scheduled=50485 schedule_failed=604 ready=46834 not_ready=1217 zero=3101 dry=0 seed_calls=23629 seed_ok=23629 seed_failed=0 skipped_all_resident=23205 candidate_experts=187336 seed_experts=68680 resident_before=118656 seed_ms=83513.638
0712 14:51:36 ds4-server: chat ctx=478..528:50 gen=450 decoding chunk=2.16 t/s avg=1.43 t/s 314.623s
ds4: SPEX hidden-gpu prefetch stats periodic scheduled=50661 schedule_failed=606 ready=46998 not_ready=1221 zero=3107 dry=0 seed_calls=23717 seed_ok=23717 seed_failed=0 skipped_all_resident=23281 candidate_experts=187992 seed_experts=68935 resident_before=119057 seed_ms=83809.402
ds4: SPEX hidden-gpu prefetch stats periodic scheduled=50837 schedule_failed=608 ready=47162 not_ready=1225 zero=3113 dry=0 seed_calls=23805 seed_ok=23805 seed_failed=0 skipped_all_resident=23357 candidate_experts=188648 seed_experts=69161 resident_before=119487 seed_ms=84074.622
ds4: SPEX hidden-gpu prefetch stats periodic scheduled=51020 schedule_failed=611 ready=47330 not_ready=1230 zero=3121 dry=0 seed_calls=23888 seed_ok=23888 seed_failed=0 skipped_all_resident=23442 candidate_experts=189320 seed_experts=69416 resident_before=119904 seed_ms=84382.225
ds4: SPEX hidden-gpu prefetch stats periodic scheduled=51206 schedule_failed=613 ready=47504 not_ready=1234 zero=3127 dry=0 seed_calls=23966 seed_ok=23966 seed_failed=0 skipped_all_resident=23538 candidate_experts=190016 seed_experts=69638 resident_before=120378 seed_ms=84637.253
ds4: SPEX hidden-gpu prefetch stats periodic scheduled=51389 schedule_failed=615 ready=47672 not_ready=1239 zero=3134 dry=0 seed_calls=24049 seed_ok=24049 seed_failed=0 skipped_all_resident=23623 candidate_experts=190688 seed_experts=69892 resident_before=120796 seed_ms=84942.849
ds4: SPEX hidden-gpu prefetch stats periodic scheduled=51565 schedule_failed=617 ready=47836 not_ready=1243 zero=3140 dry=0 seed_calls=24137 seed_ok=24137 seed_failed=0 skipped_all_resident=23699 candidate_experts=191344 seed_experts=70132 resident_before=121212 seed_ms=85209.868
ds4: SPEX hidden-gpu prefetch stats periodic scheduled=51741 schedule_failed=619 ready=48000 not_ready=1247 zero=3146 dry=0 seed_calls=24225 seed_ok=24225 seed_failed=0 skipped_all_resident=23775 candidate_experts=192000 seed_experts=70397 resident_before=121603 seed_ms=85531.894
ds4: SPEX hidden-gpu prefetch stats periodic scheduled=51917 schedule_failed=621 ready=48164 not_ready=1251 zero=3152 dry=0 seed_calls=24313 seed_ok=24313 seed_failed=0 skipped_all_resident=23851 candidate_experts=192656 seed_experts=70682 resident_before=121974 seed_ms=85869.319
ds4: SPEX hidden-gpu prefetch stats periodic scheduled=52102 schedule_failed=624 ready=48334 not_ready=1256 zero=3160 dry=0 seed_calls=24394 seed_ok=24394 seed_failed=0 skipped_all_resident=23940 candidate_experts=193336 seed_experts=70918 resident_before=122418 seed_ms=86152.161
ds4: SPEX hidden-gpu prefetch stats periodic scheduled=52288 schedule_failed=626 ready=48508 not_ready=1260 zero=3166 dry=0 seed_calls=24472 seed_ok=24472 seed_failed=0 skipped_all_resident=24036 candidate_experts=194032 seed_experts=71152 resident_before=122880 seed_ms=86421.715
0712 14:51:59 ds4-server: chat ctx=528..578:50 gen=500 decoding chunk=2.18 t/s avg=1.48 t/s 337.521s
ds4: SPEX hidden-gpu prefetch stats periodic scheduled=52998 schedule_failed=634 ready=49167 not_ready=1277 zero=3191 dry=0 seed_calls=24820 seed_ok=24820 seed_failed=0 skipped_all_resident=24347 candidate_experts=196668 seed_experts=72193 resident_before=124475 seed_ms=87613.664
ds4: SPEX hidden-gpu prefetch stats periodic scheduled=53184 schedule_failed=637 ready=49338 not_ready=1282 zero=3199 dry=0 seed_calls=24900 seed_ok=24900 seed_failed=0 skipped_all_resident=24438 candidate_experts=197352 seed_experts=72433 resident_before=124919 seed_ms=87890.998
ds4: SPEX hidden-gpu prefetch stats periodic scheduled=53370 schedule_failed=639 ready=49512 not_ready=1286 zero=3205 dry=0 seed_calls=24978 seed_ok=24978 seed_failed=0 skipped_all_resident=24534 candidate_experts=198048 seed_experts=72656 resident_before=125392 seed_ms=88149.137
ds4: SPEX hidden-gpu prefetch stats periodic scheduled=53550 schedule_failed=641 ready=49677 not_ready=1291 zero=3212 dry=0 seed_calls=25064 seed_ok=25064 seed_failed=0 skipped_all_resident=24613 candidate_experts=198708 seed_experts=72906 resident_before=125802 seed_ms=88448.973
ds4: SPEX hidden-gpu prefetch stats periodic scheduled=53726 schedule_failed=643 ready=49841 not_ready=1295 zero=3218 dry=0 seed_calls=25152 seed_ok=25152 seed_failed=0 skipped_all_resident=24689 candidate_experts=199364 seed_experts=73176 resident_before=126188 seed_ms=88759.893
ds4: SPEX hidden-gpu prefetch stats periodic scheduled=53902 schedule_failed=645 ready=50005 not_ready=1299 zero=3224 dry=0 seed_calls=25240 seed_ok=25240 seed_failed=0 skipped_all_resident=24765 candidate_experts=200020 seed_experts=73425 resident_before=126595 seed_ms=89061.659
ds4: SPEX hidden-gpu prefetch stats periodic scheduled=54078 schedule_failed=647 ready=50169 not_ready=1303 zero=3230 dry=0 seed_calls=25328 seed_ok=25328 seed_failed=0 skipped_all_resident=24841 candidate_experts=200676 seed_experts=73700 resident_before=126976 seed_ms=89366.236
ds4: SPEX hidden-gpu prefetch stats periodic scheduled=54266 schedule_failed=650 ready=50342 not_ready=1308 zero=3238 dry=0 seed_calls=25406 seed_ok=25406 seed_failed=0 skipped_all_resident=24936 candidate_experts=201368 seed_experts=73902 resident_before=127466 seed_ms=89588.947
ds4: SPEX hidden-gpu prefetch stats periodic scheduled=54452 schedule_failed=652 ready=50516 not_ready=1312 zero=3244 dry=0 seed_calls=25484 seed_ok=25484 seed_failed=0 skipped_all_resident=25032 candidate_experts=202064 seed_experts=74129 resident_before=127935 seed_ms=89848.243
0712 14:52:23 ds4-server: chat ctx=578..628:50 gen=550 decoding chunk=2.22 t/s avg=1.53 t/s 360.003s
ds4: SPEX hidden-gpu prefetch stats periodic scheduled=55162 schedule_failed=661 ready=51172 not_ready=1330 zero=3271 dry=0 seed_calls=25834 seed_ok=25834 seed_failed=0 skipped_all_resident=25338 candidate_experts=204688 seed_experts=75185 resident_before=129503 seed_ms=91000.029
ds4: SPEX hidden-gpu prefetch stats periodic scheduled=55348 schedule_failed=663 ready=51346 not_ready=1334 zero=3277 dry=0 seed_calls=25912 seed_ok=25912 seed_failed=0 skipped_all_resident=25434 candidate_experts=205384 seed_experts=75422 resident_before=129962 seed_ms=91268.738
ds4: SPEX hidden-gpu prefetch stats periodic scheduled=55535 schedule_failed=665 ready=51518 not_ready=1339 zero=3284 dry=0 seed_calls=25991 seed_ok=25991 seed_failed=0 skipped_all_resident=25527 candidate_experts=206072 seed_experts=75658 resident_before=130414 seed_ms=91557.872
ds4: SPEX hidden-gpu prefetch stats periodic scheduled=55711 schedule_failed=667 ready=51682 not_ready=1343 zero=3290 dry=0 seed_calls=26079 seed_ok=26079 seed_failed=0 skipped_all_resident=25603 candidate_experts=206728 seed_experts=75907 resident_before=130821 seed_ms=91843.009
ds4: SPEX hidden-gpu prefetch stats periodic scheduled=56244 schedule_failed=674 ready=52176 not_ready=1356 zero=3310 dry=0 seed_calls=26340 seed_ok=26340 seed_failed=0 skipped_all_resident=25836 candidate_experts=208704 seed_experts=76697 resident_before=132007 seed_ms=92746.017
ds4: SPEX hidden-gpu prefetch stats periodic scheduled=56430 schedule_failed=676 ready=52350 not_ready=1360 zero=3316 dry=0 seed_calls=26418 seed_ok=26418 seed_failed=0 skipped_all_resident=25932 candidate_experts=209400 seed_experts=76944 resident_before=132456 seed_ms=93031.464
0712 14:52:47 ds4-server: chat ctx=628..678:50 gen=600 decoding chunk=2.19 t/s avg=1.57 t/s 382.784s
ds4: SPEX hidden-gpu prefetch stats periodic scheduled=57325 schedule_failed=687 ready=53179 not_ready=1382 zero=3349 dry=0 seed_calls=26847 seed_ok=26847 seed_failed=0 skipped_all_resident=26332 candidate_experts=212716 seed_experts=78206 resident_before=134510 seed_ms=94459.906
ds4: SPEX hidden-gpu prefetch stats periodic scheduled=57511 schedule_failed=689 ready=53353 not_ready=1386 zero=3355 dry=0 seed_calls=26925 seed_ok=26925 seed_failed=0 skipped_all_resident=26428 candidate_experts=213412 seed_experts=78421 resident_before=134991 seed_ms=94706.300
ds4: SPEX hidden-gpu prefetch stats periodic scheduled=57872 schedule_failed=693 ready=53687 not_ready=1395 zero=3368 dry=0 seed_calls=27094 seed_ok=27094 seed_failed=0 skipped_all_resident=26593 candidate_experts=214748 seed_experts=78928 resident_before=135820 seed_ms=95246.088
ds4: SPEX hidden-gpu prefetch stats periodic scheduled=58408 schedule_failed=700 ready=54184 not_ready=1408 zero=3388 dry=0 seed_calls=27352 seed_ok=27352 seed_failed=0 skipped_all_resident=26832 candidate_experts=216736 seed_experts=79717 resident_before=137019 seed_ms=96129.473
ds4: SPEX hidden-gpu prefetch stats periodic scheduled=58594 schedule_failed=702 ready=54358 not_ready=1412 zero=3394 dry=0 seed_calls=27430 seed_ok=27430 seed_failed=0 skipped_all_resident=26928 candidate_experts=217432 seed_experts=79960 resident_before=137472 seed_ms=96407.219
0712 14:53:09 ds4-server: chat ctx=678..728:50 gen=650 decoding chunk=2.28 t/s avg=1.61 t/s 404.714s
ds4: SPEX hidden-gpu prefetch stats periodic scheduled=59489 schedule_failed=713 ready=55187 not_ready=1434 zero=3427 dry=0 seed_calls=27859 seed_ok=27859 seed_failed=0 skipped_all_resident=27328 candidate_experts=220748 seed_experts=81252 resident_before=139496 seed_ms=97901.843
ds4: SPEX hidden-gpu prefetch stats periodic scheduled=59675 schedule_failed=715 ready=55361 not_ready=1438 zero=3433 dry=0 seed_calls=27937 seed_ok=27937 seed_failed=0 skipped_all_resident=27424 candidate_experts=221444 seed_experts=81492 resident_before=139952 seed_ms=98178.224
ds4: SPEX hidden-gpu prefetch stats periodic scheduled=60571 schedule_failed=726 ready=56191 not_ready=1460 zero=3466 dry=0 seed_calls=28365 seed_ok=28365 seed_failed=0 skipped_all_resident=27826 candidate_experts=224764 seed_experts=82776 resident_before=141988 seed_ms=99688.503
ds4: SPEX hidden-gpu prefetch stats periodic scheduled=60757 schedule_failed=728 ready=56365 not_ready=1464 zero=3472 dry=0 seed_calls=28443 seed_ok=28443 seed_failed=0 skipped_all_resident=27922 candidate_experts=225460 seed_experts=83000 resident_before=142460 seed_ms=99940.368
0712 14:53:33 ds4-server: chat ctx=728..778:50 gen=700 decoding chunk=2.23 t/s avg=1.64 t/s 427.143s
ds4: SPEX hidden-gpu prefetch stats periodic scheduled=60937 schedule_failed=730 ready=56530 not_ready=1469 zero=3479 dry=0 seed_calls=28529 seed_ok=28529 seed_failed=0 skipped_all_resident=28001 candidate_experts=226120 seed_experts=83244 resident_before=142876 seed_ms=100212.198
ds4: SPEX hidden-gpu prefetch stats periodic scheduled=61113 schedule_failed=732 ready=56694 not_ready=1473 zero=3485 dry=0 seed_calls=28617 seed_ok=28617 seed_failed=0 skipped_all_resident=28077 candidate_experts=226776 seed_experts=83512 resident_before=143264 seed_ms=100522.036
ds4: SPEX hidden-gpu prefetch stats periodic scheduled=61289 schedule_failed=734 ready=56858 not_ready=1477 zero=3491 dry=0 seed_calls=28705 seed_ok=28705 seed_failed=0 skipped_all_resident=28153 candidate_experts=227432 seed_experts=83783 resident_before=143649 seed_ms=100834.227
ds4: SPEX hidden-gpu prefetch stats periodic scheduled=61465 schedule_failed=736 ready=57022 not_ready=1481 zero=3497 dry=0 seed_calls=28793 seed_ok=28793 seed_failed=0 skipped_all_resident=28229 candidate_experts=228088 seed_experts=84001 resident_before=144087 seed_ms=101082.549
ds4: SPEX hidden-gpu prefetch stats periodic scheduled=61652 schedule_failed=739 ready=57194 not_ready=1486 zero=3505 dry=0 seed_calls=28872 seed_ok=28872 seed_failed=0 skipped_all_resident=28322 candidate_experts=228776 seed_experts=84243 resident_before=144533 seed_ms=101359.184
ds4: SPEX hidden-gpu prefetch stats periodic scheduled=61838 schedule_failed=741 ready=57368 not_ready=1490 zero=3511 dry=0 seed_calls=28950 seed_ok=28950 seed_failed=0 skipped_all_resident=28418 candidate_experts=229472 seed_experts=84501 resident_before=144971 seed_ms=101666.796
ds4: SPEX hidden-gpu prefetch stats periodic scheduled=62017 schedule_failed=743 ready=57532 not_ready=1495 zero=3518 dry=0 seed_calls=29037 seed_ok=29037 seed_failed=0 skipped_all_resident=28495 candidate_experts=230128 seed_experts=84763 resident_before=145365 seed_ms=101966.848
ds4: SPEX hidden-gpu prefetch stats periodic scheduled=62548 schedule_failed=749 ready=58024 not_ready=1508 zero=3536 dry=0 seed_calls=29300 seed_ok=29300 seed_failed=0 skipped_all_resident=28724 candidate_experts=232096 seed_experts=85578 resident_before=146518 seed_ms=102929.857
ds4: SPEX hidden-gpu prefetch stats periodic scheduled=62548 schedule_failed=749 ready=58024 not_ready=1508 zero=3537 dry=0 seed_calls=29300 seed_ok=29300 seed_failed=0 skipped_all_resident=28724 candidate_experts=232096 seed_experts=85578 resident_before=146518 seed_ms=102929.857
ds4: SPEX hidden-gpu prefetch stats periodic scheduled=62734 schedule_failed=751 ready=58198 not_ready=1512 zero=3543 dry=0 seed_calls=29378 seed_ok=29378 seed_failed=0 skipped_all_resident=28820 candidate_experts=232792 seed_experts=85810 resident_before=146982 seed_ms=103204.879
ds4: SPEX hidden-gpu prefetch stats periodic scheduled=62922 schedule_failed=753 ready=58371 not_ready=1517 zero=3549 dry=0 seed_calls=29456 seed_ok=29456 seed_failed=0 skipped_all_resident=28915 candidate_experts=233484 seed_experts=86032 resident_before=147452 seed_ms=103445.396
ds4: SPEX hidden-gpu prefetch stats periodic scheduled=62922 schedule_failed=753 ready=58371 not_ready=1517 zero=3550 dry=0 seed_calls=29456 seed_ok=29456 seed_failed=0 skipped_all_resident=28915 candidate_experts=233484 seed_experts=86032 resident_before=147452 seed_ms=103445.396
0712 14:53:57 ds4-server: chat ctx=778..828:50 gen=750 decoding chunk=2.22 t/s avg=1.67 t/s 449.705s
ds4: SPEX hidden-gpu prefetch stats periodic scheduled=63098 schedule_failed=755 ready=58535 not_ready=1521 zero=3556 dry=0 seed_calls=29544 seed_ok=29544 seed_failed=0 skipped_all_resident=28991 candidate_experts=234140 seed_experts=86300 resident_before=147840 seed_ms=103738.372
ds4: SPEX hidden-gpu prefetch stats periodic scheduled=63274 schedule_failed=757 ready=58699 not_ready=1525 zero=3562 dry=0 seed_calls=29632 seed_ok=29632 seed_failed=0 skipped_all_resident=29067 candidate_experts=234796 seed_experts=86591 resident_before=148205 seed_ms=104053.360
ds4: SPEX hidden-gpu prefetch stats periodic scheduled=63630 schedule_failed=762 ready=59028 not_ready=1534 zero=3576 dry=0 seed_calls=29806 seed_ok=29806 seed_failed=0 skipped_all_resident=29222 candidate_experts=236112 seed_experts=87118 resident_before=148994 seed_ms=104650.049
ds4: SPEX hidden-gpu prefetch stats periodic scheduled=63816 schedule_failed=764 ready=59202 not_ready=1538 zero=3582 dry=0 seed_calls=29884 seed_ok=29884 seed_failed=0 skipped_all_resident=29318 candidate_experts=236808 seed_experts=87354 resident_before=149454 seed_ms=104916.122
ds4: SPEX hidden-gpu prefetch stats periodic scheduled=64711 schedule_failed=775 ready=60031 not_ready=1560 zero=3615 dry=0 seed_calls=30313 seed_ok=30313 seed_failed=0 skipped_all_resident=29718 candidate_experts=240124 seed_experts=88636 resident_before=151488 seed_ms=106364.075
ds4: SPEX hidden-gpu prefetch stats periodic scheduled=64897 schedule_failed=777 ready=60205 not_ready=1564 zero=3621 dry=0 seed_calls=30391 seed_ok=30391 seed_failed=0 skipped_all_resident=29814 candidate_experts=240820 seed_experts=88873 resident_before=151947 seed_ms=106630.399
0712 14:54:19 ds4-server: chat ctx=828..878:50 gen=800 decoding chunk=2.25 t/s avg=1.70 t/s 471.940s
0712 14:54:19 ds4-server: chat ctx=0..78:78 gen=800 finish=length 604.807s
0712 14:54:21 ds4-server: live kv cache miss live=878 prompt=78 common=78 reason=token-mismatch
0712 14:54:21 ds4-server: chat ctx=0..78:78 prompt start
ds4: REAP mask applied: 40 layer, 40 device range aggiornati/creati
ds4: PACE prefill_reset tok=0 phase=1 keep=0 ngram=0.000 hit=1.000 breaths=0
ds4: CUDA loading model tensors 0.00 GiB cached
ds4: CUDA loading model tensors 0.15 GiB cached
ds4: CUDA loading model tensors 0.13 GiB cached
ds4: CUDA loading model tensors 0.14 GiB cached
ds4: CUDA loading model tensors 0.15 GiB cached
ds4: CUDA loading model tensors 0.00 GiB cached
ds4: CUDA loading model tensors 0.15 GiB cached
ds4: CUDA loading model tensors 0.13 GiB cached
0712 14:55:43 ds4-server: chat ctx=0..78:78 prompt done 79.146s
ds4: CUDA loading model tensors 2.38 GiB cached
ds4: PACE learned      tok=16 phase=2 keep=0 ngram=0.000 hit=1.000 breaths=0
ds4: REAP mask applied: 40 layer, 40 device range aggiornati/creati
ds4: PACE descent      tok=17 phase=3 keep=23 ngram=0.000 hit=1.000 breaths=0
ds4: SPEX hidden-gpu prefetch stats periodic scheduled=65794 schedule_failed=788 ready=61036 not_ready=1586 zero=4294 dry=0 seed_calls=30818 seed_ok=30818 seed_failed=0 skipped_all_resident=30218 candidate_experts=244144 seed_experts=90072 resident_before=154072 seed_ms=108094.751
ds4: SPEX hidden-gpu prefetch stats periodic scheduled=65980 schedule_failed=790 ready=61210 not_ready=1590 zero=4300 dry=0 seed_calls=30896 seed_ok=30896 seed_failed=0 skipped_all_resident=30314 candidate_experts=244840 seed_experts=90298 resident_before=154542 seed_ms=108383.793
ds4: CUDA loading model tensors 7.86 GiB cached
0712 14:56:44 ds4-server: chat ctx=78..128:50 gen=50 decoding chunk=0.85 t/s avg=0.85 t/s 58.533s
ds4: SPEX hidden-gpu prefetch stats periodic scheduled=66517 schedule_failed=795 ready=61708 not_ready=1603 zero=4318 dry=0 seed_calls=31153 seed_ok=31153 seed_failed=0 skipped_all_resident=30555 candidate_experts=246832 seed_experts=90965 resident_before=155867 seed_ms=109179.770
ds4: SPEX hidden-gpu prefetch stats periodic scheduled=66693 schedule_failed=797 ready=61872 not_ready=1607 zero=4324 dry=0 seed_calls=31241 seed_ok=31241 seed_failed=0 skipped_all_resident=30631 candidate_experts=247488 seed_experts=91228 resident_before=156260 seed_ms=109488.889
ds4: SPEX hidden-gpu prefetch stats periodic scheduled=66877 schedule_failed=800 ready=62041 not_ready=1612 zero=4332 dry=0 seed_calls=31323 seed_ok=31323 seed_failed=0 skipped_all_resident=30718 candidate_experts=248164 seed_experts=91451 resident_before=156713 seed_ms=109753.065
ds4: SPEX hidden-gpu prefetch stats periodic scheduled=67063 schedule_failed=802 ready=62215 not_ready=1616 zero=4338 dry=0 seed_calls=31401 seed_ok=31401 seed_failed=0 skipped_all_resident=30814 candidate_experts=248860 seed_experts=91676 resident_before=157184 seed_ms=110015.634
ds4: SPEX hidden-gpu prefetch stats periodic scheduled=67245 schedule_failed=804 ready=62382 not_ready=1621 zero=4345 dry=0 seed_calls=31485 seed_ok=31485 seed_failed=0 skipped_all_resident=30897 candidate_experts=249528 seed_experts=91917 resident_before=157611 seed_ms=110303.246
ds4: SPEX hidden-gpu prefetch stats periodic scheduled=67961 schedule_failed=813 ready=63047 not_ready=1638 zero=4371 dry=0 seed_calls=31827 seed_ok=31827 seed_failed=0 skipped_all_resident=31220 candidate_experts=252188 seed_experts=92886 resident_before=159302 seed_ms=111508.639
ds4: SPEX hidden-gpu prefetch stats periodic scheduled=68147 schedule_failed=815 ready=63221 not_ready=1642 zero=4377 dry=0 seed_calls=31905 seed_ok=31905 seed_failed=0 skipped_all_resident=31316 candidate_experts=252884 seed_experts=93108 resident_before=159776 seed_ms=111766.440
ds4: SPEX hidden-gpu prefetch stats periodic scheduled=68327 schedule_failed=817 ready=63386 not_ready=1647 zero=4384 dry=0 seed_calls=31991 seed_ok=31991 seed_failed=0 skipped_all_resident=31395 candidate_experts=253544 seed_experts=93326 resident_before=160218 seed_ms=112024.267
0712 14:57:16 ds4-server: chat ctx=128..178:50 gen=100 decoding chunk=1.64 t/s avg=1.12 t/s 89.035s
ds4: SPEX hidden-gpu prefetch stats periodic scheduled=68860 schedule_failed=824 ready=63880 not_ready=1660 zero=4404 dry=0 seed_calls=32252 seed_ok=32252 seed_failed=0 skipped_all_resident=31628 candidate_experts=255520 seed_experts=94003 resident_before=161517 seed_ms=112848.865
ds4: SPEX hidden-gpu prefetch stats periodic scheduled=69048 schedule_failed=826 ready=64056 not_ready=1664 zero=4410 dry=0 seed_calls=32328 seed_ok=32328 seed_failed=0 skipped_all_resident=31728 candidate_experts=256224 seed_experts=94187 resident_before=162037 seed_ms=113066.003
ds4: SPEX hidden-gpu prefetch stats periodic scheduled=69588 schedule_failed=833 ready=64557 not_ready=1677 zero=4430 dry=0 seed_calls=32582 seed_ok=32582 seed_failed=0 skipped_all_resident=31975 candidate_experts=258228 seed_experts=94836 resident_before=163392 seed_ms=113794.508
0712 14:57:31 ds4-server: shutdown requested, draining requests
ds4: SPEX hidden-gpu prefetch stats periodic scheduled=69764 schedule_failed=836 ready=64721 not_ready=1681 zero=4437 dry=0 seed_calls=32670 seed_ok=32670 seed_failed=0 skipped_all_resident=32051 candidate_experts=258884 seed_experts=95083 resident_before=163801 seed_ms=114101.403
0712 14:57:32 ds4-server: chat ctx=178..207:29 gen=129 decoding chunk=1.85 t/s avg=1.23 t/s 104.736s
0712 14:57:32 ds4-server: chat ctx=0..78:78 gen=129 finish=error error="shutdown requested" 183.885s
