ds4: Linux cuda backend set oom_score_adj=1000
ds4: CUDA backend initialized on NVIDIA GeForce RTX 3090 Ti (sm_86)
ds4: SSD streaming initial cuda model map restricted to token embedding (1 spans, 0.99 GiB tensor span)
ds4: CUDA preparing model tensor mappings
ds4: CUDA loading model tensors into device cache
ds4: CUDA startup model preparation covered 0.99 GiB of tensor spans in 0.392s
ds4: cuda backend initialized for graph diagnostics
0715 16:29:10 ds4-server: context buffers 122.69 MiB (ctx=4096, backend=cuda, prefill_chunk=512, raw_kv_rows=768, compressed_kv_rows=1026)
0715 16:29:10 ds4-server: listening on http://127.0.0.1:18083
0715 16:29:11 ds4-server: chat ctx=0..135:135 prompt start
ds4: CUDA loading model tensors 0.00 GiB cached
0715 16:29:21 ds4-server: chat ctx=0..135:135 prompt done 10.053s
ds4: REAP mask reload da /root/reap-loop/runs/ds4/20260712_pod12_bake/coding_weight_full_decode_learn_combined_20260715/masks/k60_weight_coding.txt: 4080 entry potate
ds4: REAP mask applied: 40 layer, 40 device range aggiornati/creati
ds4: REAP mask applied: 40 layer, 40 device range aggiornati/creati
0715 16:29:30 ds4-server: chat ctx=135..185:50 gen=50 decoding chunk=5.39 t/s avg=5.39 t/s 9.283s
ds4: REAP mask applied: 40 layer, 40 device range aggiornati/creati
ds4: REAP mask applied: 40 layer, 40 device range aggiornati/creati
0715 16:29:36 ds4-server: chat ctx=185..235:50 gen=100 decoding chunk=8.41 t/s avg=6.57 t/s 15.232s
ds4: CUDA loading model tensors 7.86 GiB cached
ds4: REAP mask applied: 40 layer, 40 device range aggiornati/creati
0715 16:29:42 ds4-server: chat ctx=235..285:50 gen=150 decoding chunk=8.81 t/s avg=7.18 t/s 20.906s
ds4: REAP mask applied: 40 layer, 40 device range aggiornati/creati
ds4: REAP mask applied: 40 layer, 40 device range aggiornati/creati
0715 16:29:49 ds4-server: chat ctx=285..335:50 gen=200 decoding chunk=7.61 t/s avg=7.28 t/s 27.479s
ds4: REAP mask applied: 40 layer, 40 device range aggiornati/creati
0715 16:29:54 ds4-server: chat ctx=335..385:50 gen=250 decoding chunk=8.62 t/s avg=7.51 t/s 33.283s
ds4: REAP mask applied: 40 layer, 40 device range aggiornati/creati
ds4: REAP mask applied: 40 layer, 40 device range aggiornati/creati
0715 16:30:01 ds4-server: chat ctx=385..435:50 gen=300 decoding chunk=7.69 t/s avg=7.54 t/s 39.784s
ds4: REAP mask applied: 40 layer, 40 device range aggiornati/creati
0715 16:30:07 ds4-server: chat ctx=435..485:50 gen=350 decoding chunk=8.16 t/s avg=7.62 t/s 45.909s
ds4: REAP mask applied: 40 layer, 40 device range aggiornati/creati
ds4: REAP mask applied: 40 layer, 40 device range aggiornati/creati
0715 16:30:13 ds4-server: chat ctx=485..535:50 gen=400 decoding chunk=7.94 t/s avg=7.66 t/s 52.205s
ds4: REAP mask applied: 40 layer, 40 device range aggiornati/creati
ds4: REAP mask applied: 40 layer, 40 device range aggiornati/creati
0715 16:30:20 ds4-server: chat ctx=535..585:50 gen=450 decoding chunk=7.58 t/s avg=7.65 t/s 58.799s
ds4: REAP mask applied: 40 layer, 40 device range aggiornati/creati
0715 16:30:26 ds4-server: chat ctx=585..635:50 gen=500 decoding chunk=8.32 t/s avg=7.72 t/s 64.808s
ds4: REAP mask applied: 40 layer, 40 device range aggiornati/creati
ds4: REAP mask applied: 40 layer, 40 device range aggiornati/creati
0715 16:30:32 ds4-server: chat ctx=635..685:50 gen=550 decoding chunk=8.01 t/s avg=7.74 t/s 71.052s
ds4: REAP mask applied: 40 layer, 40 device range aggiornati/creati
0715 16:30:39 ds4-server: chat ctx=685..735:50 gen=600 decoding chunk=7.78 t/s avg=7.74 t/s 77.482s
ds4: REAP mask applied: 40 layer, 40 device range aggiornati/creati
ds4: REAP mask applied: 40 layer, 40 device range aggiornati/creati
0715 16:30:45 ds4-server: chat ctx=735..785:50 gen=650 decoding chunk=8.26 t/s avg=7.78 t/s 83.538s
ds4: REAP mask applied: 40 layer, 40 device range aggiornati/creati
0715 16:30:51 ds4-server: chat ctx=785..835:50 gen=700 decoding chunk=7.93 t/s avg=7.79 t/s 89.842s
ds4: REAP mask applied: 40 layer, 40 device range aggiornati/creati
ds4: REAP mask applied: 40 layer, 40 device range aggiornati/creati
0715 16:30:57 ds4-server: chat ctx=835..885:50 gen=750 decoding chunk=7.85 t/s avg=7.80 t/s 96.215s
ds4: REAP mask applied: 40 layer, 40 device range aggiornati/creati
0715 16:31:04 ds4-server: chat ctx=885..935:50 gen=800 decoding chunk=7.72 t/s avg=7.79 t/s 102.688s
ds4: REAP mask applied: 40 layer, 40 device range aggiornati/creati
ds4: REAP mask applied: 40 layer, 40 device range aggiornati/creati
0715 16:31:11 ds4-server: chat ctx=935..985:50 gen=850 decoding chunk=7.37 t/s avg=7.76 t/s 109.471s
ds4: REAP mask applied: 40 layer, 40 device range aggiornati/creati
ds4: REAP mask applied: 40 layer, 40 device range aggiornati/creati
0715 16:31:17 ds4-server: chat ctx=985..1035:50 gen=900 decoding chunk=7.51 t/s avg=7.75 t/s 116.130s
ds4: REAP mask applied: 40 layer, 40 device range aggiornati/creati
0715 16:31:24 ds4-server: chat ctx=1035..1085:50 gen=950 decoding chunk=7.55 t/s avg=7.74 t/s 122.754s
ds4: REAP mask applied: 40 layer, 40 device range aggiornati/creati
ds4: REAP mask applied: 40 layer, 40 device range aggiornati/creati
0715 16:31:30 ds4-server: chat ctx=1085..1135:50 gen=1000 decoding chunk=7.93 t/s avg=7.75 t/s 129.055s
ds4: REAP mask applied: 40 layer, 40 device range aggiornati/creati
0715 16:31:36 ds4-server: chat ctx=1135..1185:50 gen=1050 decoding chunk=8.04 t/s avg=7.76 t/s 135.276s
ds4: REAP mask applied: 40 layer, 40 device range aggiornati/creati
ds4: REAP mask applied: 40 layer, 40 device range aggiornati/creati
0715 16:31:43 ds4-server: chat ctx=1185..1235:50 gen=1100 decoding chunk=8.08 t/s avg=7.78 t/s 141.462s
ds4: REAP mask applied: 40 layer, 40 device range aggiornati/creati
0715 16:31:49 ds4-server: chat ctx=1235..1285:50 gen=1150 decoding chunk=8.07 t/s avg=7.79 t/s 147.660s
ds4: REAP mask applied: 40 layer, 40 device range aggiornati/creati
ds4: REAP mask applied: 40 layer, 40 device range aggiornati/creati
0715 16:31:55 ds4-server: chat ctx=1285..1335:50 gen=1200 decoding chunk=8.35 t/s avg=7.81 t/s 153.645s
ds4: REAP mask applied: 40 layer, 40 device range aggiornati/creati
ds4: REAP mask applied: 40 layer, 40 device range aggiornati/creati
0715 16:32:01 ds4-server: chat ctx=1335..1385:50 gen=1250 decoding chunk=8.61 t/s avg=7.84 t/s 159.450s
ds4: REAP mask applied: 40 layer, 40 device range aggiornati/creati
0715 16:32:06 ds4-server: chat ctx=1385..1435:50 gen=1300 decoding chunk=8.70 t/s avg=7.87 t/s 165.196s
ds4: REAP mask applied: 40 layer, 40 device range aggiornati/creati
ds4: REAP mask applied: 40 layer, 40 device range aggiornati/creati
0715 16:32:12 ds4-server: chat ctx=1435..1485:50 gen=1350 decoding chunk=8.69 t/s avg=7.90 t/s 170.953s
ds4: REAP mask applied: 40 layer, 40 device range aggiornati/creati
0715 16:32:17 ds4-server: chat ctx=1485..1535:50 gen=1400 decoding chunk=9.27 t/s avg=7.94 t/s 176.346s
ds4: REAP mask applied: 40 layer, 40 device range aggiornati/creati
ds4: REAP mask applied: 40 layer, 40 device range aggiornati/creati
0715 16:32:23 ds4-server: chat ctx=1535..1585:50 gen=1450 decoding chunk=8.50 t/s avg=7.96 t/s 182.225s
ds4: REAP mask applied: 40 layer, 40 device range aggiornati/creati
0715 16:32:29 ds4-server: chat ctx=1585..1635:50 gen=1500 decoding chunk=8.51 t/s avg=7.97 t/s 188.099s
ds4: REAP mask applied: 40 layer, 40 device range aggiornati/creati
ds4: REAP mask applied: 40 layer, 40 device range aggiornati/creati
0715 16:32:35 ds4-server: chat ctx=1635..1685:50 gen=1550 decoding chunk=8.43 t/s avg=7.99 t/s 194.028s
ds4: REAP mask applied: 40 layer, 40 device range aggiornati/creati
0715 16:32:41 ds4-server: chat ctx=1685..1735:50 gen=1600 decoding chunk=8.10 t/s avg=7.99 t/s 200.197s
ds4: REAP mask applied: 40 layer, 40 device range aggiornati/creati
ds4: REAP mask applied: 40 layer, 40 device range aggiornati/creati
0715 16:32:47 ds4-server: chat ctx=1735..1785:50 gen=1650 decoding chunk=9.44 t/s avg=8.03 t/s 205.491s
ds4: REAP mask applied: 40 layer, 40 device range aggiornati/creati
ds4: REAP mask applied: 40 layer, 40 device range aggiornati/creati
0715 16:32:54 ds4-server: chat ctx=1785..1835:50 gen=1700 decoding chunk=7.12 t/s avg=8.00 t/s 212.517s
ds4: REAP mask applied: 40 layer, 40 device range aggiornati/creati
0715 16:33:00 ds4-server: chat ctx=1835..1885:50 gen=1750 decoding chunk=7.34 t/s avg=7.98 t/s 219.326s
ds4: REAP mask applied: 40 layer, 40 device range aggiornati/creati
ds4: REAP mask applied: 40 layer, 40 device range aggiornati/creati
0715 16:33:07 ds4-server: chat ctx=1885..1935:50 gen=1800 decoding chunk=7.87 t/s avg=7.98 t/s 225.682s
ds4: REAP mask applied: 40 layer, 40 device range aggiornati/creati
0715 16:33:13 ds4-server: chat ctx=1935..1985:50 gen=1850 decoding chunk=7.93 t/s avg=7.97 t/s 231.991s
ds4: REAP mask applied: 40 layer, 40 device range aggiornati/creati
ds4: REAP mask applied: 40 layer, 40 device range aggiornati/creati
0715 16:33:19 ds4-server: chat ctx=1985..2035:50 gen=1900 decoding chunk=8.46 t/s avg=7.99 t/s 237.900s
ds4: REAP mask applied: 40 layer, 40 device range aggiornati/creati
0715 16:33:25 ds4-server: chat ctx=2035..2085:50 gen=1950 decoding chunk=8.62 t/s avg=8.00 t/s 243.700s
ds4: REAP mask applied: 40 layer, 40 device range aggiornati/creati
ds4: REAP mask applied: 40 layer, 40 device range aggiornati/creati
0715 16:33:31 ds4-server: chat ctx=2085..2135:50 gen=2000 decoding chunk=7.87 t/s avg=8.00 t/s 250.057s
ds4: REAP mask applied: 40 layer, 40 device range aggiornati/creati
ds4: REAP mask applied: 40 layer, 40 device range aggiornati/creati
0715 16:33:38 ds4-server: chat ctx=2135..2185:50 gen=2050 decoding chunk=7.78 t/s avg=7.99 t/s 256.481s
ds4: REAP mask applied: 40 layer, 40 device range aggiornati/creati
0715 16:33:44 ds4-server: chat ctx=2185..2235:50 gen=2100 decoding chunk=8.16 t/s avg=8.00 t/s 262.607s
ds4: REAP mask applied: 40 layer, 40 device range aggiornati/creati
ds4: REAP mask applied: 40 layer, 40 device range aggiornati/creati
0715 16:33:50 ds4-server: chat ctx=2235..2285:50 gen=2150 decoding chunk=8.43 t/s avg=8.01 t/s 268.537s
ds4: REAP mask applied: 40 layer, 40 device range aggiornati/creati
0715 16:33:56 ds4-server: chat ctx=2285..2335:50 gen=2200 decoding chunk=8.27 t/s avg=8.01 t/s 274.584s
ds4: REAP mask applied: 40 layer, 40 device range aggiornati/creati
ds4: REAP mask applied: 40 layer, 40 device range aggiornati/creati
0715 16:34:02 ds4-server: chat ctx=2335..2385:50 gen=2250 decoding chunk=8.14 t/s avg=8.01 t/s 280.727s
ds4: REAP mask applied: 40 layer, 40 device range aggiornati/creati
0715 16:34:08 ds4-server: chat ctx=2385..2435:50 gen=2300 decoding chunk=8.01 t/s avg=8.01 t/s 286.969s
ds4: REAP mask applied: 40 layer, 40 device range aggiornati/creati
ds4: REAP mask applied: 40 layer, 40 device range aggiornati/creati
0715 16:34:15 ds4-server: chat ctx=2435..2485:50 gen=2350 decoding chunk=6.88 t/s avg=7.99 t/s 294.231s
ds4: REAP mask applied: 40 layer, 40 device range aggiornati/creati
0715 16:34:22 ds4-server: chat ctx=2485..2535:50 gen=2400 decoding chunk=7.34 t/s avg=7.97 t/s 301.044s
ds4: REAP mask applied: 40 layer, 40 device range aggiornati/creati
ds4: REAP mask applied: 40 layer, 40 device range aggiornati/creati
0715 16:34:29 ds4-server: chat ctx=2535..2585:50 gen=2450 decoding chunk=7.22 t/s avg=7.96 t/s 307.972s
ds4: REAP mask applied: 40 layer, 40 device range aggiornati/creati
ds4: REAP mask applied: 40 layer, 40 device range aggiornati/creati
0715 16:34:35 ds4-server: chat ctx=2585..2635:50 gen=2500 decoding chunk=7.81 t/s avg=7.95 t/s 314.374s
ds4: REAP mask applied: 40 layer, 40 device range aggiornati/creati
0715 16:34:41 ds4-server: chat ctx=2635..2685:50 gen=2550 decoding chunk=8.42 t/s avg=7.96 t/s 320.313s
ds4: REAP mask applied: 40 layer, 40 device range aggiornati/creati
ds4: REAP mask applied: 40 layer, 40 device range aggiornati/creati
0715 16:34:48 ds4-server: chat ctx=2685..2735:50 gen=2600 decoding chunk=7.69 t/s avg=7.96 t/s 326.814s
ds4: REAP mask applied: 40 layer, 40 device range aggiornati/creati
0715 16:34:54 ds4-server: chat ctx=2735..2785:50 gen=2650 decoding chunk=7.77 t/s avg=7.95 t/s 333.250s
ds4: REAP mask applied: 40 layer, 40 device range aggiornati/creati
ds4: REAP mask applied: 40 layer, 40 device range aggiornati/creati
0715 16:35:01 ds4-server: chat ctx=2785..2835:50 gen=2700 decoding chunk=7.55 t/s avg=7.94 t/s 339.873s
ds4: REAP mask applied: 40 layer, 40 device range aggiornati/creati
0715 16:35:08 ds4-server: chat ctx=2835..2885:50 gen=2750 decoding chunk=7.59 t/s avg=7.94 t/s 346.458s
ds4: REAP mask applied: 40 layer, 40 device range aggiornati/creati
ds4: REAP mask applied: 40 layer, 40 device range aggiornati/creati
0715 16:35:14 ds4-server: chat ctx=2885..2935:50 gen=2800 decoding chunk=7.67 t/s avg=7.93 t/s 352.976s
ds4: REAP mask applied: 40 layer, 40 device range aggiornati/creati
ds4: REAP mask applied: 40 layer, 40 device range aggiornati/creati
0715 16:35:20 ds4-server: chat ctx=2935..2985:50 gen=2850 decoding chunk=7.89 t/s avg=7.93 t/s 359.317s
ds4: REAP mask applied: 40 layer, 40 device range aggiornati/creati
0715 16:35:27 ds4-server: chat ctx=2985..3035:50 gen=2900 decoding chunk=7.92 t/s avg=7.93 t/s 365.628s
ds4: REAP mask applied: 40 layer, 40 device range aggiornati/creati
ds4: REAP mask applied: 40 layer, 40 device range aggiornati/creati
0715 16:35:33 ds4-server: chat ctx=3035..3085:50 gen=2950 decoding chunk=7.64 t/s avg=7.93 t/s 372.170s
ds4: REAP mask applied: 40 layer, 40 device range aggiornati/creati
0715 16:35:40 ds4-server: chat ctx=3085..3135:50 gen=3000 decoding chunk=7.74 t/s avg=7.92 t/s 378.626s
0715 16:35:40 ds4-server: chat ctx=3135..3142:7 gen=3007 decoding chunk=10.16 t/s avg=7.93 t/s 379.315s
0715 16:35:40 ds4-server: chat ctx=0..135:135 final stream failed
0715 16:35:40 ds4-server: chat ctx=0..135:135 gen=3007 finish=stop 389.368s
0715 16:35:40 ds4-server: live kv cache miss live=3142 prompt=135 common=135 reason=token-mismatch
0715 16:35:40 ds4-server: chat ctx=0..135:135 prompt start
ds4: CUDA loading model tensors 0.00 GiB cached
0715 16:35:49 ds4-server: chat ctx=0..135:135 prompt done 8.996s
ds4: CUDA loading model tensors 5.57 GiB cached
ds4: REAP mask applied: 40 layer, 40 device range aggiornati/creati
ds4: REAP mask applied: 40 layer, 40 device range aggiornati/creati
0715 16:35:58 ds4-server: chat ctx=135..185:50 gen=50 decoding chunk=6.16 t/s avg=6.16 t/s 8.113s
ds4: REAP mask applied: 40 layer, 40 device range aggiornati/creati
ds4: REAP mask applied: 40 layer, 40 device range aggiornati/creati
0715 16:36:03 ds4-server: chat ctx=185..235:50 gen=100 decoding chunk=9.05 t/s avg=7.33 t/s 13.641s
ds4: CUDA loading model tensors 7.86 GiB cached
ds4: REAP mask applied: 40 layer, 40 device range aggiornati/creati
0715 16:36:09 ds4-server: chat ctx=235..285:50 gen=150 decoding chunk=8.97 t/s avg=7.81 t/s 19.214s
ds4: REAP mask applied: 40 layer, 40 device range aggiornati/creati
ds4: REAP mask applied: 40 layer, 40 device range aggiornati/creati
0715 16:36:14 ds4-server: chat ctx=285..335:50 gen=200 decoding chunk=8.63 t/s avg=8.00 t/s 25.010s
ds4: REAP mask applied: 40 layer, 40 device range aggiornati/creati
0715 16:36:20 ds4-server: chat ctx=335..385:50 gen=250 decoding chunk=8.39 t/s avg=8.07 t/s 30.969s
ds4: REAP mask applied: 40 layer, 40 device range aggiornati/creati
ds4: REAP mask applied: 40 layer, 40 device range aggiornati/creati
0715 16:36:26 ds4-server: chat ctx=385..435:50 gen=300 decoding chunk=8.36 t/s avg=8.12 t/s 36.951s
ds4: REAP mask applied: 40 layer, 40 device range aggiornati/creati
0715 16:36:33 ds4-server: chat ctx=435..485:50 gen=350 decoding chunk=7.96 t/s avg=8.10 t/s 43.235s
ds4: REAP mask applied: 40 layer, 40 device range aggiornati/creati
ds4: REAP mask applied: 40 layer, 40 device range aggiornati/creati
0715 16:36:39 ds4-server: chat ctx=485..535:50 gen=400 decoding chunk=7.98 t/s avg=8.08 t/s 49.500s
ds4: REAP mask applied: 40 layer, 40 device range aggiornati/creati
ds4: REAP mask applied: 40 layer, 40 device range aggiornati/creati
0715 16:36:45 ds4-server: chat ctx=535..585:50 gen=450 decoding chunk=7.96 t/s avg=8.07 t/s 55.780s
ds4: REAP mask applied: 40 layer, 40 device range aggiornati/creati
0715 16:36:51 ds4-server: chat ctx=585..635:50 gen=500 decoding chunk=8.53 t/s avg=8.11 t/s 61.640s
ds4: REAP mask applied: 40 layer, 40 device range aggiornati/creati
ds4: REAP mask applied: 40 layer, 40 device range aggiornati/creati
0715 16:36:57 ds4-server: chat ctx=635..685:50 gen=550 decoding chunk=8.33 t/s avg=8.13 t/s 67.644s
ds4: REAP mask applied: 40 layer, 40 device range aggiornati/creati
0715 16:37:03 ds4-server: chat ctx=685..735:50 gen=600 decoding chunk=8.05 t/s avg=8.12 t/s 73.854s
ds4: REAP mask applied: 40 layer, 40 device range aggiornati/creati
ds4: REAP mask applied: 40 layer, 40 device range aggiornati/creati
0715 16:37:10 ds4-server: chat ctx=735..785:50 gen=650 decoding chunk=7.74 t/s avg=8.09 t/s 80.309s
ds4: REAP mask applied: 40 layer, 40 device range aggiornati/creati
0715 16:37:16 ds4-server: chat ctx=785..835:50 gen=700 decoding chunk=8.17 t/s avg=8.10 t/s 86.426s
ds4: REAP mask applied: 40 layer, 40 device range aggiornati/creati
ds4: REAP mask applied: 40 layer, 40 device range aggiornati/creati
0715 16:37:22 ds4-server: chat ctx=835..885:50 gen=750 decoding chunk=8.31 t/s avg=8.11 t/s 92.441s
ds4: REAP mask applied: 40 layer, 40 device range aggiornati/creati
0715 16:37:28 ds4-server: chat ctx=885..935:50 gen=800 decoding chunk=8.75 t/s avg=8.15 t/s 98.158s
ds4: REAP mask applied: 40 layer, 40 device range aggiornati/creati
ds4: REAP mask applied: 40 layer, 40 device range aggiornati/creati
0715 16:37:34 ds4-server: chat ctx=935..985:50 gen=850 decoding chunk=8.15 t/s avg=8.15 t/s 104.292s
ds4: REAP mask applied: 40 layer, 40 device range aggiornati/creati
ds4: REAP mask applied: 40 layer, 40 device range aggiornati/creati
0715 16:37:40 ds4-server: chat ctx=985..1035:50 gen=900 decoding chunk=8.11 t/s avg=8.15 t/s 110.456s
ds4: REAP mask applied: 40 layer, 40 device range aggiornati/creati
0715 16:37:46 ds4-server: chat ctx=1035..1085:50 gen=950 decoding chunk=8.10 t/s avg=8.15 t/s 116.626s
ds4: REAP mask applied: 40 layer, 40 device range aggiornati/creati
ds4: REAP mask applied: 40 layer, 40 device range aggiornati/creati
0715 16:37:53 ds4-server: chat ctx=1085..1135:50 gen=1000 decoding chunk=7.69 t/s avg=8.12 t/s 123.130s
ds4: REAP mask applied: 40 layer, 40 device range aggiornati/creati
0715 16:38:00 ds4-server: chat ctx=1135..1185:50 gen=1050 decoding chunk=7.24 t/s avg=8.07 t/s 130.039s
ds4: REAP mask applied: 40 layer, 40 device range aggiornati/creati
ds4: REAP mask applied: 40 layer, 40 device range aggiornati/creati
0715 16:38:06 ds4-server: chat ctx=1185..1235:50 gen=1100 decoding chunk=7.23 t/s avg=8.03 t/s 136.952s
ds4: REAP mask applied: 40 layer, 40 device range aggiornati/creati
0715 16:38:14 ds4-server: chat ctx=1235..1285:50 gen=1150 decoding chunk=6.81 t/s avg=7.97 t/s 144.299s
ds4: REAP mask applied: 40 layer, 40 device range aggiornati/creati
ds4: REAP mask applied: 40 layer, 40 device range aggiornati/creati
0715 16:38:20 ds4-server: chat ctx=1285..1335:50 gen=1200 decoding chunk=7.55 t/s avg=7.95 t/s 150.924s
ds4: REAP mask applied: 40 layer, 40 device range aggiornati/creati
ds4: REAP mask applied: 40 layer, 40 device range aggiornati/creati
0715 16:38:27 ds4-server: chat ctx=1335..1385:50 gen=1250 decoding chunk=7.37 t/s avg=7.93 t/s 157.709s
ds4: REAP mask applied: 40 layer, 40 device range aggiornati/creati
0715 16:38:34 ds4-server: chat ctx=1385..1435:50 gen=1300 decoding chunk=7.76 t/s avg=7.92 t/s 164.154s
ds4: REAP mask applied: 40 layer, 40 device range aggiornati/creati
ds4: REAP mask applied: 40 layer, 40 device range aggiornati/creati
0715 16:38:40 ds4-server: chat ctx=1435..1485:50 gen=1350 decoding chunk=7.54 t/s avg=7.90 t/s 170.788s
ds4: REAP mask applied: 40 layer, 40 device range aggiornati/creati
0715 16:38:46 ds4-server: chat ctx=1485..1535:50 gen=1400 decoding chunk=8.52 t/s avg=7.93 t/s 176.656s
ds4: REAP mask applied: 40 layer, 40 device range aggiornati/creati
ds4: REAP mask applied: 40 layer, 40 device range aggiornati/creati
0715 16:38:52 ds4-server: chat ctx=1535..1585:50 gen=1450 decoding chunk=8.37 t/s avg=7.94 t/s 182.630s
ds4: REAP mask applied: 40 layer, 40 device range aggiornati/creati
0715 16:38:59 ds4-server: chat ctx=1585..1635:50 gen=1500 decoding chunk=7.79 t/s avg=7.93 t/s 189.047s
ds4: REAP mask applied: 40 layer, 40 device range aggiornati/creati
ds4: REAP mask applied: 40 layer, 40 device range aggiornati/creati
0715 16:39:05 ds4-server: chat ctx=1635..1685:50 gen=1550 decoding chunk=8.01 t/s avg=7.94 t/s 195.286s
ds4: REAP mask applied: 40 layer, 40 device range aggiornati/creati
0715 16:39:11 ds4-server: chat ctx=1685..1735:50 gen=1600 decoding chunk=8.06 t/s avg=7.94 t/s 201.493s
ds4: REAP mask applied: 40 layer, 40 device range aggiornati/creati
ds4: REAP mask applied: 40 layer, 40 device range aggiornati/creati
0715 16:39:17 ds4-server: chat ctx=1735..1785:50 gen=1650 decoding chunk=8.13 t/s avg=7.95 t/s 207.640s
ds4: REAP mask applied: 40 layer, 40 device range aggiornati/creati
ds4: REAP mask applied: 40 layer, 40 device range aggiornati/creati
0715 16:39:23 ds4-server: chat ctx=1785..1835:50 gen=1700 decoding chunk=8.27 t/s avg=7.96 t/s 213.689s
ds4: REAP mask applied: 40 layer, 40 device range aggiornati/creati
0715 16:39:29 ds4-server: chat ctx=1835..1885:50 gen=1750 decoding chunk=8.37 t/s avg=7.97 t/s 219.665s
ds4: REAP mask applied: 40 layer, 40 device range aggiornati/creati
ds4: REAP mask applied: 40 layer, 40 device range aggiornati/creati
0715 16:39:35 ds4-server: chat ctx=1885..1935:50 gen=1800 decoding chunk=8.36 t/s avg=7.98 t/s 225.648s
ds4: REAP mask applied: 40 layer, 40 device range aggiornati/creati
0715 16:39:41 ds4-server: chat ctx=1935..1985:50 gen=1850 decoding chunk=8.93 t/s avg=8.00 t/s 231.245s
ds4: REAP mask applied: 40 layer, 40 device range aggiornati/creati
ds4: REAP mask applied: 40 layer, 40 device range aggiornati/creati
0715 16:39:47 ds4-server: chat ctx=1985..2035:50 gen=1900 decoding chunk=8.42 t/s avg=8.01 t/s 237.187s
ds4: REAP mask applied: 40 layer, 40 device range aggiornati/creati
0715 16:39:52 ds4-server: chat ctx=2035..2085:50 gen=1950 decoding chunk=9.57 t/s avg=8.04 t/s 242.411s
ds4: REAP mask applied: 40 layer, 40 device range aggiornati/creati
ds4: REAP mask applied: 40 layer, 40 device range aggiornati/creati
0715 16:39:58 ds4-server: chat ctx=2085..2135:50 gen=2000 decoding chunk=8.22 t/s avg=8.05 t/s 248.495s
ds4: REAP mask applied: 40 layer, 40 device range aggiornati/creati
ds4: REAP mask applied: 40 layer, 40 device range aggiornati/creati
0715 16:40:04 ds4-server: chat ctx=2135..2185:50 gen=2050 decoding chunk=8.37 t/s avg=8.06 t/s 254.472s
ds4: REAP mask applied: 40 layer, 40 device range aggiornati/creati
0715 16:40:10 ds4-server: chat ctx=2185..2235:50 gen=2100 decoding chunk=8.27 t/s avg=8.06 t/s 260.516s
ds4: REAP mask applied: 40 layer, 40 device range aggiornati/creati
ds4: REAP mask applied: 40 layer, 40 device range aggiornati/creati
0715 16:40:16 ds4-server: chat ctx=2235..2285:50 gen=2150 decoding chunk=7.80 t/s avg=8.05 t/s 266.924s
ds4: REAP mask applied: 40 layer, 40 device range aggiornati/creati
0715 16:40:22 ds4-server: chat ctx=2285..2335:50 gen=2200 decoding chunk=8.66 t/s avg=8.07 t/s 272.701s
ds4: REAP mask applied: 40 layer, 40 device range aggiornati/creati
ds4: REAP mask applied: 40 layer, 40 device range aggiornati/creati
0715 16:40:28 ds4-server: chat ctx=2335..2385:50 gen=2250 decoding chunk=8.13 t/s avg=8.07 t/s 278.850s
ds4: REAP mask applied: 40 layer, 40 device range aggiornati/creati
0715 16:40:35 ds4-server: chat ctx=2385..2435:50 gen=2300 decoding chunk=7.36 t/s avg=8.05 t/s 285.643s
ds4: REAP mask applied: 40 layer, 40 device range aggiornati/creati
ds4: REAP mask applied: 40 layer, 40 device range aggiornati/creati
0715 16:40:42 ds4-server: chat ctx=2435..2485:50 gen=2350 decoding chunk=6.93 t/s avg=8.02 t/s 292.859s
ds4: REAP mask applied: 40 layer, 40 device range aggiornati/creati
0715 16:40:48 ds4-server: chat ctx=2485..2535:50 gen=2400 decoding chunk=9.04 t/s avg=8.04 t/s 298.391s
ds4: REAP mask applied: 40 layer, 40 device range aggiornati/creati
ds4: REAP mask applied: 40 layer, 40 device range aggiornati/creati
0715 16:40:54 ds4-server: chat ctx=2535..2585:50 gen=2450 decoding chunk=8.01 t/s avg=8.04 t/s 304.638s
ds4: REAP mask applied: 40 layer, 40 device range aggiornati/creati
ds4: REAP mask applied: 40 layer, 40 device range aggiornati/creati
0715 16:41:00 ds4-server: chat ctx=2585..2635:50 gen=2500 decoding chunk=8.02 t/s avg=8.04 t/s 310.869s
ds4: REAP mask applied: 40 layer, 40 device range aggiornati/creati
0715 16:41:08 ds4-server: chat ctx=2635..2685:50 gen=2550 decoding chunk=6.76 t/s avg=8.01 t/s 318.261s
ds4: REAP mask applied: 40 layer, 40 device range aggiornati/creati
ds4: REAP mask applied: 40 layer, 40 device range aggiornati/creati
0715 16:41:14 ds4-server: chat ctx=2685..2735:50 gen=2600 decoding chunk=7.43 t/s avg=8.00 t/s 324.988s
ds4: REAP mask applied: 40 layer, 40 device range aggiornati/creati
0715 16:41:21 ds4-server: chat ctx=2735..2785:50 gen=2650 decoding chunk=8.03 t/s avg=8.00 t/s 331.218s
ds4: REAP mask applied: 40 layer, 40 device range aggiornati/creati
ds4: REAP mask applied: 40 layer, 40 device range aggiornati/creati
0715 16:41:27 ds4-server: chat ctx=2785..2835:50 gen=2700 decoding chunk=8.47 t/s avg=8.01 t/s 337.122s
ds4: REAP mask applied: 40 layer, 40 device range aggiornati/creati
0715 16:41:33 ds4-server: chat ctx=2835..2885:50 gen=2750 decoding chunk=7.87 t/s avg=8.01 t/s 343.472s
ds4: REAP mask applied: 40 layer, 40 device range aggiornati/creati
ds4: REAP mask applied: 40 layer, 40 device range aggiornati/creati
0715 16:41:40 ds4-server: chat ctx=2885..2935:50 gen=2800 decoding chunk=7.19 t/s avg=7.99 t/s 350.430s
ds4: REAP mask applied: 40 layer, 40 device range aggiornati/creati
ds4: REAP mask applied: 40 layer, 40 device range aggiornati/creati
0715 16:41:47 ds4-server: chat ctx=2935..2985:50 gen=2850 decoding chunk=7.16 t/s avg=7.97 t/s 357.416s
ds4: REAP mask applied: 40 layer, 40 device range aggiornati/creati
0715 16:41:53 ds4-server: chat ctx=2985..3035:50 gen=2900 decoding chunk=7.70 t/s avg=7.97 t/s 363.909s
ds4: REAP mask applied: 40 layer, 40 device range aggiornati/creati
ds4: REAP mask applied: 40 layer, 40 device range aggiornati/creati
0715 16:42:00 ds4-server: chat ctx=3035..3085:50 gen=2950 decoding chunk=7.80 t/s avg=7.97 t/s 370.321s
ds4: REAP mask applied: 40 layer, 40 device range aggiornati/creati
0715 16:42:06 ds4-server: chat ctx=3085..3135:50 gen=3000 decoding chunk=7.57 t/s avg=7.96 t/s 376.923s
ds4: REAP mask applied: 40 layer, 40 device range aggiornati/creati
ds4: REAP mask applied: 40 layer, 40 device range aggiornati/creati
0715 16:42:13 ds4-server: chat ctx=3135..3185:50 gen=3050 decoding chunk=7.79 t/s avg=7.96 t/s 383.339s
ds4: REAP mask applied: 40 layer, 40 device range aggiornati/creati
0715 16:42:19 ds4-server: chat ctx=3185..3235:50 gen=3100 decoding chunk=7.60 t/s avg=7.95 t/s 389.921s
ds4: REAP mask applied: 40 layer, 40 device range aggiornati/creati
ds4: REAP mask applied: 40 layer, 40 device range aggiornati/creati
0715 16:42:26 ds4-server: chat ctx=3235..3285:50 gen=3150 decoding chunk=7.96 t/s avg=7.95 t/s 396.204s
ds4: REAP mask applied: 40 layer, 40 device range aggiornati/creati
0715 16:42:32 ds4-server: chat ctx=3285..3335:50 gen=3200 decoding chunk=7.86 t/s avg=7.95 t/s 402.565s
0715 16:42:32 ds4-server: chat ctx=0..135:135 gen=3200 finish=length 411.560s
0715 16:42:32 ds4-server: live kv cache miss live=3335 prompt=135 common=135 reason=token-mismatch
0715 16:42:32 ds4-server: chat ctx=0..135:135 prompt start
ds4: CUDA loading model tensors 0.00 GiB cached
0715 16:42:42 ds4-server: chat ctx=0..135:135 prompt done 9.583s
ds4: CUDA loading model tensors 3.42 GiB cached
ds4: REAP mask applied: 40 layer, 40 device range aggiornati/creati
ds4: REAP mask applied: 40 layer, 40 device range aggiornati/creati
0715 16:42:49 ds4-server: chat ctx=135..185:50 gen=50 decoding chunk=6.79 t/s avg=6.79 t/s 7.364s
ds4: REAP mask applied: 40 layer, 40 device range aggiornati/creati
ds4: REAP mask applied: 40 layer, 40 device range aggiornati/creati
0715 16:42:54 ds4-server: chat ctx=185..235:50 gen=100 decoding chunk=9.34 t/s avg=7.86 t/s 12.717s
ds4: CUDA loading model tensors 7.86 GiB cached
ds4: REAP mask applied: 40 layer, 40 device range aggiornati/creati
0715 16:43:00 ds4-server: chat ctx=235..285:50 gen=150 decoding chunk=8.56 t/s avg=8.08 t/s 18.559s
ds4: REAP mask applied: 40 layer, 40 device range aggiornati/creati
ds4: REAP mask applied: 40 layer, 40 device range aggiornati/creati
0715 16:43:06 ds4-server: chat ctx=285..335:50 gen=200 decoding chunk=8.79 t/s avg=8.25 t/s 24.248s
ds4: REAP mask applied: 40 layer, 40 device range aggiornati/creati
0715 16:43:12 ds4-server: chat ctx=335..385:50 gen=250 decoding chunk=8.12 t/s avg=8.22 t/s 30.403s
ds4: REAP mask applied: 40 layer, 40 device range aggiornati/creati
ds4: REAP mask applied: 40 layer, 40 device range aggiornati/creati
0715 16:43:18 ds4-server: chat ctx=385..435:50 gen=300 decoding chunk=8.75 t/s avg=8.31 t/s 36.117s
ds4: REAP mask applied: 40 layer, 40 device range aggiornati/creati
0715 16:43:24 ds4-server: chat ctx=435..485:50 gen=350 decoding chunk=8.25 t/s avg=8.30 t/s 42.177s
ds4: REAP mask applied: 40 layer, 40 device range aggiornati/creati
ds4: REAP mask applied: 40 layer, 40 device range aggiornati/creati
0715 16:43:30 ds4-server: chat ctx=485..535:50 gen=400 decoding chunk=8.54 t/s avg=8.33 t/s 48.035s
ds4: REAP mask applied: 40 layer, 40 device range aggiornati/creati
ds4: REAP mask applied: 40 layer, 40 device range aggiornati/creati
0715 16:43:36 ds4-server: chat ctx=535..585:50 gen=450 decoding chunk=8.20 t/s avg=8.31 t/s 54.135s
ds4: REAP mask applied: 40 layer, 40 device range aggiornati/creati
0715 16:43:42 ds4-server: chat ctx=585..635:50 gen=500 decoding chunk=8.46 t/s avg=8.33 t/s 60.044s
ds4: REAP mask applied: 40 layer, 40 device range aggiornati/creati
ds4: REAP mask applied: 40 layer, 40 device range aggiornati/creati
0715 16:43:48 ds4-server: chat ctx=635..685:50 gen=550 decoding chunk=7.78 t/s avg=8.27 t/s 66.470s
ds4: REAP mask applied: 40 layer, 40 device range aggiornati/creati
0715 16:43:55 ds4-server: chat ctx=685..735:50 gen=600 decoding chunk=7.56 t/s avg=8.21 t/s 73.081s
ds4: REAP mask applied: 40 layer, 40 device range aggiornati/creati
ds4: REAP mask applied: 40 layer, 40 device range aggiornati/creati
0715 16:44:01 ds4-server: chat ctx=735..785:50 gen=650 decoding chunk=7.62 t/s avg=8.16 t/s 79.644s
ds4: REAP mask applied: 40 layer, 40 device range aggiornati/creati
0715 16:44:07 ds4-server: chat ctx=785..835:50 gen=700 decoding chunk=8.41 t/s avg=8.18 t/s 85.592s
ds4: REAP mask applied: 40 layer, 40 device range aggiornati/creati
ds4: REAP mask applied: 40 layer, 40 device range aggiornati/creati
0715 16:44:13 ds4-server: chat ctx=835..885:50 gen=750 decoding chunk=8.49 t/s avg=8.20 t/s 91.484s
ds4: REAP mask applied: 40 layer, 40 device range aggiornati/creati
0715 16:44:20 ds4-server: chat ctx=885..935:50 gen=800 decoding chunk=7.95 t/s avg=8.18 t/s 97.773s
ds4: REAP mask applied: 40 layer, 40 device range aggiornati/creati
ds4: REAP mask applied: 40 layer, 40 device range aggiornati/creati
0715 16:44:25 ds4-server: chat ctx=935..985:50 gen=850 decoding chunk=8.83 t/s avg=8.22 t/s 103.434s
ds4: REAP mask applied: 40 layer, 40 device range aggiornati/creati
ds4: REAP mask applied: 40 layer, 40 device range aggiornati/creati
0715 16:44:31 ds4-server: chat ctx=985..1035:50 gen=900 decoding chunk=8.37 t/s avg=8.23 t/s 109.406s
ds4: REAP mask applied: 40 layer, 40 device range aggiornati/creati
0715 16:44:37 ds4-server: chat ctx=1035..1085:50 gen=950 decoding chunk=8.31 t/s avg=8.23 t/s 115.421s
ds4: REAP mask applied: 40 layer, 40 device range aggiornati/creati
ds4: REAP mask applied: 40 layer, 40 device range aggiornati/creati
0715 16:44:43 ds4-server: chat ctx=1085..1135:50 gen=1000 decoding chunk=8.92 t/s avg=8.26 t/s 121.027s
ds4: REAP mask applied: 40 layer, 40 device range aggiornati/creati
0715 16:44:48 ds4-server: chat ctx=1135..1185:50 gen=1050 decoding chunk=9.71 t/s avg=8.32 t/s 126.174s
ds4: REAP mask applied: 40 layer, 40 device range aggiornati/creati
ds4: REAP mask applied: 40 layer, 40 device range aggiornati/creati
0715 16:44:54 ds4-server: chat ctx=1185..1235:50 gen=1100 decoding chunk=8.66 t/s avg=8.34 t/s 131.946s
ds4: REAP mask applied: 40 layer, 40 device range aggiornati/creati
0715 16:45:00 ds4-server: chat ctx=1235..1285:50 gen=1150 decoding chunk=7.68 t/s avg=8.31 t/s 138.458s
ds4: REAP mask applied: 40 layer, 40 device range aggiornati/creati
ds4: REAP mask applied: 40 layer, 40 device range aggiornati/creati
0715 16:45:07 ds4-server: chat ctx=1285..1335:50 gen=1200 decoding chunk=7.91 t/s avg=8.29 t/s 144.781s
ds4: REAP mask applied: 40 layer, 40 device range aggiornati/creati
ds4: REAP mask applied: 40 layer, 40 device range aggiornati/creati
0715 16:45:12 ds4-server: chat ctx=1335..1385:50 gen=1250 decoding chunk=8.65 t/s avg=8.30 t/s 150.559s
ds4: REAP mask applied: 40 layer, 40 device range aggiornati/creati
0715 16:45:19 ds4-server: chat ctx=1385..1435:50 gen=1300 decoding chunk=7.50 t/s avg=8.27 t/s 157.226s
ds4: REAP mask applied: 40 layer, 40 device range aggiornati/creati
ds4: REAP mask applied: 40 layer, 40 device range aggiornati/creati
0715 16:45:25 ds4-server: chat ctx=1435..1485:50 gen=1350 decoding chunk=8.86 t/s avg=8.29 t/s 162.872s
ds4: REAP mask applied: 40 layer, 40 device range aggiornati/creati
0715 16:45:31 ds4-server: chat ctx=1485..1535:50 gen=1400 decoding chunk=8.20 t/s avg=8.29 t/s 168.966s
ds4: REAP mask applied: 40 layer, 40 device range aggiornati/creati
ds4: REAP mask applied: 40 layer, 40 device range aggiornati/creati
0715 16:45:36 ds4-server: chat ctx=1535..1585:50 gen=1450 decoding chunk=9.07 t/s avg=8.31 t/s 174.479s
ds4: REAP mask applied: 40 layer, 40 device range aggiornati/creati
0715 16:45:43 ds4-server: chat ctx=1585..1635:50 gen=1500 decoding chunk=7.33 t/s avg=8.27 t/s 181.298s
ds4: REAP mask applied: 40 layer, 40 device range aggiornati/creati
ds4: REAP mask applied: 40 layer, 40 device range aggiornati/creati
0715 16:45:49 ds4-server: chat ctx=1635..1685:50 gen=1550 decoding chunk=8.05 t/s avg=8.27 t/s 187.511s
ds4: REAP mask applied: 40 layer, 40 device range aggiornati/creati
0715 16:45:55 ds4-server: chat ctx=1685..1735:50 gen=1600 decoding chunk=8.91 t/s avg=8.28 t/s 193.123s
ds4: REAP mask applied: 40 layer, 40 device range aggiornati/creati
ds4: REAP mask applied: 40 layer, 40 device range aggiornati/creati
0715 16:46:00 ds4-server: chat ctx=1735..1785:50 gen=1650 decoding chunk=8.99 t/s avg=8.30 t/s 198.683s
ds4: REAP mask applied: 40 layer, 40 device range aggiornati/creati
ds4: REAP mask applied: 40 layer, 40 device range aggiornati/creati
0715 16:46:07 ds4-server: chat ctx=1785..1835:50 gen=1700 decoding chunk=8.12 t/s avg=8.30 t/s 204.838s
ds4: REAP mask applied: 40 layer, 40 device range aggiornati/creati
0715 16:46:13 ds4-server: chat ctx=1835..1885:50 gen=1750 decoding chunk=8.41 t/s avg=8.30 t/s 210.784s
ds4: REAP mask applied: 40 layer, 40 device range aggiornati/creati
ds4: REAP mask applied: 40 layer, 40 device range aggiornati/creati
0715 16:46:18 ds4-server: chat ctx=1885..1935:50 gen=1800 decoding chunk=8.44 t/s avg=8.31 t/s 216.705s
ds4: REAP mask applied: 40 layer, 40 device range aggiornati/creati
0715 16:46:24 ds4-server: chat ctx=1935..1985:50 gen=1850 decoding chunk=8.75 t/s avg=8.32 t/s 222.416s
ds4: REAP mask applied: 40 layer, 40 device range aggiornati/creati
ds4: REAP mask applied: 40 layer, 40 device range aggiornati/creati
0715 16:46:30 ds4-server: chat ctx=1985..2035:50 gen=1900 decoding chunk=8.01 t/s avg=8.31 t/s 228.657s
ds4: REAP mask applied: 40 layer, 40 device range aggiornati/creati
0715 16:46:36 ds4-server: chat ctx=2035..2085:50 gen=1950 decoding chunk=8.28 t/s avg=8.31 t/s 234.694s
ds4: REAP mask applied: 40 layer, 40 device range aggiornati/creati
ds4: REAP mask applied: 40 layer, 40 device range aggiornati/creati
0715 16:46:43 ds4-server: chat ctx=2085..2135:50 gen=2000 decoding chunk=7.63 t/s avg=8.29 t/s 241.244s
ds4: REAP mask applied: 40 layer, 40 device range aggiornati/creati
ds4: REAP mask applied: 40 layer, 40 device range aggiornati/creati
0715 16:46:49 ds4-server: chat ctx=2135..2185:50 gen=2050 decoding chunk=8.14 t/s avg=8.29 t/s 247.384s
ds4: REAP mask applied: 40 layer, 40 device range aggiornati/creati
0715 16:46:55 ds4-server: chat ctx=2185..2235:50 gen=2100 decoding chunk=8.41 t/s avg=8.29 t/s 253.328s
ds4: REAP mask applied: 40 layer, 40 device range aggiornati/creati
ds4: REAP mask applied: 40 layer, 40 device range aggiornati/creati
0715 16:47:01 ds4-server: chat ctx=2235..2285:50 gen=2150 decoding chunk=7.82 t/s avg=8.28 t/s 259.722s
ds4: REAP mask applied: 40 layer, 40 device range aggiornati/creati
0715 16:47:08 ds4-server: chat ctx=2285..2335:50 gen=2200 decoding chunk=8.04 t/s avg=8.27 t/s 265.943s
ds4: REAP mask applied: 40 layer, 40 device range aggiornati/creati
ds4: REAP mask applied: 40 layer, 40 device range aggiornati/creati
0715 16:47:14 ds4-server: chat ctx=2335..2385:50 gen=2250 decoding chunk=7.81 t/s avg=8.26 t/s 272.344s
0715 16:47:16 ds4-server: shutdown requested, draining requests
0715 16:47:16 ds4-server: chat ctx=2385..2401:16 gen=2266 decoding chunk=9.33 t/s avg=8.27 t/s 274.060s
0715 16:47:16 ds4-server: chat ctx=0..135:135 final stream failed
0715 16:47:16 ds4-server: chat ctx=0..135:135 gen=2266 finish=error error="client stream write failed" 283.643s
