1783944646 609, 11507 
1783944649 1736, 10380 
1783944652 1729, 10387 
1783944655 1722, 10394 
1783944658 1722, 10394 
1783944661 1744, 10372 
1783944664 1730, 10386 
1783944667 1726, 10390 
1783944670 1722, 10394 
1783944673 1722, 10394 
1783944677 1722, 10394 
1783944680 1722, 10394 
1783944683 1722, 10394 
1783944686 1722, 10394 
1783944689 1717, 10399 
1783944692 1722, 10394 
1783944695 1722, 10394 
1783944698 1722, 10394 
1783944701 1744, 10372 
1783944704 1741, 10375 
1783944707 1731, 10385 
1783944710 1727, 10389 
1783944713 1727, 10389 
1783944717 1727, 10389 
1783944720 1727, 10389 
1783944723 1727, 10389 
1783944726 1727, 10389 
1783944729 1727, 10389 
1783944732 1727, 10389 
1783944735 1727, 10389 
1783944738 1731, 10385 
1783944742 1750, 10366 
1783944745 1750, 10366 
1783944748 1737, 10379 
1783944751 1727, 10389 
1783944755 1385, 10731 
1783944758 1385, 10731 
1783944761 1641, 10475 
1783944764 2903, 9213 
1783944767 2894, 9222 
1783944770 2894, 9222 
1783944773 2890, 9226 
1783944776 2880, 9236 
1783944779 2873, 9243 
1783944782 2874, 9242 
1783944786 2870, 9246 
1783944789 2880, 9236 
1783944793 2928, 9188 
1783944796 2919, 9197 
1783944799 2919, 9197 
1783944802 2945, 9171 
1783944805 2936, 9180 
1783944808 2924, 9192 
1783944811 2924, 9192 
1783944814 2924, 9192 
1783944817 2960, 9156 
1783944820 2946, 9170 
1783944823 2969, 9147 
1783944826 2951, 9165 
1783944829 2944, 9172 
1783944832 2927, 9189 
1783944835 2917, 9199 
1783944839 2931, 9185 
1783944842 2931, 9185 
1783944845 2934, 9182 
1783944848 2934, 9182 
1783944851 2918, 9198 
1783944854 2914, 9202 
1783944857 2918, 9198 
1783944860 2943, 9173 
1783944863 2943, 9173 
1783944866 2938, 9178 
1783944869 2931, 9185 
1783944872 2927, 9189 
1783944875 2935, 9181 
1783944878 2930, 9186 
1783944881 2923, 9193 
1783944884 2925, 9191 
1783944887 2947, 9169 
1783944890 2947, 9169 
1783944893 2932, 9184 
1783944896 2932, 9184 
1783944899 2932, 9184 
1783944902 2932, 9184 
1783944906 2941, 9175 
1783944909 2942, 9174 
1783944912 2930, 9186 
1783944915 2937, 9179 
1783944918 2947, 9169 
1783944921 2941, 9175 
1783944924 2940, 9176 
1783944927 2951, 9165 
1783944930 2938, 9178 
1783944933 2938, 9178 
1783944936 2939, 9177 
1783944939 2937, 9179 
1783944943 2926, 9190 
1783944946 2926, 9190 
1783944949 2926, 9190 
1783944952 2955, 9161 
1783944955 2955, 9161 
1783944958 2962, 9154 
1783944961 2965, 9151 
1783944964 3019, 9097 
1783944967 3015, 9101 
1783944970 3011, 9105 
1783944973 2996, 9120 
1783944976 2963, 9153 
1783944979 2963, 9153 
1783944982 2975, 9141 
1783944985 2990, 9126 
1783944988 2990, 9126 
1783944991 2990, 9126 
1783944994 2970, 9146 
1783944997 2970, 9146 
1783945000 2982, 9134 
1783945003 2964, 9152 
1783945006 2960, 9156 
1783945010 2958, 9158 
1783945013 2953, 9163 
1783945016 2949, 9167 
1783945019 2952, 9164 
1783945022 2946, 9170 
1783945025 2938, 9178 
1783945028 2944, 9172 
1783945031 2940, 9176 
1783945034 2948, 9168 
1783945037 2948, 9168 
1783945040 2938, 9178 
1783945043 2950, 9166 
1783945046 2958, 9158 
1783945049 2958, 9158 
1783945052 2948, 9168 
1783945055 2938, 9178 
1783945058 2940, 9176 
1783945061 2940, 9176 
1783945064 2948, 9168 
1783945067 2950, 9166 
1783945071 2949, 9167 
1783945074 2938, 9178 
1783945077 2945, 9171 
1783945080 2942, 9174 
1783945083 2946, 9170 
1783945086 2940, 9176 
1783945089 2956, 9160 
1783945092 2951, 9165 
1783945095 2955, 9161 
1783945098 2946, 9170 
1783945101 2948, 9168 
1783945104 2948, 9168 
1783945107 2961, 9155 
1783945111 2961, 9155 
1783945114 2958, 9158 
1783945117 2956, 9160 
1783945120 2953, 9163 
1783945123 2948, 9168 
1783945126 2950, 9166 
1783945129 2978, 9138 
1783945132 2944, 9172 
1783945135 2950, 9166 
1783945138 2938, 9178 
1783945141 2934, 9182 
1783945144 2938, 9178 
1783945147 2937, 9179 
1783945150 2933, 9183 
1783945153 2939, 9177 
1783945157 2935, 9181 
1783945160 2939, 9177 
1783945163 2943, 9173 
1783945166 2941, 9175 
1783945169 2935, 9181 
1783945172 2941, 9175 
1783945175 2947, 9169 
1783945178 2943, 9173 
1783945181 2952, 9164 
1783945184 2947, 9169 
1783945187 2942, 9174 
1783945190 2947, 9169 
1783945193 2943, 9173 
1783945196 2937, 9179 
1783945199 2944, 9172 
1783945202 2959, 9157 
1783945205 2958, 9158 
1783945208 2957, 9159 
1783945211 2942, 9174 
1783945214 2956, 9160 
1783945218 2951, 9165 
1783945221 2946, 9170 
1783945224 2953, 9163 
1783945227 2953, 9163 
1783945230 2949, 9167 
1783945233 2944, 9172 
1783945237 2944, 9172 
1783945240 2947, 9169 
1783945243 2949, 9167 
1783945246 2947, 9169 
1783945249 2947, 9169 
1783945252 2986, 9130 
1783945255 2978, 9138 
1783945258 2963, 9153 
1783945261 3013, 9103 
1783945264 3095, 9021 
1783945267 3092, 9024 
1783945270 3072, 9044 
1783945273 3100, 9016 
1783945276 3153, 8963 
1783945279 3139, 8977 
1783945282 3131, 8985 
1783945285 3122, 8994 
1783945288 3107, 9009 
1783945291 3222, 8894 
1783945294 3191, 8925 
1783945297 3093, 9023 
1783945301 3093, 9023 
1783945304 3078, 9038 
1783945307 3077, 9039 
1783945310 3085, 9031 
1783945313 3662, 8454 
1783945316 3657, 8459 
1783945319 3657, 8459 
1783945322 4690, 7426 
1783945325 4687, 7429 
1783945328 4690, 7426 
1783945331 4682, 7434 
1783945335 4684, 7432 
1783945338 9063, 3053 
1783945341 12018, 98 
1783945344 11966, 150 
1783945347 12006, 110 
1783945350 11997, 119 
1783945353 11997, 119 
1783945356 11995, 121 
1783945359 11997, 119 
1783945362 11996, 120 
1783945365 11985, 131 
1783945368 2760, 9356 
1783945371 2761, 9355 
1783945374 2802, 9314 
1783945378 2805, 9311 
1783945381 2804, 9312 
1783945384 2800, 9316 
1783945387 2800, 9316 
1783945390 2805, 9311 
1783945393 2804, 9312 
1783945396 2903, 9213 
1783945399 8891, 3225 
1783945402 11958, 158 
1783945405 11958, 158 
1783945408 11957, 159 
1783945412 11966, 150 
1783945415 11966, 150 
1783945418 11956, 160 
1783945421 12015, 101 
1783945424 11993, 123 
1783945427 11987, 129 
1783945430 11978, 138 
1783945433 11969, 147 
1783945436 11979, 137 
1783945439 11974, 142 
1783945442 11976, 140 
1783945445 11981, 135 
1783945448 11993, 123 
1783945451 11990, 126 
1783945454 11989, 127 
1783945457 11991, 125 
1783945460 11987, 129 
