ds4: Linux cuda backend set oom_score_adj=1000
ds4: CUDA backend initialized on NVIDIA GeForce RTX 3060 (sm_86)
ds4: SSD streaming initial cuda model map restricted to token embedding (1 spans, 0.99 GiB tensor span)
ds4: CUDA preparing model tensor mappings
ds4: CUDA loading model tensors into device cache
ds4: CUDA startup model preparation covered 0.99 GiB of tensor spans in 0.527s
ds4: cuda backend initialized for graph diagnostics
0712 08:22:53 ds4-server: context buffers 122.69 MiB (ctx=4096, backend=cuda, prefill_chunk=512, raw_kv_rows=768, compressed_kv_rows=1026)
0712 08:22:53 ds4-server: listening on http://127.0.0.1:8034
0712 08:22:54 ds4-server: chat ctx=0..60:60 prompt start
ds4: PACE LIVEMASK on - bootstrap=10 window=16 K=8 observe_top=16 X=3 max_swaps=2 cooldown=16 hyst=1.000 weighted=0 pin=0
ds4: PACE LIVEMASK note: K=8 is the AGGRESSIVE stress config; wide domains (coding/HTML) likely need DS4_PACE_LIVEMASK_K=16..40.
ds4: PACE LIVEMASK rating levers: blocked_weight=1.000 demote_horizon=16 promo_rate_cap=0 (unlimited)
ds4: PACE LIVEMASK pin-by-mass ON (DS4_REAP_PIN_BY_MASS=1) - seed+candidate ordered by MASS (lm_wshare, wcount stays knock gate); g_reap_pin_mass published per token (S7 seam)
ds4: CUDA loading model tensors 0.15 GiB cached
ds4: CUDA loading model tensors 0.16 GiB cached
ds4: CUDA loading model tensors 0.13 GiB cached
ds4: CUDA loading model tensors 0.14 GiB cached
0712 08:23:46 ds4-server: chat ctx=0..60:60 prompt done 50.672s
ds4: CUDA loading model tensors 1.82 GiB cached
ds4: REAP mask applied: 40 layer, 40 device range aggiornati/creati
ds4: PACE LIVEMASK seeded at tok=10 K=8 window=16
ds4: REAP mask applied: 40 layer, 40 device range aggiornati/creati
ds4: REAP prefetch (fattorino delta): 2 expert, 6 range, 13.5 MiB touched in 7 ms (6 threads)
ds4: REAP mask applied: 40 layer, 40 device range aggiornati/creati
ds4: REAP prefetch (fattorino delta): 1 expert, 3 range, 6.8 MiB touched in 1 ms (3 threads)
ds4: REAP mask applied: 40 layer, 40 device range aggiornati/creati
ds4: REAP prefetch (fattorino delta): 1 expert, 3 range, 6.8 MiB touched in 1 ms (3 threads)
0712 08:24:15 ds4-server: chat ctx=60..100:40 gen=40 decoding chunk=1.40 t/s avg=1.40 t/s 28.571s
0712 08:24:15 ds4-server: chat ctx=0..60:60 gen=40 finish=length 79.248s
0712 08:24:15 ds4-server: live kv cache miss live=100 prompt=60 common=60 reason=token-mismatch
0712 08:24:15 ds4-server: chat ctx=0..60:60 prompt start
ds4: REAP mask applied: 40 layer, 40 device range aggiornati/creati
ds4: CUDA loading model tensors 0.00 GiB cached
ds4: CUDA loading model tensors 0.15 GiB cached
ds4: CUDA loading model tensors 0.16 GiB cached
0712 08:24:43 ds4-server: chat ctx=0..60:60 prompt done 26.246s
ds4: REAP mask applied: 40 layer, 40 device range aggiornati/creati
ds4: PACE LIVEMASK seeded at tok=10 K=8 window=16
ds4: REAP mask applied: 40 layer, 40 device range aggiornati/creati
ds4: REAP prefetch (fattorino delta): 2 expert, 6 range, 13.5 MiB touched in 2 ms (6 threads)
ds4: REAP mask applied: 40 layer, 40 device range aggiornati/creati
ds4: REAP prefetch (fattorino delta): 1 expert, 3 range, 6.8 MiB touched in 0 ms (3 threads)
ds4: REAP mask applied: 40 layer, 40 device range aggiornati/creati
ds4: REAP prefetch (fattorino delta): 1 expert, 3 range, 6.8 MiB touched in 0 ms (3 threads)
ds4: REAP mask applied: 40 layer, 40 device range aggiornati/creati
ds4: REAP prefetch (fattorino delta): 2 expert, 6 range, 13.5 MiB touched in 2 ms (6 threads)
ds4: REAP mask applied: 40 layer, 40 device range aggiornati/creati
ds4: REAP prefetch (fattorino delta): 1 expert, 3 range, 6.8 MiB touched in 16 ms (3 threads)
ds4: REAP mask applied: 40 layer, 40 device range aggiornati/creati
ds4: REAP prefetch (fattorino delta): 1 expert, 3 range, 6.8 MiB touched in 0 ms (3 threads)
0712 08:25:00 ds4-server: chat ctx=60..110:50 gen=50 decoding chunk=2.91 t/s avg=2.91 t/s 17.207s
ds4: REAP mask applied: 40 layer, 40 device range aggiornati/creati
ds4: REAP prefetch (fattorino delta): 1 expert, 3 range, 6.8 MiB touched in 1 ms (3 threads)
ds4: REAP mask applied: 40 layer, 40 device range aggiornati/creati
ds4: REAP prefetch (fattorino delta): 1 expert, 3 range, 6.8 MiB touched in 0 ms (3 threads)
ds4: CUDA loading model tensors 7.86 GiB cached
0712 08:25:14 ds4-server: chat ctx=110..160:50 gen=100 decoding chunk=3.89 t/s avg=3.33 t/s 30.048s
0712 08:25:27 ds4-server: chat ctx=160..210:50 gen=150 decoding chunk=3.89 t/s avg=3.50 t/s 42.898s
0712 08:25:41 ds4-server: chat ctx=210..260:50 gen=200 decoding chunk=3.90 t/s avg=3.59 t/s 55.733s
0712 08:25:54 ds4-server: chat ctx=260..310:50 gen=250 decoding chunk=3.89 t/s avg=3.65 t/s 68.571s
0712 08:26:06 ds4-server: chat ctx=310..360:50 gen=300 decoding chunk=3.87 t/s avg=3.68 t/s 81.475s
0712 08:26:21 ds4-server: chat ctx=360..410:50 gen=350 decoding chunk=3.86 t/s avg=3.71 t/s 94.439s
0712 08:26:33 ds4-server: chat ctx=410..460:50 gen=400 decoding chunk=3.86 t/s avg=3.72 t/s 107.383s
0712 08:26:48 ds4-server: chat ctx=460..510:50 gen=450 decoding chunk=3.86 t/s avg=3.74 t/s 120.329s
0712 08:27:01 ds4-server: chat ctx=510..560:50 gen=500 decoding chunk=3.87 t/s avg=3.75 t/s 133.246s
0712 08:27:14 ds4-server: chat ctx=560..610:50 gen=550 decoding chunk=3.86 t/s avg=3.76 t/s 146.204s
0712 08:27:27 ds4-server: chat ctx=610..660:50 gen=600 decoding chunk=3.88 t/s avg=3.77 t/s 159.086s
0712 08:27:40 ds4-server: chat ctx=660..710:50 gen=650 decoding chunk=3.89 t/s avg=3.78 t/s 171.953s
0712 08:27:55 ds4-server: chat ctx=710..760:50 gen=700 decoding chunk=3.71 t/s avg=3.78 t/s 185.419s
0712 08:28:09 ds4-server: chat ctx=760..810:50 gen=750 decoding chunk=3.58 t/s avg=3.76 t/s 199.397s
0712 08:28:22 ds4-server: chat ctx=810..860:50 gen=800 decoding chunk=3.80 t/s avg=3.76 t/s 212.567s
0712 08:28:22 ds4-server: chat ctx=0..60:60 gen=800 finish=length 238.815s
0712 08:28:22 ds4-server: shutdown requested, draining requests
