ds4: Linux cuda backend set oom_score_adj=1000
ds4: CUDA backend initialized on NVIDIA GeForce RTX 3060 (sm_86)
ds4: SSD streaming initial cuda model map restricted to token embedding (1 spans, 0.99 GiB tensor span)
ds4: CUDA preparing model tensor mappings
ds4: CUDA loading model tensors into device cache
ds4: CUDA startup model preparation covered 0.99 GiB of tensor spans in 0.462s
ds4: cuda backend initialized for graph diagnostics
0709 10:19:58 ds4-server: context buffers 151.57 MiB (ctx=6144, backend=cuda, prefill_chunk=512, raw_kv_rows=768, compressed_kv_rows=1538)
0709 10:19:58 ds4-server: listening on http://127.0.0.1:8014
0709 10:19:59 ds4-server: chat ctx=0..78:78 prompt start
ds4: PACE on - warmup=50 keep=64[64..96] step=8 ngram(n=3,win=120) drift=0.25 rel=0.15 hyst=200 breath(every=999999,len=80,keep=96,relearn=0) prebreath(on=0,drift=0.18,every=64,max=96) anneal_warm=300 wrap=1 cache_flush=0 prefill_apply=0 prefill_wait_wrap=0 s1=0 exchange=0
ds4: PACE prefill_reset tok=0 phase=1 keep=0 ngram=0.000 hit=1.000 breaths=0
ds4: expert tiering observe enabled (DS4_EXPERT_TIERING=observe; log=)
ds4: CUDA loading model tensors 0.13 GiB cached
ds4: CUDA loading model tensors 0.15 GiB cached
ds4: CUDA loading model tensors 0.13 GiB cached
ds4: CUDA loading model tensors 0.14 GiB cached
ds4: CUDA loading model tensors 0.15 GiB cached
ds4: CUDA loading model tensors 0.13 GiB cached
ds4: CUDA loading model tensors 0.14 GiB cached
ds4: CUDA loading model tensors 0.13 GiB cached
ds4: CUDA loading model tensors 0.19 GiB cached
0709 10:21:41 ds4-server: chat ctx=0..78:78 prompt done 100.422s
ds4: PACE learned      tok=50 phase=2 keep=0 ngram=0.000 hit=1.000 breaths=0
ds4: CUDA loading model tensors 7.86 GiB cached
0709 10:22:53 ds4-server: chat ctx=78..128:50 gen=50 decoding chunk=0.69 t/s avg=0.69 t/s 72.457s
ds4: REAP mask applied: 40 layer, 40 device range aggiornati/creati
ds4: PACE descent      tok=51 phase=3 keep=64 ngram=0.000 hit=1.000 breaths=0
ds4: REAP prefetch (fattorino): 40 layer, 2560 expert, 5709 range, 16.90 GiB touched in 4099 ms (16 thread, mlock)
0709 10:23:02 ds4-server: chat ctx=128..142:14 gen=64 decoding chunk=1.60 t/s avg=0.79 t/s 81.207s
0709 10:23:02 ds4-server: chat ctx=0..78:78 gen=64 finish=length 181.634s
0709 10:23:02 ds4-server: live kv cache miss live=142 prompt=78 common=78 reason=token-mismatch
0709 10:23:02 ds4-server: chat ctx=0..78:78 prompt start
ds4: REAP mask applied: 40 layer, 40 device range aggiornati/creati
ds4: PACE prefill_reset tok=0 phase=1 keep=0 ngram=0.000 hit=1.000 breaths=0
ds4: CUDA loading model tensors 0.00 GiB cached
ds4: CUDA loading model tensors 0.15 GiB cached
ds4: CUDA loading model tensors 0.16 GiB cached
ds4: CUDA loading model tensors 0.15 GiB cached
ds4: CUDA loading model tensors 0.16 GiB cached
ds4: CUDA loading model tensors 0.15 GiB cached
0709 10:23:57 ds4-server: chat ctx=0..78:78 prompt done 54.964s
ds4: PACE learned      tok=50 phase=2 keep=0 ngram=0.000 hit=1.000 breaths=0
ds4: CUDA loading model tensors 7.86 GiB cached
0709 10:24:25 ds4-server: chat ctx=78..128:50 gen=50 decoding chunk=1.82 t/s avg=1.82 t/s 27.505s
ds4: REAP mask applied: 40 layer, 40 device range aggiornati/creati
ds4: PACE descent      tok=51 phase=3 keep=64 ngram=0.000 hit=1.000 breaths=0
ds4: REAP prefetch (fattorino): 40 layer, 2560 expert, 5775 range, 16.90 GiB touched in 685 ms (16 thread, mlock)
0709 10:24:44 ds4-server: chat ctx=128..178:50 gen=100 decoding chunk=2.60 t/s avg=2.14 t/s 46.717s
0709 10:25:02 ds4-server: chat ctx=178..228:50 gen=150 decoding chunk=2.75 t/s avg=2.31 t/s 64.929s
0709 10:25:20 ds4-server: chat ctx=228..278:50 gen=200 decoding chunk=2.82 t/s avg=2.42 t/s 82.666s
0709 10:25:27 ds4-server: chat ctx=278..298:20 gen=220 decoding chunk=2.96 t/s avg=2.46 t/s 89.417s
0709 10:25:27 ds4-server: chat ctx=0..78:78 gen=220 finish=length 144.384s
0709 10:25:27 ds4-server: shutdown requested, draining requests
ds4: SPEX stats: selected_batches=12298 selected_experts=81744 cache_hits=0 cache_misses=528 hit_rate=0.0000 miss_per_expert=0.0065 direct_loads=81732 copy_calls=246780 copied=555255.00 MiB copy_ms=259160.923 copy_ms_per_batch=21.073 sync_calls=246780 sync_ms=29325.660 sync_ms_per_batch=2.385
ds4: expert tiering observe summary batches=12298 slots=113520 compact=81744 hit_rate=0.0000 hits=0 misses=12 direct=81732 evictions=0 direct=551691.00 MiB compact=551772.00 MiB
ds4: expert tiering observe layer=1 batches=286 slots=2640 compact=2116 hit_rate=0.0000 misses=0 direct=2116 evictions=0 cap=0 top=59:38,210:34,114:28,26:26,137:26,35:25
ds4: expert tiering observe layer=2 batches=286 slots=2640 compact=2110 hit_rate=0.0000 misses=0 direct=2110 evictions=0 cap=0 top=65:41,146:31,128:29,59:28,199:28,113:27
ds4: expert tiering observe layer=0 batches=286 slots=2640 compact=2104 hit_rate=0.0000 misses=12 direct=2092 evictions=0 cap=171 top=11:30,116:30,14:29,74:28,109:28,143:28
ds4: expert tiering observe layer=19 batches=286 slots=2640 compact=1940 hit_rate=0.0000 misses=0 direct=1940 evictions=0 cap=0 top=136:172,116:169,81:100,127:95,181:93,226:90
ds4: expert tiering observe layer=3 batches=286 slots=2640 compact=1924 hit_rate=0.0000 misses=0 direct=1924 evictions=0 cap=0 top=60:346,150:227,74:193,5:136,238:118,241:91
