ds4: Linux cuda backend set oom_score_adj=1000
ds4: CUDA backend initialized on NVIDIA GeForce RTX 3060 (sm_86)
ds4: SSD streaming initial cuda model map restricted to token embedding (1 spans, 0.99 GiB tensor span)
ds4: CUDA preparing model tensor mappings
ds4: CUDA loading model tensors into device cache
ds4: CUDA startup model preparation covered 0.99 GiB of tensor spans in 0.281s
ds4: cuda backend initialized for graph diagnostics
0709 08:30:34 ds4-server: context buffers 93.82 MiB (ctx=2048, backend=cuda, prefill_chunk=512, raw_kv_rows=768, compressed_kv_rows=514)
0709 08:30:34 ds4-server: listening on http://127.0.0.1:8014
0709 08:30:34 ds4-server: chat ctx=0..78:78 prompt start
ds4: PACE on - warmup=50 keep=32[32..96] step=4 ngram(n=3,win=120) drift=0.25 rel=0.15 hyst=200 breath(every=999999,len=80,keep=96,relearn=0) prebreath(on=1,drift=0.03,every=32,max=64) anneal_warm=300 wrap=1 cache_flush=0 prefill_apply=0 prefill_wait_wrap=0 s1=0 exchange=1
ds4: PACE prefill_reset tok=0 phase=1 keep=0 ngram=0.000 hit=1.000 breaths=0
ds4: expert tiering observe enabled (DS4_EXPERT_TIERING=observe; log=)
0709 08:30:44 ds4-server: chat ctx=0..78:78 prompt done 9.448s
ds4: CUDA loading model tensors 1.40 GiB cached
ds4: PACE learned      tok=50 phase=2 keep=0 ngram=0.000 hit=1.000 breaths=0
ds4: CUDA loading model tensors 7.86 GiB cached
0709 08:31:06 ds4-server: chat ctx=78..128:50 gen=50 decoding chunk=2.62 t/s avg=2.62 t/s 19.059s
ds4: PACE exchange descent tok=51 keep=0->32 promote=0 demote=9632 kept=1376 cold=0 total_promote=0 total_demote=9632
ds4: REAP mask applied: 40 layer, 40 device range aggiornati/creati
ds4: PACE descent      tok=51 phase=3 keep=32 ngram=0.000 hit=1.000 breaths=0
ds4: REAP prefetch (fattorino): 40 layer, 1280 expert, 3348 range, 8.45 GiB touched in 93 ms (8 thread)
0709 08:31:25 ds4-server: chat ctx=128..178:50 gen=100 decoding chunk=3.18 t/s avg=2.88 t/s 34.782s
ds4: PACE exchange prebreath tok=138 keep=32->36 promote=172 demote=0 kept=1376 cold=9460 total_promote=172 total_demote=9632
ds4: REAP mask applied: 40 layer, 40 device range aggiornati/creati
ds4: PACE prebreath    tok=138 phase=3 keep=36 ngram=0.032 hit=1.000 breaths=0
ds4: REAP prefetch (fattorino): 40 layer, 1440 expert, 3699 range, 9.51 GiB touched in 43 ms (8 thread)
0709 08:31:41 ds4-server: chat ctx=178..228:50 gen=150 decoding chunk=3.05 t/s avg=2.93 t/s 51.169s
ds4: PACE exchange prebreath tok=170 keep=36->40 promote=172 demote=0 kept=1548 cold=9288 total_promote=344 total_demote=9632
ds4: REAP mask applied: 40 layer, 40 device range aggiornati/creati
ds4: PACE prebreath    tok=170 phase=3 keep=40 ngram=0.070 hit=1.000 breaths=0
ds4: REAP prefetch (fattorino): 40 layer, 1600 expert, 4047 range, 10.56 GiB touched in 39 ms (8 thread)
ds4: PACE exchange breath(ngram) tok=197 keep=40->96 promote=2408 demote=0 kept=1720 cold=6880 total_promote=2752 total_demote=9632
ds4: REAP mask applied: 40 layer, 40 device range aggiornati/creati
ds4: PACE breath(ngram) tok=197 phase=4 keep=96 ngram=0.257 hit=1.000 breaths=1
ds4: REAP prefetch (fattorino): 40 layer, 3840 expert, 6984 range, 25.34 GiB touched in 227 ms (8 thread)
0709 08:31:59 ds4-server: chat ctx=228..278:50 gen=200 decoding chunk=3.28 t/s avg=3.01 t/s 66.402s
0709 08:32:14 ds4-server: chat ctx=278..328:50 gen=250 decoding chunk=3.29 t/s avg=3.06 t/s 81.593s
ds4: PACE exchange breath_end tok=277 keep=96->44 promote=0 demote=2236 kept=1892 cold=6880 total_promote=2752 total_demote=11868
ds4: REAP mask applied: 40 layer, 40 device range aggiornati/creati
ds4: PACE breath_end   tok=277 phase=3 keep=44 ngram=0.361 hit=1.000 breaths=1
ds4: REAP prefetch (fattorino): 40 layer, 1760 expert, 4389 range, 11.62 GiB touched in 47 ms (8 thread)
0709 08:32:29 ds4-server: chat ctx=328..378:50 gen=300 decoding chunk=3.27 t/s avg=3.10 t/s 96.869s
0709 08:32:49 ds4-server: chat ctx=378..428:50 gen=350 decoding chunk=3.06 t/s avg=3.09 t/s 113.213s
0709 08:33:04 ds4-server: chat ctx=428..478:50 gen=400 decoding chunk=3.28 t/s avg=3.11 t/s 128.466s
0709 08:33:21 ds4-server: chat ctx=478..528:50 gen=450 decoding chunk=3.31 t/s avg=3.13 t/s 143.589s
0709 08:33:37 ds4-server: chat ctx=528..578:50 gen=500 decoding chunk=3.20 t/s avg=3.14 t/s 159.204s
0709 08:33:44 ds4-server: chat ctx=578..590:12 gen=512 decoding chunk=3.09 t/s avg=3.14 t/s 163.084s
0709 08:33:44 ds4-server: chat ctx=0..78:78 gen=512 finish=length 172.533s
