ds4: CUDA backend initialized on NVIDIA GeForce RTX 3060 (sm_86)
ds4: CUDA loading model tensors into device cache
ds4: CUDA startup cache deferred 71.80 GiB of tensor spans to on-demand streaming
ds4: CUDA startup model cache prepared 8.96 GiB of tensor spans in 2.057s
ds4: cuda backend initialized for graph diagnostics
0714 18:59:08 ds4-server: context buffers 25.17 MiB (ctx=256, backend=cuda, prefill_chunk=256, raw_kv_rows=256, compressed_kv_rows=66)
ds4: CUDA dynamic arena ready 2.00 GiB, 303 slots, 6.75 MiB/slot, available_ram=44.71 GiB bytes=2144600064 slot_bytes=7077888
0714 18:59:09 ds4-server: listening on http://127.0.0.1:8000
0714 18:59:10 ds4-server: chat ctx=0..17:17 prompt start
ds4: CUDA q8 fp16 cache budget exhausted; using q8 kernels (request=8.00 MiB cached=0.00 GiB free=1.10 GiB reserve=4.00 GiB total=12.00 GiB)
0714 18:59:15 ds4-server: chat ctx=0..17:17 prompt done 5.126s
ds4: [reap-mass] armed window=16 top=6 layers=3..42 semantics=selected_weight_normalized_per_token sliding_ring_observe_only transport=packed-router-d2h
ds4: [reap-mass-wrap] armed grow_interval=4 hysteresis=1.250 capacity=303 router=unbiased mask=off policy=free-then-mass-victim
ds4: [reap-mass] checkpoint tokens=1 observed_slots=240 unique=240 top_mass=0.471112 touched=240
ds4: CUDA loading model tensors 8.17 GiB cached
ds4: [reap-mass] checkpoint tokens=2 observed_slots=480 unique=402 top_mass=0.638314 touched=240
ds4: [reap-mass] checkpoint tokens=4 observed_slots=960 unique=656 top_mass=1.431000 touched=240
ds4: [arena] begin base=0 target=1 resident=303 loads=303 slots=303
ds4: [arena] publish generation=1 loads=303
ds4: [reap-mass-wrap] result=published reason=ok tokens=4 entrants=303 victims=0 free_before=303 resident_before=0 resident_after=303 loads=303 workers=8 seconds=2.199 snapshot_before=0 snapshot_after=1 generation=1 router=unbiased mask=off
ds4: [reap-mass] checkpoint tokens=8 observed_slots=1920 unique=967 top_mass=2.644051 touched=240
ds4: [arena] abort base=1 target=305 loads=0 failed=1
ds4: [reap-mass-wrap] result=failed reason=begin tokens=8 entrants=61 victims=61 free_before=0 resident_before=303 resident_after=303 loads=0 workers=0 seconds=0.005 snapshot_before=1 snapshot_after=1 generation=0 router=unbiased mask=off
ds4: [arena] abort base=1 target=306 loads=0 failed=1
ds4: [reap-mass-wrap] result=failed reason=begin tokens=12 entrants=84 victims=84 free_before=0 resident_before=303 resident_after=303 loads=0 workers=0 seconds=0.005 snapshot_before=1 snapshot_after=1 generation=0 router=unbiased mask=off
0714 18:59:23 ds4-server: chat ctx=0..17:17 gen=16 decoding chunk=2.04 t/s avg=2.04 t/s 7.835s
0714 18:59:23 ds4-server: chat ctx=0..17:17 gen=16 finish=length 12.976s
0714 18:59:23 ds4-server: benchmark request target reached; shutting down cleanly
0714 18:59:23 ds4-server: shutdown requested, draining requests
ds4: [arena] final hits=1062 misses=2016 fatal=0 uploaded=7.00 GiB
ds4: [reap-mass] checkpoint tokens=16 observed_slots=3840 unique=1538 top_mass=5.595660 touched=240
ds4: [reap-mass] request-end tokens=16 observed_slots=3840 unique=1538 top_mass=5.595660 touched=240
ds4: [reap-mass-wrap] request-end attempts=3 publications=1 skips=0 failures=2 entrants=303 victims=0
