ds4: Linux cuda backend set oom_score_adj=1000
ds4: CUDA backend initialized on NVIDIA GeForce RTX 3060 (sm_86)
ds4: SSD streaming initial cuda model map restricted to token embedding (1 spans, 0.99 GiB tensor span)
ds4: CUDA preparing model tensor mappings
ds4: CUDA loading model tensors into device cache
ds4: CUDA startup model preparation covered 0.99 GiB of tensor spans in 0.313s
ds4: cuda backend initialized for graph diagnostics
0712 14:21:17 ds4-server: context buffers 93.82 MiB (ctx=2048, backend=cuda, prefill_chunk=512, raw_kv_rows=768, compressed_kv_rows=514)
0712 14:21:17 ds4-server: listening on http://127.0.0.1:8054
0712 14:21:17 ds4-server: chat ctx=0..78:78 prompt start
ds4: PACE on - warmup=16 keep=23[23..96] step=0 ngram(n=3,win=120) drift=1.00 rel=0.15 hyst=200 breath(every=999999,len=80,keep=96,relearn=0) prebreath(on=0,drift=0.70,target=0.70,every=64,max=96,adapt=0,gain=8.00,pow=1.00,step_max=0,relearn=0,rdecay=0.30) anneal_warm=300 wrap=1 wrap_rotate=0 cache_flush=0 prefill_apply=0 prefill_wait_wrap=0 s1=0 exchange=0 relearn_on_tighten=0 weighted(warmup=1,relearn=0) rotate(on=0,every=32,decay=0.980,preserve_stable=1)
ds4: PACE prefill_reset tok=0 phase=1 keep=0 ngram=0.000 hit=1.000 breaths=0
ds4: expert tiering observe enabled (DS4_EXPERT_TIERING=observe; log=)
ds4: CUDA loading model tensors 0.15 GiB cached
ds4: CUDA loading model tensors 0.44 GiB cached
0712 14:21:38 ds4-server: chat ctx=0..78:78 prompt done 19.852s
ds4: SPEX hidden GPU weights uploaded 86.00 MiB
ds4: SPEX hidden SPX1 loaded '/mnt/c/Users/imanu/source/repos/moe-aggressive-commit/runs/spex/spex_model/ds4flash_d2_nextlayer.spex' L=43 D=4096 E=256 weights=90177536 bytes; hidden-readback prefetch=off gpu-prefetch=on
ds4: PACE learned      tok=16 phase=2 keep=0 ngram=0.000 hit=1.000 breaths=0
ds4: REAP mask applied: 40 layer, 40 device range aggiornati/creati
ds4: PACE descent      tok=17 phase=3 keep=23 ngram=0.000 hit=1.000 breaths=0
ds4: SPEX hidden GPU scoring active cap=27 (hidden-prefetch=off gpu-prefetch=on)
ds4: REAP prefetch (fattorino): 40 layer, 920 expert, 2496 range, 6.07 GiB touched in 558 ms (16 thread, mlock)
ds4: SPEX hidden GPU topK async readback not scheduled (reported once)
ds4: SPEX hidden-gpu prefetch stats periodic scheduled=198 schedule_failed=3 ready=183 not_ready=5 zero=648 dry=0 seed_calls=68 seed_ok=68 seed_failed=0 skipped_all_resident=115 candidate_experts=732 seed_experts=242 resident_before=490 seed_ms=279.472
ds4: SPEX hidden-gpu prefetch stats periodic scheduled=418 schedule_failed=8 ready=385 not_ready=11 zero=659 dry=0 seed_calls=116 seed_ok=116 seed_failed=0 skipped_all_resident=269 candidate_experts=1540 seed_experts=366 resident_before=1174 seed_ms=422.929
ds4: SPEX hidden-gpu prefetch stats periodic scheduled=645 schedule_failed=12 ready=597 not_ready=16 zero=668 dry=0 seed_calls=155 seed_ok=155 seed_failed=0 skipped_all_resident=442 candidate_experts=2388 seed_experts=460 resident_before=1928 seed_ms=531.444
ds4: SPEX hidden-gpu prefetch stats periodic scheduled=1061 schedule_failed=19 ready=983 not_ready=26 zero=685 dry=0 seed_calls=271 seed_ok=271 seed_failed=0 skipped_all_resident=712 candidate_experts=3932 seed_experts=778 resident_before=3154 seed_ms=891.765
ds4: SPEX hidden-gpu prefetch stats periodic scheduled=1291 schedule_failed=24 ready=1195 not_ready=32 zero=696 dry=0 seed_calls=309 seed_ok=309 seed_failed=0 skipped_all_resident=886 candidate_experts=4780 seed_experts=861 resident_before=3919 seed_ms=987.985
ds4: CUDA loading model tensors 7.86 GiB cached
0712 14:22:02 ds4-server: chat ctx=78..128:50 gen=50 decoding chunk=2.11 t/s avg=2.11 t/s 23.674s
ds4: SPEX hidden-gpu prefetch stats periodic scheduled=1707 schedule_failed=29 ready=1581 not_ready=42 zero=711 dry=0 seed_calls=425 seed_ok=425 seed_failed=0 skipped_all_resident=1156 candidate_experts=6324 seed_experts=1169 resident_before=5155 seed_ms=1379.098
ds4: SPEX hidden-gpu prefetch stats periodic scheduled=1934 schedule_failed=33 ready=1793 not_ready=47 zero=720 dry=0 seed_calls=464 seed_ok=464 seed_failed=0 skipped_all_resident=1329 candidate_experts=7172 seed_experts=1264 resident_before=5908 seed_ms=1497.917
ds4: SPEX hidden-gpu prefetch stats periodic scheduled=2578 schedule_failed=45 ready=2389 not_ready=63 zero=748 dry=0 seed_calls=620 seed_ok=620 seed_failed=0 skipped_all_resident=1769 candidate_experts=9556 seed_experts=1694 resident_before=7862 seed_ms=1992.500
0712 14:22:18 ds4-server: chat ctx=128..158:30 gen=80 decoding chunk=2.00 t/s avg=2.07 t/s 38.705s
0712 14:22:18 ds4-server: chat ctx=0..78:78 gen=80 finish=length 58.559s
0712 14:22:18 ds4-server: shutdown requested, draining requests
ds4: SPEX stats: selected_batches=3483 selected_experts=24876 cache_hits=1994 cache_misses=20596 hit_rate=0.0883 miss_per_expert=0.8279 direct_loads=4236 copy_calls=74496 copied=167616.00 MiB copy_ms=32410.806 copy_ms_per_batch=9.305 sync_calls=74496 sync_ms=8285.485 sync_ms_per_batch=2.379
ds4: SPEX hidden-gpu prefetch stats exit scheduled=2642 schedule_failed=46 ready=2450 not_ready=64 zero=750 dry=0 seed_calls=620 seed_ok=620 seed_failed=0 skipped_all_resident=1830 candidate_experts=9800 seed_experts=1694 resident_before=8106 seed_ms=1992.500
ds4: expert tiering observe summary batches=3483 slots=40764 compact=24876 hit_rate=0.0966 hits=1994 misses=18646 direct=4236 evictions=18390 direct=28593.00 MiB compact=167913.00 MiB
ds4: expert tiering observe layer=1 batches=81 slots=948 compact=686 hit_rate=0.0000 misses=480 direct=206 evictions=474 cap=256 top=35:12,26:10,78:10,82:10,204:10,12:9
ds4: expert tiering observe layer=2 batches=81 slots=948 compact=683 hit_rate=0.0000 misses=480 direct=203 evictions=474 cap=256 top=65:14,128:14,84:13,182:12,195:11,34:10
ds4: expert tiering observe layer=0 batches=81 slots=948 compact=680 hit_rate=0.0000 misses=480 direct=200 evictions=474 cap=256 top=174:13,74:12,109:12,115:12,11:11,52:11
ds4: expert tiering observe layer=3 batches=81 slots=948 compact=590 hit_rate=0.0042 misses=478 direct=110 evictions=472 cap=256 top=60:137,74:80,150:80,241:62,237:41,138:38
ds4: expert tiering observe layer=8 batches=81 slots=948 compact=579 hit_rate=0.0542 misses=454 direct=99 evictions=448 cap=256 top=175:88,200:76,185:75,109:66,21:65,191:54
