ds4: Linux cuda backend set oom_score_adj=1000
ds4: CUDA backend initialized on NVIDIA GeForce RTX 3060 (sm_86)
ds4: SSD streaming initial cuda model map restricted to token embedding (1 spans, 0.99 GiB tensor span)
ds4: CUDA preparing model tensor mappings
ds4: CUDA loading model tensors into device cache
ds4: CUDA startup model preparation covered 0.99 GiB of tensor spans in 0.854s
ds4: cuda backend initialized for graph diagnostics
0712 16:01:20 ds4-server: context buffers 93.82 MiB (ctx=2048, backend=cuda, prefill_chunk=512, raw_kv_rows=768, compressed_kv_rows=514)
0712 16:01:20 ds4-server: listening on http://127.0.0.1:8061
0712 16:01:23 ds4-server: chat ctx=0..78:78 prompt start
ds4: PACE LIVEMASK on - bootstrap=16 window=10 K=16 observe_top=16 X=11 max_swaps=1 cooldown=16 hyst=999.000 weighted=0 pin=0
ds4: PACE LIVEMASK adaptive-K ON - K=16..50 strong_weight>=0.150 gain=0.500 step=+4/-1 deadband=2.000 every=2 history=2..10
ds4: PACE LIVEMASK rating levers: blocked_weight=1.000 demote_horizon=10 promo_rate_cap=0 (unlimited)
ds4: PACE LIVEMASK pin-by-mass ON (DS4_REAP_PIN_BY_MASS=1) - seed+candidate ordered by MASS (lm_wshare, wcount stays knock gate); g_reap_pin_mass published per token (S7 seam)
ds4: expert tiering observe enabled (DS4_EXPERT_TIERING=observe; log=)
ds4: CUDA loading model tensors 0.15 GiB cached
ds4: CUDA loading model tensors 0.16 GiB cached
ds4: CUDA loading model tensors 0.15 GiB cached
ds4: CUDA loading model tensors 0.13 GiB cached
ds4: CUDA loading model tensors 0.14 GiB cached
ds4: CUDA loading model tensors 0.38 GiB cached
0712 16:02:25 ds4-server: chat ctx=0..78:78 prompt done 59.402s
ds4: CUDA loading model tensors 5.53 GiB cached
ds4: REAP mask applied: 40 layer, 40 device range aggiornati/creati
ds4: PACE LIVEMASK seeded at tok=16 K=16 window=10
ds4: REAP mask applied: 40 layer, 40 device range aggiornati/creati
ds4: REAP mask applied: 40 layer, 40 device range aggiornati/creati
ds4: REAP mask applied: 40 layer, 40 device range aggiornati/creati
ds4: REAP mask applied: 40 layer, 40 device range aggiornati/creati
ds4: REAP mask applied: 40 layer, 40 device range aggiornati/creati
ds4: REAP mask applied: 40 layer, 40 device range aggiornati/creati
ds4: REAP mask applied: 40 layer, 40 device range aggiornati/creati
ds4: REAP mask applied: 40 layer, 40 device range aggiornati/creati
ds4: REAP mask applied: 40 layer, 40 device range aggiornati/creati
ds4: REAP mask applied: 40 layer, 40 device range aggiornati/creati
ds4: REAP mask applied: 40 layer, 40 device range aggiornati/creati
ds4: REAP mask applied: 40 layer, 40 device range aggiornati/creati
ds4: REAP mask applied: 40 layer, 40 device range aggiornati/creati
ds4: REAP mask applied: 40 layer, 40 device range aggiornati/creati
ds4: CUDA loading model tensors 7.86 GiB cached
0712 16:03:16 ds4-server: chat ctx=78..128:50 gen=50 decoding chunk=1.02 t/s avg=1.02 t/s 48.978s
ds4: REAP mask applied: 40 layer, 40 device range aggiornati/creati
ds4: REAP mask applied: 40 layer, 40 device range aggiornati/creati
ds4: REAP mask applied: 40 layer, 40 device range aggiornati/creati
ds4: REAP mask applied: 40 layer, 40 device range aggiornati/creati
ds4: REAP mask applied: 40 layer, 40 device range aggiornati/creati
ds4: REAP mask applied: 40 layer, 40 device range aggiornati/creati
ds4: REAP mask applied: 40 layer, 40 device range aggiornati/creati
ds4: REAP mask applied: 40 layer, 40 device range aggiornati/creati
ds4: REAP mask applied: 40 layer, 40 device range aggiornati/creati
ds4: REAP mask applied: 40 layer, 40 device range aggiornati/creati
ds4: REAP mask applied: 40 layer, 40 device range aggiornati/creati
ds4: REAP mask applied: 40 layer, 40 device range aggiornati/creati
0712 16:03:46 ds4-server: chat ctx=128..158:30 gen=80 decoding chunk=1.03 t/s avg=1.03 t/s 77.977s
0712 16:03:46 ds4-server: chat ctx=0..78:78 gen=80 finish=length 137.385s
0712 16:03:46 ds4-server: shutdown requested, draining requests
ds4: expert tiering observe summary batches=3483 slots=40764 compact=24876 hit_rate=0.3595 hits=7421 misses=13219 direct=4236 evictions=12963 direct=28593.00 MiB compact=167913.00 MiB
ds4: expert tiering observe layer=1 batches=81 slots=948 compact=686 hit_rate=0.0000 misses=480 direct=206 evictions=474 cap=256 top=82:12,19:11,78:11,35:10,51:10,114:10
ds4: expert tiering observe layer=2 batches=81 slots=948 compact=683 hit_rate=0.0000 misses=480 direct=203 evictions=474 cap=256 top=128:15,65:14,84:12,182:12,20:11,195:11
ds4: expert tiering observe layer=0 batches=81 slots=948 compact=680 hit_rate=0.0000 misses=480 direct=200 evictions=474 cap=256 top=115:14,52:13,174:13,74:12,11:11,104:11
ds4: expert tiering observe layer=6 batches=81 slots=948 compact=581 hit_rate=0.2562 misses=357 direct=101 evictions=351 cap=256 top=213:89,64:66,188:62,179:51,111:48,16:43
ds4: expert tiering observe layer=13 batches=81 slots=948 compact=582 hit_rate=0.2875 misses=342 direct=102 evictions=336 cap=256 top=38:102,74:68,14:46,166:44,210:43,164:38
