ds4: Linux cuda backend set oom_score_adj=1000
ds4: CUDA backend initialized on NVIDIA GeForce RTX 3060 (sm_86)
ds4: SSD streaming initial cuda model map restricted to token embedding (1 spans, 0.99 GiB tensor span)
ds4: CUDA preparing model tensor mappings
ds4: CUDA loading model tensors into device cache
ds4: CUDA startup model preparation covered 0.99 GiB of tensor spans in 2.468s
ds4: cuda backend initialized for graph diagnostics
0709 08:47:47 ds4-server: context buffers 93.82 MiB (ctx=2048, backend=cuda, prefill_chunk=512, raw_kv_rows=768, compressed_kv_rows=514)
0709 08:47:47 ds4-server: listening on http://127.0.0.1:8014
0709 08:47:47 ds4-server: chat ctx=0..78:78 prompt start
ds4: PACE on - warmup=50 keep=96[96..96] step=8 ngram(n=3,win=120) drift=0.25 rel=0.15 hyst=200 breath(every=999999,len=80,keep=96,relearn=0) prebreath(on=0,drift=0.03,every=64,max=96) anneal_warm=300 wrap=1 cache_flush=0 prefill_apply=0 prefill_wait_wrap=0 s1=0 exchange=1
ds4: PACE prefill_reset tok=0 phase=1 keep=0 ngram=0.000 hit=1.000 breaths=0
ds4: expert tiering observe enabled (DS4_EXPERT_TIERING=observe; log=)
ds4: CUDA loading model tensors 0.13 GiB cached
ds4: CUDA loading model tensors 0.14 GiB cached
ds4: CUDA loading model tensors 0.15 GiB cached
ds4: CUDA loading model tensors 0.13 GiB cached
ds4: CUDA loading model tensors 0.14 GiB cached
ds4: CUDA loading model tensors 0.15 GiB cached
ds4: CUDA loading model tensors 0.13 GiB cached
ds4: CUDA loading model tensors 0.14 GiB cached
ds4: CUDA loading model tensors 0.52 GiB cached
0709 08:49:31 ds4-server: chat ctx=0..78:78 prompt done 95.619s
ds4: CUDA loading model tensors 7.86 GiB cached
ds4: PACE learned      tok=50 phase=2 keep=0 ngram=0.000 hit=1.000 breaths=0
0709 08:50:59 ds4-server: chat ctx=78..128:50 gen=50 decoding chunk=0.62 t/s avg=0.62 t/s 81.232s
ds4: PACE exchange descent tok=51 keep=0->96 promote=0 demote=6880 kept=4128 cold=0 total_promote=0 total_demote=6880
ds4: REAP mask applied: 40 layer, 40 device range aggiornati/creati
ds4: PACE descent      tok=51 phase=3 keep=96 ngram=0.000 hit=1.000 breaths=0
ds4: REAP prefetch (fattorino): 40 layer, 3840 expert, 7008 range, 25.34 GiB touched in 11848 ms (8 thread)
0709 08:53:50 ds4-server: chat ctx=128..178:50 gen=100 decoding chunk=0.32 t/s avg=0.42 t/s 237.383s
0709 08:54:07 ds4-server: shutdown requested, draining requests
0709 08:54:07 ds4-server: chat ctx=178..194:16 gen=116 decoding chunk=0.95 t/s avg=0.46 t/s 254.160s
0709 08:54:07 ds4-server: chat ctx=0..78:78 gen=116 finish=error error="shutdown requested" 349.780s
ds4: SPEX stats: selected_batches=5031 selected_experts=34152 cache_hits=0 cache_misses=264 hit_rate=0.0000 miss_per_expert=0.0077 direct_loads=34146 copy_calls=103230 copied=232267.50 MiB copy_ms=301058.903 copy_ms_per_batch=59.841 sync_calls=103230 sync_ms=13256.480 sync_ms_per_batch=2.635
ds4: expert tiering observe summary batches=5031 slots=50052 compact=34152 hit_rate=0.0000 hits=0 misses=6 direct=34146 evictions=0 direct=230485.50 MiB compact=230526.00 MiB
ds4: expert tiering observe layer=1 batches=117 slots=1164 compact=902 hit_rate=0.0000 misses=0 direct=902 evictions=0 cap=0 top=78:15,82:15,19:12,35:11,42:11,114:11
ds4: expert tiering observe layer=2 batches=117 slots=1164 compact=899 hit_rate=0.0000 misses=0 direct=899 evictions=0 cap=0 top=128:18,84:16,20:15,65:15,15:13,34:13
ds4: expert tiering observe layer=0 batches=117 slots=1164 compact=896 hit_rate=0.0000 misses=6 direct=890 evictions=0 cap=181 top=52:15,104:15,174:15,74:14,109:14,156:13
ds4: expert tiering observe layer=19 batches=117 slots=1164 compact=813 hit_rate=0.0000 misses=0 direct=813 evictions=0 cap=0 top=116:75,136:70,81:49,140:47,127:43,226:38
ds4: expert tiering observe layer=3 batches=117 slots=1164 compact=806 hit_rate=0.0000 misses=0 direct=806 evictions=0 cap=0 top=60:162,150:111,74:79,177:47,241:46,45:45
