ds4: Linux cuda backend set oom_score_adj=1000
ds4: CUDA backend initialized on NVIDIA GeForce RTX 3060 (sm_86)
ds4: SSD streaming initial cuda model map restricted to token embedding (1 spans, 0.99 GiB tensor span)
ds4: CUDA preparing model tensor mappings
ds4: CUDA loading model tensors into device cache
ds4: CUDA startup model preparation covered 0.99 GiB of tensor spans in 0.864s
ds4: cuda backend initialized for graph diagnostics
0712 15:50:14 ds4-server: context buffers 93.82 MiB (ctx=2048, backend=cuda, prefill_chunk=512, raw_kv_rows=768, compressed_kv_rows=514)
0712 15:50:14 ds4-server: listening on http://127.0.0.1:8061
0712 15:50:17 ds4-server: chat ctx=0..78:78 prompt start
ds4: PACE LIVEMASK on - bootstrap=16 window=10 K=16 observe_top=16 X=11 max_swaps=1 cooldown=16 hyst=999.000 weighted=0 pin=0
ds4: PACE LIVEMASK adaptive-K ON - K=16..50 strong_weight>=0.150 gain=0.500 step=+4/-1 deadband=2.000 history=2..10
ds4: PACE LIVEMASK rating levers: blocked_weight=1.000 demote_horizon=10 promo_rate_cap=0 (unlimited)
ds4: PACE LIVEMASK pin-by-mass ON (DS4_REAP_PIN_BY_MASS=1) - seed+candidate ordered by MASS (lm_wshare, wcount stays knock gate); g_reap_pin_mass published per token (S7 seam)
ds4: expert tiering observe enabled (DS4_EXPERT_TIERING=observe; log=)
ds4: CUDA loading model tensors 0.15 GiB cached
ds4: CUDA loading model tensors 0.16 GiB cached
ds4: CUDA loading model tensors 0.15 GiB cached
ds4: CUDA loading model tensors 0.16 GiB cached
ds4: CUDA loading model tensors 0.13 GiB cached
ds4: CUDA loading model tensors 0.00 GiB cached
0712 15:51:21 ds4-server: chat ctx=0..78:78 prompt done 61.688s
ds4: CUDA loading model tensors 5.87 GiB cached
ds4: REAP mask applied: 40 layer, 40 device range aggiornati/creati
ds4: PACE LIVEMASK seeded at tok=16 K=16 window=10
ds4: REAP mask applied: 40 layer, 40 device range aggiornati/creati
ds4: REAP prefetch (fattorino delta): 160 expert, 480 range, 1081.9 MiB touched in 168 ms (16 threads)
ds4: REAP mask applied: 40 layer, 40 device range aggiornati/creati
ds4: REAP mask applied: 40 layer, 40 device range aggiornati/creati
ds4: REAP prefetch (fattorino delta): 160 expert, 480 range, 1081.9 MiB touched in 203 ms (16 threads)
ds4: REAP mask applied: 40 layer, 40 device range aggiornati/creati
ds4: REAP mask applied: 40 layer, 40 device range aggiornati/creati
ds4: REAP mask applied: 40 layer, 40 device range aggiornati/creati
ds4: REAP prefetch (fattorino delta): 40 expert, 120 range, 270.5 MiB touched in 40 ms (16 threads)
ds4: REAP mask applied: 40 layer, 40 device range aggiornati/creati
ds4: REAP prefetch (fattorino delta): 160 expert, 480 range, 1081.9 MiB touched in 225 ms (16 threads)
ds4: REAP mask applied: 40 layer, 40 device range aggiornati/creati
ds4: REAP mask applied: 40 layer, 40 device range aggiornati/creati
ds4: REAP mask applied: 40 layer, 40 device range aggiornati/creati
ds4: REAP prefetch (fattorino delta): 40 expert, 120 range, 270.5 MiB touched in 54 ms (16 threads)
ds4: REAP mask applied: 40 layer, 40 device range aggiornati/creati
ds4: REAP mask applied: 40 layer, 40 device range aggiornati/creati
ds4: REAP mask applied: 40 layer, 40 device range aggiornati/creati
ds4: REAP prefetch (fattorino delta): 160 expert, 480 range, 1081.9 MiB touched in 322 ms (16 threads)
ds4: REAP mask applied: 40 layer, 40 device range aggiornati/creati
ds4: REAP prefetch (fattorino delta): 80 expert, 240 range, 540.9 MiB touched in 168 ms (16 threads)
ds4: REAP mask applied: 40 layer, 40 device range aggiornati/creati
ds4: REAP mask applied: 40 layer, 40 device range aggiornati/creati
ds4: REAP mask applied: 40 layer, 40 device range aggiornati/creati
ds4: REAP prefetch (fattorino delta): 160 expert, 480 range, 1081.9 MiB touched in 823 ms (16 threads)
ds4: REAP mask applied: 40 layer, 40 device range aggiornati/creati
ds4: REAP mask applied: 40 layer, 40 device range aggiornati/creati
ds4: REAP mask applied: 40 layer, 40 device range aggiornati/creati
ds4: REAP prefetch (fattorino delta): 160 expert, 480 range, 1081.9 MiB touched in 505 ms (16 threads)
ds4: REAP mask applied: 40 layer, 40 device range aggiornati/creati
ds4: REAP prefetch (fattorino delta): 120 expert, 360 range, 811.4 MiB touched in 380 ms (16 threads)
ds4: REAP mask applied: 40 layer, 40 device range aggiornati/creati
ds4: REAP mask applied: 40 layer, 40 device range aggiornati/creati
ds4: REAP mask applied: 40 layer, 40 device range aggiornati/creati
ds4: REAP mask applied: 40 layer, 40 device range aggiornati/creati
ds4: CUDA loading model tensors 7.86 GiB cached
ds4: REAP prefetch (fattorino delta): 160 expert, 480 range, 1081.9 MiB touched in 4087 ms (16 threads)
0712 15:52:07 ds4-server: chat ctx=78..128:50 gen=50 decoding chunk=1.11 t/s avg=1.11 t/s 45.239s
ds4: REAP mask applied: 40 layer, 40 device range aggiornati/creati
ds4: REAP mask applied: 40 layer, 40 device range aggiornati/creati
ds4: REAP mask applied: 40 layer, 40 device range aggiornati/creati
ds4: REAP mask applied: 40 layer, 40 device range aggiornati/creati
ds4: REAP prefetch (fattorino delta): 160 expert, 480 range, 1081.9 MiB touched in 622 ms (16 threads)
ds4: REAP mask applied: 40 layer, 40 device range aggiornati/creati
ds4: REAP mask applied: 40 layer, 40 device range aggiornati/creati
ds4: REAP mask applied: 40 layer, 40 device range aggiornati/creati
ds4: REAP prefetch (fattorino delta): 160 expert, 480 range, 1081.9 MiB touched in 1570 ms (16 threads)
ds4: REAP mask applied: 40 layer, 40 device range aggiornati/creati
ds4: REAP prefetch (fattorino delta): 160 expert, 480 range, 1081.9 MiB touched in 581 ms (16 threads)
ds4: REAP mask applied: 40 layer, 40 device range aggiornati/creati
ds4: REAP mask applied: 40 layer, 40 device range aggiornati/creati
ds4: REAP mask applied: 40 layer, 40 device range aggiornati/creati
ds4: REAP mask applied: 40 layer, 40 device range aggiornati/creati
ds4: REAP prefetch (fattorino delta): 80 expert, 240 range, 540.9 MiB touched in 315 ms (16 threads)
ds4: REAP mask applied: 40 layer, 40 device range aggiornati/creati
ds4: REAP mask applied: 40 layer, 40 device range aggiornati/creati
ds4: REAP mask applied: 40 layer, 40 device range aggiornati/creati
ds4: REAP mask applied: 40 layer, 40 device range aggiornati/creati
ds4: REAP prefetch (fattorino delta): 160 expert, 480 range, 1081.9 MiB touched in 1444 ms (16 threads)
ds4: REAP mask applied: 40 layer, 40 device range aggiornati/creati
ds4: REAP mask applied: 40 layer, 40 device range aggiornati/creati
ds4: REAP mask applied: 40 layer, 40 device range aggiornati/creati
ds4: REAP prefetch (fattorino delta): 160 expert, 480 range, 1081.9 MiB touched in 1123 ms (16 threads)
ds4: REAP mask applied: 40 layer, 40 device range aggiornati/creati
ds4: REAP mask applied: 40 layer, 40 device range aggiornati/creati
ds4: REAP mask applied: 40 layer, 40 device range aggiornati/creati
ds4: REAP prefetch (fattorino delta): 160 expert, 480 range, 1081.9 MiB touched in 789 ms (16 threads)
ds4: REAP mask applied: 40 layer, 40 device range aggiornati/creati
ds4: REAP prefetch (fattorino delta): 80 expert, 240 range, 540.9 MiB touched in 406 ms (16 threads)
ds4: REAP mask applied: 40 layer, 40 device range aggiornati/creati
ds4: REAP mask applied: 40 layer, 40 device range aggiornati/creati
0712 15:53:07 ds4-server: chat ctx=128..158:30 gen=80 decoding chunk=0.51 t/s avg=0.77 t/s 103.536s
0712 15:53:07 ds4-server: chat ctx=0..78:78 gen=80 finish=length 165.233s
0712 15:53:08 ds4-server: shutdown requested, draining requests
ds4: expert tiering observe summary batches=3483 slots=40764 compact=24876 hit_rate=0.3432 hits=7084 misses=13556 direct=4236 evictions=13300 direct=28593.00 MiB compact=167913.00 MiB
ds4: expert tiering observe layer=1 batches=81 slots=948 compact=686 hit_rate=0.0000 misses=480 direct=206 evictions=474 cap=256 top=82:12,78:11,35:10,114:10,204:10,19:9
ds4: expert tiering observe layer=2 batches=81 slots=948 compact=683 hit_rate=0.0000 misses=480 direct=203 evictions=474 cap=256 top=128:15,65:14,84:12,182:12,20:11,195:11
ds4: expert tiering observe layer=0 batches=81 slots=948 compact=680 hit_rate=0.0000 misses=480 direct=200 evictions=474 cap=256 top=52:13,174:13,74:12,11:11,104:11,109:11
ds4: expert tiering observe layer=15 batches=81 slots=948 compact=580 hit_rate=0.2500 misses=360 direct=100 evictions=354 cap=256 top=96:62,104:60,176:50,27:41,248:36,192:32
ds4: expert tiering observe layer=6 batches=81 slots=948 compact=581 hit_rate=0.2625 misses=354 direct=101 evictions=348 cap=256 top=213:83,64:65,188:63,179:50,111:49,16:45
