ds4: Linux cuda backend set oom_score_adj=1000
ds4: CUDA backend initialized on NVIDIA GeForce RTX 3060 (sm_86)
ds4: SSD streaming initial cuda model map restricted to token embedding (1 spans, 0.99 GiB tensor span)
ds4: CUDA preparing model tensor mappings
ds4: CUDA loading model tensors into device cache
ds4: CUDA startup model preparation covered 0.99 GiB of tensor spans in 0.331s
ds4: cuda backend initialized for graph diagnostics
0709 08:33:46 ds4-server: context buffers 93.82 MiB (ctx=2048, backend=cuda, prefill_chunk=512, raw_kv_rows=768, compressed_kv_rows=514)
0709 08:33:46 ds4-server: listening on http://127.0.0.1:8014
0709 08:33:46 ds4-server: chat ctx=0..78:78 prompt start
ds4: PACE on - warmup=50 keep=64[64..96] step=8 ngram(n=3,win=120) drift=0.25 rel=0.15 hyst=200 breath(every=999999,len=80,keep=96,relearn=0) prebreath(on=0,drift=0.03,every=64,max=96) anneal_warm=300 wrap=1 cache_flush=0 prefill_apply=0 prefill_wait_wrap=0 s1=0 exchange=1
ds4: PACE prefill_reset tok=0 phase=1 keep=0 ngram=0.000 hit=1.000 breaths=0
ds4: expert tiering observe enabled (DS4_EXPERT_TIERING=observe; log=)
0709 08:33:56 ds4-server: chat ctx=0..78:78 prompt done 9.368s
ds4: CUDA loading model tensors 1.63 GiB cached
ds4: PACE learned      tok=50 phase=2 keep=0 ngram=0.000 hit=1.000 breaths=0
ds4: CUDA loading model tensors 7.86 GiB cached
0709 08:34:15 ds4-server: chat ctx=78..128:50 gen=50 decoding chunk=2.66 t/s avg=2.66 t/s 18.799s
ds4: PACE exchange descent tok=51 keep=0->64 promote=0 demote=8256 kept=2752 cold=0 total_promote=0 total_demote=8256
ds4: REAP mask applied: 40 layer, 40 device range aggiornati/creati
ds4: PACE descent      tok=51 phase=3 keep=64 ngram=0.000 hit=1.000 breaths=0
ds4: REAP prefetch (fattorino): 40 layer, 2560 expert, 5733 range, 16.90 GiB touched in 187 ms (8 thread)
0709 08:34:34 ds4-server: chat ctx=128..178:50 gen=100 decoding chunk=2.96 t/s avg=2.80 t/s 35.711s
0709 08:34:54 ds4-server: chat ctx=178..228:50 gen=150 decoding chunk=2.92 t/s avg=2.84 t/s 52.829s
0709 08:35:12 ds4-server: chat ctx=228..278:50 gen=200 decoding chunk=2.90 t/s avg=2.85 t/s 70.086s
0709 08:35:32 ds4-server: chat ctx=278..328:50 gen=250 decoding chunk=2.96 t/s avg=2.87 t/s 86.981s
ds4: PACE exchange breath(ngram) tok=297 keep=64->96 promote=1376 demote=0 kept=2752 cold=6880 total_promote=1376 total_demote=8256
ds4: REAP mask applied: 40 layer, 40 device range aggiornati/creati
ds4: PACE breath(ngram) tok=297 phase=4 keep=96 ngram=0.255 hit=1.000 breaths=1
ds4: REAP prefetch (fattorino): 40 layer, 3840 expert, 7011 range, 25.34 GiB touched in 202 ms (8 thread)
0709 08:35:49 ds4-server: chat ctx=328..378:50 gen=300 decoding chunk=2.93 t/s avg=2.88 t/s 104.061s
0709 08:36:09 ds4-server: chat ctx=378..428:50 gen=350 decoding chunk=2.95 t/s avg=2.89 t/s 120.982s
ds4: PACE exchange breath_end tok=377 keep=96->72 promote=0 demote=1032 kept=3096 cold=6880 total_promote=1376 total_demote=9288
ds4: REAP mask applied: 40 layer, 40 device range aggiornati/creati
ds4: PACE breath_end   tok=377 phase=3 keep=72 ngram=0.890 hit=1.000 breaths=1
ds4: REAP prefetch (fattorino): 40 layer, 2880 expert, 6180 range, 19.01 GiB touched in 50 ms (8 thread)
0709 08:36:25 ds4-server: chat ctx=428..478:50 gen=400 decoding chunk=3.02 t/s avg=2.91 t/s 137.512s
0709 08:36:45 ds4-server: chat ctx=478..528:50 gen=450 decoding chunk=2.96 t/s avg=2.91 t/s 154.414s
0709 08:37:02 ds4-server: chat ctx=528..578:50 gen=500 decoding chunk=3.03 t/s avg=2.93 t/s 170.908s
0709 08:37:06 ds4-server: chat ctx=578..590:12 gen=512 decoding chunk=3.00 t/s avg=2.93 t/s 174.904s
0709 08:37:06 ds4-server: chat ctx=0..78:78 gen=512 finish=length 184.272s
