ds4: Linux cuda backend set oom_score_adj=1000
ds4: CUDA backend initialized on NVIDIA GeForce RTX 3060 (sm_86)
ds4: SSD streaming initial cuda model map restricted to token embedding (1 spans, 0.99 GiB tensor span)
ds4: CUDA preparing model tensor mappings
ds4: CUDA loading model tensors into device cache
ds4: CUDA startup model preparation covered 0.99 GiB of tensor spans in 0.298s
ds4: cuda backend initialized for graph diagnostics
0709 07:46:26 ds4-server: context buffers 93.82 MiB (ctx=2048, backend=cuda, prefill_chunk=512, raw_kv_rows=768, compressed_kv_rows=514)
0709 07:46:26 ds4-server: listening on http://127.0.0.1:8014
0709 07:46:26 ds4-server: chat ctx=0..78:78 prompt start
ds4: PACE on - warmup=50 keep=23[23..96] step=4 ngram(n=3,win=120) drift=0.25 rel=0.15 hyst=200 breath(every=999999,len=80,keep=96,relearn=0) prebreath(on=1,drift=0.03,every=32,max=64) anneal_warm=300 wrap=1 cache_flush=0 prefill_apply=0 prefill_wait_wrap=0 s1=0 exchange=1
ds4: PACE prefill_reset tok=0 phase=1 keep=0 ngram=0.000 hit=1.000 breaths=0
ds4: expert tiering observe enabled (DS4_EXPERT_TIERING=observe; log=)
0709 07:46:35 ds4-server: chat ctx=0..78:78 prompt done 9.213s
ds4: CUDA loading model tensors 2.61 GiB cached
ds4: PACE learned      tok=50 phase=2 keep=0 ngram=0.000 hit=1.000 breaths=0
ds4: CUDA loading model tensors 7.86 GiB cached
0709 07:47:00 ds4-server: chat ctx=78..128:50 gen=50 decoding chunk=2.27 t/s avg=2.27 t/s 22.035s
ds4: PACE exchange descent tok=51 keep=0->23 promote=0 demote=10019 kept=989 cold=0 total_promote=0 total_demote=10019
ds4: REAP mask applied: 40 layer, 40 device range aggiornati/creati
ds4: PACE descent      tok=51 phase=3 keep=23 ngram=0.000 hit=1.000 breaths=0
ds4: REAP prefetch (fattorino): 40 layer, 920 expert, 2505 range, 6.07 GiB touched in 66 ms (8 thread)
0709 07:47:18 ds4-server: chat ctx=128..178:50 gen=100 decoding chunk=2.87 t/s avg=2.53 t/s 39.465s
ds4: PACE exchange prebreath tok=112 keep=23->27 promote=172 demote=0 kept=989 cold=9847 total_promote=172 total_demote=10019
ds4: REAP mask applied: 40 layer, 40 device range aggiornati/creati
ds4: PACE prebreath    tok=112 phase=3 keep=27 ngram=0.031 hit=1.000 breaths=0
ds4: REAP prefetch (fattorino): 40 layer, 1080 expert, 2871 range, 7.13 GiB touched in 38 ms (8 thread)
ds4: PACE exchange prebreath tok=144 keep=27->31 promote=172 demote=0 kept=1161 cold=9675 total_promote=344 total_demote=10019
ds4: REAP mask applied: 40 layer, 40 device range aggiornati/creati
ds4: PACE prebreath    tok=144 phase=3 keep=31 ngram=0.050 hit=1.000 breaths=0
ds4: REAP prefetch (fattorino): 40 layer, 1240 expert, 3243 range, 8.19 GiB touched in 34 ms (8 thread)
0709 07:47:39 ds4-server: chat ctx=178..228:50 gen=150 decoding chunk=2.83 t/s avg=2.62 t/s 57.146s
0709 07:47:42 ds4-server: chat ctx=228..238:10 gen=160 decoding chunk=2.78 t/s avg=2.63 t/s 60.748s
0709 07:47:42 ds4-server: chat ctx=0..78:78 gen=160 finish=length 69.962s
