ds4: Linux cuda backend set oom_score_adj=1000
ds4: CUDA backend initialized on NVIDIA GeForce RTX 3060 (sm_86)
ds4: SSD streaming initial cuda model map restricted to token embedding (1 spans, 0.99 GiB tensor span)
ds4: CUDA preparing model tensor mappings
ds4: CUDA loading model tensors into device cache
ds4: CUDA startup model preparation covered 0.99 GiB of tensor spans in 0.871s
ds4: cuda backend initialized for graph diagnostics
0709 17:15:48 ds4-server: context buffers 151.57 MiB (ctx=6144, backend=cuda, prefill_chunk=512, raw_kv_rows=768, compressed_kv_rows=1538)
0709 17:15:48 ds4-server: listening on http://127.0.0.1:8021
0709 17:15:48 ds4-server: chat ctx=0..61:61 prompt start
ds4: PACE on - warmup=50 keep=23[23..96] step=0 ngram(n=3,win=120) drift=1.00 rel=0.15 hyst=200 breath(every=999999,len=80,keep=96,relearn=0) prebreath(on=0,drift=0.18,every=64,max=96) anneal_warm=300 wrap=1 cache_flush=0 prefill_apply=0 prefill_wait_wrap=0 s1=0 exchange=0 rotate(on=0,every=32,decay=0.980)
ds4: PACE prefill_reset tok=0 phase=1 keep=0 ngram=0.000 hit=1.000 breaths=0
ds4: expert tiering observe enabled (DS4_EXPERT_TIERING=observe; log=)
ds4: CUDA loading model tensors 0.00 GiB cached
ds4: CUDA loading model tensors 0.13 GiB cached
ds4: CUDA loading model tensors 0.15 GiB cached
ds4: CUDA loading model tensors 0.00 GiB cached
ds4: CUDA loading model tensors 0.13 GiB cached
ds4: CUDA loading model tensors 0.15 GiB cached
ds4: CUDA loading model tensors 0.13 GiB cached
0709 17:17:11 ds4-server: chat ctx=0..61:61 prompt done 82.394s
ds4: CUDA loading model tensors 2.35 GiB cached
ds4: PACE learned      tok=50 phase=2 keep=0 ngram=0.000 hit=1.000 breaths=0
0709 17:18:47 ds4-server: chat ctx=61..111:50 gen=50 decoding chunk=0.52 t/s avg=0.52 t/s 96.758s
ds4: REAP mask applied: 40 layer, 40 device range aggiornati/creati
ds4: PACE descent      tok=51 phase=3 keep=23 ngram=0.000 hit=1.000 breaths=0
ds4: REAP prefetch (fattorino): 40 layer, 920 expert, 2508 range, 6.07 GiB touched in 980 ms (16 thread, mlock)
0709 17:18:56 ds4-server: chat ctx=111..125:14 gen=64 decoding chunk=1.71 t/s avg=0.61 t/s 104.923s
0709 17:18:56 ds4-server: chat ctx=0..61:61 gen=64 finish=length 187.322s
0709 17:18:56 ds4-server: live kv cache miss live=125 prompt=61 common=61 reason=token-mismatch
0709 17:18:56 ds4-server: chat ctx=0..61:61 prompt start
ds4: REAP mask applied: 40 layer, 40 device range aggiornati/creati
ds4: PACE prefill_reset tok=0 phase=1 keep=0 ngram=0.000 hit=1.000 breaths=0
ds4: CUDA loading model tensors 0.00 GiB cached
ds4: CUDA loading model tensors 0.15 GiB cached
ds4: CUDA loading model tensors 0.16 GiB cached
ds4: CUDA loading model tensors 0.15 GiB cached
ds4: CUDA loading model tensors 0.16 GiB cached
ds4: CUDA loading model tensors 0.13 GiB cached
ds4: CUDA loading model tensors 0.00 GiB cached
ds4: CUDA loading model tensors 0.15 GiB cached
0709 17:20:15 ds4-server: chat ctx=0..61:61 prompt done 79.131s
ds4: PACE learned      tok=50 phase=2 keep=0 ngram=0.000 hit=1.000 breaths=0
0709 17:21:19 ds4-server: chat ctx=61..111:50 gen=50 decoding chunk=0.78 t/s avg=0.78 t/s 63.899s
ds4: REAP mask applied: 40 layer, 40 device range aggiornati/creati
ds4: PACE descent      tok=51 phase=3 keep=23 ngram=0.000 hit=1.000 breaths=0
ds4: REAP prefetch (fattorino): 40 layer, 920 expert, 2511 range, 6.07 GiB touched in 398 ms (16 thread, mlock)
ds4: CUDA loading model tensors 7.86 GiB cached
0709 17:21:40 ds4-server: chat ctx=111..161:50 gen=100 decoding chunk=2.42 t/s avg=1.18 t/s 84.588s
0709 17:21:57 ds4-server: chat ctx=161..211:50 gen=150 decoding chunk=2.83 t/s avg=1.47 t/s 102.228s
0709 17:22:14 ds4-server: chat ctx=211..261:50 gen=200 decoding chunk=2.91 t/s avg=1.67 t/s 119.419s
0709 17:22:32 ds4-server: chat ctx=261..311:50 gen=250 decoding chunk=2.87 t/s avg=1.83 t/s 136.824s
0709 17:22:34 ds4-server: chat ctx=311..317:6 gen=256 decoding chunk=2.82 t/s avg=1.84 t/s 138.955s
0709 17:22:34 ds4-server: chat ctx=0..61:61 gen=256 finish=length 218.090s
0709 17:22:34 ds4-server: shutdown requested, draining requests
ds4: SPEX stats: selected_batches=13846 selected_experts=91710 cache_hits=0 cache_misses=528 hit_rate=0.0000 miss_per_expert=0.0058 direct_loads=91698 copy_calls=276678 copied=622525.50 MiB copy_ms=331074.272 copy_ms_per_batch=23.911 sync_calls=276678 sync_ms=33521.724 sync_ms_per_batch=2.421
ds4: expert tiering observe summary batches=13846 slots=114036 compact=91710 hit_rate=0.0000 hits=0 misses=12 direct=91698 evictions=0 direct=618961.50 MiB compact=619042.50 MiB
ds4: expert tiering observe layer=2 batches=322 slots=2652 compact=2308 hit_rate=0.0000 misses=0 direct=2308 evictions=0 cap=0 top=146:62,39:41,65:34,128:34,108:32,1:29
ds4: expert tiering observe layer=0 batches=322 slots=2652 compact=2292 hit_rate=0.0000 misses=12 direct=2280 evictions=0 cap=183 top=27:38,93:38,91:37,106:37,51:36,132:33
ds4: expert tiering observe layer=1 batches=322 slots=2652 compact=2286 hit_rate=0.0000 misses=0 direct=2286 evictions=0 cap=0 top=107:39,229:38,5:35,149:32,8:31,215:31
ds4: expert tiering observe layer=19 batches=322 slots=2652 compact=2182 hit_rate=0.0000 misses=0 direct=2182 evictions=0 cap=0 top=181:175,44:164,254:161,31:125,10:120,60:112
ds4: expert tiering observe layer=10 batches=322 slots=2652 compact=2160 hit_rate=0.0000 misses=0 direct=2160 evictions=0 cap=0 top=30:183,107:168,40:164,15:160,150:154,11:124
