ds4: Linux cuda backend set oom_score_adj=1000
ds4: CUDA backend initialized on NVIDIA GeForce RTX 3060 (sm_86)
ds4: SSD streaming initial cuda model map restricted to token embedding (1 spans, 0.99 GiB tensor span)
ds4: CUDA preparing model tensor mappings
ds4: CUDA loading model tensors into device cache
ds4: CUDA startup model preparation covered 0.99 GiB of tensor spans in 0.280s
ds4: cuda backend initialized for graph diagnostics
0709 08:03:30 ds4-server: context buffers 93.82 MiB (ctx=2048, backend=cuda, prefill_chunk=512, raw_kv_rows=768, compressed_kv_rows=514)
0709 08:03:30 ds4-server: listening on http://127.0.0.1:8014
0709 08:03:31 ds4-server: chat ctx=0..78:78 prompt start
ds4: PACE on - warmup=50 keep=23[23..96] step=8 ngram(n=3,win=120) drift=0.25 rel=0.15 hyst=200 breath(every=999999,len=80,keep=96,relearn=0) prebreath(on=0,drift=0.03,every=64,max=96) anneal_warm=300 wrap=1 cache_flush=0 prefill_apply=0 prefill_wait_wrap=0 s1=0 exchange=1
ds4: PACE prefill_reset tok=0 phase=1 keep=0 ngram=0.000 hit=1.000 breaths=0
ds4: expert tiering observe enabled (DS4_EXPERT_TIERING=observe; log=)
ds4: CUDA loading model tensors 0.13 GiB cached
0709 08:03:44 ds4-server: chat ctx=0..78:78 prompt done 13.453s
ds4: PACE learned      tok=50 phase=2 keep=0 ngram=0.000 hit=1.000 breaths=0
ds4: CUDA loading model tensors 7.86 GiB cached
0709 08:06:26 ds4-server: chat ctx=78..128:50 gen=50 decoding chunk=0.34 t/s avg=0.34 t/s 147.170s
ds4: PACE exchange descent tok=51 keep=0->23 promote=0 demote=10019 kept=989 cold=0 total_promote=0 total_demote=10019
ds4: REAP mask applied: 40 layer, 40 device range aggiornati/creati
ds4: PACE descent      tok=51 phase=3 keep=23 ngram=0.000 hit=1.000 breaths=0
ds4: REAP prefetch (fattorino): 40 layer, 920 expert, 2511 range, 6.07 GiB touched in 112 ms (8 thread)
0709 08:06:54 ds4-server: chat ctx=128..178:50 gen=100 decoding chunk=2.02 t/s avg=0.58 t/s 171.935s
0709 08:07:10 ds4-server: chat ctx=178..228:50 gen=150 decoding chunk=3.04 t/s avg=0.80 t/s 188.384s
ds4: PACE exchange breath(ngram) tok=154 keep=23->96 promote=3139 demote=0 kept=989 cold=6880 total_promote=3139 total_demote=10019
ds4: REAP mask applied: 40 layer, 40 device range aggiornati/creati
ds4: PACE breath(ngram) tok=154 phase=4 keep=96 ngram=0.257 hit=1.000 breaths=1
ds4: REAP prefetch (fattorino): 40 layer, 3840 expert, 6972 range, 25.34 GiB touched in 419 ms (8 thread)
0709 08:07:29 ds4-server: chat ctx=228..278:50 gen=200 decoding chunk=3.20 t/s avg=0.98 t/s 204.018s
ds4: PACE exchange breath_end tok=234 keep=96->31 promote=0 demote=2795 kept=1333 cold=6880 total_promote=3139 total_demote=12814
ds4: REAP mask applied: 40 layer, 40 device range aggiornati/creati
ds4: PACE breath_end   tok=234 phase=3 keep=31 ngram=0.833 hit=1.000 breaths=1
ds4: REAP prefetch (fattorino): 40 layer, 1240 expert, 3264 range, 8.19 GiB touched in 20 ms (8 thread)
0709 08:07:44 ds4-server: chat ctx=278..328:50 gen=250 decoding chunk=3.23 t/s avg=1.14 t/s 219.487s
0709 08:08:03 ds4-server: chat ctx=328..378:50 gen=300 decoding chunk=3.18 t/s avg=1.28 t/s 235.228s
0709 08:08:09 ds4-server: chat ctx=378..398:20 gen=320 decoding chunk=3.12 t/s avg=1.32 t/s 241.646s
0709 08:08:09 ds4-server: chat ctx=0..78:78 gen=320 finish=length 255.099s
