ds4: Linux cuda backend set oom_score_adj=1000
ds4: CUDA backend initialized on NVIDIA GeForce RTX 3060 (sm_86)
ds4: SSD streaming initial cuda model map restricted to token embedding (1 spans, 0.99 GiB tensor span)
ds4: CUDA preparing model tensor mappings
ds4: CUDA loading model tensors into device cache
ds4: CUDA startup model preparation covered 0.99 GiB of tensor spans in 0.496s
ds4: cuda backend initialized for graph diagnostics
0709 10:25:32 ds4-server: context buffers 151.57 MiB (ctx=6144, backend=cuda, prefill_chunk=512, raw_kv_rows=768, compressed_kv_rows=1538)
0709 10:25:32 ds4-server: listening on http://127.0.0.1:8014
0709 10:25:32 ds4-server: chat ctx=0..61:61 prompt start
ds4: PACE on - warmup=50 keep=64[64..96] step=8 ngram(n=3,win=120) drift=0.25 rel=0.15 hyst=200 breath(every=999999,len=80,keep=96,relearn=0) prebreath(on=0,drift=0.18,every=64,max=96) anneal_warm=300 wrap=1 cache_flush=0 prefill_apply=0 prefill_wait_wrap=0 s1=0 exchange=0
ds4: PACE prefill_reset tok=0 phase=1 keep=0 ngram=0.000 hit=1.000 breaths=0
ds4: expert tiering observe enabled (DS4_EXPERT_TIERING=observe; log=)
ds4: CUDA loading model tensors 0.13 GiB cached
ds4: CUDA loading model tensors 0.15 GiB cached
ds4: CUDA loading model tensors 0.13 GiB cached
ds4: CUDA loading model tensors 0.15 GiB cached
ds4: CUDA loading model tensors 0.13 GiB cached
ds4: CUDA loading model tensors 0.15 GiB cached
ds4: CUDA loading model tensors 0.16 GiB cached
ds4: CUDA loading model tensors 0.15 GiB cached
ds4: CUDA loading model tensors 0.16 GiB cached
ds4: CUDA loading model tensors 0.15 GiB cached
ds4: CUDA loading model tensors 0.16 GiB cached
0709 10:27:38 ds4-server: chat ctx=0..61:61 prompt done 125.186s
ds4: CUDA loading model tensors 3.12 GiB cached
ds4: PACE learned      tok=50 phase=2 keep=0 ngram=0.000 hit=1.000 breaths=0
0709 10:29:09 ds4-server: chat ctx=61..111:50 gen=50 decoding chunk=0.55 t/s avg=0.55 t/s 90.981s
ds4: REAP mask applied: 40 layer, 40 device range aggiornati/creati
ds4: PACE descent      tok=51 phase=3 keep=64 ngram=0.000 hit=1.000 breaths=0
ds4: REAP prefetch (fattorino): 40 layer, 2560 expert, 5733 range, 16.90 GiB touched in 1444 ms (16 thread, mlock)
0709 10:29:15 ds4-server: chat ctx=111..125:14 gen=64 decoding chunk=2.35 t/s avg=0.66 t/s 96.946s
0709 10:29:15 ds4-server: chat ctx=0..61:61 gen=64 finish=length 222.135s
0709 10:29:15 ds4-server: live kv cache miss live=125 prompt=61 common=61 reason=token-mismatch
0709 10:29:15 ds4-server: chat ctx=0..61:61 prompt start
ds4: REAP mask applied: 40 layer, 40 device range aggiornati/creati
ds4: PACE prefill_reset tok=0 phase=1 keep=0 ngram=0.000 hit=1.000 breaths=0
ds4: CUDA loading model tensors 0.00 GiB cached
ds4: CUDA loading model tensors 0.15 GiB cached
0709 10:29:33 ds4-server: chat ctx=0..61:61 prompt done 18.268s
ds4: CUDA loading model tensors 7.05 GiB cached
ds4: PACE learned      tok=50 phase=2 keep=0 ngram=0.000 hit=1.000 breaths=0
0709 10:30:04 ds4-server: chat ctx=61..111:50 gen=50 decoding chunk=1.63 t/s avg=1.63 t/s 30.742s
ds4: REAP mask applied: 40 layer, 40 device range aggiornati/creati
ds4: PACE descent      tok=51 phase=3 keep=64 ngram=0.000 hit=1.000 breaths=0
ds4: REAP prefetch (fattorino): 40 layer, 2560 expert, 5721 range, 16.90 GiB touched in 601 ms (16 thread, mlock)
ds4: CUDA loading model tensors 7.86 GiB cached
0709 10:30:21 ds4-server: chat ctx=111..161:50 gen=100 decoding chunk=2.91 t/s avg=2.09 t/s 47.949s
0709 10:30:38 ds4-server: chat ctx=161..211:50 gen=150 decoding chunk=2.98 t/s avg=2.32 t/s 64.708s
0709 10:30:54 ds4-server: chat ctx=211..261:50 gen=200 decoding chunk=3.08 t/s avg=2.47 t/s 80.943s
0709 10:31:00 ds4-server: chat ctx=261..281:20 gen=220 decoding chunk=3.12 t/s avg=2.52 t/s 87.360s
0709 10:31:00 ds4-server: chat ctx=0..61:61 gen=220 finish=length 105.631s
0709 10:31:00 ds4-server: shutdown requested, draining requests
ds4: SPEX stats: selected_batches=12298 selected_experts=82422 cache_hits=0 cache_misses=528 hit_rate=0.0000 miss_per_expert=0.0064 direct_loads=82410 copy_calls=248814 copied=559831.50 MiB copy_ms=264949.514 copy_ms_per_batch=21.544 sync_calls=248814 sync_ms=29834.084 sync_ms_per_batch=2.426
ds4: expert tiering observe summary batches=12298 slots=104748 compact=82422 hit_rate=0.0000 hits=0 misses=12 direct=82410 evictions=0 direct=556267.50 MiB compact=556348.50 MiB
ds4: expert tiering observe layer=2 batches=286 slots=2436 compact=2092 hit_rate=0.0000 misses=0 direct=2092 evictions=0 cap=0 top=146:45,128:34,39:30,46:28,65:27,20:26
ds4: expert tiering observe layer=0 batches=286 slots=2436 compact=2076 hit_rate=0.0000 misses=12 direct=2064 evictions=0 cap=183 top=27:35,51:34,93:33,30:28,74:27,50:26
ds4: expert tiering observe layer=1 batches=286 slots=2436 compact=2070 hit_rate=0.0000 misses=0 direct=2070 evictions=0 cap=0 top=107:39,229:30,8:27,0:26,79:26,215:25
ds4: expert tiering observe layer=19 batches=286 slots=2436 compact=1966 hit_rate=0.0000 misses=0 direct=1966 evictions=0 cap=0 top=181:156,44:128,31:107,254:88,60:79,222:58
ds4: expert tiering observe layer=10 batches=286 slots=2436 compact=1944 hit_rate=0.0000 misses=0 direct=1944 evictions=0 cap=0 top=30:176,40:136,150:119,15:100,124:68,19:59
