ds4: Linux cuda backend set oom_score_adj=1000
ds4: CUDA backend initialized on NVIDIA GeForce RTX 3060 (sm_86)
ds4: SSD streaming initial cuda model map restricted to token embedding (1 spans, 0.99 GiB tensor span)
ds4: CUDA preparing model tensor mappings
ds4: CUDA loading model tensors into device cache
ds4: CUDA startup model preparation covered 0.99 GiB of tensor spans in 0.465s
ds4: cuda backend initialized for graph diagnostics
0709 10:05:49 ds4-server: context buffers 151.57 MiB (ctx=6144, backend=cuda, prefill_chunk=512, raw_kv_rows=768, compressed_kv_rows=1538)
0709 10:05:50 ds4-server: listening on http://127.0.0.1:8014
0709 10:05:50 ds4-server: chat ctx=0..61:61 prompt start
ds4: PACE on - warmup=50 keep=32[32..96] step=8 ngram(n=3,win=120) drift=0.25 rel=0.15 hyst=200 breath(every=999999,len=80,keep=96,relearn=0) prebreath(on=0,drift=0.18,every=64,max=96) anneal_warm=300 wrap=1 cache_flush=0 prefill_apply=0 prefill_wait_wrap=0 s1=0 exchange=0
ds4: PACE prefill_reset tok=0 phase=1 keep=0 ngram=0.000 hit=1.000 breaths=0
ds4: expert tiering observe enabled (DS4_EXPERT_TIERING=observe; log=)
ds4: CUDA loading model tensors 0.15 GiB cached
ds4: CUDA loading model tensors 0.16 GiB cached
ds4: CUDA loading model tensors 0.15 GiB cached
ds4: CUDA loading model tensors 0.13 GiB cached
ds4: CUDA loading model tensors 0.14 GiB cached
ds4: CUDA loading model tensors 0.13 GiB cached
0709 10:07:14 ds4-server: chat ctx=0..61:61 prompt done 75.868s
ds4: CUDA loading model tensors 0.77 GiB cached
ds4: CUDA loading model tensors 7.86 GiB cached
ds4: PACE learned      tok=50 phase=2 keep=0 ngram=0.000 hit=1.000 breaths=0
0709 10:08:46 ds4-server: chat ctx=61..111:50 gen=50 decoding chunk=0.58 t/s avg=0.58 t/s 86.668s
ds4: REAP mask applied: 40 layer, 40 device range aggiornati/creati
ds4: PACE descent      tok=51 phase=3 keep=32 ngram=0.000 hit=1.000 breaths=0
ds4: REAP prefetch (fattorino): 40 layer, 1280 expert, 3360 range, 8.45 GiB touched in 884 ms (16 thread, mlock)
0709 10:08:55 ds4-server: chat ctx=111..125:14 gen=64 decoding chunk=2.47 t/s avg=0.69 t/s 92.326s
0709 10:08:55 ds4-server: chat ctx=0..61:61 gen=64 finish=length 168.200s
0709 10:08:55 ds4-server: live kv cache miss live=125 prompt=61 common=61 reason=token-mismatch
0709 10:08:55 ds4-server: chat ctx=0..61:61 prompt start
ds4: REAP mask applied: 40 layer, 40 device range aggiornati/creati
ds4: PACE prefill_reset tok=0 phase=1 keep=0 ngram=0.000 hit=1.000 breaths=0
ds4: CUDA loading model tensors 0.00 GiB cached
ds4: CUDA loading model tensors 0.15 GiB cached
ds4: CUDA loading model tensors 0.13 GiB cached
0709 10:09:22 ds4-server: chat ctx=0..61:61 prompt done 26.644s
ds4: PACE learned      tok=50 phase=2 keep=0 ngram=0.000 hit=1.000 breaths=0
0709 10:09:47 ds4-server: chat ctx=61..111:50 gen=50 decoding chunk=2.22 t/s avg=2.22 t/s 22.572s
ds4: REAP mask applied: 40 layer, 40 device range aggiornati/creati
ds4: PACE descent      tok=51 phase=3 keep=32 ngram=0.000 hit=1.000 breaths=0
ds4: REAP prefetch (fattorino): 40 layer, 1280 expert, 3357 range, 8.45 GiB touched in 281 ms (16 thread, mlock)
ds4: CUDA loading model tensors 7.86 GiB cached
0709 10:10:07 ds4-server: chat ctx=111..161:50 gen=100 decoding chunk=3.00 t/s avg=2.55 t/s 39.234s
0709 10:10:23 ds4-server: chat ctx=161..211:50 gen=150 decoding chunk=3.05 t/s avg=2.70 t/s 55.623s
0709 10:10:41 ds4-server: chat ctx=211..261:50 gen=200 decoding chunk=3.27 t/s avg=2.82 t/s 70.901s
0709 10:10:47 ds4-server: chat ctx=261..281:20 gen=220 decoding chunk=3.21 t/s avg=2.85 t/s 77.136s
0709 10:10:47 ds4-server: chat ctx=0..61:61 gen=220 finish=length 103.782s
0709 10:10:47 ds4-server: shutdown requested, draining requests
ds4: SPEX stats: selected_batches=12298 selected_experts=82422 cache_hits=0 cache_misses=528 hit_rate=0.0000 miss_per_expert=0.0064 direct_loads=82410 copy_calls=248814 copied=559831.50 MiB copy_ms=213551.692 copy_ms_per_batch=17.365 sync_calls=248814 sync_ms=27231.249 sync_ms_per_batch=2.214
ds4: expert tiering observe summary batches=12298 slots=104748 compact=82422 hit_rate=0.0000 hits=0 misses=12 direct=82410 evictions=0 direct=556267.50 MiB compact=556348.50 MiB
ds4: expert tiering observe layer=2 batches=286 slots=2436 compact=2092 hit_rate=0.0000 misses=0 direct=2092 evictions=0 cap=0 top=146:47,65:36,39:34,128:32,1:30,224:30
ds4: expert tiering observe layer=0 batches=286 slots=2436 compact=2076 hit_rate=0.0000 misses=12 direct=2064 evictions=0 cap=183 top=27:38,51:37,30:32,93:32,50:31,29:27
ds4: expert tiering observe layer=1 batches=286 slots=2436 compact=2070 hit_rate=0.0000 misses=0 direct=2070 evictions=0 cap=0 top=107:40,8:30,79:30,19:29,215:29,0:26
ds4: expert tiering observe layer=19 batches=286 slots=2436 compact=1966 hit_rate=0.0000 misses=0 direct=1966 evictions=0 cap=0 top=44:157,181:151,254:128,31:106,60:83,10:68
ds4: expert tiering observe layer=10 batches=286 slots=2436 compact=1944 hit_rate=0.0000 misses=0 direct=1944 evictions=0 cap=0 top=30:173,15:148,40:142,150:139,107:104,124:98
