ds4: Linux cuda backend set oom_score_adj=1000
ds4: CUDA backend initialized on NVIDIA GeForce RTX 3090 (sm_86)
ds4: SSD streaming initial cuda model map restricted to token embedding (1 spans, 0.99 GiB tensor span)
ds4: CUDA preparing model tensor mappings
ds4: CUDA loading model tensors into device cache
ds4: CUDA startup model preparation covered 0.99 GiB of tensor spans in 0.815s
ds4: cuda backend initialized for graph diagnostics
0710 04:34:09 ds4-server: context buffers 62.81 MiB (ctx=3072, backend=cuda, prefill_chunk=128, raw_kv_rows=256, compressed_kv_rows=770)
0710 04:34:09 ds4-server: listening on http://127.0.0.1:8014
0710 04:34:10 ds4-server: chat ctx=0..78:78 prompt start
ds4: PACE on - warmup=50 keep=23[23..96] step=0 ngram(n=3,win=120) drift=1.00 rel=0.15 hyst=200 breath(every=999999,len=80,keep=96,relearn=0) prebreath(on=0,drift=0.18,target=0.18,every=64,max=96,adapt=0,gain=8.00,pow=1.00,step_max=0,relearn=0,rdecay=0.30) anneal_warm=300 wrap=1 wrap_rotate=0 cache_flush=0 prefill_apply=0 prefill_wait_wrap=0 s1=0 exchange=0 relearn_on_tighten=0 weighted(warmup=0,relearn=0) rotate(on=0,every=32,decay=0.980,preserve_stable=1)
ds4: PACE prefill_reset tok=0 phase=1 keep=0 ngram=0.000 hit=1.000 breaths=0
ds4: expert tiering observe enabled (DS4_EXPERT_TIERING=observe; log=)
ds4: CUDA loading model tensors 0.13 GiB cached
ds4: CUDA loading model tensors 0.14 GiB cached
ds4: CUDA loading model tensors 0.15 GiB cached
0710 04:34:48 ds4-server: chat ctx=0..78:78 prompt done 37.918s
ds4: CUDA loading model tensors 2.23 GiB cached
ds4: PACE learned      tok=50 phase=2 keep=0 ngram=0.000 hit=1.000 breaths=0
ds4: CUDA loading model tensors 7.86 GiB cached
0710 04:35:11 ds4-server: chat ctx=78..128:50 gen=50 decoding chunk=2.18 t/s avg=2.18 t/s 22.941s
ds4: REAP mask applied: 40 layer, 40 device range aggiornati/creati
ds4: PACE descent      tok=51 phase=3 keep=23 ngram=0.000 hit=1.000 breaths=0
ds4: REAP prefetch (fattorino): 40 layer, 920 expert, 2526 range, 6.07 GiB touched in 219 ms (16 thread, mlock)
0710 04:35:16 ds4-server: chat ctx=128..178:50 gen=100 decoding chunk=10.40 t/s avg=3.60 t/s 27.749s
0710 04:35:19 ds4-server: chat ctx=178..228:50 gen=150 decoding chunk=17.01 t/s avg=4.89 t/s 30.689s
0710 04:35:21 ds4-server: chat ctx=228..278:50 gen=200 decoding chunk=24.54 t/s avg=6.11 t/s 32.726s
0710 04:35:23 ds4-server: chat ctx=278..328:50 gen=250 decoding chunk=25.26 t/s avg=7.20 t/s 34.706s
0710 04:35:25 ds4-server: chat ctx=328..378:50 gen=300 decoding chunk=25.32 t/s avg=8.18 t/s 36.681s
0710 04:35:27 ds4-server: chat ctx=378..428:50 gen=350 decoding chunk=25.17 t/s avg=9.05 t/s 38.667s
0710 04:35:29 ds4-server: chat ctx=428..478:50 gen=400 decoding chunk=25.32 t/s avg=9.84 t/s 40.642s
0710 04:35:31 ds4-server: chat ctx=478..528:50 gen=450 decoding chunk=25.20 t/s avg=10.56 t/s 42.626s
0710 04:35:33 ds4-server: chat ctx=528..578:50 gen=500 decoding chunk=25.08 t/s avg=11.21 t/s 44.620s
0710 04:35:35 ds4-server: chat ctx=578..628:50 gen=550 decoding chunk=25.09 t/s avg=11.80 t/s 46.613s
0710 04:35:36 ds4-server: chat ctx=628..678:50 gen=600 decoding chunk=25.01 t/s avg=12.34 t/s 48.612s
0710 04:35:39 ds4-server: chat ctx=678..728:50 gen=650 decoding chunk=24.97 t/s avg=12.84 t/s 50.615s
0710 04:35:41 ds4-server: chat ctx=728..778:50 gen=700 decoding chunk=24.88 t/s avg=13.30 t/s 52.624s
0710 04:35:43 ds4-server: chat ctx=778..828:50 gen=750 decoding chunk=24.86 t/s avg=13.73 t/s 54.635s
0710 04:35:45 ds4-server: chat ctx=828..878:50 gen=800 decoding chunk=24.79 t/s avg=14.12 t/s 56.652s
0710 04:35:45 ds4-server: chat ctx=0..78:78 gen=800 finish=length 94.571s
0710 04:35:45 ds4-server: shutdown requested, draining requests
ds4: SPEX stats: selected_batches=34443 selected_experts=210619 cache_hits=199915 cache_misses=7509 hit_rate=0.9638 miss_per_expert=0.0357 direct_loads=4219 copy_calls=35184 copied=79164.00 MiB copy_ms=55389.189 copy_ms_per_batch=1.608 sync_calls=35184 sync_ms=12983.598 sync_ms_per_batch=0.377
ds4: expert tiering observe summary batches=34443 slots=226524 compact=210619 hit_rate=0.9686 hits=199915 misses=6485 direct=4219 evictions=5461 direct=28478.25 MiB compact=1421678.25 MiB
ds4: expert tiering observe layer=1 batches=801 slots=5268 compact=5006 hit_rate=0.8952 misses=503 direct=206 evictions=455 cap=1024 top=112:351,184:350,253:348,89:347,8:345,28:345
ds4: expert tiering observe layer=2 batches=801 slots=5268 compact=5003 hit_rate=0.8979 misses=490 direct=203 evictions=443 cap=1024 top=18:350,54:350,55:350,30:349,153:347,32:346
ds4: expert tiering observe layer=0 batches=801 slots=5268 compact=5000 hit_rate=0.8983 misses=488 direct=200 evictions=439 cap=1024 top=109:353,154:351,101:350,120:350,145:350,80:349
ds4: expert tiering observe layer=19 batches=801 slots=5268 compact=4918 hit_rate=0.9663 misses=162 direct=118 evictions=133 cap=1024 top=213:696,111:685,173:635,10:594,136:462,116:408
ds4: expert tiering observe layer=9 batches=801 slots=5268 compact=4909 hit_rate=0.9702 misses=143 direct=109 evictions=113 cap=1024 top=86:654,26:646,191:503,185:494,47:403,189:322
