ds4: Linux cuda backend set oom_score_adj=1000
ds4: CUDA backend initialized on NVIDIA GeForce RTX 3060 (sm_86)
ds4: SSD streaming initial cuda model map restricted to token embedding (1 spans, 0.99 GiB tensor span)
ds4: CUDA preparing model tensor mappings
ds4: CUDA loading model tensors into device cache
ds4: CUDA startup model preparation covered 0.99 GiB of tensor spans in 0.429s
ds4: cuda backend initialized for graph diagnostics
0712 09:30:55 ds4-server: context buffers 122.69 MiB (ctx=4096, backend=cuda, prefill_chunk=512, raw_kv_rows=768, compressed_kv_rows=1026)
0712 09:30:55 ds4-server: listening on http://127.0.0.1:8044
0712 09:30:56 ds4-server: chat ctx=0..60:60 prompt start
ds4: PACE LIVEMASK on - bootstrap=10 window=16 K=23 observe_top=16 X=3 max_swaps=2 cooldown=16 hyst=1.000 weighted=0 pin=0
ds4: PACE LIVEMASK rating levers: blocked_weight=1.000 demote_horizon=16 promo_rate_cap=0 (unlimited)
ds4: PACE LIVEMASK pin-by-mass ON (DS4_REAP_PIN_BY_MASS=1) - seed+candidate ordered by MASS (lm_wshare, wcount stays knock gate); g_reap_pin_mass published per token (S7 seam)
ds4: CUDA loading model tensors 0.13 GiB cached
ds4: CUDA loading model tensors 0.15 GiB cached
ds4: CUDA loading model tensors 0.13 GiB cached
ds4: DBGCAP final_cap=10 requested=400
ds4: DBGCAP final_cap=12 requested=400
ds4: DBGCAP final_cap=16 requested=400
0712 09:31:32 ds4-server: chat ctx=0..60:60 prompt done 34.330s
ds4: DBGCAP final_cap=400 requested=400
ds4: CUDA loading model tensors 7.01 GiB cached
ds4: REAP mask applied: 40 layer, 40 device range aggiornati/creati
ds4: PACE LIVEMASK seeded at tok=10 K=23 window=16
ds4: REAP mask applied: 40 layer, 40 device range aggiornati/creati
0712 09:31:59 ds4-server: chat ctx=60..100:40 gen=40 decoding chunk=1.50 t/s avg=1.50 t/s 26.598s
0712 09:31:59 ds4-server: chat ctx=0..60:60 gen=40 finish=length 60.932s
0712 09:31:59 ds4-server: live kv cache miss live=100 prompt=60 common=60 reason=token-mismatch
0712 09:31:59 ds4-server: chat ctx=0..60:60 prompt start
ds4: REAP mask applied: 40 layer, 40 device range aggiornati/creati
ds4: CUDA loading model tensors 0.00 GiB cached
ds4: CUDA loading model tensors 0.01 GiB cached
ds4: DBGCAP final_cap=10 requested=400
ds4: DBGCAP final_cap=12 requested=400
ds4: DBGCAP final_cap=16 requested=400
0712 09:32:15 ds4-server: chat ctx=0..60:60 prompt done 15.695s
ds4: DBGCAP final_cap=400 requested=400
ds4: REAP mask applied: 40 layer, 40 device range aggiornati/creati
ds4: PACE LIVEMASK seeded at tok=10 K=23 window=16
ds4: REAP mask applied: 40 layer, 40 device range aggiornati/creati
ds4: REAP mask applied: 40 layer, 40 device range aggiornati/creati
0712 09:32:38 ds4-server: chat ctx=60..110:50 gen=50 decoding chunk=2.31 t/s avg=2.31 t/s 21.616s
ds4: REAP mask applied: 40 layer, 40 device range aggiornati/creati
ds4: CUDA loading model tensors 7.86 GiB cached
ds4: REAP mask applied: 40 layer, 40 device range aggiornati/creati
ds4: REAP mask applied: 40 layer, 40 device range aggiornati/creati
ds4: REAP mask applied: 40 layer, 40 device range aggiornati/creati
0712 09:32:58 ds4-server: chat ctx=110..160:50 gen=100 decoding chunk=2.65 t/s avg=2.47 t/s 40.491s
ds4: REAP mask applied: 40 layer, 40 device range aggiornati/creati
ds4: REAP mask applied: 40 layer, 40 device range aggiornati/creati
ds4: REAP mask applied: 40 layer, 40 device range aggiornati/creati
ds4: REAP mask applied: 40 layer, 40 device range aggiornati/creati
ds4: REAP mask applied: 40 layer, 40 device range aggiornati/creati
ds4: REAP mask applied: 40 layer, 40 device range aggiornati/creati
ds4: REAP mask applied: 40 layer, 40 device range aggiornati/creati
ds4: REAP mask applied: 40 layer, 40 device range aggiornati/creati
ds4: REAP mask applied: 40 layer, 40 device range aggiornati/creati
ds4: REAP mask applied: 40 layer, 40 device range aggiornati/creati
ds4: REAP mask applied: 40 layer, 40 device range aggiornati/creati
ds4: REAP mask applied: 40 layer, 40 device range aggiornati/creati
ds4: REAP mask applied: 40 layer, 40 device range aggiornati/creati
ds4: REAP mask applied: 40 layer, 40 device range aggiornati/creati
ds4: REAP mask applied: 40 layer, 40 device range aggiornati/creati
0712 09:33:13 ds4-server: chat ctx=160..210:50 gen=150 decoding chunk=3.22 t/s avg=2.68 t/s 56.035s
ds4: REAP mask applied: 40 layer, 40 device range aggiornati/creati
0712 09:33:29 ds4-server: chat ctx=210..260:50 gen=200 decoding chunk=3.39 t/s avg=2.82 t/s 70.799s
0712 09:33:43 ds4-server: chat ctx=260..310:50 gen=250 decoding chunk=3.46 t/s avg=2.93 t/s 85.269s
0712 09:33:59 ds4-server: chat ctx=310..360:50 gen=300 decoding chunk=3.35 t/s avg=2.99 t/s 100.200s
0712 09:34:14 ds4-server: chat ctx=360..410:50 gen=350 decoding chunk=3.42 t/s avg=3.05 t/s 114.829s
0712 09:34:28 ds4-server: chat ctx=410..460:50 gen=400 decoding chunk=3.53 t/s avg=3.10 t/s 128.977s
0712 09:34:43 ds4-server: chat ctx=460..510:50 gen=450 decoding chunk=3.58 t/s avg=3.15 t/s 142.959s
0712 09:34:58 ds4-server: chat ctx=510..560:50 gen=500 decoding chunk=3.45 t/s avg=3.18 t/s 157.465s
0712 09:35:13 ds4-server: chat ctx=560..610:50 gen=550 decoding chunk=3.51 t/s avg=3.20 t/s 171.721s
0712 09:35:27 ds4-server: chat ctx=610..660:50 gen=600 decoding chunk=3.48 t/s avg=3.22 t/s 186.096s
0712 09:35:42 ds4-server: chat ctx=660..710:50 gen=650 decoding chunk=3.49 t/s avg=3.24 t/s 200.431s
0712 09:35:57 ds4-server: chat ctx=710..760:50 gen=700 decoding chunk=3.53 t/s avg=3.26 t/s 214.576s
0712 09:36:10 ds4-server: chat ctx=760..810:50 gen=750 decoding chunk=3.64 t/s avg=3.28 t/s 228.319s
0712 09:36:26 ds4-server: chat ctx=810..860:50 gen=800 decoding chunk=3.54 t/s avg=3.30 t/s 242.443s
0712 09:36:26 ds4-server: chat ctx=0..60:60 gen=800 finish=length 258.140s
0712 09:36:26 ds4-server: shutdown requested, draining requests
