documenti appaiati: 32 (dsh 32, routing 32)
train docs=21 test docs=11
  train coding_en_c10_test-mock: ok (17250 record)
  train coding_en_c09_api-paging: ok (17207 record)
  train coding_en_c00_python-csv: ok (17766 record)
  train coding_en_c08_rust-owner: ok (17293 record)
  train coding_en_c05_regex-email: ok (17164 record)
  train coding_en_c02_sql-window: ok (17164 record)
  train coding_en_c01_js-debounce: ok (17164 record)
  train coding_en_c11_refactor: ok (18374 record)
  train domain_kb_doc00: ok (290387 record)
  train domain_kb_doc06: ok (312910 record)
  train domain_kb_doc03: ok (306899 record)
  train domain_kb_doc01: ok (320853 record)
  train domain_kb_doc04: ok (312532 record)
  train generale_ita_g11_educazione: ok (17508 record)
  train generale_ita_g07_auto: ok (17250 record)
  train generale_ita_g06_salute: ok (17465 record)
  train generale_ita_g02_viaggi: ok (17594 record)
  train generale_ita_g08_filosofia: ok (17164 record)
  train generale_ita_g09_fotografia: ok (17336 record)
  train generale_ita_g03_sport: ok (17551 record)
  train generale_ita_g10_vino: ok (17551 record)
pairs train: {'nl': 262743, 'nt': 269480}
probe nl: risolto (43 layer)
probe nt: risolto (43 layer)

================ RISULTATI (test, per set) ================
-- coding_en
   hidden_nextlayer@12    0.5810  (n=62244)
   hidden_nextlayer@32    0.7283  (n=62244)
   hidden_nextlayer@6     0.4548  (n=62244)
   hidden_nexttok@12      0.4255  (n=63840)
   hidden_nexttok@32      0.5876  (n=63840)
   hidden_nexttok@6       0.3149  (n=63840)
   prevtok@6              0.3989  (n=63680)
   win8@12                0.5001  (n=63680)
   win8@32                0.6578  (n=63680)
   win8@6                 0.3740  (n=63680)
-- domain_kb
   hidden_nextlayer@12    0.8289  (n=8268)
   hidden_nextlayer@32    0.9202  (n=8268)
   hidden_nextlayer@6     0.6804  (n=8268)
   hidden_nexttok@12      0.7604  (n=8480)
   hidden_nexttok@32      0.8812  (n=8480)
   hidden_nexttok@6       0.5986  (n=8480)
   prevtok@6              0.2939  (n=8360)
   win8@12                0.4060  (n=8360)
   win8@32                0.5979  (n=8360)
   win8@6                 0.2820  (n=8360)
-- generale_ita
   hidden_nextlayer@12    0.6650  (n=62244)
   hidden_nextlayer@32    0.7972  (n=62244)
   hidden_nextlayer@6     0.5380  (n=62244)
   hidden_nexttok@12      0.5402  (n=63840)
   hidden_nexttok@32      0.6891  (n=63840)
   hidden_nexttok@6       0.4243  (n=63840)
   prevtok@6              0.5108  (n=63680)
   win8@12                0.6136  (n=63680)
   win8@32                0.7301  (n=63680)
   win8@6                 0.4843  (n=63680)

salvato: <repo>\runs\spex\fit_results.json
exit=0
