ds4: Linux cuda backend set oom_score_adj=1000
ds4: CUDA backend initialized on NVIDIA GeForce RTX 3090 (sm_86)
ds4: SSD streaming initial cuda model map restricted to token embedding (1 spans, 0.99 GiB tensor span)
ds4: CUDA preparing model tensor mappings
ds4: CUDA loading model tensors into device cache
ds4: CUDA startup model preparation covered 0.99 GiB of tensor spans in 0.263s
ds4: cuda backend initialized for graph diagnostics
0715 14:34:15 ds4-server: context buffers 122.69 MiB (ctx=4096, backend=cuda, prefill_chunk=512, raw_kv_rows=768, compressed_kv_rows=1026)
0715 14:34:15 ds4-server: listening on http://127.0.0.1:18084
0715 14:34:17 ds4-server: chat ctx=0..66:66 prompt start
ds4: SPEX routing trace enabled: /root/reap-loop/runs/ds4/20260712_pod12_bake/coding_mass_full_decode_learn_b_20260715/learn_route.csv (weights: on)
0715 14:34:24 ds4-server: chat ctx=0..66:66 prompt done 7.391s
ds4: CUDA loading model tensors 4.13 GiB cached
0715 14:34:32 ds4-server: chat ctx=66..116:50 gen=50 decoding chunk=6.06 t/s avg=6.06 t/s 8.252s
0715 14:34:38 ds4-server: chat ctx=116..166:50 gen=100 decoding chunk=8.82 t/s avg=7.18 t/s 13.920s
0715 14:34:45 ds4-server: chat ctx=166..216:50 gen=150 decoding chunk=7.13 t/s avg=7.17 t/s 20.934s
0715 14:34:51 ds4-server: chat ctx=216..266:50 gen=200 decoding chunk=7.71 t/s avg=7.29 t/s 27.417s
0715 14:34:57 ds4-server: chat ctx=266..316:50 gen=250 decoding chunk=8.28 t/s avg=7.47 t/s 33.457s
0715 14:35:03 ds4-server: chat ctx=316..366:50 gen=300 decoding chunk=8.38 t/s avg=7.61 t/s 39.427s
0715 14:35:11 ds4-server: chat ctx=366..416:50 gen=350 decoding chunk=6.87 t/s avg=7.49 t/s 46.703s
0715 14:35:17 ds4-server: chat ctx=416..466:50 gen=400 decoding chunk=8.02 t/s avg=7.56 t/s 52.938s
0715 14:35:23 ds4-server: chat ctx=466..516:50 gen=450 decoding chunk=8.66 t/s avg=7.66 t/s 58.713s
0715 14:35:29 ds4-server: chat ctx=516..566:50 gen=500 decoding chunk=8.00 t/s avg=7.70 t/s 64.964s
0715 14:35:35 ds4-server: chat ctx=566..616:50 gen=550 decoding chunk=7.77 t/s avg=7.70 t/s 71.396s
0715 14:35:42 ds4-server: chat ctx=616..666:50 gen=600 decoding chunk=8.14 t/s avg=7.74 t/s 77.535s
0715 14:35:48 ds4-server: chat ctx=666..716:50 gen=650 decoding chunk=7.68 t/s avg=7.73 t/s 84.044s
0715 14:35:55 ds4-server: chat ctx=716..766:50 gen=700 decoding chunk=7.35 t/s avg=7.71 t/s 90.842s
0715 14:36:02 ds4-server: chat ctx=766..816:50 gen=750 decoding chunk=7.50 t/s avg=7.69 t/s 97.512s
0715 14:36:08 ds4-server: chat ctx=816..866:50 gen=800 decoding chunk=7.57 t/s avg=7.68 t/s 104.120s
0715 14:36:14 ds4-server: chat ctx=866..916:50 gen=850 decoding chunk=8.77 t/s avg=7.74 t/s 109.821s
0715 14:36:20 ds4-server: chat ctx=916..966:50 gen=900 decoding chunk=8.18 t/s avg=7.76 t/s 115.932s
0715 14:36:26 ds4-server: chat ctx=966..1016:50 gen=950 decoding chunk=7.91 t/s avg=7.77 t/s 122.252s
0715 14:36:33 ds4-server: chat ctx=1016..1066:50 gen=1000 decoding chunk=7.10 t/s avg=7.73 t/s 129.298s
0715 14:36:39 ds4-server: chat ctx=1066..1116:50 gen=1050 decoding chunk=8.28 t/s avg=7.76 t/s 135.337s
0715 14:36:46 ds4-server: chat ctx=1116..1166:50 gen=1100 decoding chunk=7.87 t/s avg=7.76 t/s 141.693s
0715 14:36:52 ds4-server: chat ctx=1166..1216:50 gen=1150 decoding chunk=7.90 t/s avg=7.77 t/s 148.025s
0715 14:36:59 ds4-server: chat ctx=1216..1266:50 gen=1200 decoding chunk=7.73 t/s avg=7.77 t/s 154.492s
0715 14:37:05 ds4-server: chat ctx=1266..1316:50 gen=1250 decoding chunk=7.39 t/s avg=7.75 t/s 161.258s
0715 14:37:12 ds4-server: chat ctx=1316..1366:50 gen=1300 decoding chunk=7.89 t/s avg=7.76 t/s 167.593s
0715 14:37:18 ds4-server: chat ctx=1366..1416:50 gen=1350 decoding chunk=8.15 t/s avg=7.77 t/s 173.730s
0715 14:37:23 ds4-server: chat ctx=1416..1466:50 gen=1400 decoding chunk=9.34 t/s avg=7.82 t/s 179.085s
0715 14:37:26 ds4-server: chat ctx=1466..1497:31 gen=1431 decoding chunk=9.21 t/s avg=7.84 t/s 182.452s
0715 14:37:26 ds4-server: chat ctx=0..66:66 gen=1431 finish=stop 189.844s
0715 14:37:26 ds4-server: live kv cache miss live=1497 prompt=65 common=16 reason=token-mismatch
0715 14:37:26 ds4-server: chat ctx=0..65:65 prompt start
ds4: CUDA loading model tensors 0.00 GiB cached
0715 14:37:35 ds4-server: chat ctx=0..65:65 prompt done 8.590s
ds4: CUDA loading model tensors 7.86 GiB cached
0715 14:37:43 ds4-server: chat ctx=65..115:50 gen=50 decoding chunk=6.09 t/s avg=6.09 t/s 8.210s
0715 14:37:50 ds4-server: chat ctx=115..165:50 gen=100 decoding chunk=7.25 t/s avg=6.62 t/s 15.110s
0715 14:37:58 ds4-server: chat ctx=165..215:50 gen=150 decoding chunk=6.64 t/s avg=6.63 t/s 22.640s
0715 14:38:05 ds4-server: chat ctx=215..265:50 gen=200 decoding chunk=6.94 t/s avg=6.70 t/s 29.841s
0715 14:38:12 ds4-server: chat ctx=265..315:50 gen=250 decoding chunk=7.25 t/s avg=6.80 t/s 36.742s
0715 14:38:18 ds4-server: chat ctx=315..365:50 gen=300 decoding chunk=8.54 t/s avg=7.04 t/s 42.594s
0715 14:38:23 ds4-server: chat ctx=365..415:50 gen=350 decoding chunk=8.85 t/s avg=7.25 t/s 48.245s
0715 14:38:31 ds4-server: chat ctx=415..465:50 gen=400 decoding chunk=6.65 t/s avg=7.17 t/s 55.760s
0715 14:38:38 ds4-server: chat ctx=465..515:50 gen=450 decoding chunk=7.46 t/s avg=7.20 t/s 62.466s
0715 14:38:44 ds4-server: chat ctx=515..565:50 gen=500 decoding chunk=7.43 t/s avg=7.23 t/s 69.197s
0715 14:38:51 ds4-server: chat ctx=565..615:50 gen=550 decoding chunk=7.46 t/s avg=7.25 t/s 75.898s
0715 14:38:57 ds4-server: chat ctx=615..665:50 gen=600 decoding chunk=8.19 t/s avg=7.32 t/s 82.003s
0715 14:39:03 ds4-server: chat ctx=665..715:50 gen=650 decoding chunk=8.33 t/s avg=7.39 t/s 88.004s
0715 14:39:10 ds4-server: chat ctx=715..765:50 gen=700 decoding chunk=7.62 t/s avg=7.40 t/s 94.570s
0715 14:39:16 ds4-server: chat ctx=765..815:50 gen=750 decoding chunk=8.15 t/s avg=7.45 t/s 100.702s
0715 14:39:22 ds4-server: chat ctx=815..865:50 gen=800 decoding chunk=8.12 t/s avg=7.49 t/s 106.856s
0715 14:39:28 ds4-server: chat ctx=865..915:50 gen=850 decoding chunk=7.91 t/s avg=7.51 t/s 113.179s
0715 14:39:34 ds4-server: chat ctx=915..965:50 gen=900 decoding chunk=8.21 t/s avg=7.55 t/s 119.267s
0715 14:39:41 ds4-server: chat ctx=965..1015:50 gen=950 decoding chunk=7.37 t/s avg=7.54 t/s 126.049s
0715 14:39:48 ds4-server: chat ctx=1015..1065:50 gen=1000 decoding chunk=7.47 t/s avg=7.53 t/s 132.740s
0715 14:39:54 ds4-server: chat ctx=1065..1115:50 gen=1050 decoding chunk=8.20 t/s avg=7.56 t/s 138.835s
0715 14:40:00 ds4-server: chat ctx=1115..1165:50 gen=1100 decoding chunk=7.70 t/s avg=7.57 t/s 145.326s
0715 14:40:07 ds4-server: chat ctx=1165..1215:50 gen=1150 decoding chunk=7.77 t/s avg=7.58 t/s 151.764s
0715 14:40:13 ds4-server: chat ctx=1215..1265:50 gen=1200 decoding chunk=7.68 t/s avg=7.58 t/s 158.272s
0715 14:40:20 ds4-server: chat ctx=1265..1315:50 gen=1250 decoding chunk=7.54 t/s avg=7.58 t/s 164.907s
0715 14:40:26 ds4-server: chat ctx=1315..1365:50 gen=1300 decoding chunk=7.76 t/s avg=7.59 t/s 171.350s
0715 14:40:33 ds4-server: chat ctx=1365..1415:50 gen=1350 decoding chunk=8.01 t/s avg=7.60 t/s 177.590s
0715 14:40:39 ds4-server: chat ctx=1415..1465:50 gen=1400 decoding chunk=7.74 t/s avg=7.61 t/s 184.047s
0715 14:40:46 ds4-server: chat ctx=1465..1515:50 gen=1450 decoding chunk=7.35 t/s avg=7.60 t/s 190.848s
0715 14:40:53 ds4-server: chat ctx=1515..1565:50 gen=1500 decoding chunk=7.59 t/s avg=7.60 t/s 197.438s
0715 14:41:00 ds4-server: chat ctx=1565..1615:50 gen=1550 decoding chunk=6.88 t/s avg=7.57 t/s 204.710s
0715 14:41:07 ds4-server: chat ctx=1615..1665:50 gen=1600 decoding chunk=7.36 t/s avg=7.56 t/s 211.508s
0715 14:41:13 ds4-server: chat ctx=1665..1715:50 gen=1650 decoding chunk=7.34 t/s avg=7.56 t/s 218.324s
0715 14:41:20 ds4-server: chat ctx=1715..1765:50 gen=1700 decoding chunk=7.85 t/s avg=7.57 t/s 224.691s
0715 14:41:26 ds4-server: chat ctx=1765..1815:50 gen=1750 decoding chunk=8.56 t/s avg=7.59 t/s 230.531s
0715 14:41:32 ds4-server: chat ctx=1815..1865:50 gen=1800 decoding chunk=8.05 t/s avg=7.60 t/s 236.745s
0715 14:41:37 ds4-server: chat ctx=1865..1915:50 gen=1850 decoding chunk=8.95 t/s avg=7.63 t/s 242.334s
0715 14:41:43 ds4-server: chat ctx=1915..1965:50 gen=1900 decoding chunk=8.28 t/s avg=7.65 t/s 248.372s
0715 14:41:44 ds4-server: chat ctx=1965..1967:2 gen=1902 decoding chunk=7.72 t/s avg=7.65 t/s 248.631s
0715 14:41:44 ds4-server: chat ctx=0..65:65 gen=1902 finish=stop 257.222s
0715 14:41:44 ds4-server: live kv cache miss live=1967 prompt=68 common=16 reason=token-mismatch
0715 14:41:44 ds4-server: chat ctx=0..68:68 prompt start
ds4: CUDA loading model tensors 0.00 GiB cached
0715 14:41:53 ds4-server: chat ctx=0..68:68 prompt done 9.042s
ds4: CUDA loading model tensors 3.91 GiB cached
0715 14:42:02 ds4-server: chat ctx=68..118:50 gen=50 decoding chunk=5.63 t/s avg=5.63 t/s 8.873s
0715 14:42:08 ds4-server: chat ctx=118..168:50 gen=100 decoding chunk=8.24 t/s avg=6.69 t/s 14.938s
0715 14:42:14 ds4-server: chat ctx=168..218:50 gen=150 decoding chunk=8.39 t/s avg=7.18 t/s 20.899s
0715 14:42:20 ds4-server: chat ctx=218..268:50 gen=200 decoding chunk=7.67 t/s avg=7.29 t/s 27.420s
0715 14:42:27 ds4-server: chat ctx=268..318:50 gen=250 decoding chunk=7.79 t/s avg=7.39 t/s 33.841s
0715 14:42:33 ds4-server: chat ctx=318..368:50 gen=300 decoding chunk=7.68 t/s avg=7.43 t/s 40.352s
0715 14:42:39 ds4-server: chat ctx=368..418:50 gen=350 decoding chunk=8.38 t/s avg=7.56 t/s 46.320s
0715 14:42:44 ds4-server: chat ctx=418..468:50 gen=400 decoding chunk=9.41 t/s avg=7.75 t/s 51.634s
0715 14:42:51 ds4-server: chat ctx=468..518:50 gen=450 decoding chunk=7.52 t/s avg=7.72 t/s 58.283s
0715 14:42:57 ds4-server: chat ctx=518..568:50 gen=500 decoding chunk=8.31 t/s avg=7.78 t/s 64.302s
0715 14:43:03 ds4-server: chat ctx=568..618:50 gen=550 decoding chunk=8.54 t/s avg=7.84 t/s 70.155s
0715 14:43:09 ds4-server: chat ctx=618..668:50 gen=600 decoding chunk=8.42 t/s avg=7.88 t/s 76.097s
0715 14:43:15 ds4-server: chat ctx=668..718:50 gen=650 decoding chunk=8.67 t/s avg=7.94 t/s 81.863s
0715 14:43:20 ds4-server: chat ctx=718..768:50 gen=700 decoding chunk=9.01 t/s avg=8.01 t/s 87.413s
0715 14:43:26 ds4-server: chat ctx=768..818:50 gen=750 decoding chunk=8.48 t/s avg=8.04 t/s 93.307s
0715 14:43:32 ds4-server: chat ctx=818..868:50 gen=800 decoding chunk=8.15 t/s avg=8.04 t/s 99.442s
0715 14:43:38 ds4-server: chat ctx=868..918:50 gen=850 decoding chunk=7.96 t/s avg=8.04 t/s 105.723s
0715 14:43:44 ds4-server: chat ctx=918..968:50 gen=900 decoding chunk=8.38 t/s avg=8.06 t/s 111.691s
0715 14:43:50 ds4-server: chat ctx=968..1018:50 gen=950 decoding chunk=8.48 t/s avg=8.08 t/s 117.589s
0715 14:43:56 ds4-server: chat ctx=1018..1068:50 gen=1000 decoding chunk=9.31 t/s avg=8.13 t/s 122.959s
0715 14:44:01 ds4-server: chat ctx=1068..1118:50 gen=1050 decoding chunk=9.03 t/s avg=8.17 t/s 128.497s
0715 14:44:07 ds4-server: chat ctx=1118..1168:50 gen=1100 decoding chunk=8.08 t/s avg=8.17 t/s 134.685s
0715 14:44:13 ds4-server: chat ctx=1168..1218:50 gen=1150 decoding chunk=8.42 t/s avg=8.18 t/s 140.626s
0715 14:44:20 ds4-server: chat ctx=1218..1268:50 gen=1200 decoding chunk=7.76 t/s avg=8.16 t/s 147.067s
0715 14:44:26 ds4-server: chat ctx=1268..1318:50 gen=1250 decoding chunk=7.92 t/s avg=8.15 t/s 153.378s
0715 14:44:34 ds4-server: chat ctx=1318..1368:50 gen=1300 decoding chunk=6.63 t/s avg=8.08 t/s 160.919s
0715 14:44:41 ds4-server: chat ctx=1368..1418:50 gen=1350 decoding chunk=6.40 t/s avg=8.00 t/s 168.730s
0715 14:44:49 ds4-server: chat ctx=1418..1468:50 gen=1400 decoding chunk=7.11 t/s avg=7.97 t/s 175.767s
0715 14:44:55 ds4-server: chat ctx=1468..1518:50 gen=1450 decoding chunk=7.62 t/s avg=7.95 t/s 182.326s
0715 14:45:02 ds4-server: chat ctx=1518..1568:50 gen=1500 decoding chunk=7.75 t/s avg=7.95 t/s 188.773s
0715 14:45:08 ds4-server: chat ctx=1568..1618:50 gen=1550 decoding chunk=7.87 t/s avg=7.94 t/s 195.127s
0715 14:45:14 ds4-server: chat ctx=1618..1668:50 gen=1600 decoding chunk=8.44 t/s avg=7.96 t/s 201.049s
0715 14:45:20 ds4-server: chat ctx=1668..1718:50 gen=1650 decoding chunk=7.91 t/s avg=7.96 t/s 207.370s
0715 14:45:26 ds4-server: chat ctx=1718..1768:50 gen=1700 decoding chunk=7.99 t/s avg=7.96 t/s 213.632s
0715 14:45:33 ds4-server: chat ctx=1768..1818:50 gen=1750 decoding chunk=7.24 t/s avg=7.94 t/s 220.534s
0715 14:45:40 ds4-server: chat ctx=1818..1868:50 gen=1800 decoding chunk=7.62 t/s avg=7.93 t/s 227.099s
0715 14:45:46 ds4-server: chat ctx=1868..1918:50 gen=1850 decoding chunk=8.25 t/s avg=7.93 t/s 233.157s
0715 14:45:52 ds4-server: chat ctx=1918..1968:50 gen=1900 decoding chunk=8.65 t/s avg=7.95 t/s 238.937s
0715 14:45:57 ds4-server: chat ctx=1968..2018:50 gen=1950 decoding chunk=8.88 t/s avg=7.97 t/s 244.566s
0715 14:46:04 ds4-server: chat ctx=2018..2068:50 gen=2000 decoding chunk=7.66 t/s avg=7.97 t/s 251.095s
0715 14:46:10 ds4-server: chat ctx=2068..2118:50 gen=2050 decoding chunk=7.90 t/s avg=7.96 t/s 257.422s
0715 14:46:17 ds4-server: chat ctx=2118..2168:50 gen=2100 decoding chunk=7.60 t/s avg=7.95 t/s 264.000s
0715 14:46:24 ds4-server: chat ctx=2168..2218:50 gen=2150 decoding chunk=7.33 t/s avg=7.94 t/s 270.821s
0715 14:46:30 ds4-server: chat ctx=2218..2268:50 gen=2200 decoding chunk=7.98 t/s avg=7.94 t/s 277.087s
0715 14:46:37 ds4-server: chat ctx=2268..2318:50 gen=2250 decoding chunk=7.18 t/s avg=7.92 t/s 284.049s
0715 14:46:43 ds4-server: chat ctx=2318..2368:50 gen=2300 decoding chunk=8.13 t/s avg=7.93 t/s 290.200s
0715 14:46:49 ds4-server: chat ctx=2368..2418:50 gen=2350 decoding chunk=8.25 t/s avg=7.93 t/s 296.258s
0715 14:46:55 ds4-server: chat ctx=2418..2468:50 gen=2400 decoding chunk=8.95 t/s avg=7.95 t/s 301.846s
0715 14:46:59 ds4-server: chat ctx=2468..2508:40 gen=2440 decoding chunk=9.55 t/s avg=7.97 t/s 306.034s
0715 14:46:59 ds4-server: chat ctx=0..68:68 gen=2440 finish=stop 315.077s
0715 14:46:59 ds4-server: shutdown requested, draining requests
