ds4: Linux cuda backend set oom_score_adj=1000
ds4: CUDA backend initialized on NVIDIA GeForce RTX 3060 (sm_86)
ds4: SSD streaming initial cuda model map restricted to token embedding (1 spans, 0.99 GiB tensor span)
ds4: CUDA preparing model tensor mappings
ds4: CUDA loading model tensors into device cache
ds4: CUDA startup model preparation covered 0.99 GiB of tensor spans in 0.306s
ds4: cuda backend initialized for graph diagnostics
0709 08:18:07 ds4-server: context buffers 93.82 MiB (ctx=2048, backend=cuda, prefill_chunk=512, raw_kv_rows=768, compressed_kv_rows=514)
0709 08:18:07 ds4-server: listening on http://127.0.0.1:8014
0709 08:18:08 ds4-server: chat ctx=0..78:78 prompt start
ds4: PACE on - warmup=50 keep=48[48..96] step=8 ngram(n=3,win=120) drift=0.25 rel=0.15 hyst=200 breath(every=999999,len=80,keep=96,relearn=0) prebreath(on=0,drift=0.03,every=64,max=96) anneal_warm=300 wrap=1 cache_flush=0 prefill_apply=0 prefill_wait_wrap=0 s1=0 exchange=1
ds4: PACE prefill_reset tok=0 phase=1 keep=0 ngram=0.000 hit=1.000 breaths=0
ds4: expert tiering observe enabled (DS4_EXPERT_TIERING=observe; log=)
0709 08:18:17 ds4-server: chat ctx=0..78:78 prompt done 9.292s
ds4: CUDA loading model tensors 1.75 GiB cached
ds4: PACE learned      tok=50 phase=2 keep=0 ngram=0.000 hit=1.000 breaths=0
ds4: CUDA loading model tensors 7.86 GiB cached
0709 08:18:40 ds4-server: chat ctx=78..128:50 gen=50 decoding chunk=2.43 t/s avg=2.43 t/s 20.572s
ds4: PACE exchange descent tok=51 keep=0->48 promote=0 demote=8944 kept=2064 cold=0 total_promote=0 total_demote=8944
ds4: REAP mask applied: 40 layer, 40 device range aggiornati/creati
ds4: PACE descent      tok=51 phase=3 keep=48 ngram=0.000 hit=1.000 breaths=0
ds4: REAP prefetch (fattorino): 40 layer, 1920 expert, 4695 range, 12.67 GiB touched in 149 ms (8 thread)
0709 08:18:57 ds4-server: chat ctx=128..178:50 gen=100 decoding chunk=2.93 t/s avg=2.66 t/s 37.615s
0709 08:19:17 ds4-server: chat ctx=178..228:50 gen=150 decoding chunk=2.99 t/s avg=2.76 t/s 54.363s
0709 08:19:34 ds4-server: chat ctx=228..278:50 gen=200 decoding chunk=2.97 t/s avg=2.81 t/s 71.226s
0709 08:19:54 ds4-server: chat ctx=278..328:50 gen=250 decoding chunk=2.94 t/s avg=2.83 t/s 88.237s
ds4: PACE exchange breath(ngram) tok=290 keep=48->96 promote=2064 demote=0 kept=2064 cold=6880 total_promote=2064 total_demote=8944
ds4: REAP mask applied: 40 layer, 40 device range aggiornati/creati
ds4: PACE breath(ngram) tok=290 phase=4 keep=96 ngram=0.250 hit=1.000 breaths=1
ds4: REAP prefetch (fattorino): 40 layer, 3840 expert, 6993 range, 25.34 GiB touched in 210 ms (8 thread)
0709 08:20:11 ds4-server: chat ctx=328..378:50 gen=300 decoding chunk=2.95 t/s avg=2.85 t/s 105.185s
0709 08:20:20 ds4-server: chat ctx=378..398:20 gen=320 decoding chunk=3.06 t/s avg=2.86 t/s 111.725s
0709 08:20:20 ds4-server: chat ctx=0..78:78 gen=320 finish=length 121.017s
