```html
<!DOCTYPE html>
<html>
<head>
<meta charset="UTF-8">
<title>Bean & Brew</title>
<style>
body {
margin:0 padding:0;
font-family: Arial, sans-serif;
background: #bg-w
color: text
padding: 10px
nav {
background: #nav-bg
padding: 10px
a {
color: #nav-link
padding: 10px
section {
background: #hero-bg
text-align: center
h1 {
font-size: 24
p {
font-size: 16
button {
background: #button-bg
padding: 10px
form {
background: #form-bg
padding: 10px
input {
padding: 10px
button[type=submit] {
background: #submit-bg
padding: 10px
</style>
</head>
<body>
<nav>
<a href="#">Home</a>
<a href="#">Menu</a>
<a href="#">Contact</a>
</nav>
<section>
<h1>Bean & Brew</h1>
<p>Your coffee, your joy</p>
<button id="order">Order Now</button>
<form action="/submit" id="form">
<input type="text" name="name" placeholder="Name" required>
<input type="email" name="email" placeholder="Email" required>
<button type="submit">Submit</button>
</form>
<script>
document.addEventListener("DOMContentLoaded", function);
document.getElementById("order").addEventListener("click", function);
alert("Thank you for your order!");
document.getElementById("form").addEventListener("submit", function);
event.preventDefault();
alert("Confirmation");
</script>
</body>
</html>
