ds4: Linux cuda backend set oom_score_adj=1000
ds4: CUDA backend initialized on NVIDIA GeForce RTX 3060 (sm_86)
ds4: SSD streaming initial cuda model map restricted to token embedding (1 spans, 0.99 GiB tensor span)
ds4: CUDA preparing model tensor mappings
ds4: CUDA loading model tensors into device cache
ds4: CUDA startup model preparation covered 0.99 GiB of tensor spans in 0.831s
ds4: cuda backend initialized for graph diagnostics
0709 22:09:50 ds4-server: context buffers 93.82 MiB (ctx=2048, backend=cuda, prefill_chunk=512, raw_kv_rows=768, compressed_kv_rows=514)
0709 22:09:50 ds4-server: listening on http://127.0.0.1:8014
0709 22:09:51 ds4-server: chat ctx=0..78:78 prompt start
ds4: PACE on - warmup=50 keep=23[23..96] step=2 ngram(n=3,win=120) drift=1.00 rel=0.15 hyst=200 breath(every=999999,len=80,keep=96,relearn=0) prebreath(on=1,drift=0.00,target=0.01,every=4,max=96,adapt=0,gain=8.00,pow=1.00,step_max=2,relearn=0,rdecay=0.30) anneal_warm=300 wrap=1 cache_flush=0 prefill_apply=0 prefill_wait_wrap=0 s1=0 exchange=0 weighted(warmup=0,relearn=0) rotate(on=0,every=32,decay=0.980)
ds4: PACE prefill_reset tok=0 phase=1 keep=0 ngram=0.000 hit=1.000 breaths=0
ds4: expert tiering observe enabled (DS4_EXPERT_TIERING=observe; log=)
ds4: CUDA loading model tensors 0.13 GiB cached
ds4: CUDA loading model tensors 0.14 GiB cached
ds4: CUDA loading model tensors 0.13 GiB cached
ds4: CUDA loading model tensors 0.00 GiB cached
ds4: CUDA loading model tensors 0.13 GiB cached
0709 22:10:49 ds4-server: chat ctx=0..78:78 prompt done 57.645s
ds4: CUDA loading model tensors 7.01 GiB cached
ds4: PACE learned      tok=50 phase=2 keep=0 ngram=0.000 hit=1.000 breaths=0
ds4: CUDA loading model tensors 7.86 GiB cached
0709 22:11:58 ds4-server: chat ctx=78..128:50 gen=50 decoding chunk=0.75 t/s avg=0.75 t/s 66.598s
ds4: REAP mask applied: 40 layer, 40 device range aggiornati/creati
ds4: PACE descent      tok=51 phase=3 keep=23 ngram=0.000 hit=1.000 breaths=0
ds4: REAP mask applied: 40 layer, 40 device range aggiornati/creati
ds4: REAP prefetch: gia' in corso, salto
ds4: PACE prebreath    tok=52 phase=3 keep=25 ngram=0.000 hit=1.000 breaths=0
ds4: REAP prefetch (fattorino): 40 layer, 920 expert, 2511 range, 6.07 GiB touched in 1136 ms (16 thread, mlock)
ds4: REAP mask applied: 40 layer, 40 device range aggiornati/creati
ds4: PACE prebreath    tok=56 phase=3 keep=27 ngram=0.000 hit=1.000 breaths=0
ds4: REAP prefetch (fattorino): 40 layer, 1080 expert, 2880 range, 7.13 GiB touched in 380 ms (16 thread, mlock)
ds4: REAP mask applied: 40 layer, 40 device range aggiornati/creati
ds4: PACE prebreath    tok=60 phase=3 keep=29 ngram=0.002 hit=1.000 breaths=0
ds4: REAP prefetch (fattorino): 40 layer, 1160 expert, 3078 range, 7.66 GiB touched in 363 ms (16 thread, mlock)
ds4: REAP mask applied: 40 layer, 40 device range aggiornati/creati
ds4: PACE prebreath    tok=64 phase=3 keep=31 ngram=0.007 hit=1.000 breaths=0
ds4: REAP prefetch (fattorino): 40 layer, 1240 expert, 3243 range, 8.19 GiB touched in 335 ms (16 thread, mlock)
ds4: REAP mask applied: 40 layer, 40 device range aggiornati/creati
ds4: PACE prebreath    tok=68 phase=3 keep=33 ngram=0.010 hit=1.000 breaths=0
ds4: REAP prefetch (fattorino): 40 layer, 1320 expert, 3423 range, 8.71 GiB touched in 395 ms (16 thread, mlock)
ds4: REAP mask applied: 40 layer, 40 device range aggiornati/creati
ds4: PACE prebreath    tok=72 phase=3 keep=35 ngram=0.011 hit=1.000 breaths=0
ds4: REAP prefetch (fattorino): 40 layer, 1400 expert, 3603 range, 9.24 GiB touched in 401 ms (16 thread, mlock)
ds4: REAP mask applied: 40 layer, 40 device range aggiornati/creati
ds4: PACE prebreath    tok=76 phase=3 keep=37 ngram=0.012 hit=1.000 breaths=0
ds4: REAP prefetch (fattorino): 40 layer, 1480 expert, 3771 range, 9.77 GiB touched in 396 ms (16 thread, mlock)
ds4: REAP mask applied: 40 layer, 40 device range aggiornati/creati
ds4: PACE prebreath    tok=80 phase=3 keep=39 ngram=0.015 hit=1.000 breaths=0
ds4: REAP prefetch (fattorino): 40 layer, 1560 expert, 3945 range, 10.30 GiB touched in 405 ms (16 thread, mlock)
ds4: REAP mask applied: 40 layer, 40 device range aggiornati/creati
ds4: PACE prebreath    tok=84 phase=3 keep=41 ngram=0.018 hit=1.000 breaths=0
ds4: REAP prefetch (fattorino): 40 layer, 1640 expert, 4122 range, 10.83 GiB touched in 443 ms (16 thread, mlock)
ds4: REAP mask applied: 40 layer, 40 device range aggiornati/creati
ds4: PACE prebreath    tok=88 phase=3 keep=43 ngram=0.020 hit=1.000 breaths=0
ds4: REAP prefetch (fattorino): 40 layer, 1720 expert, 4269 range, 11.35 GiB touched in 438 ms (16 thread, mlock)
ds4: REAP mask applied: 40 layer, 40 device range aggiornati/creati
ds4: PACE prebreath    tok=92 phase=3 keep=45 ngram=0.022 hit=1.000 breaths=0
ds4: REAP prefetch (fattorino): 40 layer, 1800 expert, 4440 range, 11.88 GiB touched in 480 ms (16 thread, mlock)
ds4: REAP mask applied: 40 layer, 40 device range aggiornati/creati
ds4: PACE prebreath    tok=96 phase=3 keep=47 ngram=0.026 hit=1.000 breaths=0
ds4: REAP prefetch (fattorino): 40 layer, 1880 expert, 4581 range, 12.41 GiB touched in 500 ms (16 thread, mlock)
ds4: REAP mask applied: 40 layer, 40 device range aggiornati/creati
ds4: PACE prebreath    tok=100 phase=3 keep=49 ngram=0.028 hit=1.000 breaths=0
0709 22:12:27 ds4-server: chat ctx=128..178:50 gen=100 decoding chunk=1.72 t/s avg=1.05 t/s 95.673s
ds4: REAP prefetch (fattorino): 40 layer, 1960 expert, 4746 range, 12.94 GiB touched in 548 ms (16 thread, mlock)
ds4: REAP mask applied: 40 layer, 40 device range aggiornati/creati
ds4: PACE prebreath    tok=104 phase=3 keep=51 ngram=0.028 hit=1.000 breaths=0
ds4: REAP prefetch (fattorino): 40 layer, 2040 expert, 4902 range, 13.47 GiB touched in 506 ms (16 thread, mlock)
ds4: REAP mask applied: 40 layer, 40 device range aggiornati/creati
ds4: PACE prebreath    tok=108 phase=3 keep=53 ngram=0.028 hit=1.000 breaths=0
ds4: REAP prefetch (fattorino): 40 layer, 2120 expert, 5025 range, 13.99 GiB touched in 574 ms (16 thread, mlock)
ds4: REAP mask applied: 40 layer, 40 device range aggiornati/creati
ds4: PACE prebreath    tok=112 phase=3 keep=55 ngram=0.028 hit=1.000 breaths=0
ds4: REAP prefetch (fattorino): 40 layer, 2200 expert, 5169 range, 14.52 GiB touched in 616 ms (16 thread, mlock)
ds4: REAP mask applied: 40 layer, 40 device range aggiornati/creati
ds4: PACE prebreath    tok=116 phase=3 keep=57 ngram=0.033 hit=1.000 breaths=0
ds4: REAP prefetch (fattorino): 40 layer, 2280 expert, 5298 range, 15.05 GiB touched in 640 ms (16 thread, mlock)
ds4: REAP mask applied: 40 layer, 40 device range aggiornati/creati
ds4: PACE prebreath    tok=120 phase=3 keep=59 ngram=0.039 hit=1.000 breaths=0
ds4: REAP prefetch (fattorino): 40 layer, 2360 expert, 5436 range, 15.58 GiB touched in 617 ms (16 thread, mlock)
ds4: REAP mask applied: 40 layer, 40 device range aggiornati/creati
ds4: PACE prebreath    tok=124 phase=3 keep=61 ngram=0.043 hit=1.000 breaths=0
ds4: REAP prefetch (fattorino): 40 layer, 2440 expert, 5559 range, 16.11 GiB touched in 612 ms (16 thread, mlock)
ds4: REAP mask applied: 40 layer, 40 device range aggiornati/creati
ds4: PACE prebreath    tok=128 phase=3 keep=63 ngram=0.048 hit=1.000 breaths=0
ds4: REAP prefetch (fattorino): 40 layer, 2520 expert, 5673 range, 16.63 GiB touched in 656 ms (16 thread, mlock)
ds4: REAP mask applied: 40 layer, 40 device range aggiornati/creati
ds4: PACE prebreath    tok=132 phase=3 keep=65 ngram=0.058 hit=1.000 breaths=0
ds4: REAP prefetch (fattorino): 40 layer, 2600 expert, 5787 range, 17.16 GiB touched in 701 ms (16 thread, mlock)
ds4: REAP mask applied: 40 layer, 40 device range aggiornati/creati
ds4: PACE prebreath    tok=136 phase=3 keep=67 ngram=0.064 hit=1.000 breaths=0
ds4: REAP prefetch (fattorino): 40 layer, 2680 expert, 5928 range, 17.69 GiB touched in 664 ms (16 thread, mlock)
ds4: REAP mask applied: 40 layer, 40 device range aggiornati/creati
ds4: PACE prebreath    tok=140 phase=3 keep=69 ngram=0.068 hit=1.000 breaths=0
ds4: REAP prefetch (fattorino): 40 layer, 2760 expert, 6051 range, 18.22 GiB touched in 720 ms (16 thread, mlock)
ds4: REAP mask applied: 40 layer, 40 device range aggiornati/creati
ds4: PACE prebreath    tok=144 phase=3 keep=71 ngram=0.071 hit=1.000 breaths=0
ds4: REAP prefetch (fattorino): 40 layer, 2840 expert, 6135 range, 18.74 GiB touched in 722 ms (16 thread, mlock)
ds4: REAP mask applied: 40 layer, 40 device range aggiornati/creati
ds4: PACE prebreath    tok=148 phase=3 keep=73 ngram=0.073 hit=1.000 breaths=0
ds4: REAP prefetch (fattorino): 40 layer, 2920 expert, 6210 range, 19.27 GiB touched in 750 ms (16 thread, mlock)
0709 22:12:52 ds4-server: chat ctx=178..228:50 gen=150 decoding chunk=2.00 t/s avg=1.24 t/s 120.631s
ds4: REAP mask applied: 40 layer, 40 device range aggiornati/creati
ds4: PACE prebreath    tok=152 phase=3 keep=75 ngram=0.074 hit=1.000 breaths=0
ds4: REAP prefetch (fattorino): 40 layer, 3000 expert, 6291 range, 19.80 GiB touched in 810 ms (16 thread, mlock)
ds4: REAP mask applied: 40 layer, 40 device range aggiornati/creati
ds4: PACE prebreath    tok=156 phase=3 keep=77 ngram=0.075 hit=1.000 breaths=0
ds4: REAP prefetch (fattorino): 40 layer, 3080 expert, 6396 range, 20.33 GiB touched in 783 ms (16 thread, mlock)
ds4: REAP mask applied: 40 layer, 40 device range aggiornati/creati
ds4: PACE prebreath    tok=160 phase=3 keep=79 ngram=0.075 hit=1.000 breaths=0
ds4: REAP prefetch (fattorino): 40 layer, 3160 expert, 6495 range, 20.85 GiB touched in 809 ms (16 thread, mlock)
ds4: REAP mask applied: 40 layer, 40 device range aggiornati/creati
ds4: PACE prebreath    tok=164 phase=3 keep=81 ngram=0.076 hit=1.000 breaths=0
ds4: REAP prefetch (fattorino): 40 layer, 3240 expert, 6570 range, 21.38 GiB touched in 885 ms (16 thread, mlock)
ds4: REAP mask applied: 40 layer, 40 device range aggiornati/creati
ds4: PACE prebreath    tok=168 phase=3 keep=83 ngram=0.075 hit=1.000 breaths=0
ds4: REAP prefetch (fattorino): 40 layer, 3320 expert, 6654 range, 21.91 GiB touched in 868 ms (16 thread, mlock)
ds4: REAP mask applied: 40 layer, 40 device range aggiornati/creati
ds4: PACE prebreath    tok=172 phase=3 keep=85 ngram=0.070 hit=1.000 breaths=0
ds4: REAP prefetch (fattorino): 40 layer, 3400 expert, 6738 range, 22.44 GiB touched in 905 ms (16 thread, mlock)
ds4: REAP mask applied: 40 layer, 40 device range aggiornati/creati
ds4: PACE prebreath    tok=176 phase=3 keep=87 ngram=0.066 hit=1.000 breaths=0
ds4: REAP prefetch (fattorino): 40 layer, 3480 expert, 6843 range, 22.97 GiB touched in 929 ms (16 thread, mlock)
ds4: REAP mask applied: 40 layer, 40 device range aggiornati/creati
ds4: PACE prebreath    tok=180 phase=3 keep=89 ngram=0.061 hit=1.000 breaths=0
ds4: REAP prefetch (fattorino): 40 layer, 3560 expert, 6873 range, 23.49 GiB touched in 960 ms (16 thread, mlock)
ds4: REAP mask applied: 40 layer, 40 device range aggiornati/creati
ds4: PACE prebreath    tok=184 phase=3 keep=91 ngram=0.057 hit=1.000 breaths=0
ds4: REAP prefetch (fattorino): 40 layer, 3640 expert, 6939 range, 24.02 GiB touched in 1001 ms (16 thread, mlock)
ds4: REAP mask applied: 40 layer, 40 device range aggiornati/creati
ds4: PACE prebreath    tok=188 phase=3 keep=93 ngram=0.055 hit=1.000 breaths=0
ds4: REAP prefetch (fattorino): 40 layer, 3720 expert, 6969 range, 24.55 GiB touched in 972 ms (16 thread, mlock)
ds4: REAP mask applied: 40 layer, 40 device range aggiornati/creati
ds4: PACE prebreath    tok=192 phase=3 keep=95 ngram=0.054 hit=1.000 breaths=0
ds4: REAP prefetch (fattorino): 40 layer, 3800 expert, 7026 range, 25.08 GiB touched in 964 ms (16 thread, mlock)
ds4: REAP mask applied: 40 layer, 40 device range aggiornati/creati
ds4: PACE prebreath    tok=196 phase=3 keep=96 ngram=0.053 hit=1.000 breaths=0
ds4: REAP prefetch (fattorino): 40 layer, 3840 expert, 7047 range, 25.34 GiB touched in 902 ms (16 thread, mlock)
0709 22:13:14 ds4-server: chat ctx=228..278:50 gen=200 decoding chunk=2.35 t/s avg=1.41 t/s 141.901s
0709 22:13:31 ds4-server: chat ctx=278..328:50 gen=250 decoding chunk=2.98 t/s avg=1.58 t/s 158.702s
0709 22:13:49 ds4-server: chat ctx=328..378:50 gen=300 decoding chunk=2.83 t/s avg=1.70 t/s 176.343s
0709 22:14:08 ds4-server: chat ctx=378..428:50 gen=350 decoding chunk=2.72 t/s avg=1.80 t/s 194.715s
0709 22:14:27 ds4-server: chat ctx=428..478:50 gen=400 decoding chunk=2.73 t/s avg=1.88 t/s 213.040s
0709 22:14:46 ds4-server: chat ctx=478..528:50 gen=450 decoding chunk=2.78 t/s avg=1.95 t/s 231.031s
0709 22:15:03 ds4-server: chat ctx=528..578:50 gen=500 decoding chunk=2.87 t/s avg=2.01 t/s 248.477s
0709 22:15:20 ds4-server: chat ctx=578..628:50 gen=550 decoding chunk=2.98 t/s avg=2.07 t/s 265.266s
0709 22:15:36 ds4-server: chat ctx=628..678:50 gen=600 decoding chunk=3.12 t/s avg=2.13 t/s 281.287s
0709 22:15:54 ds4-server: chat ctx=678..728:50 gen=650 decoding chunk=2.94 t/s avg=2.18 t/s 298.298s
0709 22:16:12 ds4-server: chat ctx=728..778:50 gen=700 decoding chunk=2.72 t/s avg=2.21 t/s 316.667s
0709 22:16:35 ds4-server: chat ctx=778..828:50 gen=750 decoding chunk=2.28 t/s avg=2.22 t/s 338.594s
0709 22:16:57 ds4-server: chat ctx=828..878:50 gen=800 decoding chunk=2.30 t/s avg=2.22 t/s 360.314s
0709 22:16:57 ds4-server: chat ctx=0..78:78 gen=800 finish=length 417.959s
