ds4: Linux cuda backend set oom_score_adj=1000
ds4: CUDA backend initialized on NVIDIA GeForce RTX 3060 (sm_86)
ds4: SSD streaming initial cuda model map restricted to token embedding (1 spans, 0.99 GiB tensor span)
ds4: CUDA preparing model tensor mappings
ds4: CUDA loading model tensors into device cache
ds4: CUDA startup model preparation covered 0.99 GiB of tensor spans in 0.631s
ds4: cuda backend initialized for graph diagnostics
0710 05:59:13 ds4-server: context buffers 93.82 MiB (ctx=2048, backend=cuda, prefill_chunk=512, raw_kv_rows=768, compressed_kv_rows=514)
0710 05:59:13 ds4-server: listening on http://127.0.0.1:8014
0710 05:59:14 ds4-server: chat ctx=0..78:78 prompt start
ds4: PACE on - warmup=50 keep=23[23..96] step=0 ngram(n=3,win=120) drift=1.00 rel=0.15 hyst=200 breath(every=999999,len=80,keep=96,relearn=0) prebreath(on=0,drift=0.18,target=0.18,every=64,max=96,adapt=0,gain=8.00,pow=1.00,step_max=0,relearn=0,rdecay=0.30) anneal_warm=300 wrap=1 wrap_rotate=0 cache_flush=0 prefill_apply=0 prefill_wait_wrap=0 s1=0 exchange=0 relearn_on_tighten=0 weighted(warmup=1,relearn=0) rotate(on=0,every=32,decay=0.980,preserve_stable=1)
ds4: PACE prefill_reset tok=0 phase=1 keep=0 ngram=0.000 hit=1.000 breaths=0
ds4: expert tiering observe enabled (DS4_EXPERT_TIERING=observe; log=)
ds4: CUDA loading model tensors 0.15 GiB cached
ds4: CUDA loading model tensors 0.13 GiB cached
0710 05:59:44 ds4-server: chat ctx=0..78:78 prompt done 28.598s
ds4: CUDA loading model tensors 4.69 GiB cached
ds4: PACE learned      tok=50 phase=2 keep=0 ngram=0.000 hit=1.000 breaths=0
ds4: CUDA loading model tensors 7.86 GiB cached
0710 06:00:17 ds4-server: chat ctx=78..128:50 gen=50 decoding chunk=1.57 t/s avg=1.57 t/s 31.776s
ds4: REAP mask applied: 40 layer, 40 device range aggiornati/creati
ds4: PACE descent      tok=51 phase=3 keep=23 ngram=0.000 hit=1.000 breaths=0
ds4: REAP prefetch (fattorino): 40 layer, 920 expert, 2499 range, 6.07 GiB touched in 449 ms (16 thread, mlock)
0710 06:00:34 ds4-server: chat ctx=128..178:50 gen=100 decoding chunk=3.10 t/s avg=2.09 t/s 47.917s
0710 06:00:51 ds4-server: chat ctx=178..228:50 gen=150 decoding chunk=2.98 t/s avg=2.32 t/s 64.677s
0710 06:01:08 ds4-server: chat ctx=228..278:50 gen=200 decoding chunk=3.13 t/s avg=2.48 t/s 80.631s
0710 06:01:24 ds4-server: chat ctx=278..328:50 gen=250 decoding chunk=3.03 t/s avg=2.57 t/s 97.135s
0710 06:01:42 ds4-server: chat ctx=328..378:50 gen=300 decoding chunk=2.96 t/s avg=2.63 t/s 114.029s
0710 06:01:59 ds4-server: chat ctx=378..428:50 gen=350 decoding chunk=2.96 t/s avg=2.67 t/s 130.946s
0710 06:02:17 ds4-server: chat ctx=428..478:50 gen=400 decoding chunk=3.01 t/s avg=2.71 t/s 147.565s
0710 06:02:33 ds4-server: chat ctx=478..528:50 gen=450 decoding chunk=3.06 t/s avg=2.75 t/s 163.904s
0710 06:02:50 ds4-server: chat ctx=528..578:50 gen=500 decoding chunk=3.10 t/s avg=2.78 t/s 180.028s
0710 06:03:06 ds4-server: chat ctx=578..628:50 gen=550 decoding chunk=3.21 t/s avg=2.81 t/s 195.597s
0710 06:03:23 ds4-server: chat ctx=628..678:50 gen=600 decoding chunk=3.09 t/s avg=2.83 t/s 211.770s
0710 06:03:40 ds4-server: chat ctx=678..728:50 gen=650 decoding chunk=3.00 t/s avg=2.85 t/s 228.440s
0710 06:03:57 ds4-server: chat ctx=728..778:50 gen=700 decoding chunk=2.99 t/s avg=2.86 t/s 245.163s
0710 06:04:14 ds4-server: chat ctx=778..828:50 gen=750 decoding chunk=3.02 t/s avg=2.87 t/s 261.746s
0710 06:04:32 ds4-server: chat ctx=828..878:50 gen=800 decoding chunk=2.95 t/s avg=2.87 t/s 278.697s
0710 06:04:32 ds4-server: chat ctx=0..78:78 gen=800 finish=length 307.296s
