ds4: Linux cuda backend set oom_score_adj=1000
ds4: CUDA backend initialized on NVIDIA GeForce RTX 3060 (sm_86)
ds4: SSD streaming initial cuda model map restricted to token embedding (1 spans, 0.99 GiB tensor span)
ds4: CUDA preparing model tensor mappings
ds4: CUDA loading model tensors into device cache
ds4: CUDA startup model preparation covered 0.99 GiB of tensor spans in 0.800s
ds4: cuda backend initialized for graph diagnostics
0710 08:58:25 ds4-server: context buffers 122.69 MiB (ctx=4096, backend=cuda, prefill_chunk=512, raw_kv_rows=768, compressed_kv_rows=1026)
0710 08:58:25 ds4-server: listening on http://127.0.0.1:8018
0710 08:58:26 ds4-server: chat ctx=0..78:78 prompt start
ds4: PACE on - warmup=50 keep=23[23..96] step=0 ngram(n=3,win=120) drift=1.00 rel=0.15 hyst=200 breath(every=999999,len=80,keep=96,relearn=0) prebreath(on=0,drift=0.18,target=0.18,every=64,max=96,adapt=0,gain=8.00,pow=1.00,step_max=0,relearn=0,rdecay=0.30) anneal_warm=300 wrap=1 wrap_rotate=0 cache_flush=0 prefill_apply=0 prefill_wait_wrap=0 s1=0 exchange=0 relearn_on_tighten=0 weighted(warmup=0,relearn=0) rotate(on=1,every=32,decay=0.980,preserve_stable=1)
ds4: PACE prefill_reset tok=0 phase=1 keep=0 ngram=0.000 hit=1.000 breaths=0
ds4: expert tiering observe enabled (DS4_EXPERT_TIERING=observe; log=)
ds4: CUDA loading model tensors 0.13 GiB cached
ds4: CUDA loading model tensors 0.14 GiB cached
ds4: CUDA loading model tensors 0.13 GiB cached
ds4: CUDA loading model tensors 0.15 GiB cached
ds4: CUDA loading model tensors 0.16 GiB cached
0710 08:59:23 ds4-server: chat ctx=0..78:78 prompt done 56.571s
ds4: PACE learned      tok=50 phase=2 keep=0 ngram=0.000 hit=1.000 breaths=0
ds4: CUDA loading model tensors 7.86 GiB cached
0710 09:00:12 ds4-server: chat ctx=78..128:50 gen=50 decoding chunk=1.06 t/s avg=1.06 t/s 47.275s
ds4: REAP mask applied: 40 layer, 40 device range aggiornati/creati
ds4: PACE descent      tok=51 phase=3 keep=23 ngram=0.000 hit=1.000 breaths=0
ds4: REAP prefetch (fattorino): 40 layer, 920 expert, 2523 range, 6.07 GiB touched in 761 ms (16 thread, mlock)
ds4: REAP mask applied: 40 layer, 40 device range aggiornati/creati
ds4: PACE rotate       tok=83 phase=3 keep=23 ngram=0.019 hit=1.000 breaths=0
0710 09:00:38 ds4-server: chat ctx=128..178:50 gen=100 decoding chunk=1.97 t/s avg=1.38 t/s 72.688s
ds4: REAP mask applied: 40 layer, 40 device range aggiornati/creati
ds4: PACE rotate       tok=115 phase=3 keep=23 ngram=0.028 hit=1.000 breaths=0
ds4: REAP mask applied: 40 layer, 40 device range aggiornati/creati
ds4: PACE rotate       tok=147 phase=3 keep=23 ngram=0.050 hit=1.000 breaths=0
0710 09:01:00 ds4-server: chat ctx=178..228:50 gen=150 decoding chunk=2.24 t/s avg=1.58 t/s 94.972s
ds4: REAP mask applied: 40 layer, 40 device range aggiornati/creati
ds4: PACE rotate       tok=179 phase=3 keep=23 ngram=0.037 hit=1.000 breaths=0
0710 09:01:24 ds4-server: chat ctx=228..278:50 gen=200 decoding chunk=2.20 t/s avg=1.70 t/s 117.734s
ds4: REAP mask applied: 40 layer, 40 device range aggiornati/creati
ds4: PACE rotate       tok=211 phase=3 keep=23 ngram=0.074 hit=1.000 breaths=0
ds4: REAP mask applied: 40 layer, 40 device range aggiornati/creati
ds4: PACE rotate       tok=243 phase=3 keep=23 ngram=0.090 hit=1.000 breaths=0
0710 09:01:46 ds4-server: chat ctx=278..328:50 gen=250 decoding chunk=2.34 t/s avg=1.80 t/s 139.100s
ds4: REAP mask applied: 40 layer, 40 device range aggiornati/creati
ds4: PACE rotate       tok=275 phase=3 keep=23 ngram=0.103 hit=1.000 breaths=0
0710 09:02:07 ds4-server: chat ctx=328..378:50 gen=300 decoding chunk=2.40 t/s avg=1.88 t/s 159.912s
ds4: REAP mask applied: 40 layer, 40 device range aggiornati/creati
ds4: PACE rotate       tok=307 phase=3 keep=23 ngram=0.063 hit=1.000 breaths=0
ds4: REAP mask applied: 40 layer, 40 device range aggiornati/creati
ds4: PACE rotate       tok=339 phase=3 keep=23 ngram=0.162 hit=1.000 breaths=0
0710 09:02:29 ds4-server: chat ctx=378..428:50 gen=350 decoding chunk=2.32 t/s avg=1.93 t/s 181.469s
ds4: REAP mask applied: 40 layer, 40 device range aggiornati/creati
ds4: PACE rotate       tok=371 phase=3 keep=23 ngram=0.169 hit=1.000 breaths=0
0710 09:02:49 ds4-server: chat ctx=428..478:50 gen=400 decoding chunk=2.72 t/s avg=2.00 t/s 199.861s
ds4: REAP mask applied: 40 layer, 40 device range aggiornati/creati
ds4: PACE rotate       tok=403 phase=3 keep=23 ngram=0.155 hit=1.000 breaths=0
ds4: REAP mask applied: 40 layer, 40 device range aggiornati/creati
ds4: PACE rotate       tok=435 phase=3 keep=23 ngram=0.168 hit=1.000 breaths=0
0710 09:03:08 ds4-server: chat ctx=478..528:50 gen=450 decoding chunk=2.58 t/s avg=2.05 t/s 219.231s
ds4: REAP mask applied: 40 layer, 40 device range aggiornati/creati
ds4: PACE rotate       tok=467 phase=3 keep=23 ngram=0.151 hit=1.000 breaths=0
ds4: REAP mask applied: 40 layer, 40 device range aggiornati/creati
ds4: PACE rotate       tok=499 phase=3 keep=23 ngram=0.149 hit=1.000 breaths=0
0710 09:03:26 ds4-server: chat ctx=528..578:50 gen=500 decoding chunk=2.85 t/s avg=2.11 t/s 236.770s
ds4: REAP mask applied: 40 layer, 40 device range aggiornati/creati
ds4: PACE rotate       tok=531 phase=3 keep=23 ngram=0.177 hit=1.000 breaths=0
0710 09:03:44 ds4-server: chat ctx=578..628:50 gen=550 decoding chunk=2.80 t/s avg=2.16 t/s 254.630s
ds4: REAP mask applied: 40 layer, 40 device range aggiornati/creati
ds4: PACE rotate       tok=563 phase=3 keep=23 ngram=0.166 hit=1.000 breaths=0
ds4: REAP mask applied: 40 layer, 40 device range aggiornati/creati
ds4: PACE rotate       tok=595 phase=3 keep=23 ngram=0.234 hit=1.000 breaths=0
0710 09:04:05 ds4-server: chat ctx=628..678:50 gen=600 decoding chunk=2.53 t/s avg=2.19 t/s 274.421s
ds4: REAP mask applied: 40 layer, 40 device range aggiornati/creati
ds4: PACE rotate       tok=627 phase=3 keep=23 ngram=0.184 hit=1.000 breaths=0
0710 09:04:22 ds4-server: chat ctx=678..728:50 gen=650 decoding chunk=2.92 t/s avg=2.23 t/s 291.573s
ds4: REAP mask applied: 40 layer, 40 device range aggiornati/creati
ds4: PACE rotate       tok=659 phase=3 keep=23 ngram=0.178 hit=1.000 breaths=0
ds4: REAP mask applied: 40 layer, 40 device range aggiornati/creati
ds4: PACE rotate       tok=691 phase=3 keep=23 ngram=0.182 hit=1.000 breaths=0
0710 09:04:40 ds4-server: chat ctx=728..778:50 gen=700 decoding chunk=2.95 t/s avg=2.27 t/s 308.531s
ds4: REAP mask applied: 40 layer, 40 device range aggiornati/creati
ds4: PACE rotate       tok=723 phase=3 keep=23 ngram=0.152 hit=1.000 breaths=0
0710 09:04:57 ds4-server: chat ctx=778..828:50 gen=750 decoding chunk=2.97 t/s avg=2.31 t/s 325.340s
ds4: REAP mask applied: 40 layer, 40 device range aggiornati/creati
ds4: PACE rotate       tok=755 phase=3 keep=23 ngram=0.198 hit=1.000 breaths=0
ds4: REAP mask applied: 40 layer, 40 device range aggiornati/creati
ds4: PACE rotate       tok=787 phase=3 keep=23 ngram=0.244 hit=1.000 breaths=0
0710 09:05:16 ds4-server: chat ctx=828..878:50 gen=800 decoding chunk=2.79 t/s avg=2.33 t/s 343.270s
ds4: REAP mask applied: 40 layer, 40 device range aggiornati/creati
ds4: PACE rotate       tok=819 phase=3 keep=23 ngram=0.248 hit=1.000 breaths=0
0710 09:05:33 ds4-server: chat ctx=878..928:50 gen=850 decoding chunk=3.00 t/s avg=2.36 t/s 359.927s
ds4: REAP mask applied: 40 layer, 40 device range aggiornati/creati
ds4: PACE rotate       tok=851 phase=3 keep=23 ngram=0.211 hit=1.000 breaths=0
ds4: REAP mask applied: 40 layer, 40 device range aggiornati/creati
ds4: PACE rotate       tok=883 phase=3 keep=23 ngram=0.199 hit=1.000 breaths=0
0710 09:05:50 ds4-server: chat ctx=928..978:50 gen=900 decoding chunk=3.00 t/s avg=2.39 t/s 376.589s
ds4: REAP mask applied: 40 layer, 40 device range aggiornati/creati
ds4: PACE rotate       tok=915 phase=3 keep=23 ngram=0.141 hit=1.000 breaths=0
ds4: REAP mask applied: 40 layer, 40 device range aggiornati/creati
ds4: PACE rotate       tok=947 phase=3 keep=23 ngram=0.196 hit=1.000 breaths=0
0710 09:06:08 ds4-server: chat ctx=978..1028:50 gen=950 decoding chunk=2.93 t/s avg=2.41 t/s 393.648s
ds4: REAP mask applied: 40 layer, 40 device range aggiornati/creati
ds4: PACE rotate       tok=979 phase=3 keep=23 ngram=0.270 hit=1.000 breaths=0
0710 09:06:25 ds4-server: chat ctx=1028..1078:50 gen=1000 decoding chunk=2.86 t/s avg=2.43 t/s 411.151s
ds4: REAP mask applied: 40 layer, 40 device range aggiornati/creati
ds4: PACE rotate       tok=1011 phase=3 keep=23 ngram=0.302 hit=1.000 breaths=0
ds4: REAP mask applied: 40 layer, 40 device range aggiornati/creati
ds4: PACE rotate       tok=1043 phase=3 keep=23 ngram=0.240 hit=1.000 breaths=0
0710 09:06:44 ds4-server: chat ctx=1078..1128:50 gen=1050 decoding chunk=2.85 t/s avg=2.45 t/s 428.717s
ds4: REAP mask applied: 40 layer, 40 device range aggiornati/creati
ds4: PACE rotate       tok=1075 phase=3 keep=23 ngram=0.145 hit=1.000 breaths=0
0710 09:07:00 ds4-server: chat ctx=1128..1178:50 gen=1100 decoding chunk=2.99 t/s avg=2.47 t/s 445.429s
ds4: REAP mask applied: 40 layer, 40 device range aggiornati/creati
ds4: PACE rotate       tok=1107 phase=3 keep=23 ngram=0.133 hit=1.000 breaths=0
ds4: REAP mask applied: 40 layer, 40 device range aggiornati/creati
ds4: PACE rotate       tok=1139 phase=3 keep=23 ngram=0.173 hit=1.000 breaths=0
0710 09:07:20 ds4-server: chat ctx=1178..1228:50 gen=1150 decoding chunk=2.73 t/s avg=2.48 t/s 463.769s
ds4: REAP mask applied: 40 layer, 40 device range aggiornati/creati
ds4: PACE rotate       tok=1171 phase=3 keep=23 ngram=0.173 hit=1.000 breaths=0
0710 09:07:37 ds4-server: chat ctx=1228..1278:50 gen=1200 decoding chunk=2.92 t/s avg=2.50 t/s 480.884s
ds4: REAP mask applied: 40 layer, 40 device range aggiornati/creati
ds4: PACE rotate       tok=1203 phase=3 keep=23 ngram=0.141 hit=1.000 breaths=0
ds4: REAP mask applied: 40 layer, 40 device range aggiornati/creati
ds4: PACE rotate       tok=1235 phase=3 keep=23 ngram=0.147 hit=1.000 breaths=0
0710 09:07:55 ds4-server: chat ctx=1278..1328:50 gen=1250 decoding chunk=2.83 t/s avg=2.51 t/s 498.569s
ds4: REAP mask applied: 40 layer, 40 device range aggiornati/creati
ds4: PACE rotate       tok=1267 phase=3 keep=23 ngram=0.182 hit=1.000 breaths=0
ds4: REAP mask applied: 40 layer, 40 device range aggiornati/creati
ds4: PACE rotate       tok=1299 phase=3 keep=23 ngram=0.205 hit=1.000 breaths=0
0710 09:08:13 ds4-server: chat ctx=1328..1378:50 gen=1300 decoding chunk=2.84 t/s avg=2.52 t/s 516.173s
ds4: REAP mask applied: 40 layer, 40 device range aggiornati/creati
ds4: PACE rotate       tok=1331 phase=3 keep=23 ngram=0.228 hit=1.000 breaths=0
0710 09:08:30 ds4-server: chat ctx=1378..1428:50 gen=1350 decoding chunk=3.01 t/s avg=2.53 t/s 532.771s
ds4: REAP mask applied: 40 layer, 40 device range aggiornati/creati
ds4: PACE rotate       tok=1363 phase=3 keep=23 ngram=0.251 hit=1.000 breaths=0
ds4: REAP mask applied: 40 layer, 40 device range aggiornati/creati
ds4: PACE rotate       tok=1395 phase=3 keep=23 ngram=0.343 hit=1.000 breaths=0
0710 09:08:48 ds4-server: chat ctx=1428..1478:50 gen=1400 decoding chunk=2.85 t/s avg=2.54 t/s 550.341s
ds4: REAP mask applied: 40 layer, 40 device range aggiornati/creati
ds4: PACE rotate       tok=1427 phase=3 keep=23 ngram=0.499 hit=1.000 breaths=0
0710 09:09:08 ds4-server: chat ctx=1478..1528:50 gen=1450 decoding chunk=2.61 t/s avg=2.55 t/s 569.532s
ds4: REAP mask applied: 40 layer, 40 device range aggiornati/creati
ds4: PACE rotate       tok=1459 phase=3 keep=23 ngram=0.628 hit=1.000 breaths=0
ds4: REAP mask applied: 40 layer, 40 device range aggiornati/creati
ds4: PACE rotate       tok=1491 phase=3 keep=23 ngram=0.635 hit=1.000 breaths=0
0710 09:09:30 ds4-server: chat ctx=1528..1578:50 gen=1500 decoding chunk=2.46 t/s avg=2.54 t/s 589.824s
ds4: REAP mask applied: 40 layer, 40 device range aggiornati/creati
ds4: PACE rotate       tok=1523 phase=3 keep=23 ngram=0.636 hit=1.000 breaths=0
0710 09:09:46 ds4-server: chat ctx=1578..1628:50 gen=1550 decoding chunk=2.99 t/s avg=2.56 t/s 606.563s
ds4: REAP mask applied: 40 layer, 40 device range aggiornati/creati
ds4: PACE rotate       tok=1555 phase=3 keep=23 ngram=0.636 hit=1.000 breaths=0
ds4: REAP mask applied: 40 layer, 40 device range aggiornati/creati
ds4: PACE rotate       tok=1587 phase=3 keep=23 ngram=0.636 hit=1.000 breaths=0
0710 09:10:04 ds4-server: chat ctx=1628..1678:50 gen=1600 decoding chunk=2.94 t/s avg=2.57 t/s 623.547s
ds4: REAP mask applied: 40 layer, 40 device range aggiornati/creati
ds4: PACE rotate       tok=1619 phase=3 keep=23 ngram=0.636 hit=1.000 breaths=0
0710 09:10:21 ds4-server: chat ctx=1678..1728:50 gen=1650 decoding chunk=2.97 t/s avg=2.58 t/s 640.397s
ds4: REAP mask applied: 40 layer, 40 device range aggiornati/creati
ds4: PACE rotate       tok=1651 phase=3 keep=23 ngram=0.636 hit=1.000 breaths=0
ds4: REAP mask applied: 40 layer, 40 device range aggiornati/creati
ds4: PACE rotate       tok=1683 phase=3 keep=23 ngram=0.636 hit=1.000 breaths=0
0710 09:10:39 ds4-server: chat ctx=1728..1778:50 gen=1700 decoding chunk=2.92 t/s avg=2.59 t/s 657.542s
ds4: REAP mask applied: 40 layer, 40 device range aggiornati/creati
ds4: PACE rotate       tok=1715 phase=3 keep=23 ngram=0.636 hit=1.000 breaths=0
ds4: REAP mask applied: 40 layer, 40 device range aggiornati/creati
ds4: PACE rotate       tok=1747 phase=3 keep=23 ngram=0.636 hit=1.000 breaths=0
0710 09:10:57 ds4-server: chat ctx=1778..1828:50 gen=1750 decoding chunk=2.85 t/s avg=2.59 t/s 675.088s
ds4: REAP mask applied: 40 layer, 40 device range aggiornati/creati
ds4: PACE rotate       tok=1779 phase=3 keep=23 ngram=0.636 hit=1.000 breaths=0
0710 09:11:15 ds4-server: chat ctx=1828..1878:50 gen=1800 decoding chunk=2.89 t/s avg=2.60 t/s 692.373s
ds4: REAP mask applied: 40 layer, 40 device range aggiornati/creati
ds4: PACE rotate       tok=1811 phase=3 keep=23 ngram=0.636 hit=1.000 breaths=0
ds4: REAP mask applied: 40 layer, 40 device range aggiornati/creati
ds4: PACE rotate       tok=1843 phase=3 keep=23 ngram=0.636 hit=1.000 breaths=0
0710 09:11:32 ds4-server: chat ctx=1878..1928:50 gen=1850 decoding chunk=3.00 t/s avg=2.61 t/s 709.065s
ds4: REAP mask applied: 40 layer, 40 device range aggiornati/creati
ds4: PACE rotate       tok=1875 phase=3 keep=23 ngram=0.636 hit=1.000 breaths=0
0710 09:11:49 ds4-server: chat ctx=1928..1978:50 gen=1900 decoding chunk=3.02 t/s avg=2.62 t/s 725.623s
ds4: REAP mask applied: 40 layer, 40 device range aggiornati/creati
ds4: PACE rotate       tok=1907 phase=3 keep=23 ngram=0.636 hit=1.000 breaths=0
ds4: REAP mask applied: 40 layer, 40 device range aggiornati/creati
ds4: PACE rotate       tok=1939 phase=3 keep=23 ngram=0.636 hit=1.000 breaths=0
0710 09:12:06 ds4-server: chat ctx=1978..2028:50 gen=1950 decoding chunk=2.95 t/s avg=2.63 t/s 742.595s
ds4: REAP mask applied: 40 layer, 40 device range aggiornati/creati
ds4: PACE rotate       tok=1971 phase=3 keep=23 ngram=0.636 hit=1.000 breaths=0
0710 09:12:24 ds4-server: chat ctx=2028..2078:50 gen=2000 decoding chunk=3.01 t/s avg=2.63 t/s 759.215s
ds4: REAP mask applied: 40 layer, 40 device range aggiornati/creati
ds4: PACE rotate       tok=2003 phase=3 keep=23 ngram=0.636 hit=1.000 breaths=0
ds4: REAP mask applied: 40 layer, 40 device range aggiornati/creati
ds4: PACE rotate       tok=2035 phase=3 keep=23 ngram=0.636 hit=1.000 breaths=0
0710 09:12:41 ds4-server: chat ctx=2078..2128:50 gen=2050 decoding chunk=2.95 t/s avg=2.64 t/s 776.152s
ds4: REAP mask applied: 40 layer, 40 device range aggiornati/creati
ds4: PACE rotate       tok=2067 phase=3 keep=23 ngram=0.636 hit=1.000 breaths=0
ds4: REAP mask applied: 40 layer, 40 device range aggiornati/creati
ds4: PACE rotate       tok=2099 phase=3 keep=23 ngram=0.636 hit=1.000 breaths=0
0710 09:12:59 ds4-server: chat ctx=2128..2178:50 gen=2100 decoding chunk=3.04 t/s avg=2.65 t/s 792.619s
ds4: REAP mask applied: 40 layer, 40 device range aggiornati/creati
ds4: PACE rotate       tok=2131 phase=3 keep=23 ngram=0.636 hit=1.000 breaths=0
0710 09:13:15 ds4-server: chat ctx=2178..2228:50 gen=2150 decoding chunk=2.99 t/s avg=2.66 t/s 809.352s
ds4: REAP mask applied: 40 layer, 40 device range aggiornati/creati
ds4: PACE rotate       tok=2163 phase=3 keep=23 ngram=0.636 hit=1.000 breaths=0
ds4: REAP mask applied: 40 layer, 40 device range aggiornati/creati
ds4: PACE rotate       tok=2195 phase=3 keep=23 ngram=0.636 hit=1.000 breaths=0
0710 09:13:33 ds4-server: chat ctx=2228..2278:50 gen=2200 decoding chunk=3.02 t/s avg=2.66 t/s 825.895s
ds4: REAP mask applied: 40 layer, 40 device range aggiornati/creati
ds4: PACE rotate       tok=2227 phase=3 keep=23 ngram=0.636 hit=1.000 breaths=0
0710 09:13:51 ds4-server: chat ctx=2278..2328:50 gen=2250 decoding chunk=2.98 t/s avg=2.67 t/s 842.680s
ds4: REAP mask applied: 40 layer, 40 device range aggiornati/creati
ds4: PACE rotate       tok=2259 phase=3 keep=23 ngram=0.636 hit=1.000 breaths=0
ds4: REAP mask applied: 40 layer, 40 device range aggiornati/creati
ds4: PACE rotate       tok=2291 phase=3 keep=23 ngram=0.636 hit=1.000 breaths=0
0710 09:14:08 ds4-server: chat ctx=2328..2378:50 gen=2300 decoding chunk=3.00 t/s avg=2.68 t/s 859.323s
ds4: REAP mask applied: 40 layer, 40 device range aggiornati/creati
ds4: PACE rotate       tok=2323 phase=3 keep=23 ngram=0.636 hit=1.000 breaths=0
0710 09:14:26 ds4-server: chat ctx=2378..2428:50 gen=2350 decoding chunk=2.92 t/s avg=2.68 t/s 876.435s
ds4: REAP mask applied: 40 layer, 40 device range aggiornati/creati
ds4: PACE rotate       tok=2355 phase=3 keep=23 ngram=0.636 hit=1.000 breaths=0
ds4: REAP mask applied: 40 layer, 40 device range aggiornati/creati
ds4: PACE rotate       tok=2387 phase=3 keep=23 ngram=0.636 hit=1.000 breaths=0
0710 09:14:43 ds4-server: chat ctx=2428..2478:50 gen=2400 decoding chunk=2.89 t/s avg=2.69 t/s 893.713s
ds4: REAP mask applied: 40 layer, 40 device range aggiornati/creati
ds4: PACE rotate       tok=2419 phase=3 keep=23 ngram=0.636 hit=1.000 breaths=0
0710 09:15:01 ds4-server: chat ctx=2478..2528:50 gen=2450 decoding chunk=2.93 t/s avg=2.69 t/s 910.780s
ds4: REAP mask applied: 40 layer, 40 device range aggiornati/creati
ds4: PACE rotate       tok=2451 phase=3 keep=23 ngram=0.636 hit=1.000 breaths=0
ds4: REAP mask applied: 40 layer, 40 device range aggiornati/creati
ds4: PACE rotate       tok=2483 phase=3 keep=23 ngram=0.636 hit=1.000 breaths=0
0710 09:15:18 ds4-server: chat ctx=2528..2578:50 gen=2500 decoding chunk=2.99 t/s avg=2.70 t/s 927.501s
ds4: REAP mask applied: 40 layer, 40 device range aggiornati/creati
ds4: PACE rotate       tok=2515 phase=3 keep=23 ngram=0.636 hit=1.000 breaths=0
ds4: REAP mask applied: 40 layer, 40 device range aggiornati/creati
ds4: PACE rotate       tok=2547 phase=3 keep=23 ngram=0.636 hit=1.000 breaths=0
0710 09:15:36 ds4-server: chat ctx=2578..2628:50 gen=2550 decoding chunk=2.98 t/s avg=2.70 t/s 944.283s
ds4: REAP mask applied: 40 layer, 40 device range aggiornati/creati
ds4: PACE rotate       tok=2579 phase=3 keep=23 ngram=0.636 hit=1.000 breaths=0
0710 09:15:52 ds4-server: chat ctx=2628..2678:50 gen=2600 decoding chunk=3.06 t/s avg=2.71 t/s 960.639s
ds4: REAP mask applied: 40 layer, 40 device range aggiornati/creati
ds4: PACE rotate       tok=2611 phase=3 keep=23 ngram=0.636 hit=1.000 breaths=0
ds4: REAP mask applied: 40 layer, 40 device range aggiornati/creati
ds4: PACE rotate       tok=2643 phase=3 keep=23 ngram=0.636 hit=1.000 breaths=0
0710 09:16:11 ds4-server: chat ctx=2678..2728:50 gen=2650 decoding chunk=2.88 t/s avg=2.71 t/s 978.011s
ds4: REAP mask applied: 40 layer, 40 device range aggiornati/creati
ds4: PACE rotate       tok=2675 phase=3 keep=23 ngram=0.636 hit=1.000 breaths=0
0710 09:16:28 ds4-server: chat ctx=2728..2778:50 gen=2700 decoding chunk=2.97 t/s avg=2.71 t/s 994.847s
ds4: REAP mask applied: 40 layer, 40 device range aggiornati/creati
ds4: PACE rotate       tok=2707 phase=3 keep=23 ngram=0.636 hit=1.000 breaths=0
ds4: REAP mask applied: 40 layer, 40 device range aggiornati/creati
ds4: PACE rotate       tok=2739 phase=3 keep=23 ngram=0.636 hit=1.000 breaths=0
0710 09:16:46 ds4-server: chat ctx=2778..2828:50 gen=2750 decoding chunk=2.93 t/s avg=2.72 t/s 1011.918s
ds4: REAP mask applied: 40 layer, 40 device range aggiornati/creati
ds4: PACE rotate       tok=2771 phase=3 keep=23 ngram=0.636 hit=1.000 breaths=0
0710 09:17:03 ds4-server: chat ctx=2828..2878:50 gen=2800 decoding chunk=2.98 t/s avg=2.72 t/s 1028.710s
ds4: REAP mask applied: 40 layer, 40 device range aggiornati/creati
ds4: PACE rotate       tok=2803 phase=3 keep=23 ngram=0.636 hit=1.000 breaths=0
ds4: REAP mask applied: 40 layer, 40 device range aggiornati/creati
ds4: PACE rotate       tok=2835 phase=3 keep=23 ngram=0.636 hit=1.000 breaths=0
0710 09:17:21 ds4-server: chat ctx=2878..2928:50 gen=2850 decoding chunk=2.97 t/s avg=2.73 t/s 1045.565s
ds4: REAP mask applied: 40 layer, 40 device range aggiornati/creati
ds4: PACE rotate       tok=2867 phase=3 keep=23 ngram=0.636 hit=1.000 breaths=0
ds4: REAP mask applied: 40 layer, 40 device range aggiornati/creati
ds4: PACE rotate       tok=2899 phase=3 keep=23 ngram=0.636 hit=1.000 breaths=0
0710 09:17:38 ds4-server: chat ctx=2928..2978:50 gen=2900 decoding chunk=2.96 t/s avg=2.73 t/s 1062.463s
ds4: REAP mask applied: 40 layer, 40 device range aggiornati/creati
ds4: PACE rotate       tok=2931 phase=3 keep=23 ngram=0.636 hit=1.000 breaths=0
0710 09:17:56 ds4-server: chat ctx=2978..3028:50 gen=2950 decoding chunk=3.00 t/s avg=2.73 t/s 1079.113s
ds4: REAP mask applied: 40 layer, 40 device range aggiornati/creati
ds4: PACE rotate       tok=2963 phase=3 keep=23 ngram=0.636 hit=1.000 breaths=0
ds4: REAP mask applied: 40 layer, 40 device range aggiornati/creati
ds4: PACE rotate       tok=2995 phase=3 keep=23 ngram=0.636 hit=1.000 breaths=0
0710 09:18:12 ds4-server: chat ctx=3028..3078:50 gen=3000 decoding chunk=2.99 t/s avg=2.74 t/s 1095.857s
ds4: REAP mask applied: 40 layer, 40 device range aggiornati/creati
ds4: PACE rotate       tok=3027 phase=3 keep=23 ngram=0.636 hit=1.000 breaths=0
0710 09:18:30 ds4-server: chat ctx=3078..3128:50 gen=3050 decoding chunk=3.01 t/s avg=2.74 t/s 1112.474s
ds4: REAP mask applied: 40 layer, 40 device range aggiornati/creati
ds4: PACE rotate       tok=3059 phase=3 keep=23 ngram=0.636 hit=1.000 breaths=0
ds4: REAP mask applied: 40 layer, 40 device range aggiornati/creati
ds4: PACE rotate       tok=3091 phase=3 keep=23 ngram=0.636 hit=1.000 breaths=0
0710 09:18:47 ds4-server: chat ctx=3128..3178:50 gen=3100 decoding chunk=2.98 t/s avg=2.75 t/s 1129.249s
ds4: REAP mask applied: 40 layer, 40 device range aggiornati/creati
ds4: PACE rotate       tok=3123 phase=3 keep=23 ngram=0.636 hit=1.000 breaths=0
0710 09:19:05 ds4-server: chat ctx=3178..3228:50 gen=3150 decoding chunk=3.00 t/s avg=2.75 t/s 1145.918s
ds4: REAP mask applied: 40 layer, 40 device range aggiornati/creati
ds4: PACE rotate       tok=3155 phase=3 keep=23 ngram=0.636 hit=1.000 breaths=0
ds4: REAP mask applied: 40 layer, 40 device range aggiornati/creati
ds4: PACE rotate       tok=3187 phase=3 keep=23 ngram=0.636 hit=1.000 breaths=0
0710 09:19:22 ds4-server: chat ctx=3228..3278:50 gen=3200 decoding chunk=2.96 t/s avg=2.75 t/s 1162.801s
ds4: REAP mask applied: 40 layer, 40 device range aggiornati/creati
ds4: PACE rotate       tok=3219 phase=3 keep=23 ngram=0.636 hit=1.000 breaths=0
0710 09:19:40 ds4-server: chat ctx=3278..3328:50 gen=3250 decoding chunk=2.99 t/s avg=2.76 t/s 1179.527s
ds4: REAP mask applied: 40 layer, 40 device range aggiornati/creati
ds4: PACE rotate       tok=3251 phase=3 keep=23 ngram=0.636 hit=1.000 breaths=0
ds4: REAP mask applied: 40 layer, 40 device range aggiornati/creati
ds4: PACE rotate       tok=3283 phase=3 keep=23 ngram=0.636 hit=1.000 breaths=0
0710 09:19:57 ds4-server: chat ctx=3328..3378:50 gen=3300 decoding chunk=2.94 t/s avg=2.76 t/s 1196.553s
ds4: REAP mask applied: 40 layer, 40 device range aggiornati/creati
ds4: PACE rotate       tok=3315 phase=3 keep=23 ngram=0.636 hit=1.000 breaths=0
ds4: REAP mask applied: 40 layer, 40 device range aggiornati/creati
ds4: PACE rotate       tok=3347 phase=3 keep=23 ngram=0.636 hit=1.000 breaths=0
0710 09:20:15 ds4-server: chat ctx=3378..3428:50 gen=3350 decoding chunk=2.92 t/s avg=2.76 t/s 1213.703s
ds4: REAP mask applied: 40 layer, 40 device range aggiornati/creati
ds4: PACE rotate       tok=3379 phase=3 keep=23 ngram=0.636 hit=1.000 breaths=0
0710 09:20:33 ds4-server: chat ctx=3428..3478:50 gen=3400 decoding chunk=2.93 t/s avg=2.76 t/s 1230.780s
ds4: REAP mask applied: 40 layer, 40 device range aggiornati/creati
ds4: PACE rotate       tok=3411 phase=3 keep=23 ngram=0.636 hit=1.000 breaths=0
ds4: REAP mask applied: 40 layer, 40 device range aggiornati/creati
ds4: PACE rotate       tok=3443 phase=3 keep=23 ngram=0.636 hit=1.000 breaths=0
0710 09:20:50 ds4-server: chat ctx=3478..3528:50 gen=3450 decoding chunk=2.95 t/s avg=2.77 t/s 1247.708s
ds4: REAP mask applied: 40 layer, 40 device range aggiornati/creati
ds4: PACE rotate       tok=3475 phase=3 keep=23 ngram=0.636 hit=1.000 breaths=0
0710 09:21:08 ds4-server: chat ctx=3528..3578:50 gen=3500 decoding chunk=2.92 t/s avg=2.77 t/s 1264.808s
ds4: REAP mask applied: 40 layer, 40 device range aggiornati/creati
ds4: PACE rotate       tok=3507 phase=3 keep=23 ngram=0.636 hit=1.000 breaths=0
ds4: REAP mask applied: 40 layer, 40 device range aggiornati/creati
ds4: PACE rotate       tok=3539 phase=3 keep=23 ngram=0.636 hit=1.000 breaths=0
0710 09:21:25 ds4-server: chat ctx=3578..3628:50 gen=3550 decoding chunk=2.91 t/s avg=2.77 t/s 1282.007s
ds4: REAP mask applied: 40 layer, 40 device range aggiornati/creati
ds4: PACE rotate       tok=3571 phase=3 keep=23 ngram=0.636 hit=1.000 breaths=0
0710 09:21:43 ds4-server: chat ctx=3628..3678:50 gen=3600 decoding chunk=2.95 t/s avg=2.77 t/s 1298.965s
ds4: REAP mask applied: 40 layer, 40 device range aggiornati/creati
ds4: PACE rotate       tok=3603 phase=3 keep=23 ngram=0.636 hit=1.000 breaths=0
ds4: REAP mask applied: 40 layer, 40 device range aggiornati/creati
ds4: PACE rotate       tok=3635 phase=3 keep=23 ngram=0.636 hit=1.000 breaths=0
0710 09:22:00 ds4-server: chat ctx=3678..3728:50 gen=3650 decoding chunk=2.93 t/s avg=2.77 t/s 1316.037s
ds4: REAP mask applied: 40 layer, 40 device range aggiornati/creati
ds4: PACE rotate       tok=3667 phase=3 keep=23 ngram=0.636 hit=1.000 breaths=0
ds4: REAP mask applied: 40 layer, 40 device range aggiornati/creati
ds4: PACE rotate       tok=3699 phase=3 keep=23 ngram=0.636 hit=1.000 breaths=0
0710 09:22:18 ds4-server: chat ctx=3728..3778:50 gen=3700 decoding chunk=2.96 t/s avg=2.78 t/s 1332.925s
ds4: REAP mask applied: 40 layer, 40 device range aggiornati/creati
ds4: PACE rotate       tok=3731 phase=3 keep=23 ngram=0.636 hit=1.000 breaths=0
0710 09:22:35 ds4-server: chat ctx=3778..3828:50 gen=3750 decoding chunk=2.95 t/s avg=2.78 t/s 1349.870s
ds4: REAP mask applied: 40 layer, 40 device range aggiornati/creati
ds4: PACE rotate       tok=3763 phase=3 keep=23 ngram=0.636 hit=1.000 breaths=0
ds4: REAP mask applied: 40 layer, 40 device range aggiornati/creati
ds4: PACE rotate       tok=3795 phase=3 keep=23 ngram=0.636 hit=1.000 breaths=0
0710 09:22:53 ds4-server: chat ctx=3828..3878:50 gen=3800 decoding chunk=2.96 t/s avg=2.78 t/s 1366.759s
ds4: REAP mask applied: 40 layer, 40 device range aggiornati/creati
ds4: PACE rotate       tok=3827 phase=3 keep=23 ngram=0.636 hit=1.000 breaths=0
0710 09:23:10 ds4-server: chat ctx=3878..3928:50 gen=3850 decoding chunk=2.95 t/s avg=2.78 t/s 1383.718s
ds4: REAP mask applied: 40 layer, 40 device range aggiornati/creati
ds4: PACE rotate       tok=3859 phase=3 keep=23 ngram=0.636 hit=1.000 breaths=0
ds4: REAP mask applied: 40 layer, 40 device range aggiornati/creati
ds4: PACE rotate       tok=3891 phase=3 keep=23 ngram=0.636 hit=1.000 breaths=0
0710 09:23:28 ds4-server: chat ctx=3928..3978:50 gen=3900 decoding chunk=2.96 t/s avg=2.78 t/s 1400.617s
ds4: REAP mask applied: 40 layer, 40 device range aggiornati/creati
ds4: PACE rotate       tok=3923 phase=3 keep=23 ngram=0.636 hit=1.000 breaths=0
0710 09:23:45 ds4-server: chat ctx=3978..4028:50 gen=3950 decoding chunk=2.97 t/s avg=2.79 t/s 1417.462s
ds4: REAP mask applied: 40 layer, 40 device range aggiornati/creati
ds4: PACE rotate       tok=3955 phase=3 keep=23 ngram=0.636 hit=1.000 breaths=0
ds4: REAP mask applied: 40 layer, 40 device range aggiornati/creati
ds4: PACE rotate       tok=3987 phase=3 keep=23 ngram=0.636 hit=1.000 breaths=0
0710 09:24:03 ds4-server: chat ctx=4028..4078:50 gen=4000 decoding chunk=2.90 t/s avg=2.79 t/s 1434.708s
0710 09:24:03 ds4-server: chat ctx=0..78:78 gen=4000 finish=length 1491.280s
