ds4: Linux cuda backend set oom_score_adj=1000
ds4: CUDA backend initialized on NVIDIA GeForce RTX 3060 (sm_86)
ds4: SSD streaming initial cuda model map restricted to token embedding (1 spans, 0.99 GiB tensor span)
ds4: CUDA preparing model tensor mappings
ds4: CUDA loading model tensors into device cache
ds4: CUDA startup model preparation covered 0.99 GiB of tensor spans in 0.305s
ds4: cuda backend initialized for graph diagnostics
0709 08:22:43 ds4-server: context buffers 93.82 MiB (ctx=2048, backend=cuda, prefill_chunk=512, raw_kv_rows=768, compressed_kv_rows=514)
0709 08:22:43 ds4-server: listening on http://127.0.0.1:8014
0709 08:22:43 ds4-server: chat ctx=0..78:78 prompt start
ds4: PACE on - warmup=50 keep=32[32..96] step=4 ngram(n=3,win=120) drift=0.25 rel=0.15 hyst=200 breath(every=999999,len=80,keep=96,relearn=0) prebreath(on=1,drift=0.03,every=32,max=64) anneal_warm=300 wrap=1 cache_flush=0 prefill_apply=0 prefill_wait_wrap=0 s1=0 exchange=1
ds4: PACE prefill_reset tok=0 phase=1 keep=0 ngram=0.000 hit=1.000 breaths=0
ds4: expert tiering observe enabled (DS4_EXPERT_TIERING=observe; log=)
0709 08:22:52 ds4-server: chat ctx=0..78:78 prompt done 8.916s
ds4: CUDA loading model tensors 3.98 GiB cached
ds4: PACE learned      tok=50 phase=2 keep=0 ngram=0.000 hit=1.000 breaths=0
ds4: CUDA loading model tensors 7.86 GiB cached
0709 08:23:15 ds4-server: chat ctx=78..128:50 gen=50 decoding chunk=2.55 t/s avg=2.55 t/s 19.598s
ds4: PACE exchange descent tok=51 keep=0->32 promote=0 demote=9632 kept=1376 cold=0 total_promote=0 total_demote=9632
ds4: REAP mask applied: 40 layer, 40 device range aggiornati/creati
ds4: PACE descent      tok=51 phase=3 keep=32 ngram=0.000 hit=1.000 breaths=0
ds4: REAP prefetch (fattorino): 40 layer, 1280 expert, 3342 range, 8.45 GiB touched in 92 ms (8 thread)
ds4: PACE exchange prebreath tok=89 keep=32->36 promote=172 demote=0 kept=1376 cold=9460 total_promote=172 total_demote=9632
ds4: REAP mask applied: 40 layer, 40 device range aggiornati/creati
ds4: PACE prebreath    tok=89 phase=3 keep=36 ngram=0.032 hit=1.000 breaths=0
ds4: REAP prefetch (fattorino): 40 layer, 1440 expert, 3702 range, 9.51 GiB touched in 36 ms (8 thread)
0709 08:23:31 ds4-server: chat ctx=128..178:50 gen=100 decoding chunk=3.03 t/s avg=2.77 t/s 36.119s
ds4: PACE exchange prebreath tok=121 keep=36->40 promote=172 demote=0 kept=1548 cold=9288 total_promote=344 total_demote=9632
ds4: REAP mask applied: 40 layer, 40 device range aggiornati/creati
ds4: PACE prebreath    tok=121 phase=3 keep=40 ngram=0.065 hit=1.000 breaths=0
ds4: REAP prefetch (fattorino): 40 layer, 1600 expert, 4044 range, 10.56 GiB touched in 45 ms (8 thread)
0709 08:23:50 ds4-server: chat ctx=178..228:50 gen=150 decoding chunk=3.03 t/s avg=2.85 t/s 52.620s
ds4: PACE exchange prebreath tok=153 keep=40->44 promote=172 demote=0 kept=1720 cold=9116 total_promote=516 total_demote=9632
ds4: REAP mask applied: 40 layer, 40 device range aggiornati/creati
ds4: PACE prebreath    tok=153 phase=3 keep=44 ngram=0.079 hit=1.000 breaths=0
ds4: REAP prefetch (fattorino): 40 layer, 1760 expert, 4365 range, 11.62 GiB touched in 44 ms (8 thread)
ds4: PACE exchange prebreath tok=185 keep=44->48 promote=172 demote=0 kept=1892 cold=8944 total_promote=688 total_demote=9632
ds4: REAP mask applied: 40 layer, 40 device range aggiornati/creati
ds4: PACE prebreath    tok=185 phase=3 keep=48 ngram=0.118 hit=1.000 breaths=0
ds4: REAP prefetch (fattorino): 40 layer, 1920 expert, 4683 range, 12.67 GiB touched in 42 ms (8 thread)
0709 08:24:07 ds4-server: chat ctx=228..278:50 gen=200 decoding chunk=3.02 t/s avg=2.89 t/s 69.200s
ds4: PACE exchange prebreath tok=217 keep=48->52 promote=172 demote=0 kept=2064 cold=8772 total_promote=860 total_demote=9632
ds4: REAP mask applied: 40 layer, 40 device range aggiornati/creati
ds4: PACE prebreath    tok=217 phase=3 keep=52 ngram=0.143 hit=1.000 breaths=0
ds4: REAP prefetch (fattorino): 40 layer, 2080 expert, 4977 range, 13.73 GiB touched in 45 ms (8 thread)
ds4: PACE exchange prebreath tok=249 keep=52->56 promote=172 demote=0 kept=2236 cold=8600 total_promote=1032 total_demote=9632
ds4: REAP mask applied: 40 layer, 40 device range aggiornati/creati
ds4: PACE prebreath    tok=249 phase=3 keep=56 ngram=0.199 hit=1.000 breaths=0
ds4: REAP prefetch (fattorino): 40 layer, 2240 expert, 5232 range, 14.79 GiB touched in 50 ms (8 thread)
0709 08:24:27 ds4-server: chat ctx=278..328:50 gen=250 decoding chunk=3.04 t/s avg=2.92 t/s 85.627s
ds4: PACE exchange prebreath tok=281 keep=56->60 promote=172 demote=0 kept=2408 cold=8428 total_promote=1204 total_demote=9632
ds4: REAP mask applied: 40 layer, 40 device range aggiornati/creati
ds4: PACE prebreath    tok=281 phase=3 keep=60 ngram=0.145 hit=1.000 breaths=0
ds4: REAP prefetch (fattorino): 40 layer, 2400 expert, 5484 range, 15.84 GiB touched in 55 ms (8 thread)
0709 08:24:43 ds4-server: chat ctx=328..378:50 gen=300 decoding chunk=2.99 t/s avg=2.93 t/s 102.343s
ds4: PACE exchange prebreath tok=313 keep=60->64 promote=172 demote=0 kept=2580 cold=8256 total_promote=1376 total_demote=9632
ds4: REAP mask applied: 40 layer, 40 device range aggiornati/creati
ds4: PACE prebreath    tok=313 phase=3 keep=64 ngram=0.142 hit=1.000 breaths=0
ds4: REAP prefetch (fattorino): 40 layer, 2560 expert, 5718 range, 16.90 GiB touched in 66 ms (8 thread)
0709 08:24:50 ds4-server: chat ctx=378..398:20 gen=320 decoding chunk=2.98 t/s avg=2.93 t/s 109.044s
0709 08:24:50 ds4-server: chat ctx=0..78:78 gen=320 finish=length 117.961s
