ds4: Linux cuda backend set oom_score_adj=1000
ds4: CUDA backend initialized on NVIDIA GeForce RTX 3060 (sm_86)
ds4: SSD streaming initial cuda model map restricted to token embedding (1 spans, 0.99 GiB tensor span)
ds4: CUDA preparing model tensor mappings
ds4: CUDA loading model tensors into device cache
ds4: CUDA startup model preparation covered 0.99 GiB of tensor spans in 0.292s
ds4: cuda backend initialized for graph diagnostics
0709 07:45:06 ds4-server: context buffers 93.82 MiB (ctx=2048, backend=cuda, prefill_chunk=512, raw_kv_rows=768, compressed_kv_rows=514)
0709 07:45:06 ds4-server: listening on http://127.0.0.1:8014
0709 07:45:06 ds4-server: chat ctx=0..78:78 prompt start
ds4: PACE on - warmup=50 keep=23[23..96] step=8 ngram(n=3,win=120) drift=0.25 rel=0.15 hyst=200 breath(every=999999,len=80,keep=96,relearn=0) prebreath(on=1,drift=0.03,every=32,max=64) anneal_warm=300 wrap=1 cache_flush=0 prefill_apply=0 prefill_wait_wrap=0 s1=0 exchange=1
ds4: PACE prefill_reset tok=0 phase=1 keep=0 ngram=0.000 hit=1.000 breaths=0
ds4: expert tiering observe enabled (DS4_EXPERT_TIERING=observe; log=)
0709 07:45:15 ds4-server: chat ctx=0..78:78 prompt done 9.259s
ds4: CUDA loading model tensors 2.43 GiB cached
ds4: PACE learned      tok=50 phase=2 keep=0 ngram=0.000 hit=1.000 breaths=0
ds4: CUDA loading model tensors 7.86 GiB cached
0709 07:45:40 ds4-server: chat ctx=78..128:50 gen=50 decoding chunk=2.31 t/s avg=2.31 t/s 21.651s
ds4: PACE exchange descent tok=51 keep=0->23 promote=0 demote=10019 kept=989 cold=0 total_promote=0 total_demote=10019
ds4: REAP mask applied: 40 layer, 40 device range aggiornati/creati
ds4: PACE descent      tok=51 phase=3 keep=23 ngram=0.000 hit=1.000 breaths=0
ds4: REAP prefetch (fattorino): 40 layer, 920 expert, 2508 range, 6.07 GiB touched in 65 ms (8 thread)
ds4: PACE exchange prebreath tok=88 keep=23->31 promote=344 demote=0 kept=989 cold=9675 total_promote=344 total_demote=10019
ds4: REAP mask applied: 40 layer, 40 device range aggiornati/creati
ds4: PACE prebreath    tok=88 phase=3 keep=31 ngram=0.031 hit=1.000 breaths=0
ds4: REAP prefetch (fattorino): 40 layer, 1240 expert, 3267 range, 8.19 GiB touched in 40 ms (8 thread)
0709 07:45:58 ds4-server: chat ctx=128..178:50 gen=100 decoding chunk=2.75 t/s avg=2.51 t/s 39.844s
ds4: PACE exchange prebreath tok=120 keep=31->39 promote=344 demote=0 kept=1333 cold=9331 total_promote=688 total_demote=10019
ds4: REAP mask applied: 40 layer, 40 device range aggiornati/creati
ds4: PACE prebreath    tok=120 phase=3 keep=39 ngram=0.041 hit=1.000 breaths=0
ds4: REAP prefetch (fattorino): 40 layer, 1560 expert, 3957 range, 10.30 GiB touched in 63 ms (8 thread)
0709 07:46:20 ds4-server: chat ctx=178..228:50 gen=150 decoding chunk=2.65 t/s avg=2.55 t/s 58.713s
ds4: PACE exchange prebreath tok=152 keep=39->47 promote=344 demote=0 kept=1677 cold=8987 total_promote=1032 total_demote=10019
ds4: REAP mask applied: 40 layer, 40 device range aggiornati/creati
ds4: PACE prebreath    tok=152 phase=3 keep=47 ngram=0.072 hit=1.000 breaths=0
ds4: REAP prefetch (fattorino): 40 layer, 1880 expert, 4617 range, 12.41 GiB touched in 70 ms (8 thread)
0709 07:46:24 ds4-server: chat ctx=228..238:10 gen=160 decoding chunk=2.79 t/s avg=2.57 t/s 62.294s
0709 07:46:24 ds4-server: chat ctx=0..78:78 gen=160 finish=length 71.553s
