ds4: Linux cuda backend set oom_score_adj=1000
ds4: CUDA backend initialized on NVIDIA GeForce RTX 3060 (sm_86)
ds4: SSD streaming initial cuda model map restricted to token embedding (1 spans, 0.99 GiB tensor span)
ds4: CUDA preparing model tensor mappings
ds4: CUDA loading model tensors into device cache
ds4: CUDA startup model preparation covered 0.99 GiB of tensor spans in 0.286s
ds4: cuda backend initialized for graph diagnostics
0709 07:52:30 ds4-server: context buffers 93.82 MiB (ctx=2048, backend=cuda, prefill_chunk=512, raw_kv_rows=768, compressed_kv_rows=514)
0709 07:52:30 ds4-server: listening on http://127.0.0.1:8014
0709 07:52:30 ds4-server: chat ctx=0..129:129 prompt start
ds4: PACE on - warmup=50 keep=23[23..96] step=8 ngram(n=3,win=120) drift=0.25 rel=0.15 hyst=200 breath(every=999999,len=80,keep=96,relearn=0) prebreath(on=0,drift=0.03,every=64,max=96) anneal_warm=300 wrap=1 cache_flush=0 prefill_apply=0 prefill_wait_wrap=0 s1=0 exchange=1
ds4: PACE prefill_reset tok=0 phase=1 keep=0 ngram=0.000 hit=1.000 breaths=0
ds4: expert tiering observe enabled (DS4_EXPERT_TIERING=observe; log=)
ds4: CUDA loading model tensors 0.15 GiB cached
ds4: CUDA loading model tensors 0.13 GiB cached
ds4: CUDA loading model tensors 0.14 GiB cached
ds4: CUDA loading model tensors 0.15 GiB cached
ds4: CUDA loading model tensors 0.13 GiB cached
ds4: CUDA loading model tensors 0.15 GiB cached
ds4: CUDA loading model tensors 0.13 GiB cached
ds4: CUDA loading model tensors 0.15 GiB cached
ds4: CUDA loading model tensors 0.13 GiB cached
ds4: CUDA loading model tensors 0.15 GiB cached
ds4: CUDA loading model tensors 0.16 GiB cached
ds4: CUDA loading model tensors 0.15 GiB cached
ds4: CUDA loading model tensors 0.00 GiB cached
ds4: CUDA loading model tensors 0.13 GiB cached
ds4: CUDA loading model tensors 0.19 GiB cached
0709 07:57:15 ds4-server: chat ctx=0..129:129 prompt done 260.898s
ds4: CUDA loading model tensors 2.12 GiB cached
ds4: CUDA loading model tensors 7.86 GiB cached
ds4: PACE learned      tok=50 phase=2 keep=0 ngram=0.000 hit=1.000 breaths=0
0709 07:58:54 ds4-server: chat ctx=129..179:50 gen=50 decoding chunk=0.55 t/s avg=0.55 t/s 91.371s
ds4: PACE exchange descent tok=51 keep=0->23 promote=0 demote=10019 kept=989 cold=0 total_promote=0 total_demote=10019
ds4: REAP mask applied: 40 layer, 40 device range aggiornati/creati
ds4: PACE descent      tok=51 phase=3 keep=23 ngram=0.000 hit=1.000 breaths=0
ds4: REAP prefetch (fattorino): 40 layer, 920 expert, 2535 range, 6.07 GiB touched in 513 ms (8 thread)
0709 07:59:22 ds4-server: chat ctx=179..229:50 gen=100 decoding chunk=2.02 t/s avg=0.86 t/s 116.129s
ds4: PACE exchange breath(ngram) tok=130 keep=23->96 promote=3139 demote=0 kept=989 cold=6880 total_promote=3139 total_demote=10019
ds4: REAP mask applied: 40 layer, 40 device range aggiornati/creati
ds4: PACE breath(ngram) tok=130 phase=4 keep=96 ngram=0.252 hit=1.000 breaths=1
ds4: REAP prefetch (fattorino): 40 layer, 3840 expert, 7155 range, 25.34 GiB touched in 5170 ms (8 thread)
0709 07:59:52 ds4-server: chat ctx=229..279:50 gen=150 decoding chunk=1.82 t/s avg=1.04 t/s 143.576s
0709 08:00:18 ds4-server: chat ctx=279..329:50 gen=200 decoding chunk=2.15 t/s avg=1.20 t/s 166.853s
ds4: PACE exchange breath_end tok=210 keep=96->31 promote=0 demote=2795 kept=1333 cold=6880 total_promote=3139 total_demote=12814
ds4: REAP mask applied: 40 layer, 40 device range aggiornati/creati
ds4: PACE breath_end   tok=210 phase=3 keep=31 ngram=0.873 hit=1.000 breaths=1
ds4: REAP prefetch (fattorino): 40 layer, 1240 expert, 3321 range, 8.19 GiB touched in 69 ms (8 thread)
0709 08:00:35 ds4-server: chat ctx=329..369:40 gen=240 decoding chunk=2.31 t/s avg=1.30 t/s 184.160s
0709 08:00:35 ds4-server: chat ctx=0..129:129 gen=240 finish=length 445.061s
