ds4: Linux cuda backend set oom_score_adj=1000
ds4: CUDA backend initialized on NVIDIA GeForce RTX 3060 (sm_86)
ds4: SSD streaming initial cuda model map restricted to token embedding (1 spans, 0.99 GiB tensor span)
ds4: CUDA preparing model tensor mappings
ds4: CUDA loading model tensors into device cache
ds4: CUDA startup model preparation covered 0.99 GiB of tensor spans in 4.491s
ds4: cuda backend initialized for graph diagnostics
0710 12:19:23 ds4-server: context buffers 180.44 MiB (ctx=8192, backend=cuda, prefill_chunk=512, raw_kv_rows=768, compressed_kv_rows=2050)
0710 12:19:23 ds4-server: listening on http://127.0.0.1:8022
0710 12:19:24 ds4-server: chat ctx=0..78:78 prompt start
ds4: PACE on - warmup=100 keep=23[23..96] step=0 ngram(n=3,win=120) drift=1.00 rel=0.15 hyst=200 breath(every=999999,len=80,keep=96,relearn=0) prebreath(on=0,drift=0.18,target=0.18,every=64,max=96,adapt=0,gain=8.00,pow=1.00,step_max=0,relearn=0,rdecay=0.30) anneal_warm=300 wrap=1 wrap_rotate=0 cache_flush=0 prefill_apply=0 prefill_wait_wrap=0 s1=0 exchange=0 relearn_on_tighten=0 weighted(warmup=0,relearn=0) rotate(on=1,every=32,decay=0.980,preserve_stable=1)
ds4: PACE prefill_reset tok=0 phase=1 keep=0 ngram=0.000 hit=1.000 breaths=0
ds4: expert tiering observe enabled (DS4_EXPERT_TIERING=observe; log=)
ds4: CUDA loading model tensors 0.12 GiB cached
ds4: CUDA loading model tensors 0.00 GiB cached
ds4: CUDA loading model tensors 0.01 GiB cached
ds4: CUDA loading model tensors 0.15 GiB cached
ds4: CUDA loading model tensors 0.13 GiB cached
ds4: CUDA loading model tensors 0.14 GiB cached
ds4: CUDA loading model tensors 0.15 GiB cached
ds4: CUDA loading model tensors 0.13 GiB cached
ds4: CUDA loading model tensors 0.14 GiB cached
ds4: CUDA loading model tensors 0.13 GiB cached
ds4: CUDA loading model tensors 0.00 GiB cached
0710 12:21:33 ds4-server: chat ctx=0..78:78 prompt done 124.043s
ds4: CUDA loading model tensors 7.01 GiB cached
ds4: CUDA loading model tensors 7.86 GiB cached
0710 12:23:05 ds4-server: chat ctx=78..128:50 gen=50 decoding chunk=0.57 t/s avg=0.57 t/s 88.078s
ds4: PACE learned      tok=100 phase=2 keep=0 ngram=0.021 hit=1.000 breaths=0
0710 12:24:22 ds4-server: chat ctx=128..178:50 gen=100 decoding chunk=0.68 t/s avg=0.62 t/s 161.927s
ds4: REAP mask applied: 40 layer, 40 device range aggiornati/creati
ds4: PACE descent      tok=101 phase=3 keep=23 ngram=0.021 hit=1.000 breaths=0
ds4: REAP prefetch (fattorino): 40 layer, 920 expert, 2514 range, 6.07 GiB touched in 753 ms (16 thread, mlock)
ds4: REAP mask applied: 40 layer, 40 device range aggiornati/creati
ds4: PACE rotate       tok=133 phase=3 keep=23 ngram=0.029 hit=1.000 breaths=0
0710 12:24:55 ds4-server: chat ctx=178..228:50 gen=150 decoding chunk=1.60 t/s avg=0.78 t/s 193.162s
ds4: REAP mask applied: 40 layer, 40 device range aggiornati/creati
ds4: PACE rotate       tok=165 phase=3 keep=23 ngram=0.053 hit=1.000 breaths=0
ds4: REAP mask applied: 40 layer, 40 device range aggiornati/creati
ds4: PACE rotate       tok=197 phase=3 keep=23 ngram=0.038 hit=1.000 breaths=0
0710 12:25:24 ds4-server: chat ctx=228..278:50 gen=200 decoding chunk=1.81 t/s avg=0.91 t/s 220.797s
ds4: REAP mask applied: 40 layer, 40 device range aggiornati/creati
ds4: PACE rotate       tok=229 phase=3 keep=23 ngram=0.046 hit=1.000 breaths=0
0710 12:25:46 ds4-server: chat ctx=278..328:50 gen=250 decoding chunk=2.26 t/s avg=1.03 t/s 242.920s
ds4: REAP mask applied: 40 layer, 40 device range aggiornati/creati
ds4: PACE rotate       tok=261 phase=3 keep=23 ngram=0.071 hit=1.000 breaths=0
ds4: REAP mask applied: 40 layer, 40 device range aggiornati/creati
ds4: PACE rotate       tok=293 phase=3 keep=23 ngram=0.060 hit=1.000 breaths=0
0710 12:26:06 ds4-server: chat ctx=328..378:50 gen=300 decoding chunk=2.61 t/s avg=1.14 t/s 262.081s
ds4: REAP mask applied: 40 layer, 40 device range aggiornati/creati
ds4: PACE rotate       tok=325 phase=3 keep=23 ngram=0.132 hit=1.000 breaths=0
0710 12:26:28 ds4-server: chat ctx=378..428:50 gen=350 decoding chunk=2.52 t/s avg=1.24 t/s 281.916s
ds4: REAP mask applied: 40 layer, 40 device range aggiornati/creati
ds4: PACE rotate       tok=357 phase=3 keep=23 ngram=0.275 hit=1.000 breaths=0
ds4: REAP mask applied: 40 layer, 40 device range aggiornati/creati
ds4: PACE rotate       tok=389 phase=3 keep=23 ngram=0.278 hit=1.000 breaths=0
0710 12:26:48 ds4-server: chat ctx=428..478:50 gen=400 decoding chunk=2.42 t/s avg=1.32 t/s 302.581s
ds4: REAP mask applied: 40 layer, 40 device range aggiornati/creati
ds4: PACE rotate       tok=421 phase=3 keep=23 ngram=0.193 hit=1.000 breaths=0
0710 12:27:08 ds4-server: chat ctx=478..528:50 gen=450 decoding chunk=2.74 t/s avg=1.40 t/s 320.813s
ds4: REAP mask applied: 40 layer, 40 device range aggiornati/creati
ds4: PACE rotate       tok=453 phase=3 keep=23 ngram=0.114 hit=1.000 breaths=0
ds4: REAP mask applied: 40 layer, 40 device range aggiornati/creati
ds4: PACE rotate       tok=485 phase=3 keep=23 ngram=0.125 hit=1.000 breaths=0
0710 12:27:27 ds4-server: chat ctx=528..578:50 gen=500 decoding chunk=2.68 t/s avg=1.47 t/s 339.462s
ds4: REAP mask applied: 40 layer, 40 device range aggiornati/creati
ds4: PACE rotate       tok=517 phase=3 keep=23 ngram=0.097 hit=1.000 breaths=0
ds4: REAP mask applied: 40 layer, 40 device range aggiornati/creati
ds4: PACE rotate       tok=549 phase=3 keep=23 ngram=0.136 hit=1.000 breaths=0
0710 12:27:46 ds4-server: chat ctx=578..628:50 gen=550 decoding chunk=2.85 t/s avg=1.54 t/s 356.978s
ds4: REAP mask applied: 40 layer, 40 device range aggiornati/creati
ds4: PACE rotate       tok=581 phase=3 keep=23 ngram=0.193 hit=1.000 breaths=0
0710 12:28:08 ds4-server: chat ctx=628..678:50 gen=600 decoding chunk=2.35 t/s avg=1.59 t/s 378.246s
ds4: REAP mask applied: 40 layer, 40 device range aggiornati/creati
ds4: PACE rotate       tok=613 phase=3 keep=23 ngram=0.189 hit=1.000 breaths=0
ds4: REAP mask applied: 40 layer, 40 device range aggiornati/creati
ds4: PACE rotate       tok=645 phase=3 keep=23 ngram=0.156 hit=1.000 breaths=0
0710 12:28:26 ds4-server: chat ctx=678..728:50 gen=650 decoding chunk=2.78 t/s avg=1.64 t/s 396.247s
ds4: REAP mask applied: 40 layer, 40 device range aggiornati/creati
ds4: PACE rotate       tok=677 phase=3 keep=23 ngram=0.149 hit=1.000 breaths=0
0710 12:28:46 ds4-server: chat ctx=728..778:50 gen=700 decoding chunk=2.73 t/s avg=1.69 t/s 414.582s
ds4: REAP mask applied: 40 layer, 40 device range aggiornati/creati
ds4: PACE rotate       tok=709 phase=3 keep=23 ngram=0.117 hit=1.000 breaths=0
ds4: REAP mask applied: 40 layer, 40 device range aggiornati/creati
ds4: PACE rotate       tok=741 phase=3 keep=23 ngram=0.212 hit=1.000 breaths=0
0710 12:29:05 ds4-server: chat ctx=778..828:50 gen=750 decoding chunk=2.60 t/s avg=1.73 t/s 433.818s
ds4: REAP mask applied: 40 layer, 40 device range aggiornati/creati
ds4: PACE rotate       tok=773 phase=3 keep=23 ngram=0.232 hit=1.000 breaths=0
0710 12:29:23 ds4-server: chat ctx=828..878:50 gen=800 decoding chunk=2.85 t/s avg=1.77 t/s 451.351s
ds4: REAP mask applied: 40 layer, 40 device range aggiornati/creati
ds4: PACE rotate       tok=805 phase=3 keep=23 ngram=0.193 hit=1.000 breaths=0
ds4: REAP mask applied: 40 layer, 40 device range aggiornati/creati
ds4: PACE rotate       tok=837 phase=3 keep=23 ngram=0.201 hit=1.000 breaths=0
0710 12:29:44 ds4-server: chat ctx=878..928:50 gen=850 decoding chunk=2.63 t/s avg=1.81 t/s 470.353s
ds4: REAP mask applied: 40 layer, 40 device range aggiornati/creati
ds4: PACE rotate       tok=869 phase=3 keep=23 ngram=0.193 hit=1.000 breaths=0
0710 12:30:01 ds4-server: chat ctx=928..978:50 gen=900 decoding chunk=2.97 t/s avg=1.85 t/s 487.206s
ds4: REAP mask applied: 40 layer, 40 device range aggiornati/creati
ds4: PACE rotate       tok=901 phase=3 keep=23 ngram=0.221 hit=1.000 breaths=0
ds4: REAP mask applied: 40 layer, 40 device range aggiornati/creati
ds4: PACE rotate       tok=933 phase=3 keep=23 ngram=0.271 hit=1.000 breaths=0
0710 12:30:19 ds4-server: chat ctx=978..1028:50 gen=950 decoding chunk=2.82 t/s avg=1.88 t/s 504.925s
ds4: REAP mask applied: 40 layer, 40 device range aggiornati/creati
ds4: PACE rotate       tok=965 phase=3 keep=23 ngram=0.295 hit=1.000 breaths=0
ds4: REAP mask applied: 40 layer, 40 device range aggiornati/creati
ds4: PACE rotate       tok=997 phase=3 keep=23 ngram=0.188 hit=1.000 breaths=0
0710 12:30:38 ds4-server: chat ctx=1028..1078:50 gen=1000 decoding chunk=2.79 t/s avg=1.91 t/s 522.817s
ds4: REAP mask applied: 40 layer, 40 device range aggiornati/creati
ds4: PACE rotate       tok=1029 phase=3 keep=23 ngram=0.169 hit=1.000 breaths=0
0710 12:30:56 ds4-server: chat ctx=1078..1128:50 gen=1050 decoding chunk=2.89 t/s avg=1.94 t/s 540.132s
ds4: REAP mask applied: 40 layer, 40 device range aggiornati/creati
ds4: PACE rotate       tok=1061 phase=3 keep=23 ngram=0.150 hit=1.000 breaths=0
ds4: REAP mask applied: 40 layer, 40 device range aggiornati/creati
ds4: PACE rotate       tok=1093 phase=3 keep=23 ngram=0.111 hit=1.000 breaths=0
0710 12:31:15 ds4-server: chat ctx=1128..1178:50 gen=1100 decoding chunk=2.74 t/s avg=1.97 t/s 558.413s
ds4: REAP mask applied: 40 layer, 40 device range aggiornati/creati
ds4: PACE rotate       tok=1125 phase=3 keep=23 ngram=0.194 hit=1.000 breaths=0
0710 12:31:32 ds4-server: chat ctx=1178..1228:50 gen=1150 decoding chunk=2.93 t/s avg=2.00 t/s 575.491s
ds4: REAP mask applied: 40 layer, 40 device range aggiornati/creati
ds4: PACE rotate       tok=1157 phase=3 keep=23 ngram=0.204 hit=1.000 breaths=0
ds4: REAP mask applied: 40 layer, 40 device range aggiornati/creati
ds4: PACE rotate       tok=1189 phase=3 keep=23 ngram=0.209 hit=1.000 breaths=0
0710 12:31:51 ds4-server: chat ctx=1228..1278:50 gen=1200 decoding chunk=2.81 t/s avg=2.02 t/s 593.276s
ds4: REAP mask applied: 40 layer, 40 device range aggiornati/creati
ds4: PACE rotate       tok=1221 phase=3 keep=23 ngram=0.183 hit=1.000 breaths=0
0710 12:32:08 ds4-server: chat ctx=1278..1328:50 gen=1250 decoding chunk=2.84 t/s avg=2.05 t/s 610.860s
ds4: REAP mask applied: 40 layer, 40 device range aggiornati/creati
ds4: PACE rotate       tok=1253 phase=3 keep=23 ngram=0.119 hit=1.000 breaths=0
ds4: REAP mask applied: 40 layer, 40 device range aggiornati/creati
ds4: PACE rotate       tok=1285 phase=3 keep=23 ngram=0.165 hit=1.000 breaths=0
0710 12:32:27 ds4-server: chat ctx=1328..1378:50 gen=1300 decoding chunk=2.86 t/s avg=2.07 t/s 628.358s
ds4: REAP mask applied: 40 layer, 40 device range aggiornati/creati
ds4: PACE rotate       tok=1317 phase=3 keep=23 ngram=0.175 hit=1.000 breaths=0
ds4: REAP mask applied: 40 layer, 40 device range aggiornati/creati
ds4: PACE rotate       tok=1349 phase=3 keep=23 ngram=0.266 hit=1.000 breaths=0
0710 12:32:44 ds4-server: chat ctx=1378..1428:50 gen=1350 decoding chunk=2.90 t/s avg=2.09 t/s 645.628s
ds4: REAP mask applied: 40 layer, 40 device range aggiornati/creati
ds4: PACE rotate       tok=1381 phase=3 keep=23 ngram=0.225 hit=1.000 breaths=0
0710 12:33:03 ds4-server: chat ctx=1428..1478:50 gen=1400 decoding chunk=2.88 t/s avg=2.11 t/s 662.970s
ds4: REAP mask applied: 40 layer, 40 device range aggiornati/creati
ds4: PACE rotate       tok=1413 phase=3 keep=23 ngram=0.225 hit=1.000 breaths=0
ds4: REAP mask applied: 40 layer, 40 device range aggiornati/creati
ds4: PACE rotate       tok=1445 phase=3 keep=23 ngram=0.187 hit=1.000 breaths=0
0710 12:33:21 ds4-server: chat ctx=1478..1528:50 gen=1450 decoding chunk=2.80 t/s avg=2.13 t/s 680.814s
ds4: REAP mask applied: 40 layer, 40 device range aggiornati/creati
ds4: PACE rotate       tok=1477 phase=3 keep=23 ngram=0.156 hit=1.000 breaths=0
0710 12:33:39 ds4-server: chat ctx=1528..1578:50 gen=1500 decoding chunk=2.87 t/s avg=2.15 t/s 698.247s
ds4: REAP mask applied: 40 layer, 40 device range aggiornati/creati
ds4: PACE rotate       tok=1509 phase=3 keep=23 ngram=0.142 hit=1.000 breaths=0
ds4: REAP mask applied: 40 layer, 40 device range aggiornati/creati
ds4: PACE rotate       tok=1541 phase=3 keep=23 ngram=0.170 hit=1.000 breaths=0
0710 12:33:58 ds4-server: chat ctx=1578..1628:50 gen=1550 decoding chunk=2.72 t/s avg=2.16 t/s 716.624s
ds4: REAP mask applied: 40 layer, 40 device range aggiornati/creati
ds4: PACE rotate       tok=1573 phase=3 keep=23 ngram=0.142 hit=1.000 breaths=0
0710 12:34:16 ds4-server: chat ctx=1628..1678:50 gen=1600 decoding chunk=2.82 t/s avg=2.18 t/s 734.357s
ds4: REAP mask applied: 40 layer, 40 device range aggiornati/creati
ds4: PACE rotate       tok=1605 phase=3 keep=23 ngram=0.112 hit=1.000 breaths=0
ds4: REAP mask applied: 40 layer, 40 device range aggiornati/creati
ds4: PACE rotate       tok=1637 phase=3 keep=23 ngram=0.154 hit=1.000 breaths=0
0710 12:34:34 ds4-server: chat ctx=1678..1728:50 gen=1650 decoding chunk=2.79 t/s avg=2.19 t/s 752.286s
ds4: REAP mask applied: 40 layer, 40 device range aggiornati/creati
ds4: PACE rotate       tok=1669 phase=3 keep=23 ngram=0.229 hit=1.000 breaths=0
0710 12:34:52 ds4-server: chat ctx=1728..1778:50 gen=1700 decoding chunk=2.90 t/s avg=2.21 t/s 769.517s
ds4: REAP mask applied: 40 layer, 40 device range aggiornati/creati
ds4: PACE rotate       tok=1701 phase=3 keep=23 ngram=0.268 hit=1.000 breaths=0
ds4: REAP mask applied: 40 layer, 40 device range aggiornati/creati
ds4: PACE rotate       tok=1733 phase=3 keep=23 ngram=0.315 hit=1.000 breaths=0
0710 12:35:11 ds4-server: chat ctx=1778..1828:50 gen=1750 decoding chunk=2.76 t/s avg=2.22 t/s 787.626s
ds4: REAP mask applied: 40 layer, 40 device range aggiornati/creati
ds4: PACE rotate       tok=1765 phase=3 keep=23 ngram=0.301 hit=1.000 breaths=0
ds4: REAP mask applied: 40 layer, 40 device range aggiornati/creati
ds4: PACE rotate       tok=1797 phase=3 keep=23 ngram=0.308 hit=1.000 breaths=0
0710 12:35:28 ds4-server: chat ctx=1828..1878:50 gen=1800 decoding chunk=2.88 t/s avg=2.24 t/s 804.977s
ds4: REAP mask applied: 40 layer, 40 device range aggiornati/creati
ds4: PACE rotate       tok=1829 phase=3 keep=23 ngram=0.219 hit=1.000 breaths=0
0710 12:35:47 ds4-server: chat ctx=1878..1928:50 gen=1850 decoding chunk=2.79 t/s avg=2.25 t/s 822.908s
ds4: REAP mask applied: 40 layer, 40 device range aggiornati/creati
ds4: PACE rotate       tok=1861 phase=3 keep=23 ngram=0.139 hit=1.000 breaths=0
ds4: REAP mask applied: 40 layer, 40 device range aggiornati/creati
ds4: PACE rotate       tok=1893 phase=3 keep=23 ngram=0.072 hit=1.000 breaths=0
0710 12:36:05 ds4-server: chat ctx=1928..1978:50 gen=1900 decoding chunk=2.80 t/s avg=2.26 t/s 840.741s
ds4: REAP mask applied: 40 layer, 40 device range aggiornati/creati
ds4: PACE rotate       tok=1925 phase=3 keep=23 ngram=0.090 hit=1.000 breaths=0
0710 12:36:24 ds4-server: chat ctx=1978..2028:50 gen=1950 decoding chunk=2.83 t/s avg=2.27 t/s 858.422s
ds4: REAP mask applied: 40 layer, 40 device range aggiornati/creati
ds4: PACE rotate       tok=1957 phase=3 keep=23 ngram=0.071 hit=1.000 breaths=0
ds4: REAP mask applied: 40 layer, 40 device range aggiornati/creati
ds4: PACE rotate       tok=1989 phase=3 keep=23 ngram=0.046 hit=1.000 breaths=0
0710 12:36:42 ds4-server: chat ctx=2028..2078:50 gen=2000 decoding chunk=2.83 t/s avg=2.28 t/s 876.070s
ds4: REAP mask applied: 40 layer, 40 device range aggiornati/creati
ds4: PACE rotate       tok=2021 phase=3 keep=23 ngram=0.142 hit=1.000 breaths=0
0710 12:37:00 ds4-server: chat ctx=2078..2128:50 gen=2050 decoding chunk=2.80 t/s avg=2.29 t/s 893.897s
ds4: REAP mask applied: 40 layer, 40 device range aggiornati/creati
ds4: PACE rotate       tok=2053 phase=3 keep=23 ngram=0.311 hit=1.000 breaths=0
ds4: REAP mask applied: 40 layer, 40 device range aggiornati/creati
ds4: PACE rotate       tok=2085 phase=3 keep=23 ngram=0.342 hit=1.000 breaths=0
0710 12:37:19 ds4-server: chat ctx=2128..2178:50 gen=2100 decoding chunk=2.80 t/s avg=2.30 t/s 911.777s
ds4: REAP mask applied: 40 layer, 40 device range aggiornati/creati
ds4: PACE rotate       tok=2117 phase=3 keep=23 ngram=0.237 hit=1.000 breaths=0
ds4: REAP mask applied: 40 layer, 40 device range aggiornati/creati
ds4: PACE rotate       tok=2149 phase=3 keep=23 ngram=0.092 hit=1.000 breaths=0
0710 12:37:36 ds4-server: chat ctx=2178..2228:50 gen=2150 decoding chunk=2.88 t/s avg=2.31 t/s 929.145s
ds4: REAP mask applied: 40 layer, 40 device range aggiornati/creati
ds4: PACE rotate       tok=2181 phase=3 keep=23 ngram=0.021 hit=1.000 breaths=0
0710 12:37:55 ds4-server: chat ctx=2228..2278:50 gen=2200 decoding chunk=2.74 t/s avg=2.32 t/s 947.392s
ds4: REAP mask applied: 40 layer, 40 device range aggiornati/creati
ds4: PACE rotate       tok=2213 phase=3 keep=23 ngram=0.010 hit=1.000 breaths=0
ds4: REAP mask applied: 40 layer, 40 device range aggiornati/creati
ds4: PACE rotate       tok=2245 phase=3 keep=23 ngram=0.039 hit=1.000 breaths=0
0710 12:38:17 ds4-server: chat ctx=2278..2328:50 gen=2250 decoding chunk=2.32 t/s avg=2.32 t/s 968.972s
ds4: REAP mask applied: 40 layer, 40 device range aggiornati/creati
ds4: PACE rotate       tok=2277 phase=3 keep=23 ngram=0.102 hit=1.000 breaths=0
0710 12:38:38 ds4-server: chat ctx=2328..2378:50 gen=2300 decoding chunk=2.53 t/s avg=2.33 t/s 988.706s
ds4: REAP mask applied: 40 layer, 40 device range aggiornati/creati
ds4: PACE rotate       tok=2309 phase=3 keep=23 ngram=0.114 hit=1.000 breaths=0
ds4: REAP mask applied: 40 layer, 40 device range aggiornati/creati
ds4: PACE rotate       tok=2341 phase=3 keep=23 ngram=0.120 hit=1.000 breaths=0
0710 12:38:58 ds4-server: chat ctx=2378..2428:50 gen=2350 decoding chunk=2.65 t/s avg=2.33 t/s 1007.600s
ds4: REAP mask applied: 40 layer, 40 device range aggiornati/creati
ds4: PACE rotate       tok=2373 phase=3 keep=23 ngram=0.174 hit=1.000 breaths=0
0710 12:39:16 ds4-server: chat ctx=2428..2478:50 gen=2400 decoding chunk=2.79 t/s avg=2.34 t/s 1025.548s
ds4: REAP mask applied: 40 layer, 40 device range aggiornati/creati
ds4: PACE rotate       tok=2405 phase=3 keep=23 ngram=0.246 hit=1.000 breaths=0
ds4: REAP mask applied: 40 layer, 40 device range aggiornati/creati
ds4: PACE rotate       tok=2437 phase=3 keep=23 ngram=0.273 hit=1.000 breaths=0
0710 12:39:35 ds4-server: chat ctx=2478..2528:50 gen=2450 decoding chunk=2.77 t/s avg=2.35 t/s 1043.570s
ds4: REAP mask applied: 40 layer, 40 device range aggiornati/creati
ds4: PACE rotate       tok=2469 phase=3 keep=23 ngram=0.390 hit=1.000 breaths=0
0710 12:39:53 ds4-server: chat ctx=2528..2578:50 gen=2500 decoding chunk=2.69 t/s avg=2.35 t/s 1062.169s
ds4: REAP mask applied: 40 layer, 40 device range aggiornati/creati
ds4: PACE rotate       tok=2501 phase=3 keep=23 ngram=0.565 hit=1.000 breaths=0
ds4: REAP mask applied: 40 layer, 40 device range aggiornati/creati
ds4: PACE rotate       tok=2533 phase=3 keep=23 ngram=0.815 hit=1.000 breaths=0
0710 12:40:13 ds4-server: chat ctx=2578..2628:50 gen=2550 decoding chunk=2.72 t/s avg=2.36 t/s 1080.536s
ds4: REAP mask applied: 40 layer, 40 device range aggiornati/creati
ds4: PACE rotate       tok=2565 phase=3 keep=23 ngram=0.959 hit=1.000 breaths=0
ds4: REAP mask applied: 40 layer, 40 device range aggiornati/creati
ds4: PACE rotate       tok=2597 phase=3 keep=23 ngram=0.966 hit=1.000 breaths=0
0710 12:40:31 ds4-server: chat ctx=2628..2678:50 gen=2600 decoding chunk=2.81 t/s avg=2.37 t/s 1098.329s
ds4: REAP mask applied: 40 layer, 40 device range aggiornati/creati
ds4: PACE rotate       tok=2629 phase=3 keep=23 ngram=0.966 hit=1.000 breaths=0
0710 12:40:50 ds4-server: chat ctx=2678..2728:50 gen=2650 decoding chunk=2.78 t/s avg=2.37 t/s 1116.320s
ds4: REAP mask applied: 40 layer, 40 device range aggiornati/creati
ds4: PACE rotate       tok=2661 phase=3 keep=23 ngram=0.966 hit=1.000 breaths=0
ds4: REAP mask applied: 40 layer, 40 device range aggiornati/creati
ds4: PACE rotate       tok=2693 phase=3 keep=23 ngram=0.966 hit=1.000 breaths=0
0710 12:41:09 ds4-server: chat ctx=2728..2778:50 gen=2700 decoding chunk=2.76 t/s avg=2.38 t/s 1134.410s
ds4: REAP mask applied: 40 layer, 40 device range aggiornati/creati
ds4: PACE rotate       tok=2725 phase=3 keep=23 ngram=0.966 hit=1.000 breaths=0
0710 12:41:27 ds4-server: chat ctx=2778..2828:50 gen=2750 decoding chunk=2.82 t/s avg=2.39 t/s 1152.167s
ds4: REAP mask applied: 40 layer, 40 device range aggiornati/creati
ds4: PACE rotate       tok=2757 phase=3 keep=23 ngram=0.966 hit=1.000 breaths=0
ds4: REAP mask applied: 40 layer, 40 device range aggiornati/creati
ds4: PACE rotate       tok=2789 phase=3 keep=23 ngram=0.966 hit=1.000 breaths=0
0710 12:41:46 ds4-server: chat ctx=2828..2878:50 gen=2800 decoding chunk=2.75 t/s avg=2.39 t/s 1170.345s
ds4: REAP mask applied: 40 layer, 40 device range aggiornati/creati
ds4: PACE rotate       tok=2821 phase=3 keep=23 ngram=0.966 hit=1.000 breaths=0
0710 12:42:04 ds4-server: chat ctx=2878..2928:50 gen=2850 decoding chunk=2.84 t/s avg=2.40 t/s 1187.968s
ds4: REAP mask applied: 40 layer, 40 device range aggiornati/creati
ds4: PACE rotate       tok=2853 phase=3 keep=23 ngram=0.966 hit=1.000 breaths=0
ds4: REAP mask applied: 40 layer, 40 device range aggiornati/creati
ds4: PACE rotate       tok=2885 phase=3 keep=23 ngram=0.966 hit=1.000 breaths=0
0710 12:42:24 ds4-server: chat ctx=2928..2978:50 gen=2900 decoding chunk=2.64 t/s avg=2.40 t/s 1206.939s
ds4: REAP mask applied: 40 layer, 40 device range aggiornati/creati
ds4: PACE rotate       tok=2917 phase=3 keep=23 ngram=0.966 hit=1.000 breaths=0
ds4: REAP mask applied: 40 layer, 40 device range aggiornati/creati
ds4: PACE rotate       tok=2949 phase=3 keep=23 ngram=0.966 hit=1.000 breaths=0
0710 12:42:42 ds4-server: chat ctx=2978..3028:50 gen=2950 decoding chunk=2.72 t/s avg=2.41 t/s 1225.313s
ds4: REAP mask applied: 40 layer, 40 device range aggiornati/creati
ds4: PACE rotate       tok=2981 phase=3 keep=23 ngram=0.966 hit=1.000 breaths=0
0710 12:43:02 ds4-server: chat ctx=3028..3078:50 gen=3000 decoding chunk=2.73 t/s avg=2.41 t/s 1243.627s
ds4: REAP mask applied: 40 layer, 40 device range aggiornati/creati
ds4: PACE rotate       tok=3013 phase=3 keep=23 ngram=0.966 hit=1.000 breaths=0
ds4: REAP mask applied: 40 layer, 40 device range aggiornati/creati
ds4: PACE rotate       tok=3045 phase=3 keep=23 ngram=0.966 hit=1.000 breaths=0
0710 12:43:22 ds4-server: chat ctx=3078..3128:50 gen=3050 decoding chunk=2.70 t/s avg=2.42 t/s 1262.162s
ds4: REAP mask applied: 40 layer, 40 device range aggiornati/creati
ds4: PACE rotate       tok=3077 phase=3 keep=23 ngram=0.966 hit=1.000 breaths=0
0710 12:43:39 ds4-server: chat ctx=3128..3178:50 gen=3100 decoding chunk=2.82 t/s avg=2.42 t/s 1279.920s
ds4: REAP mask applied: 40 layer, 40 device range aggiornati/creati
ds4: PACE rotate       tok=3109 phase=3 keep=23 ngram=0.966 hit=1.000 breaths=0
ds4: REAP mask applied: 40 layer, 40 device range aggiornati/creati
ds4: PACE rotate       tok=3141 phase=3 keep=23 ngram=0.966 hit=1.000 breaths=0
0710 12:43:59 ds4-server: chat ctx=3178..3228:50 gen=3150 decoding chunk=2.74 t/s avg=2.43 t/s 1298.175s
ds4: REAP mask applied: 40 layer, 40 device range aggiornati/creati
ds4: PACE rotate       tok=3173 phase=3 keep=23 ngram=0.966 hit=1.000 breaths=0
0710 12:44:17 ds4-server: chat ctx=3228..3278:50 gen=3200 decoding chunk=2.79 t/s avg=2.43 t/s 1316.095s
ds4: REAP mask applied: 40 layer, 40 device range aggiornati/creati
ds4: PACE rotate       tok=3205 phase=3 keep=23 ngram=0.966 hit=1.000 breaths=0
ds4: REAP mask applied: 40 layer, 40 device range aggiornati/creati
ds4: PACE rotate       tok=3237 phase=3 keep=23 ngram=0.966 hit=1.000 breaths=0
0710 12:44:36 ds4-server: chat ctx=3278..3328:50 gen=3250 decoding chunk=2.77 t/s avg=2.44 t/s 1334.156s
ds4: REAP mask applied: 40 layer, 40 device range aggiornati/creati
ds4: PACE rotate       tok=3269 phase=3 keep=23 ngram=0.966 hit=1.000 breaths=0
0710 12:44:54 ds4-server: chat ctx=3328..3378:50 gen=3300 decoding chunk=2.82 t/s avg=2.44 t/s 1351.910s
ds4: REAP mask applied: 40 layer, 40 device range aggiornati/creati
ds4: PACE rotate       tok=3301 phase=3 keep=23 ngram=0.966 hit=1.000 breaths=0
ds4: REAP mask applied: 40 layer, 40 device range aggiornati/creati
ds4: PACE rotate       tok=3333 phase=3 keep=23 ngram=0.966 hit=1.000 breaths=0
0710 12:45:13 ds4-server: chat ctx=3378..3428:50 gen=3350 decoding chunk=2.82 t/s avg=2.45 t/s 1369.648s
ds4: REAP mask applied: 40 layer, 40 device range aggiornati/creati
ds4: PACE rotate       tok=3365 phase=3 keep=23 ngram=0.966 hit=1.000 breaths=0
ds4: REAP mask applied: 40 layer, 40 device range aggiornati/creati
ds4: PACE rotate       tok=3397 phase=3 keep=23 ngram=0.966 hit=1.000 breaths=0
0710 12:45:31 ds4-server: chat ctx=3428..3478:50 gen=3400 decoding chunk=2.82 t/s avg=2.45 t/s 1387.391s
ds4: REAP mask applied: 40 layer, 40 device range aggiornati/creati
ds4: PACE rotate       tok=3429 phase=3 keep=23 ngram=0.966 hit=1.000 breaths=0
0710 12:45:50 ds4-server: chat ctx=3478..3528:50 gen=3450 decoding chunk=2.82 t/s avg=2.46 t/s 1405.137s
ds4: REAP mask applied: 40 layer, 40 device range aggiornati/creati
ds4: PACE rotate       tok=3461 phase=3 keep=23 ngram=0.966 hit=1.000 breaths=0
ds4: REAP mask applied: 40 layer, 40 device range aggiornati/creati
ds4: PACE rotate       tok=3493 phase=3 keep=23 ngram=0.966 hit=1.000 breaths=0
0710 12:46:09 ds4-server: chat ctx=3528..3578:50 gen=3500 decoding chunk=2.84 t/s avg=2.46 t/s 1422.728s
ds4: REAP mask applied: 40 layer, 40 device range aggiornati/creati
ds4: PACE rotate       tok=3525 phase=3 keep=23 ngram=0.966 hit=1.000 breaths=0
0710 12:46:27 ds4-server: chat ctx=3578..3628:50 gen=3550 decoding chunk=2.80 t/s avg=2.46 t/s 1440.571s
ds4: REAP mask applied: 40 layer, 40 device range aggiornati/creati
ds4: PACE rotate       tok=3557 phase=3 keep=23 ngram=0.966 hit=1.000 breaths=0
ds4: REAP mask applied: 40 layer, 40 device range aggiornati/creati
ds4: PACE rotate       tok=3589 phase=3 keep=23 ngram=0.966 hit=1.000 breaths=0
0710 12:46:46 ds4-server: chat ctx=3628..3678:50 gen=3600 decoding chunk=2.81 t/s avg=2.47 t/s 1458.379s
ds4: REAP mask applied: 40 layer, 40 device range aggiornati/creati
ds4: PACE rotate       tok=3621 phase=3 keep=23 ngram=0.966 hit=1.000 breaths=0
0710 12:47:03 ds4-server: chat ctx=3678..3728:50 gen=3650 decoding chunk=2.84 t/s avg=2.47 t/s 1475.973s
ds4: REAP mask applied: 40 layer, 40 device range aggiornati/creati
ds4: PACE rotate       tok=3653 phase=3 keep=23 ngram=0.966 hit=1.000 breaths=0
ds4: REAP mask applied: 40 layer, 40 device range aggiornati/creati
ds4: PACE rotate       tok=3685 phase=3 keep=23 ngram=0.966 hit=1.000 breaths=0
0710 12:47:23 ds4-server: chat ctx=3728..3778:50 gen=3700 decoding chunk=2.78 t/s avg=2.48 t/s 1493.953s
ds4: REAP mask applied: 40 layer, 40 device range aggiornati/creati
ds4: PACE rotate       tok=3717 phase=3 keep=23 ngram=0.966 hit=1.000 breaths=0
ds4: REAP mask applied: 40 layer, 40 device range aggiornati/creati
ds4: PACE rotate       tok=3749 phase=3 keep=23 ngram=0.966 hit=1.000 breaths=0
0710 12:47:40 ds4-server: chat ctx=3778..3828:50 gen=3750 decoding chunk=2.87 t/s avg=2.48 t/s 1511.403s
ds4: REAP mask applied: 40 layer, 40 device range aggiornati/creati
ds4: PACE rotate       tok=3781 phase=3 keep=23 ngram=0.966 hit=1.000 breaths=0
0710 12:47:59 ds4-server: chat ctx=3828..3878:50 gen=3800 decoding chunk=2.79 t/s avg=2.48 t/s 1529.292s
ds4: REAP mask applied: 40 layer, 40 device range aggiornati/creati
ds4: PACE rotate       tok=3813 phase=3 keep=23 ngram=0.966 hit=1.000 breaths=0
ds4: REAP mask applied: 40 layer, 40 device range aggiornati/creati
ds4: PACE rotate       tok=3845 phase=3 keep=23 ngram=0.966 hit=1.000 breaths=0
0710 12:48:17 ds4-server: chat ctx=3878..3928:50 gen=3850 decoding chunk=2.84 t/s avg=2.49 t/s 1546.880s
ds4: REAP mask applied: 40 layer, 40 device range aggiornati/creati
ds4: PACE rotate       tok=3877 phase=3 keep=23 ngram=0.966 hit=1.000 breaths=0
0710 12:48:36 ds4-server: chat ctx=3928..3978:50 gen=3900 decoding chunk=2.83 t/s avg=2.49 t/s 1564.537s
ds4: REAP mask applied: 40 layer, 40 device range aggiornati/creati
ds4: PACE rotate       tok=3909 phase=3 keep=23 ngram=0.966 hit=1.000 breaths=0
ds4: REAP mask applied: 40 layer, 40 device range aggiornati/creati
ds4: PACE rotate       tok=3941 phase=3 keep=23 ngram=0.966 hit=1.000 breaths=0
0710 12:48:54 ds4-server: chat ctx=3978..4028:50 gen=3950 decoding chunk=2.79 t/s avg=2.50 t/s 1582.469s
ds4: REAP mask applied: 40 layer, 40 device range aggiornati/creati
ds4: PACE rotate       tok=3973 phase=3 keep=23 ngram=0.966 hit=1.000 breaths=0
0710 12:49:13 ds4-server: chat ctx=4028..4078:50 gen=4000 decoding chunk=2.84 t/s avg=2.50 t/s 1600.077s
0710 12:49:13 ds4-server: chat ctx=0..78:78 gen=4000 finish=length 1724.121s
