ds4: Linux cuda backend set oom_score_adj=1000
ds4: CUDA backend initialized on NVIDIA GeForce RTX 3060 (sm_86)
ds4: SSD streaming initial cuda model map restricted to token embedding (1 spans, 0.99 GiB tensor span)
ds4: CUDA preparing model tensor mappings
ds4: CUDA loading model tensors into device cache
ds4: CUDA startup model preparation covered 0.99 GiB of tensor spans in 0.293s
ds4: cuda backend initialized for graph diagnostics
0709 08:15:57 ds4-server: context buffers 93.82 MiB (ctx=2048, backend=cuda, prefill_chunk=512, raw_kv_rows=768, compressed_kv_rows=514)
0709 08:15:57 ds4-server: listening on http://127.0.0.1:8014
0709 08:15:57 ds4-server: chat ctx=0..78:78 prompt start
ds4: PACE on - warmup=50 keep=40[40..96] step=8 ngram(n=3,win=120) drift=0.25 rel=0.15 hyst=200 breath(every=999999,len=80,keep=96,relearn=0) prebreath(on=0,drift=0.03,every=64,max=96) anneal_warm=300 wrap=1 cache_flush=0 prefill_apply=0 prefill_wait_wrap=0 s1=0 exchange=1
ds4: PACE prefill_reset tok=0 phase=1 keep=0 ngram=0.000 hit=1.000 breaths=0
ds4: expert tiering observe enabled (DS4_EXPERT_TIERING=observe; log=)
ds4: CUDA loading model tensors 0.01 GiB cached
0709 08:16:11 ds4-server: chat ctx=0..78:78 prompt done 10.872s
ds4: PACE learned      tok=50 phase=2 keep=0 ngram=0.000 hit=1.000 breaths=0
ds4: CUDA loading model tensors 7.86 GiB cached
0709 08:16:32 ds4-server: chat ctx=78..128:50 gen=50 decoding chunk=2.45 t/s avg=2.45 t/s 20.375s
ds4: PACE exchange descent tok=51 keep=0->40 promote=0 demote=9288 kept=1720 cold=0 total_promote=0 total_demote=9288
ds4: REAP mask applied: 40 layer, 40 device range aggiornati/creati
ds4: PACE descent      tok=51 phase=3 keep=40 ngram=0.000 hit=1.000 breaths=0
ds4: REAP prefetch (fattorino): 40 layer, 1600 expert, 4044 range, 10.56 GiB touched in 135 ms (8 thread)
0709 08:16:51 ds4-server: chat ctx=128..178:50 gen=100 decoding chunk=3.14 t/s avg=2.76 t/s 36.275s
0709 08:17:07 ds4-server: chat ctx=178..228:50 gen=150 decoding chunk=3.14 t/s avg=2.87 t/s 52.179s
0709 08:17:25 ds4-server: chat ctx=228..278:50 gen=200 decoding chunk=3.15 t/s avg=2.94 t/s 68.056s
ds4: PACE exchange breath(ngram) tok=206 keep=40->96 promote=2408 demote=0 kept=1720 cold=6880 total_promote=2408 total_demote=9288
ds4: REAP mask applied: 40 layer, 40 device range aggiornati/creati
ds4: PACE breath(ngram) tok=206 phase=4 keep=96 ngram=0.252 hit=1.000 breaths=1
ds4: REAP prefetch (fattorino): 40 layer, 3840 expert, 7020 range, 25.34 GiB touched in 244 ms (8 thread)
0709 08:17:41 ds4-server: chat ctx=278..328:50 gen=250 decoding chunk=3.19 t/s avg=2.99 t/s 83.730s
ds4: PACE exchange breath_end tok=286 keep=96->48 promote=0 demote=2064 kept=2064 cold=6880 total_promote=2408 total_demote=11352
ds4: REAP mask applied: 40 layer, 40 device range aggiornati/creati
ds4: PACE breath_end   tok=286 phase=3 keep=48 ngram=0.837 hit=1.000 breaths=1
ds4: REAP prefetch (fattorino): 40 layer, 1920 expert, 4674 range, 12.67 GiB touched in 40 ms (8 thread)
0709 08:17:59 ds4-server: chat ctx=328..378:50 gen=300 decoding chunk=3.20 t/s avg=3.02 t/s 99.348s
0709 08:18:06 ds4-server: chat ctx=378..398:20 gen=320 decoding chunk=3.23 t/s avg=3.03 t/s 105.549s
0709 08:18:06 ds4-server: chat ctx=0..78:78 gen=320 finish=length 116.422s
