ds4: Linux cuda backend set oom_score_adj=1000
ds4: CUDA backend initialized on NVIDIA GeForce RTX 3060 (sm_86)
ds4: SSD streaming initial cuda model map restricted to token embedding (1 spans, 0.99 GiB tensor span)
ds4: CUDA preparing model tensor mappings
ds4: CUDA loading model tensors into device cache
ds4: CUDA startup model preparation covered 0.99 GiB of tensor spans in 5.279s
ds4: cuda backend initialized for graph diagnostics
0709 18:06:57 ds4-server: context buffers 151.57 MiB (ctx=6144, backend=cuda, prefill_chunk=512, raw_kv_rows=768, compressed_kv_rows=1538)
0709 18:06:58 ds4-server: listening on http://127.0.0.1:8022
0709 18:06:58 ds4-server: chat ctx=0..78:78 prompt start
ds4: PACE on - warmup=50 keep=23[23..96] step=0 ngram(n=3,win=120) drift=0.25 rel=0.15 hyst=200 breath(every=999999,len=80,keep=0,relearn=0) prebreath(on=0,drift=0.18,every=64,max=96) anneal_warm=300 wrap=1 cache_flush=0 prefill_apply=0 prefill_wait_wrap=0 s1=0 exchange=0 rotate(on=0,every=32,decay=0.980)
ds4: PACE prefill_reset tok=0 phase=1 keep=0 ngram=0.000 hit=1.000 breaths=0
ds4: expert tiering observe enabled (DS4_EXPERT_TIERING=observe; log=)
ds4: CUDA loading model tensors 0.12 GiB cached
ds4: CUDA loading model tensors 0.16 GiB cached
ds4: CUDA loading model tensors 0.15 GiB cached
ds4: CUDA loading model tensors 0.16 GiB cached
ds4: CUDA loading model tensors 0.15 GiB cached
ds4: CUDA loading model tensors 0.16 GiB cached
ds4: CUDA loading model tensors 0.13 GiB cached
ds4: CUDA loading model tensors 0.15 GiB cached
ds4: CUDA loading model tensors 0.13 GiB cached
ds4: CUDA loading model tensors 0.15 GiB cached
ds4: CUDA loading model tensors 0.16 GiB cached
ds4: CUDA loading model tensors 0.15 GiB cached
0709 18:09:26 ds4-server: chat ctx=0..78:78 prompt done 147.828s
ds4: CUDA loading model tensors 2.94 GiB cached
ds4: PACE learned      tok=50 phase=2 keep=0 ngram=0.000 hit=1.000 breaths=0
ds4: CUDA loading model tensors 7.86 GiB cached
0709 18:10:30 ds4-server: chat ctx=78..128:50 gen=50 decoding chunk=0.78 t/s avg=0.78 t/s 64.418s
ds4: REAP mask applied: 40 layer, 40 device range aggiornati/creati
ds4: PACE descent      tok=51 phase=3 keep=23 ngram=0.000 hit=1.000 breaths=0
ds4: REAP prefetch (fattorino): 40 layer, 920 expert, 2529 range, 6.07 GiB touched in 839 ms (16 thread, mlock)
0709 18:10:38 ds4-server: chat ctx=128..142:14 gen=64 decoding chunk=1.81 t/s avg=0.89 t/s 72.167s
0709 18:10:38 ds4-server: chat ctx=0..78:78 gen=64 finish=length 220.001s
0709 18:10:38 ds4-server: live kv cache miss live=142 prompt=78 common=78 reason=token-mismatch
0709 18:10:38 ds4-server: chat ctx=0..78:78 prompt start
ds4: REAP mask applied: 40 layer, 40 device range aggiornati/creati
ds4: PACE prefill_reset tok=0 phase=1 keep=0 ngram=0.000 hit=1.000 breaths=0
ds4: CUDA loading model tensors 0.12 GiB cached
ds4: CUDA loading model tensors 0.13 GiB cached
ds4: CUDA loading model tensors 0.14 GiB cached
ds4: CUDA loading model tensors 0.15 GiB cached
ds4: CUDA loading model tensors 0.13 GiB cached
ds4: CUDA loading model tensors 0.15 GiB cached
0709 18:11:38 ds4-server: chat ctx=0..78:78 prompt done 60.150s
ds4: PACE learned      tok=50 phase=2 keep=0 ngram=0.000 hit=1.000 breaths=0
ds4: CUDA loading model tensors 7.86 GiB cached
0709 18:12:00 ds4-server: chat ctx=78..128:50 gen=50 decoding chunk=2.32 t/s avg=2.32 t/s 21.584s
ds4: REAP mask applied: 40 layer, 40 device range aggiornati/creati
ds4: PACE descent      tok=51 phase=3 keep=23 ngram=0.000 hit=1.000 breaths=0
ds4: REAP prefetch (fattorino): 40 layer, 920 expert, 2517 range, 6.07 GiB touched in 202 ms (16 thread, mlock)
0709 18:12:18 ds4-server: chat ctx=128..178:50 gen=100 decoding chunk=2.75 t/s avg=2.51 t/s 39.768s
0709 18:12:36 ds4-server: chat ctx=178..228:50 gen=150 decoding chunk=2.85 t/s avg=2.62 t/s 57.319s
ds4: REAP mask applied: 40 layer, 40 device range aggiornati/creati
ds4: PACE breath(ngram) tok=194 phase=4 keep=0 ngram=0.252 hit=1.000 breaths=1
0709 18:13:06 ds4-server: chat ctx=228..278:50 gen=200 decoding chunk=1.65 t/s avg=2.28 t/s 87.679s
0709 18:13:57 ds4-server: chat ctx=278..328:50 gen=250 decoding chunk=0.98 t/s avg=1.80 t/s 138.661s
ds4: REAP mask applied: 40 layer, 40 device range aggiornati/creati
ds4: PACE breath_end   tok=274 phase=3 keep=23 ngram=0.868 hit=1.000 breaths=1
0709 18:14:31 ds4-server: chat ctx=328..378:50 gen=300 decoding chunk=1.49 t/s avg=1.74 t/s 172.171s
0709 18:14:48 ds4-server: chat ctx=378..428:50 gen=350 decoding chunk=2.93 t/s avg=1.85 t/s 189.221s
0709 18:15:05 ds4-server: chat ctx=428..478:50 gen=400 decoding chunk=2.97 t/s avg=1.94 t/s 206.082s
0709 18:15:22 ds4-server: chat ctx=478..528:50 gen=450 decoding chunk=3.00 t/s avg=2.02 t/s 222.771s
0709 18:15:38 ds4-server: chat ctx=528..578:50 gen=500 decoding chunk=2.96 t/s avg=2.09 t/s 239.636s
0709 18:15:55 ds4-server: chat ctx=578..628:50 gen=550 decoding chunk=3.04 t/s avg=2.15 t/s 256.087s
0709 18:16:11 ds4-server: chat ctx=628..678:50 gen=600 decoding chunk=3.01 t/s avg=2.20 t/s 272.703s
0709 18:16:28 ds4-server: chat ctx=678..728:50 gen=650 decoding chunk=3.04 t/s avg=2.25 t/s 289.130s
0709 18:16:45 ds4-server: chat ctx=728..778:50 gen=700 decoding chunk=2.98 t/s avg=2.29 t/s 305.882s
0709 18:17:01 ds4-server: chat ctx=778..828:50 gen=750 decoding chunk=3.03 t/s avg=2.33 t/s 322.393s
0709 18:17:18 ds4-server: chat ctx=828..878:50 gen=800 decoding chunk=3.03 t/s avg=2.36 t/s 338.878s
0709 18:17:18 ds4-server: chat ctx=0..78:78 gen=800 finish=length 399.031s
0709 18:17:18 ds4-server: shutdown requested, draining requests
ds4: SPEX stats: selected_batches=37238 selected_experts=231384 cache_hits=0 cache_misses=524 hit_rate=0.0000 miss_per_expert=0.0023 direct_loads=231372 copy_calls=695688 copied=1565298.00 MiB copy_ms=475183.219 copy_ms_per_batch=12.761 sync_calls=695688 sync_ms=81708.674 sync_ms_per_batch=2.194
ds4: expert tiering observe summary batches=37238 slots=263160 compact=231384 hit_rate=0.0000 hits=0 misses=12 direct=231372 evictions=0 direct=1561761.00 MiB compact=1561842.00 MiB
ds4: expert tiering observe layer=1 batches=866 slots=6120 compact=5596 hit_rate=0.0000 misses=0 direct=5596 evictions=0 cap=0 top=35:216,27:206,208:198,42:120,252:119,46:116
ds4: expert tiering observe layer=2 batches=866 slots=6120 compact=5590 hit_rate=0.0000 misses=0 direct=5590 evictions=0 cap=0 top=164:307,63:293,162:219,29:122,7:118,195:116
ds4: expert tiering observe layer=0 batches=866 slots=6120 compact=5584 hit_rate=0.0000 misses=12 direct=5572 evictions=0 cap=171 top=109:131,156:125,174:121,115:120,152:118,163:118
ds4: expert tiering observe layer=19 batches=866 slots=6120 compact=5420 hit_rate=0.0000 misses=0 direct=5420 evictions=0 cap=0 top=10:666,213:620,116:580,111:488,101:408,173:369
ds4: expert tiering observe layer=3 batches=866 slots=6120 compact=5404 hit_rate=0.0000 misses=0 direct=5404 evictions=0 cap=0 top=60:843,74:739,63:539,45:526,150:451,212:415
